15:30:40.965 [restartedMain] INFO  c.p.b.BiddingSoftwareApplication - Starting BiddingSoftwareApplication using Java 15.0.2 on DESKTOP-AEM1CBO with PID 4360 (C:\Users\nuche\OneDrive\Documents\StuProj\java\biddingSoft\target\classes started by nuche in C:\Users\nuche\OneDrive\Documents\StuProj\java\biddingSoft)
15:30:40.965 [restartedMain] DEBUG c.p.b.BiddingSoftwareApplication - Running with Spring Boot v2.4.3, Spring v5.3.4
15:30:40.965 [restartedMain] INFO  c.p.b.BiddingSoftwareApplication - No active profile set, falling back to default profiles: default
15:30:41.063 [restartedMain] INFO  o.s.d.r.c.RepositoryConfigurationDelegate - Bootstrapping Spring Data JPA repositories in DEFAULT mode.
15:30:41.068 [restartedMain] INFO  o.s.d.r.c.RepositoryConfigurationDelegate - Finished Spring Data repository scanning in 2 ms. Found 0 JPA repository interfaces.
15:30:41.118 [restartedMain] INFO  o.s.b.w.e.tomcat.TomcatWebServer - Tomcat initialized with port(s): 8080 (http)
15:30:41.118 [restartedMain] INFO  o.a.coyote.http11.Http11NioProtocol - Initializing ProtocolHandler ["http-nio-8080"]
15:30:41.119 [restartedMain] INFO  o.a.catalina.core.StandardService - Starting service [Tomcat]
15:30:41.119 [restartedMain] INFO  o.a.catalina.core.StandardEngine - Starting Servlet engine: [Apache Tomcat/9.0.43]
15:30:41.130 [restartedMain] INFO  o.a.c.c.C.[Tomcat].[localhost].[/] - Initializing Spring embedded WebApplicationContext
15:30:41.130 [restartedMain] INFO  o.s.b.w.s.c.ServletWebServerApplicationContext - Root WebApplicationContext: initialization completed in 163 ms
15:30:41.136 [restartedMain] DEBUG com.zaxxer.hikari.HikariConfig - Driver class org.h2.Driver found in Thread context class loader TomcatEmbeddedWebappClassLoader
  context: ROOT
  delegate: true
----------> Parent Classloader:
org.springframework.boot.devtools.restart.classloader.RestartClassLoader@2ccc35a

15:30:41.141 [restartedMain] DEBUG com.zaxxer.hikari.HikariConfig - HikariPool-5 - configuration:
15:30:41.141 [restartedMain] DEBUG com.zaxxer.hikari.HikariConfig - allowPoolSuspension.............false
15:30:41.142 [restartedMain] DEBUG com.zaxxer.hikari.HikariConfig - autoCommit......................true
15:30:41.142 [restartedMain] DEBUG com.zaxxer.hikari.HikariConfig - catalog.........................none
15:30:41.142 [restartedMain] DEBUG com.zaxxer.hikari.HikariConfig - connectionInitSql...............none
15:30:41.142 [restartedMain] DEBUG com.zaxxer.hikari.HikariConfig - connectionTestQuery.............none
15:30:41.142 [restartedMain] DEBUG com.zaxxer.hikari.HikariConfig - connectionTimeout...............30000
15:30:41.142 [restartedMain] DEBUG com.zaxxer.hikari.HikariConfig - dataSource......................none
15:30:41.142 [restartedMain] DEBUG com.zaxxer.hikari.HikariConfig - dataSourceClassName.............none
15:30:41.142 [restartedMain] DEBUG com.zaxxer.hikari.HikariConfig - dataSourceJNDI..................none
15:30:41.142 [restartedMain] DEBUG com.zaxxer.hikari.HikariConfig - dataSourceProperties............{password=<masked>}
15:30:41.142 [restartedMain] DEBUG com.zaxxer.hikari.HikariConfig - driverClassName................."org.h2.Driver"
15:30:41.142 [restartedMain] DEBUG com.zaxxer.hikari.HikariConfig - exceptionOverrideClassName......none
15:30:41.142 [restartedMain] DEBUG com.zaxxer.hikari.HikariConfig - healthCheckProperties...........{}
15:30:41.142 [restartedMain] DEBUG com.zaxxer.hikari.HikariConfig - healthCheckRegistry.............none
15:30:41.142 [restartedMain] DEBUG com.zaxxer.hikari.HikariConfig - idleTimeout.....................600000
15:30:41.142 [restartedMain] DEBUG com.zaxxer.hikari.HikariConfig - initializationFailTimeout.......1
15:30:41.142 [restartedMain] DEBUG com.zaxxer.hikari.HikariConfig - isolateInternalQueries..........false
15:30:41.142 [restartedMain] DEBUG com.zaxxer.hikari.HikariConfig - jdbcUrl.........................jdbc:h2:mem:3ab83e68-0074-4ad0-8f6d-5243d1d77c83;DB_CLOSE_DELAY=-1;DB_CLOSE_ON_EXIT=FALSE
15:30:41.142 [restartedMain] DEBUG com.zaxxer.hikari.HikariConfig - leakDetectionThreshold..........0
15:30:41.142 [restartedMain] DEBUG com.zaxxer.hikari.HikariConfig - maxLifetime.....................1800000
15:30:41.142 [restartedMain] DEBUG com.zaxxer.hikari.HikariConfig - maximumPoolSize.................10
15:30:41.142 [restartedMain] DEBUG com.zaxxer.hikari.HikariConfig - metricRegistry..................none
15:30:41.142 [restartedMain] DEBUG com.zaxxer.hikari.HikariConfig - metricsTrackerFactory...........none
15:30:41.142 [restartedMain] DEBUG com.zaxxer.hikari.HikariConfig - minimumIdle.....................10
15:30:41.142 [restartedMain] DEBUG com.zaxxer.hikari.HikariConfig - password........................<masked>
15:30:41.142 [restartedMain] DEBUG com.zaxxer.hikari.HikariConfig - poolName........................"HikariPool-5"
15:30:41.142 [restartedMain] DEBUG com.zaxxer.hikari.HikariConfig - readOnly........................false
15:30:41.142 [restartedMain] DEBUG com.zaxxer.hikari.HikariConfig - registerMbeans..................false
15:30:41.142 [restartedMain] DEBUG com.zaxxer.hikari.HikariConfig - scheduledExecutor...............none
15:30:41.142 [restartedMain] DEBUG com.zaxxer.hikari.HikariConfig - schema..........................none
15:30:41.142 [restartedMain] DEBUG com.zaxxer.hikari.HikariConfig - threadFactory...................internal
15:30:41.142 [restartedMain] DEBUG com.zaxxer.hikari.HikariConfig - transactionIsolation............default
15:30:41.142 [restartedMain] DEBUG com.zaxxer.hikari.HikariConfig - username........................"sa"
15:30:41.142 [restartedMain] DEBUG com.zaxxer.hikari.HikariConfig - validationTimeout...............5000
15:30:41.142 [restartedMain] INFO  com.zaxxer.hikari.HikariDataSource - HikariPool-5 - Starting...
15:30:41.144 [restartedMain] DEBUG com.zaxxer.hikari.pool.HikariPool - HikariPool-5 - Added connection conn40: url=jdbc:h2:mem:3ab83e68-0074-4ad0-8f6d-5243d1d77c83 user=SA
15:30:41.144 [restartedMain] INFO  com.zaxxer.hikari.HikariDataSource - HikariPool-5 - Start completed.
15:30:41.145 [restartedMain] INFO  o.s.b.a.h.H2ConsoleAutoConfiguration - H2 console available at '/h2-console'. Database available at 'jdbc:h2:mem:3ab83e68-0074-4ad0-8f6d-5243d1d77c83'
15:30:41.155 [restartedMain] DEBUG o.h.jpa.internal.util.LogHelper - PersistenceUnitInfo [
	name: default
	persistence provider classname: null
	classloader: org.springframework.boot.devtools.restart.classloader.RestartClassLoader@2ccc35a
	excludeUnlistedClasses: true
	JTA datasource: null
	Non JTA datasource: HikariDataSource (HikariPool-5)
	Transaction type: RESOURCE_LOCAL
	PU root URL: file:/C:/Users/nuche/OneDrive/Documents/StuProj/java/biddingSoft/target/classes/
	Shared Cache Mode: UNSPECIFIED
	Validation Mode: AUTO
	Jar files URLs []
	Managed classes names []
	Mapping files names []
	Properties []
15:30:41.155 [restartedMain] DEBUG o.h.i.i.IntegratorServiceImpl - Adding Integrator [org.hibernate.cfg.beanvalidation.BeanValidationIntegrator].
15:30:41.155 [restartedMain] DEBUG o.h.i.i.IntegratorServiceImpl - Adding Integrator [org.hibernate.secure.spi.JaccIntegrator].
15:30:41.155 [restartedMain] DEBUG o.h.i.i.IntegratorServiceImpl - Adding Integrator [org.hibernate.cache.internal.CollectionCacheInvalidator].
15:30:41.156 [restartedMain] DEBUG o.h.service.spi.ServiceBinding - Overriding existing service binding [org.hibernate.secure.spi.JaccService]
15:30:41.157 [restartedMain] DEBUG o.h.c.i.RegionFactoryInitiator - Cannot default RegionFactory based on registered strategies as `[]` RegionFactory strategies were registered
15:30:41.157 [restartedMain] DEBUG o.h.c.i.RegionFactoryInitiator - Cache region factory : org.hibernate.cache.internal.NoCachingRegionFactory
15:30:41.157 [restartedMain] DEBUG o.hibernate.type.BasicTypeRegistry - Adding type registration boolean -> org.hibernate.type.BooleanType@67fa7eb5
15:30:41.157 [restartedMain] DEBUG o.hibernate.type.BasicTypeRegistry - Adding type registration boolean -> org.hibernate.type.BooleanType@67fa7eb5
15:30:41.157 [restartedMain] DEBUG o.hibernate.type.BasicTypeRegistry - Adding type registration java.lang.Boolean -> org.hibernate.type.BooleanType@67fa7eb5
15:30:41.157 [restartedMain] DEBUG o.hibernate.type.BasicTypeRegistry - Adding type registration numeric_boolean -> org.hibernate.type.NumericBooleanType@201afb68
15:30:41.157 [restartedMain] DEBUG o.hibernate.type.BasicTypeRegistry - Adding type registration true_false -> org.hibernate.type.TrueFalseType@4a70bc1c
15:30:41.157 [restartedMain] DEBUG o.hibernate.type.BasicTypeRegistry - Adding type registration yes_no -> org.hibernate.type.YesNoType@5bd139ac
15:30:41.157 [restartedMain] DEBUG o.hibernate.type.BasicTypeRegistry - Adding type registration byte -> org.hibernate.type.ByteType@3b4d0c8d
15:30:41.157 [restartedMain] DEBUG o.hibernate.type.BasicTypeRegistry - Adding type registration byte -> org.hibernate.type.ByteType@3b4d0c8d
15:30:41.157 [restartedMain] DEBUG o.hibernate.type.BasicTypeRegistry - Adding type registration java.lang.Byte -> org.hibernate.type.ByteType@3b4d0c8d
15:30:41.157 [restartedMain] DEBUG o.hibernate.type.BasicTypeRegistry - Adding type registration character -> org.hibernate.type.CharacterType@663a16ac
15:30:41.157 [restartedMain] DEBUG o.hibernate.type.BasicTypeRegistry - Adding type registration char -> org.hibernate.type.CharacterType@663a16ac
15:30:41.157 [restartedMain] DEBUG o.hibernate.type.BasicTypeRegistry - Adding type registration java.lang.Character -> org.hibernate.type.CharacterType@663a16ac
15:30:41.157 [restartedMain] DEBUG o.hibernate.type.BasicTypeRegistry - Adding type registration short -> org.hibernate.type.ShortType@73dd4d80
15:30:41.157 [restartedMain] DEBUG o.hibernate.type.BasicTypeRegistry - Adding type registration short -> org.hibernate.type.ShortType@73dd4d80
15:30:41.157 [restartedMain] DEBUG o.hibernate.type.BasicTypeRegistry - Adding type registration java.lang.Short -> org.hibernate.type.ShortType@73dd4d80
15:30:41.157 [restartedMain] DEBUG o.hibernate.type.BasicTypeRegistry - Adding type registration integer -> org.hibernate.type.IntegerType@38f59d63
15:30:41.157 [restartedMain] DEBUG o.hibernate.type.BasicTypeRegistry - Adding type registration int -> org.hibernate.type.IntegerType@38f59d63
15:30:41.157 [restartedMain] DEBUG o.hibernate.type.BasicTypeRegistry - Adding type registration java.lang.Integer -> org.hibernate.type.IntegerType@38f59d63
15:30:41.157 [restartedMain] DEBUG o.hibernate.type.BasicTypeRegistry - Adding type registration long -> org.hibernate.type.LongType@721c6d68
15:30:41.157 [restartedMain] DEBUG o.hibernate.type.BasicTypeRegistry - Adding type registration long -> org.hibernate.type.LongType@721c6d68
15:30:41.157 [restartedMain] DEBUG o.hibernate.type.BasicTypeRegistry - Adding type registration java.lang.Long -> org.hibernate.type.LongType@721c6d68
15:30:41.157 [restartedMain] DEBUG o.hibernate.type.BasicTypeRegistry - Adding type registration float -> org.hibernate.type.FloatType@2e3918f8
15:30:41.158 [restartedMain] DEBUG o.hibernate.type.BasicTypeRegistry - Adding type registration float -> org.hibernate.type.FloatType@2e3918f8
15:30:41.158 [restartedMain] DEBUG o.hibernate.type.BasicTypeRegistry - Adding type registration java.lang.Float -> org.hibernate.type.FloatType@2e3918f8
15:30:41.158 [restartedMain] DEBUG o.hibernate.type.BasicTypeRegistry - Adding type registration double -> org.hibernate.type.DoubleType@4a8cbc30
15:30:41.158 [restartedMain] DEBUG o.hibernate.type.BasicTypeRegistry - Adding type registration double -> org.hibernate.type.DoubleType@4a8cbc30
15:30:41.158 [restartedMain] DEBUG o.hibernate.type.BasicTypeRegistry - Adding type registration java.lang.Double -> org.hibernate.type.DoubleType@4a8cbc30
15:30:41.158 [restartedMain] DEBUG o.hibernate.type.BasicTypeRegistry - Adding type registration big_decimal -> org.hibernate.type.BigDecimalType@68801b85
15:30:41.158 [restartedMain] DEBUG o.hibernate.type.BasicTypeRegistry - Adding type registration java.math.BigDecimal -> org.hibernate.type.BigDecimalType@68801b85
15:30:41.158 [restartedMain] DEBUG o.hibernate.type.BasicTypeRegistry - Adding type registration big_integer -> org.hibernate.type.BigIntegerType@73fcae71
15:30:41.158 [restartedMain] DEBUG o.hibernate.type.BasicTypeRegistry - Adding type registration java.math.BigInteger -> org.hibernate.type.BigIntegerType@73fcae71
15:30:41.158 [restartedMain] DEBUG o.hibernate.type.BasicTypeRegistry - Adding type registration string -> org.hibernate.type.StringType@505ff5d9
15:30:41.158 [restartedMain] DEBUG o.hibernate.type.BasicTypeRegistry - Adding type registration java.lang.String -> org.hibernate.type.StringType@505ff5d9
15:30:41.158 [restartedMain] DEBUG o.hibernate.type.BasicTypeRegistry - Adding type registration nstring -> org.hibernate.type.StringNVarcharType@65c81b11
15:30:41.158 [restartedMain] DEBUG o.hibernate.type.BasicTypeRegistry - Adding type registration ncharacter -> org.hibernate.type.CharacterNCharType@38e81ece
15:30:41.158 [restartedMain] DEBUG o.hibernate.type.BasicTypeRegistry - Adding type registration url -> org.hibernate.type.UrlType@77bb8baa
15:30:41.158 [restartedMain] DEBUG o.hibernate.type.BasicTypeRegistry - Adding type registration java.net.URL -> org.hibernate.type.UrlType@77bb8baa
15:30:41.158 [restartedMain] DEBUG o.hibernate.type.BasicTypeRegistry - Adding type registration Duration -> org.hibernate.type.DurationType@5232b822
15:30:41.158 [restartedMain] DEBUG o.hibernate.type.BasicTypeRegistry - Adding type registration java.time.Duration -> org.hibernate.type.DurationType@5232b822
15:30:41.158 [restartedMain] DEBUG o.hibernate.type.BasicTypeRegistry - Adding type registration Instant -> org.hibernate.type.InstantType@37b5c081
15:30:41.158 [restartedMain] DEBUG o.hibernate.type.BasicTypeRegistry - Adding type registration java.time.Instant -> org.hibernate.type.InstantType@37b5c081
15:30:41.158 [restartedMain] DEBUG o.hibernate.type.BasicTypeRegistry - Adding type registration LocalDateTime -> org.hibernate.type.LocalDateTimeType@79304b32
15:30:41.158 [restartedMain] DEBUG o.hibernate.type.BasicTypeRegistry - Adding type registration java.time.LocalDateTime -> org.hibernate.type.LocalDateTimeType@79304b32
15:30:41.158 [restartedMain] DEBUG o.hibernate.type.BasicTypeRegistry - Adding type registration LocalDate -> org.hibernate.type.LocalDateType@3738523
15:30:41.158 [restartedMain] DEBUG o.hibernate.type.BasicTypeRegistry - Adding type registration java.time.LocalDate -> org.hibernate.type.LocalDateType@3738523
15:30:41.158 [restartedMain] DEBUG o.hibernate.type.BasicTypeRegistry - Adding type registration LocalTime -> org.hibernate.type.LocalTimeType@27233183
15:30:41.158 [restartedMain] DEBUG o.hibernate.type.BasicTypeRegistry - Adding type registration java.time.LocalTime -> org.hibernate.type.LocalTimeType@27233183
15:30:41.158 [restartedMain] DEBUG o.hibernate.type.BasicTypeRegistry - Adding type registration OffsetDateTime -> org.hibernate.type.OffsetDateTimeType@1fc44ef6
15:30:41.158 [restartedMain] DEBUG o.hibernate.type.BasicTypeRegistry - Adding type registration java.time.OffsetDateTime -> org.hibernate.type.OffsetDateTimeType@1fc44ef6
15:30:41.158 [restartedMain] DEBUG o.hibernate.type.BasicTypeRegistry - Adding type registration OffsetTime -> org.hibernate.type.OffsetTimeType@6359a129
15:30:41.158 [restartedMain] DEBUG o.hibernate.type.BasicTypeRegistry - Adding type registration java.time.OffsetTime -> org.hibernate.type.OffsetTimeType@6359a129
15:30:41.159 [restartedMain] DEBUG o.hibernate.type.BasicTypeRegistry - Adding type registration ZonedDateTime -> org.hibernate.type.ZonedDateTimeType@34f3290
15:30:41.159 [restartedMain] DEBUG o.hibernate.type.BasicTypeRegistry - Adding type registration java.time.ZonedDateTime -> org.hibernate.type.ZonedDateTimeType@34f3290
15:30:41.159 [restartedMain] DEBUG o.hibernate.type.BasicTypeRegistry - Adding type registration date -> org.hibernate.type.DateType@540c7a99
15:30:41.159 [restartedMain] DEBUG o.hibernate.type.BasicTypeRegistry - Adding type registration java.sql.Date -> org.hibernate.type.DateType@540c7a99
15:30:41.159 [restartedMain] DEBUG o.hibernate.type.BasicTypeRegistry - Adding type registration time -> org.hibernate.type.TimeType@62b027f9
15:30:41.159 [restartedMain] DEBUG o.hibernate.type.BasicTypeRegistry - Adding type registration java.sql.Time -> org.hibernate.type.TimeType@62b027f9
15:30:41.159 [restartedMain] DEBUG o.hibernate.type.BasicTypeRegistry - Adding type registration timestamp -> org.hibernate.type.TimestampType@41478487
15:30:41.159 [restartedMain] DEBUG o.hibernate.type.BasicTypeRegistry - Adding type registration java.sql.Timestamp -> org.hibernate.type.TimestampType@41478487
15:30:41.159 [restartedMain] DEBUG o.hibernate.type.BasicTypeRegistry - Adding type registration java.util.Date -> org.hibernate.type.TimestampType@41478487
15:30:41.159 [restartedMain] DEBUG o.hibernate.type.BasicTypeRegistry - Adding type registration dbtimestamp -> org.hibernate.type.DbTimestampType@4cb9d126
15:30:41.159 [restartedMain] DEBUG o.hibernate.type.BasicTypeRegistry - Adding type registration calendar -> org.hibernate.type.CalendarType@64215b0d
15:30:41.159 [restartedMain] DEBUG o.hibernate.type.BasicTypeRegistry - Adding type registration java.util.Calendar -> org.hibernate.type.CalendarType@64215b0d
15:30:41.159 [restartedMain] DEBUG o.hibernate.type.BasicTypeRegistry - Adding type registration java.util.GregorianCalendar -> org.hibernate.type.CalendarType@64215b0d
15:30:41.159 [restartedMain] DEBUG o.hibernate.type.BasicTypeRegistry - Adding type registration calendar_date -> org.hibernate.type.CalendarDateType@78507445
15:30:41.159 [restartedMain] DEBUG o.hibernate.type.BasicTypeRegistry - Adding type registration calendar_time -> org.hibernate.type.CalendarTimeType@6240f712
15:30:41.159 [restartedMain] DEBUG o.hibernate.type.BasicTypeRegistry - Adding type registration locale -> org.hibernate.type.LocaleType@67a71ec8
15:30:41.159 [restartedMain] DEBUG o.hibernate.type.BasicTypeRegistry - Adding type registration java.util.Locale -> org.hibernate.type.LocaleType@67a71ec8
15:30:41.159 [restartedMain] DEBUG o.hibernate.type.BasicTypeRegistry - Adding type registration currency -> org.hibernate.type.CurrencyType@5a7ef063
15:30:41.159 [restartedMain] DEBUG o.hibernate.type.BasicTypeRegistry - Adding type registration java.util.Currency -> org.hibernate.type.CurrencyType@5a7ef063
15:30:41.159 [restartedMain] DEBUG o.hibernate.type.BasicTypeRegistry - Adding type registration timezone -> org.hibernate.type.TimeZoneType@35383ed7
15:30:41.159 [restartedMain] DEBUG o.hibernate.type.BasicTypeRegistry - Adding type registration java.util.TimeZone -> org.hibernate.type.TimeZoneType@35383ed7
15:30:41.159 [restartedMain] DEBUG o.hibernate.type.BasicTypeRegistry - Adding type registration class -> org.hibernate.type.ClassType@6726c110
15:30:41.159 [restartedMain] DEBUG o.hibernate.type.BasicTypeRegistry - Adding type registration java.lang.Class -> org.hibernate.type.ClassType@6726c110
15:30:41.159 [restartedMain] DEBUG o.hibernate.type.BasicTypeRegistry - Adding type registration uuid-binary -> org.hibernate.type.UUIDBinaryType@74728e20
15:30:41.159 [restartedMain] DEBUG o.hibernate.type.BasicTypeRegistry - Adding type registration java.util.UUID -> org.hibernate.type.UUIDBinaryType@74728e20
15:30:41.159 [restartedMain] DEBUG o.hibernate.type.BasicTypeRegistry - Adding type registration uuid-char -> org.hibernate.type.UUIDCharType@6be44204
15:30:41.159 [restartedMain] DEBUG o.hibernate.type.BasicTypeRegistry - Adding type registration binary -> org.hibernate.type.BinaryType@3b297d60
15:30:41.159 [restartedMain] DEBUG o.hibernate.type.BasicTypeRegistry - Adding type registration byte[] -> org.hibernate.type.BinaryType@3b297d60
15:30:41.159 [restartedMain] DEBUG o.hibernate.type.BasicTypeRegistry - Adding type registration [B -> org.hibernate.type.BinaryType@3b297d60
15:30:41.159 [restartedMain] DEBUG o.hibernate.type.BasicTypeRegistry - Adding type registration wrapper-binary -> org.hibernate.type.WrapperBinaryType@7bfe7629
15:30:41.159 [restartedMain] DEBUG o.hibernate.type.BasicTypeRegistry - Adding type registration Byte[] -> org.hibernate.type.WrapperBinaryType@7bfe7629
15:30:41.159 [restartedMain] DEBUG o.hibernate.type.BasicTypeRegistry - Adding type registration [Ljava.lang.Byte; -> org.hibernate.type.WrapperBinaryType@7bfe7629
15:30:41.159 [restartedMain] DEBUG o.hibernate.type.BasicTypeRegistry - Adding type registration row_version -> org.hibernate.type.RowVersionType@1b7c540
15:30:41.159 [restartedMain] DEBUG o.hibernate.type.BasicTypeRegistry - Adding type registration image -> org.hibernate.type.ImageType@34ad7828
15:30:41.159 [restartedMain] DEBUG o.hibernate.type.BasicTypeRegistry - Adding type registration characters -> org.hibernate.type.CharArrayType@1f271b65
15:30:41.159 [restartedMain] DEBUG o.hibernate.type.BasicTypeRegistry - Adding type registration char[] -> org.hibernate.type.CharArrayType@1f271b65
15:30:41.160 [restartedMain] DEBUG o.hibernate.type.BasicTypeRegistry - Adding type registration [C -> org.hibernate.type.CharArrayType@1f271b65
15:30:41.160 [restartedMain] DEBUG o.hibernate.type.BasicTypeRegistry - Adding type registration wrapper-characters -> org.hibernate.type.CharacterArrayType@4c772792
15:30:41.160 [restartedMain] DEBUG o.hibernate.type.BasicTypeRegistry - Adding type registration [Ljava.lang.Character; -> org.hibernate.type.CharacterArrayType@4c772792
15:30:41.160 [restartedMain] DEBUG o.hibernate.type.BasicTypeRegistry - Adding type registration Character[] -> org.hibernate.type.CharacterArrayType@4c772792
15:30:41.160 [restartedMain] DEBUG o.hibernate.type.BasicTypeRegistry - Adding type registration text -> org.hibernate.type.TextType@1cb1923a
15:30:41.160 [restartedMain] DEBUG o.hibernate.type.BasicTypeRegistry - Adding type registration ntext -> org.hibernate.type.NTextType@4266374b
15:30:41.160 [restartedMain] DEBUG o.hibernate.type.BasicTypeRegistry - Adding type registration blob -> org.hibernate.type.BlobType@a70ad09
15:30:41.160 [restartedMain] DEBUG o.hibernate.type.BasicTypeRegistry - Adding type registration java.sql.Blob -> org.hibernate.type.BlobType@a70ad09
15:30:41.160 [restartedMain] DEBUG o.hibernate.type.BasicTypeRegistry - Adding type registration materialized_blob -> org.hibernate.type.MaterializedBlobType@2f8ed0fd
15:30:41.160 [restartedMain] DEBUG o.hibernate.type.BasicTypeRegistry - Adding type registration clob -> org.hibernate.type.ClobType@6a9e7233
15:30:41.160 [restartedMain] DEBUG o.hibernate.type.BasicTypeRegistry - Adding type registration java.sql.Clob -> org.hibernate.type.ClobType@6a9e7233
15:30:41.160 [restartedMain] DEBUG o.hibernate.type.BasicTypeRegistry - Adding type registration nclob -> org.hibernate.type.NClobType@785b7be0
15:30:41.160 [restartedMain] DEBUG o.hibernate.type.BasicTypeRegistry - Adding type registration java.sql.NClob -> org.hibernate.type.NClobType@785b7be0
15:30:41.160 [restartedMain] DEBUG o.hibernate.type.BasicTypeRegistry - Adding type registration materialized_clob -> org.hibernate.type.MaterializedClobType@353576d3
15:30:41.160 [restartedMain] DEBUG o.hibernate.type.BasicTypeRegistry - Adding type registration materialized_nclob -> org.hibernate.type.MaterializedNClobType@9d07e22
15:30:41.160 [restartedMain] DEBUG o.hibernate.type.BasicTypeRegistry - Adding type registration serializable -> org.hibernate.type.SerializableType@32d5d0e4
15:30:41.160 [restartedMain] DEBUG o.hibernate.type.BasicTypeRegistry - Adding type registration object -> org.hibernate.type.ObjectType@18f47946
15:30:41.160 [restartedMain] DEBUG o.hibernate.type.BasicTypeRegistry - Adding type registration java.lang.Object -> org.hibernate.type.ObjectType@18f47946
15:30:41.160 [restartedMain] DEBUG o.hibernate.type.BasicTypeRegistry - Adding type registration imm_date -> org.hibernate.type.AdaptedImmutableType@1f1fa2f3
15:30:41.160 [restartedMain] DEBUG o.hibernate.type.BasicTypeRegistry - Adding type registration imm_time -> org.hibernate.type.AdaptedImmutableType@6bda7be4
15:30:41.160 [restartedMain] DEBUG o.hibernate.type.BasicTypeRegistry - Adding type registration imm_timestamp -> org.hibernate.type.AdaptedImmutableType@355c04e7
15:30:41.160 [restartedMain] DEBUG o.hibernate.type.BasicTypeRegistry - Adding type registration imm_dbtimestamp -> org.hibernate.type.AdaptedImmutableType@1398a1d4
15:30:41.161 [restartedMain] DEBUG o.hibernate.type.BasicTypeRegistry - Adding type registration imm_calendar -> org.hibernate.type.AdaptedImmutableType@71f2816e
15:30:41.161 [restartedMain] DEBUG o.hibernate.type.BasicTypeRegistry - Adding type registration imm_calendar_date -> org.hibernate.type.AdaptedImmutableType@494fc1ef
15:30:41.161 [restartedMain] DEBUG o.hibernate.type.BasicTypeRegistry - Adding type registration imm_binary -> org.hibernate.type.AdaptedImmutableType@1c618f1d
15:30:41.161 [restartedMain] DEBUG o.hibernate.type.BasicTypeRegistry - Adding type registration imm_serializable -> org.hibernate.type.AdaptedImmutableType@4aa11b44
15:30:41.162 [restartedMain] DEBUG o.h.b.internal.BootstrapContextImpl - Injecting JPA temp ClassLoader [org.springframework.instrument.classloading.SimpleThrowawayClassLoader@184ae63e] into BootstrapContext; was [null]
15:30:41.162 [restartedMain] DEBUG o.h.b.i.ClassLoaderAccessImpl - ClassLoaderAccessImpl#injectTempClassLoader(org.springframework.instrument.classloading.SimpleThrowawayClassLoader@184ae63e) [was null]
15:30:41.162 [restartedMain] DEBUG o.h.b.internal.BootstrapContextImpl - Injecting ScanEnvironment [org.hibernate.jpa.boot.internal.StandardJpaScanEnvironmentImpl@8439b4d] into BootstrapContext; was [null]
15:30:41.162 [restartedMain] DEBUG o.h.b.internal.BootstrapContextImpl - Injecting ScanOptions [org.hibernate.boot.archive.scan.internal.StandardScanOptions@4a7ada3a] into BootstrapContext; was [org.hibernate.boot.archive.scan.internal.StandardScanOptions@d545898]
15:30:41.162 [restartedMain] DEBUG o.h.b.internal.BootstrapContextImpl - Injecting JPA temp ClassLoader [null] into BootstrapContext; was [org.springframework.instrument.classloading.SimpleThrowawayClassLoader@184ae63e]
15:30:41.162 [restartedMain] DEBUG o.h.b.i.ClassLoaderAccessImpl - ClassLoaderAccessImpl#injectTempClassLoader(null) [was org.springframework.instrument.classloading.SimpleThrowawayClassLoader@184ae63e]
15:30:41.162 [restartedMain] DEBUG o.h.i.f.i.DefaultIdentifierGeneratorFactory - Registering IdentifierGenerator strategy [uuid2] -> [org.hibernate.id.UUIDGenerator]
15:30:41.162 [restartedMain] DEBUG o.h.i.f.i.DefaultIdentifierGeneratorFactory - Registering IdentifierGenerator strategy [guid] -> [org.hibernate.id.GUIDGenerator]
15:30:41.162 [restartedMain] DEBUG o.h.i.f.i.DefaultIdentifierGeneratorFactory - Registering IdentifierGenerator strategy [uuid] -> [org.hibernate.id.UUIDHexGenerator]
15:30:41.162 [restartedMain] DEBUG o.h.i.f.i.DefaultIdentifierGeneratorFactory - Registering IdentifierGenerator strategy [uuid.hex] -> [org.hibernate.id.UUIDHexGenerator]
15:30:41.162 [restartedMain] DEBUG o.h.i.f.i.DefaultIdentifierGeneratorFactory - Registering IdentifierGenerator strategy [assigned] -> [org.hibernate.id.Assigned]
15:30:41.162 [restartedMain] DEBUG o.h.i.f.i.DefaultIdentifierGeneratorFactory - Registering IdentifierGenerator strategy [identity] -> [org.hibernate.id.IdentityGenerator]
15:30:41.162 [restartedMain] DEBUG o.h.i.f.i.DefaultIdentifierGeneratorFactory - Registering IdentifierGenerator strategy [select] -> [org.hibernate.id.SelectGenerator]
15:30:41.162 [restartedMain] DEBUG o.h.i.f.i.DefaultIdentifierGeneratorFactory - Registering IdentifierGenerator strategy [sequence] -> [org.hibernate.id.enhanced.SequenceStyleGenerator]
15:30:41.162 [restartedMain] DEBUG o.h.i.f.i.DefaultIdentifierGeneratorFactory - Registering IdentifierGenerator strategy [seqhilo] -> [org.hibernate.id.SequenceHiLoGenerator]
15:30:41.162 [restartedMain] DEBUG o.h.i.f.i.DefaultIdentifierGeneratorFactory - Registering IdentifierGenerator strategy [increment] -> [org.hibernate.id.IncrementGenerator]
15:30:41.162 [restartedMain] DEBUG o.h.i.f.i.DefaultIdentifierGeneratorFactory - Registering IdentifierGenerator strategy [foreign] -> [org.hibernate.id.ForeignGenerator]
15:30:41.162 [restartedMain] DEBUG o.h.i.f.i.DefaultIdentifierGeneratorFactory - Registering IdentifierGenerator strategy [sequence-identity] -> [org.hibernate.id.SequenceIdentityGenerator]
15:30:41.162 [restartedMain] DEBUG o.h.i.f.i.DefaultIdentifierGeneratorFactory - Registering IdentifierGenerator strategy [enhanced-sequence] -> [org.hibernate.id.enhanced.SequenceStyleGenerator]
15:30:41.162 [restartedMain] DEBUG o.h.i.f.i.DefaultIdentifierGeneratorFactory - Registering IdentifierGenerator strategy [enhanced-table] -> [org.hibernate.id.enhanced.TableGenerator]
15:30:41.162 [restartedMain] DEBUG o.h.e.j.e.i.JdbcEnvironmentInitiator - Database ->
       name : H2
    version : 1.4.200 (2019-10-14)
      major : 1
      minor : 4
15:30:41.162 [restartedMain] DEBUG o.h.e.j.e.i.JdbcEnvironmentInitiator - Driver ->
       name : H2 JDBC Driver
    version : 1.4.200 (2019-10-14)
      major : 1
      minor : 4
15:30:41.162 [restartedMain] DEBUG o.h.e.j.e.i.JdbcEnvironmentInitiator - JDBC version : 4.1
15:30:41.162 [restartedMain] INFO  org.hibernate.dialect.Dialect - HHH000400: Using dialect: org.hibernate.dialect.H2Dialect
15:30:41.163 [restartedMain] DEBUG o.h.e.j.e.s.IdentifierHelperBuilder - JDBC driver metadata reported database stores quoted identifiers in neither upper, lower nor mixed case
15:30:41.165 [restartedMain] DEBUG o.h.boot.model.relational.Namespace - Created database namespace [logicalName=Name{catalog=null, schema=null}, physicalName=Name{catalog=null, schema=null}]
15:30:41.166 [restartedMain] DEBUG o.h.t.spi.TypeConfiguration$Scope - Scoping TypeConfiguration [org.hibernate.type.spi.TypeConfiguration@18cbb942] to MetadataBuildingContext [org.hibernate.boot.internal.MetadataBuildingContextRootImpl@4ba252ec]
15:30:41.167 [restartedMain] DEBUG o.h.internal.SessionFactoryImpl - Building session factory
15:30:41.168 [restartedMain] DEBUG org.hibernate.cfg.Settings - SessionFactory name : null
15:30:41.168 [restartedMain] DEBUG org.hibernate.cfg.Settings - Automatic flush during beforeCompletion(): enabled
15:30:41.168 [restartedMain] DEBUG org.hibernate.cfg.Settings - Automatic session close at end of transaction: disabled
15:30:41.168 [restartedMain] DEBUG org.hibernate.cfg.Settings - Statistics: disabled
15:30:41.168 [restartedMain] DEBUG org.hibernate.cfg.Settings - Deleted entity synthetic identifier rollback: disabled
15:30:41.168 [restartedMain] DEBUG org.hibernate.cfg.Settings - Default entity-mode: pojo
15:30:41.168 [restartedMain] DEBUG org.hibernate.cfg.Settings - Check Nullability in Core (should be disabled when Bean Validation is on): enabled
15:30:41.168 [restartedMain] DEBUG org.hibernate.cfg.Settings - Allow initialization of lazy state outside session : disabled
15:30:41.168 [restartedMain] DEBUG org.hibernate.cfg.Settings - Using BatchFetchStyle : LEGACY
15:30:41.168 [restartedMain] DEBUG org.hibernate.cfg.Settings - Default batch fetch size: -1
15:30:41.168 [restartedMain] DEBUG org.hibernate.cfg.Settings - Maximum outer join fetch depth: null
15:30:41.168 [restartedMain] DEBUG org.hibernate.cfg.Settings - Default null ordering: NONE
15:30:41.168 [restartedMain] DEBUG org.hibernate.cfg.Settings - Order SQL updates by primary key: disabled
15:30:41.168 [restartedMain] DEBUG org.hibernate.cfg.Settings - Order SQL inserts for batching: disabled
15:30:41.168 [restartedMain] DEBUG org.hibernate.cfg.Settings - multi-tenancy strategy : NONE
15:30:41.168 [restartedMain] DEBUG org.hibernate.cfg.Settings - JTA Track by Thread: enabled
15:30:41.168 [restartedMain] DEBUG org.hibernate.cfg.Settings - Query language substitutions: {}
15:30:41.168 [restartedMain] DEBUG org.hibernate.cfg.Settings - Named query checking : enabled
15:30:41.168 [restartedMain] DEBUG org.hibernate.cfg.Settings - Second-level cache: disabled
15:30:41.168 [restartedMain] DEBUG org.hibernate.cfg.Settings - Second-level query cache: disabled
15:30:41.168 [restartedMain] DEBUG org.hibernate.cfg.Settings - Second-level query cache factory: null
15:30:41.168 [restartedMain] DEBUG org.hibernate.cfg.Settings - Second-level cache region prefix: null
15:30:41.168 [restartedMain] DEBUG org.hibernate.cfg.Settings - Optimize second-level cache for minimal puts: disabled
15:30:41.168 [restartedMain] DEBUG org.hibernate.cfg.Settings - Structured second-level cache entries: disabled
15:30:41.168 [restartedMain] DEBUG org.hibernate.cfg.Settings - Second-level cache direct-reference entries: disabled
15:30:41.168 [restartedMain] DEBUG org.hibernate.cfg.Settings - Automatic eviction of collection cache: disabled
15:30:41.168 [restartedMain] DEBUG org.hibernate.cfg.Settings - JDBC batch size: 15
15:30:41.168 [restartedMain] DEBUG org.hibernate.cfg.Settings - JDBC batch updates for versioned data: enabled
15:30:41.168 [restartedMain] DEBUG org.hibernate.cfg.Settings - Scrollable result sets: enabled
15:30:41.168 [restartedMain] DEBUG org.hibernate.cfg.Settings - Wrap result sets: disabled
15:30:41.168 [restartedMain] DEBUG org.hibernate.cfg.Settings - JDBC3 getGeneratedKeys(): enabled
15:30:41.168 [restartedMain] DEBUG org.hibernate.cfg.Settings - JDBC result set fetch size: null
15:30:41.168 [restartedMain] DEBUG org.hibernate.cfg.Settings - Connection release mode: ON_CLOSE
15:30:41.168 [restartedMain] DEBUG org.hibernate.cfg.Settings - Generate SQL with comments: disabled
15:30:41.168 [restartedMain] DEBUG org.hibernate.cfg.Settings - JPA compliance - query : disabled
15:30:41.168 [restartedMain] DEBUG org.hibernate.cfg.Settings - JPA compliance - closed-handling : disabled
15:30:41.168 [restartedMain] DEBUG org.hibernate.cfg.Settings - JPA compliance - lists : disabled
15:30:41.168 [restartedMain] DEBUG org.hibernate.cfg.Settings - JPA compliance - transactions : disabled
15:30:41.169 [restartedMain] DEBUG o.h.internal.SessionFactoryImpl - Session factory constructed with filter configurations : {}
15:30:41.169 [restartedMain] DEBUG o.h.internal.SessionFactoryImpl - Instantiating session factory with properties: {hibernate.id.new_generator_mappings=true, java.specification.version=15, sun.cpu.isalist=amd64, hibernate.resource.beans.container=org.springframework.orm.hibernate5.SpringBeanContainer@101e5f49, hibernate.connection.handling_mode=DELAYED_ACQUISITION_AND_HOLD, sun.jnu.encoding=Cp1252, hibernate.implicit_naming_strategy=org.springframework.boot.orm.jpa.hibernate.SpringImplicitNamingStrategy, java.class.path=C:\Users\nuche\OneDrive\Documents\StuProj\java\biddingSoft\target\classes;C:\Users\nuche\.m2\repository\org\aspectj\aspectjweaver\1.9.6\aspectjweaver-1.9.6.jar;C:\Users\nuche\.m2\repository\com\zaxxer\HikariCP\3.4.5\HikariCP-3.4.5.jar;C:\Users\nuche\.m2\repository\org\springframework\spring-jdbc\5.3.4\spring-jdbc-5.3.4.jar;C:\Users\nuche\.m2\repository\jakarta\transaction\jakarta.transaction-api\1.3.3\jakarta.transaction-api-1.3.3.jar;C:\Users\nuche\.m2\repository\jakarta\persistence\jakarta.persistence-api\2.2.3\jakarta.persistence-api-2.2.3.jar;C:\Users\nuche\.m2\repository\org\hibernate\hibernate-core\5.4.28.Final\hibernate-core-5.4.28.Final.jar;C:\Users\nuche\.m2\repository\org\jboss\logging\jboss-logging\3.4.1.Final\jboss-logging-3.4.1.Final.jar;C:\Users\nuche\.m2\repository\org\javassist\javassist\3.27.0-GA\javassist-3.27.0-GA.jar;C:\Users\nuche\.m2\repository\net\bytebuddy\byte-buddy\1.10.20\byte-buddy-1.10.20.jar;C:\Users\nuche\.m2\repository\antlr\antlr\2.7.7\antlr-2.7.7.jar;C:\Users\nuche\.m2\repository\org\jboss\jandex\2.2.3.Final\jandex-2.2.3.Final.jar;C:\Users\nuche\.m2\repository\com\fasterxml\classmate\1.5.1\classmate-1.5.1.jar;C:\Users\nuche\.m2\repository\org\dom4j\dom4j\2.1.3\dom4j-2.1.3.jar;C:\Users\nuche\.m2\repository\org\hibernate\common\hibernate-commons-annotations\5.1.2.Final\hibernate-commons-annotations-5.1.2.Final.jar;C:\Users\nuche\.m2\repository\org\glassfish\jaxb\jaxb-runtime\2.3.3\jaxb-runtime-2.3.3.jar;C:\Users\nuche\.m2\repository\org\glassfish\jaxb\txw2\2.3.3\txw2-2.3.3.jar;C:\Users\nuche\.m2\repository\com\sun\istack\istack-commons-runtime\3.0.11\istack-commons-runtime-3.0.11.jar;C:\Users\nuche\.m2\repository\org\springframework\data\spring-data-jpa\2.4.5\spring-data-jpa-2.4.5.jar;C:\Users\nuche\.m2\repository\org\springframework\data\spring-data-commons\2.4.5\spring-data-commons-2.4.5.jar;C:\Users\nuche\.m2\repository\org\springframework\spring-orm\5.3.4\spring-orm-5.3.4.jar;C:\Users\nuche\.m2\repository\org\springframework\spring-context\5.3.4\spring-context-5.3.4.jar;C:\Users\nuche\.m2\repository\org\springframework\spring-tx\5.3.4\spring-tx-5.3.4.jar;C:\Users\nuche\.m2\repository\org\springframework\spring-beans\5.3.4\spring-beans-5.3.4.jar;C:\Users\nuche\.m2\repository\org\slf4j\slf4j-api\1.7.30\slf4j-api-1.7.30.jar;C:\Users\nuche\.m2\repository\org\springframework\spring-aspects\5.3.4\spring-aspects-5.3.4.jar;C:\Users\nuche\.m2\repository\ch\qos\logback\logback-classic\1.2.3\logback-classic-1.2.3.jar;C:\Users\nuche\.m2\repository\ch\qos\logback\logback-core\1.2.3\logback-core-1.2.3.jar;C:\Users\nuche\.m2\repository\org\apache\logging\log4j\log4j-to-slf4j\2.13.3\log4j-to-slf4j-2.13.3.jar;C:\Users\nuche\.m2\repository\org\apache\logging\log4j\log4j-api\2.13.3\log4j-api-2.13.3.jar;C:\Users\nuche\.m2\repository\org\slf4j\jul-to-slf4j\1.7.30\jul-to-slf4j-1.7.30.jar;C:\Users\nuche\.m2\repository\org\yaml\snakeyaml\1.27\snakeyaml-1.27.jar;C:\Users\nuche\.m2\repository\org\springframework\spring-context-support\5.3.4\spring-context-support-5.3.4.jar;C:\Users\nuche\.m2\repository\com\sun\mail\jakarta.mail\1.6.5\jakarta.mail-1.6.5.jar;C:\Users\nuche\.m2\repository\com\sun\activation\jakarta.activation\1.2.2\jakarta.activation-1.2.2.jar;C:\Users\nuche\.m2\repository\org\springframework\spring-aop\5.3.4\spring-aop-5.3.4.jar;C:\Users\nuche\.m2\repository\org\springframework\security\spring-security-config\5.4.5\spring-security-config-5.4.5.jar;C:\Users\nuche\.m2\repository\org\springframework\security\spring-security-web\5.4.5\spring-security-web-5.4.5.jar;C:\Users\nuche\.m2\repository\org\springframework\spring-expression\5.3.4\spring-expression-5.3.4.jar;C:\Users\nuche\.m2\repository\com\fasterxml\jackson\core\jackson-databind\2.11.4\jackson-databind-2.11.4.jar;C:\Users\nuche\.m2\repository\com\fasterxml\jackson\core\jackson-annotations\2.11.4\jackson-annotations-2.11.4.jar;C:\Users\nuche\.m2\repository\com\fasterxml\jackson\core\jackson-core\2.11.4\jackson-core-2.11.4.jar;C:\Users\nuche\.m2\repository\com\fasterxml\jackson\datatype\jackson-datatype-jdk8\2.11.4\jackson-datatype-jdk8-2.11.4.jar;C:\Users\nuche\.m2\repository\com\fasterxml\jackson\datatype\jackson-datatype-jsr310\2.11.4\jackson-datatype-jsr310-2.11.4.jar;C:\Users\nuche\.m2\repository\com\fasterxml\jackson\module\jackson-module-parameter-names\2.11.4\jackson-module-parameter-names-2.11.4.jar;C:\Users\nuche\.m2\repository\org\springframework\spring-web\5.3.4\spring-web-5.3.4.jar;C:\Users\nuche\.m2\repository\org\springframework\spring-webmvc\5.3.4\spring-webmvc-5.3.4.jar;C:\Users\nuche\.m2\repository\com\h2database\h2\1.4.200\h2-1.4.200.jar;C:\Users\nuche\.m2\repository\jakarta\annotation\jakarta.annotation-api\1.3.5\jakarta.annotation-api-1.3.5.jar;C:\Users\nuche\.m2\repository\org\apache\tomcat\embed\tomcat-embed-core\9.0.43\tomcat-embed-core-9.0.43.jar;C:\Users\nuche\.m2\repository\org\glassfish\jakarta.el\3.0.3\jakarta.el-3.0.3.jar;C:\Users\nuche\.m2\repository\org\apache\tomcat\embed\tomcat-embed-websocket\9.0.43\tomcat-embed-websocket-9.0.43.jar;C:\Users\nuche\.m2\repository\jakarta\xml\bind\jakarta.xml.bind-api\2.3.3\jakarta.xml.bind-api-2.3.3.jar;C:\Users\nuche\.m2\repository\jakarta\activation\jakarta.activation-api\1.2.2\jakarta.activation-api-1.2.2.jar;C:\Users\nuche\.m2\repository\org\springframework\spring-core\5.3.4\spring-core-5.3.4.jar;C:\Users\nuche\.m2\repository\org\springframework\spring-jcl\5.3.4\spring-jcl-5.3.4.jar;C:\Users\nuche\.m2\repository\org\springframework\security\spring-security-core\5.4.5\spring-security-core-5.4.5.jar;C:\Users\nuche\.m2\repository\org\springframework\boot\spring-boot-devtools\2.4.3\spring-boot-devtools-2.4.3.jar;C:\Users\nuche\.m2\repository\org\springframework\boot\spring-boot\2.4.3\spring-boot-2.4.3.jar;C:\Users\nuche\.m2\repository\org\springframework\boot\spring-boot-autoconfigure\2.4.3\spring-boot-autoconfigure-2.4.3.jar, java.vm.vendor=Oracle Corporation, sun.arch.data.model=64, user.variant=, java.vendor.url=https://java.oracle.com/, catalina.useNaming=false, user.timezone=Europe/London, java.vm.specification.version=15, os.name=Windows 10, javax.persistence.validation.mode=AUTO, sun.java.launcher=SUN_STANDARD, user.country=US, sun.boot.library.path=C:\Program Files\Java\jdk-15.0.2\bin, sun.java.command=com.project.biddingSoft.BiddingSoftwareApplication, javax.persistence.nonJtaDataSource=HikariDataSource (HikariPool-5), hibernate.transaction.jta.platform=org.hibernate.engine.transaction.jta.platform.internal.NoJtaPlatform@55dae5a1, javax.persistence.sharedCache.mode=UNSPECIFIED, jdk.debug=release, sun.cpu.endian=little, user.home=C:\Users\nuche, user.language=en, java.specification.vendor=Oracle Corporation, java.version.date=2021-01-19, java.home=C:\Program Files\Java\jdk-15.0.2, file.separator=\, java.vm.compressedOopsMode=Zero based, line.separator=
, java.vm.specification.vendor=Oracle Corporation, java.specification.name=Java Platform API Specification, FILE_LOG_CHARSET=windows-1252, hibernate.transaction.coordinator_class=class org.hibernate.resource.transaction.backend.jdbc.internal.JdbcResourceLocalTransactionCoordinatorBuilderImpl, java.awt.headless=true, hibernate.hbm2ddl.auto=create-drop, user.script=, sun.management.compiler=HotSpot 64-Bit Tiered Compilers, java.runtime.version=15.0.2+7-27, user.name=nuche, path.separator=;, os.version=10.0, java.runtime.name=Java(TM) SE Runtime Environment, file.encoding=Cp1252, hibernate.ejb.persistenceUnitName=default, spring.beaninfo.ignore=true, java.vm.name=Java HotSpot(TM) 64-Bit Server VM, java.vendor.url.bug=https://bugreport.java.com/bugreport/, java.io.tmpdir=C:\Users\nuche\AppData\Local\Temp\, com.zaxxer.hikari.pool_number=1, catalina.home=C:\Users\nuche\AppData\Local\Temp\tomcat.8080.8196987904426250641, java.version=15.0.2, hibernate.physical_naming_strategy=org.springframework.boot.orm.jpa.hibernate.SpringPhysicalNamingStrategy, user.dir=C:\Users\nuche\OneDrive\Documents\StuProj\java\biddingSoft, os.arch=amd64, java.vm.specification.name=Java Virtual Machine Specification, PID=4360, sun.os.patch.level=, CONSOLE_LOG_CHARSET=windows-1252, catalina.base=C:\Users\nuche\AppData\Local\Temp\tomcat.8080.8196987904426250641, hibernate.boot.CfgXmlAccessService.key=org.hibernate.boot.registry.StandardServiceRegistryBuilder$1@c36e8c4, java.library.path=C:\Program Files\Java\jdk-15.0.2\bin;C:\Windows\Sun\Java\bin;C:\Windows\system32;C:\Windows;C:\Program Files\Common Files\Oracle\Java\javapath;C:\Program Files\Java\jdk-15.0.2\bin;C:\Python38\Scripts\;C:\Python38\;C:\Windows\system32;C:\Windows;C:\Windows\System32\Wbem;C:\Windows\System32\WindowsPowerShell\v1.0\;C:\Windows\System32\OpenSSH\;C:\Program Files\Git\cmd;C:\Program Files\Microsoft SQL Server\130\Tools\Binn\;C:\Program Files\nodejs\;C:\ProgramData\chocolatey\bin;C:\Program Files\swipl\bin;C:\Program Files\JetBrains\GoLand 2020.1.2\bin;C:\Go\bin;C:\TDM-GCC-64\bin;C:\Program Files (x86)\sbt\bin;C:\Users\nuche\sdk;C:\Program Files\dotnet\;C:\Program Files\dotnet\sdk\5.0.100;C:\Program Files\Microsoft SQL Server\Client SDK\ODBC\170\Tools\Binn\;%M2%;C:\Program Files\spring-2.4.3\bin;C:\Users\nuche\AppData\Local\Microsoft\WindowsApps;C:\Program Files\JetBrains\WebStorm 2019.3.3\bin;C:\Users\nuche\AppData\Roaming\npm;C:\Users\nuche\.dotnet\tools;C:\Program Files\JetBrains\IntelliJ IDEA 2020.1.1\bin;C:\Users\nuche\go\bin;C:\Users\nuche\AppData\Local\GitHubDesktop\bin;C:\Users\nuche\AppData\Roaming\Dashlane\6.2026.0.36165\bin\Firefox_Extension\{442718d9-475e-452a-b3e1-fb1ee16b8e9f}\components;C:\Users\nuche\AppData\Roaming\Dashlane\6.2026.0.36165\ucrt;C:\Users\nuche\AppData\Roaming\Dashlane\6.2026.0.36165\bin\Qt;C:\Users\nuche\AppData\Roaming\Dashlane\6.2026.0.36165\ucrt;C:\Users\nuche\AppData\Roaming\Dashlane\6.2026.0.36165\bin\Ssl;C:\Users\nuche\AppData\Local\atom\bin;C:\MinGW\bin;C:\Users\nuche\.dotnet\tools;C:\Program Files\apache-maven-3.6.3\bin;., java.vendor=Oracle Corporation, java.vm.info=mixed mode, sharing, java.vm.version=15.0.2+7-27, hibernate.bytecode.use_reflection_optimizer=false, sun.io.unicode.encoding=UnicodeLittle, hibernate.archive.scanner=org.hibernate.boot.archive.scan.internal.DisabledScanner, hibernate.connection.datasource=HikariDataSource (HikariPool-5), java.class.version=59.0}
15:30:41.169 [restartedMain] DEBUG o.h.secure.spi.JaccIntegrator - Skipping JACC integration as it was not enabled
15:30:41.170 [restartedMain] DEBUG o.h.internal.SessionFactoryImpl - Instantiated session factory
15:30:41.170 [restartedMain] DEBUG o.h.t.spi.TypeConfiguration$Scope - Scoping TypeConfiguration [org.hibernate.type.spi.TypeConfiguration@18cbb942] to SessionFactoryImpl [org.hibernate.internal.SessionFactoryImpl@6b01f05c]
15:30:41.170 [restartedMain] INFO  o.h.e.t.j.p.i.JtaPlatformInitiator - HHH000490: Using JtaPlatform implementation: [org.hibernate.engine.transaction.jta.platform.internal.NoJtaPlatform]
15:30:41.170 [restartedMain] DEBUG o.h.query.spi.NamedQueryRepository - Checking 0 named HQL queries
15:30:41.170 [restartedMain] DEBUG o.h.query.spi.NamedQueryRepository - Checking 0 named SQL queries
15:30:41.170 [restartedMain] DEBUG o.h.internal.SessionFactoryRegistry - Registering SessionFactory: e6dfed7d-d265-49a5-872a-2ec6460098ca (<unnamed>)
15:30:41.170 [restartedMain] DEBUG o.h.internal.SessionFactoryRegistry - Not binding SessionFactory to JNDI, no JNDI name configured
15:30:41.170 [restartedMain] INFO  o.s.o.j.LocalContainerEntityManagerFactoryBean - Initialized JPA EntityManagerFactory for persistence unit 'default'
15:30:41.174 [restartedMain] INFO  o.s.b.d.a.OptionalLiveReloadServer - LiveReload server is running on port 35729
15:30:41.181 [restartedMain] WARN  o.s.b.a.o.j.JpaBaseConfiguration$JpaWebConfiguration - spring.jpa.open-in-view is enabled by default. Therefore, database queries may be performed during view rendering. Explicitly configure spring.jpa.open-in-view to disable this warning
15:30:41.199 [restartedMain] INFO  o.s.s.c.ThreadPoolTaskExecutor - Initializing ExecutorService 'applicationTaskExecutor'
15:30:41.228 [restartedMain] INFO  o.a.coyote.http11.Http11NioProtocol - Starting ProtocolHandler ["http-nio-8080"]
15:30:41.231 [restartedMain] INFO  o.s.b.w.e.tomcat.TomcatWebServer - Tomcat started on port(s): 8080 (http) with context path ''
15:30:41.235 [restartedMain] INFO  c.p.b.BiddingSoftwareApplication - Started BiddingSoftwareApplication in 0.291 seconds (JVM running for 743.237)
15:30:41.236 [restartedMain] INFO  o.s.b.d.a.ConditionEvaluationDeltaLoggingListener - Condition evaluation unchanged
15:30:41.236 [restartedMain] INFO  c.p.b.BiddingSoftwareApplication - [31m hang on just a second!
15:30:41.246 [HikariPool-5 housekeeper] DEBUG com.zaxxer.hikari.pool.HikariPool - HikariPool-5 - Pool stats (total=1, active=0, idle=1, waiting=0)
15:30:41.246 [HikariPool-5 connection adder] DEBUG com.zaxxer.hikari.pool.HikariPool - HikariPool-5 - Added connection conn41: url=jdbc:h2:mem:3ab83e68-0074-4ad0-8f6d-5243d1d77c83 user=SA
15:30:41.247 [HikariPool-5 connection adder] DEBUG com.zaxxer.hikari.pool.HikariPool - HikariPool-5 - Added connection conn42: url=jdbc:h2:mem:3ab83e68-0074-4ad0-8f6d-5243d1d77c83 user=SA
15:30:41.247 [HikariPool-5 connection adder] DEBUG com.zaxxer.hikari.pool.HikariPool - HikariPool-5 - Added connection conn43: url=jdbc:h2:mem:3ab83e68-0074-4ad0-8f6d-5243d1d77c83 user=SA
15:30:41.247 [HikariPool-5 connection adder] DEBUG com.zaxxer.hikari.pool.HikariPool - HikariPool-5 - Added connection conn44: url=jdbc:h2:mem:3ab83e68-0074-4ad0-8f6d-5243d1d77c83 user=SA
15:30:41.247 [HikariPool-5 connection adder] DEBUG com.zaxxer.hikari.pool.HikariPool - HikariPool-5 - Added connection conn45: url=jdbc:h2:mem:3ab83e68-0074-4ad0-8f6d-5243d1d77c83 user=SA
15:30:41.248 [HikariPool-5 connection adder] DEBUG com.zaxxer.hikari.pool.HikariPool - HikariPool-5 - Added connection conn46: url=jdbc:h2:mem:3ab83e68-0074-4ad0-8f6d-5243d1d77c83 user=SA
15:30:41.248 [HikariPool-5 connection adder] DEBUG com.zaxxer.hikari.pool.HikariPool - HikariPool-5 - Added connection conn47: url=jdbc:h2:mem:3ab83e68-0074-4ad0-8f6d-5243d1d77c83 user=SA
15:30:41.248 [HikariPool-5 connection adder] DEBUG com.zaxxer.hikari.pool.HikariPool - HikariPool-5 - Added connection conn48: url=jdbc:h2:mem:3ab83e68-0074-4ad0-8f6d-5243d1d77c83 user=SA
15:30:41.248 [HikariPool-5 connection adder] DEBUG com.zaxxer.hikari.pool.HikariPool - HikariPool-5 - Added connection conn49: url=jdbc:h2:mem:3ab83e68-0074-4ad0-8f6d-5243d1d77c83 user=SA
15:30:41.248 [HikariPool-5 connection adder] DEBUG com.zaxxer.hikari.pool.HikariPool - HikariPool-5 - After adding stats (total=10, active=0, idle=10, waiting=0)
15:31:11.247 [HikariPool-5 housekeeper] DEBUG com.zaxxer.hikari.pool.HikariPool - HikariPool-5 - Pool stats (total=10, active=0, idle=10, waiting=0)
15:31:11.247 [HikariPool-5 housekeeper] DEBUG com.zaxxer.hikari.pool.HikariPool - HikariPool-5 - Fill pool skipped, pool is at sufficient level.
15:31:41.248 [HikariPool-5 housekeeper] DEBUG com.zaxxer.hikari.pool.HikariPool - HikariPool-5 - Pool stats (total=10, active=0, idle=10, waiting=0)
15:31:41.248 [HikariPool-5 housekeeper] DEBUG com.zaxxer.hikari.pool.HikariPool - HikariPool-5 - Fill pool skipped, pool is at sufficient level.
15:32:11.250 [HikariPool-5 housekeeper] DEBUG com.zaxxer.hikari.pool.HikariPool - HikariPool-5 - Pool stats (total=10, active=0, idle=10, waiting=0)
15:32:11.250 [HikariPool-5 housekeeper] DEBUG com.zaxxer.hikari.pool.HikariPool - HikariPool-5 - Fill pool skipped, pool is at sufficient level.
15:32:41.252 [HikariPool-5 housekeeper] DEBUG com.zaxxer.hikari.pool.HikariPool - HikariPool-5 - Pool stats (total=10, active=0, idle=10, waiting=0)
15:32:41.252 [HikariPool-5 housekeeper] DEBUG com.zaxxer.hikari.pool.HikariPool - HikariPool-5 - Fill pool skipped, pool is at sufficient level.
15:33:11.252 [HikariPool-5 housekeeper] DEBUG com.zaxxer.hikari.pool.HikariPool - HikariPool-5 - Pool stats (total=10, active=0, idle=10, waiting=0)
15:33:11.252 [HikariPool-5 housekeeper] DEBUG com.zaxxer.hikari.pool.HikariPool - HikariPool-5 - Fill pool skipped, pool is at sufficient level.
15:33:41.253 [HikariPool-5 housekeeper] DEBUG com.zaxxer.hikari.pool.HikariPool - HikariPool-5 - Pool stats (total=10, active=0, idle=10, waiting=0)
15:33:41.253 [HikariPool-5 housekeeper] DEBUG com.zaxxer.hikari.pool.HikariPool - HikariPool-5 - Fill pool skipped, pool is at sufficient level.
15:34:11.253 [HikariPool-5 housekeeper] DEBUG com.zaxxer.hikari.pool.HikariPool - HikariPool-5 - Pool stats (total=10, active=0, idle=10, waiting=0)
15:34:11.253 [HikariPool-5 housekeeper] DEBUG com.zaxxer.hikari.pool.HikariPool - HikariPool-5 - Fill pool skipped, pool is at sufficient level.
15:34:41.256 [HikariPool-5 housekeeper] DEBUG com.zaxxer.hikari.pool.HikariPool - HikariPool-5 - Pool stats (total=10, active=0, idle=10, waiting=0)
15:34:41.256 [HikariPool-5 housekeeper] DEBUG com.zaxxer.hikari.pool.HikariPool - HikariPool-5 - Fill pool skipped, pool is at sufficient level.
15:35:11.257 [HikariPool-5 housekeeper] DEBUG com.zaxxer.hikari.pool.HikariPool - HikariPool-5 - Pool stats (total=10, active=0, idle=10, waiting=0)
15:35:11.257 [HikariPool-5 housekeeper] DEBUG com.zaxxer.hikari.pool.HikariPool - HikariPool-5 - Fill pool skipped, pool is at sufficient level.
15:35:41.258 [HikariPool-5 housekeeper] DEBUG com.zaxxer.hikari.pool.HikariPool - HikariPool-5 - Pool stats (total=10, active=0, idle=10, waiting=0)
15:35:41.258 [HikariPool-5 housekeeper] DEBUG com.zaxxer.hikari.pool.HikariPool - HikariPool-5 - Fill pool skipped, pool is at sufficient level.
15:36:11.261 [HikariPool-5 housekeeper] DEBUG com.zaxxer.hikari.pool.HikariPool - HikariPool-5 - Pool stats (total=10, active=0, idle=10, waiting=0)
15:36:11.261 [HikariPool-5 housekeeper] DEBUG com.zaxxer.hikari.pool.HikariPool - HikariPool-5 - Fill pool skipped, pool is at sufficient level.
