22:19:50.460 [restartedMain] INFO  c.p.b.BiddingSoftwareApplication - Starting BiddingSoftwareApplication using Java 15.0.2 on DESKTOP-AEM1CBO with PID 4832 (C:\Users\nuche\Documents\StuProj\java\biddingSoft\target\classes started by nuche in C:\Users\nuche\Documents\StuProj\java\biddingSoft)
22:19:50.462 [restartedMain] DEBUG c.p.b.BiddingSoftwareApplication - Running with Spring Boot v2.4.3, Spring v5.3.4
22:19:50.462 [restartedMain] INFO  c.p.b.BiddingSoftwareApplication - No active profile set, falling back to default profiles: default
22:19:50.491 [restartedMain] INFO  o.s.b.d.e.DevToolsPropertyDefaultsPostProcessor - Devtools property defaults active! Set 'spring.devtools.add-properties' to 'false' to disable
22:19:50.492 [restartedMain] INFO  o.s.b.d.e.DevToolsPropertyDefaultsPostProcessor - For additional web related logging consider setting the 'logging.level.web' property to 'DEBUG'
22:19:50.971 [restartedMain] INFO  o.s.d.r.c.RepositoryConfigurationDelegate - Bootstrapping Spring Data JPA repositories in DEFAULT mode.
22:19:51.011 [restartedMain] INFO  o.s.d.r.c.RepositoryConfigurationDelegate - Finished Spring Data repository scanning in 35 ms. Found 3 JPA repository interfaces.
22:19:51.475 [restartedMain] INFO  o.s.b.w.e.tomcat.TomcatWebServer - Tomcat initialized with port(s): 8080 (http)
22:19:51.481 [restartedMain] INFO  o.a.coyote.http11.Http11NioProtocol - Initializing ProtocolHandler ["http-nio-8080"]
22:19:51.482 [restartedMain] INFO  o.a.catalina.core.StandardService - Starting service [Tomcat]
22:19:51.482 [restartedMain] INFO  o.a.catalina.core.StandardEngine - Starting Servlet engine: [Apache Tomcat/9.0.43]
22:19:51.580 [restartedMain] INFO  o.a.c.c.C.[Tomcat].[localhost].[/] - Initializing Spring embedded WebApplicationContext
22:19:51.580 [restartedMain] INFO  o.s.b.w.s.c.ServletWebServerApplicationContext - Root WebApplicationContext: initialization completed in 1087 ms
22:19:51.612 [restartedMain] DEBUG com.zaxxer.hikari.HikariConfig - Driver class com.mysql.cj.jdbc.Driver found in Thread context class loader TomcatEmbeddedWebappClassLoader
  context: ROOT
  delegate: true
----------> Parent Classloader:
org.springframework.boot.devtools.restart.classloader.RestartClassLoader@1af78724

22:19:51.640 [restartedMain] DEBUG com.zaxxer.hikari.HikariConfig - HikariPool-1 - configuration:
22:19:51.641 [restartedMain] DEBUG com.zaxxer.hikari.HikariConfig - allowPoolSuspension.............false
22:19:51.641 [restartedMain] DEBUG com.zaxxer.hikari.HikariConfig - autoCommit......................true
22:19:51.642 [restartedMain] DEBUG com.zaxxer.hikari.HikariConfig - catalog.........................none
22:19:51.642 [restartedMain] DEBUG com.zaxxer.hikari.HikariConfig - connectionInitSql...............none
22:19:51.642 [restartedMain] DEBUG com.zaxxer.hikari.HikariConfig - connectionTestQuery.............none
22:19:51.642 [restartedMain] DEBUG com.zaxxer.hikari.HikariConfig - connectionTimeout...............30000
22:19:51.642 [restartedMain] DEBUG com.zaxxer.hikari.HikariConfig - dataSource......................none
22:19:51.642 [restartedMain] DEBUG com.zaxxer.hikari.HikariConfig - dataSourceClassName.............none
22:19:51.642 [restartedMain] DEBUG com.zaxxer.hikari.HikariConfig - dataSourceJNDI..................none
22:19:51.642 [restartedMain] DEBUG com.zaxxer.hikari.HikariConfig - dataSourceProperties............{password=<masked>}
22:19:51.642 [restartedMain] DEBUG com.zaxxer.hikari.HikariConfig - driverClassName................."com.mysql.cj.jdbc.Driver"
22:19:51.642 [restartedMain] DEBUG com.zaxxer.hikari.HikariConfig - exceptionOverrideClassName......none
22:19:51.642 [restartedMain] DEBUG com.zaxxer.hikari.HikariConfig - healthCheckProperties...........{}
22:19:51.642 [restartedMain] DEBUG com.zaxxer.hikari.HikariConfig - healthCheckRegistry.............none
22:19:51.642 [restartedMain] DEBUG com.zaxxer.hikari.HikariConfig - idleTimeout.....................600000
22:19:51.642 [restartedMain] DEBUG com.zaxxer.hikari.HikariConfig - initializationFailTimeout.......1
22:19:51.642 [restartedMain] DEBUG com.zaxxer.hikari.HikariConfig - isolateInternalQueries..........false
22:19:51.643 [restartedMain] DEBUG com.zaxxer.hikari.HikariConfig - jdbcUrl.........................jdbc:mysql://localhost:3306/biddingSoft
22:19:51.643 [restartedMain] DEBUG com.zaxxer.hikari.HikariConfig - leakDetectionThreshold..........0
22:19:51.643 [restartedMain] DEBUG com.zaxxer.hikari.HikariConfig - maxLifetime.....................1800000
22:19:51.643 [restartedMain] DEBUG com.zaxxer.hikari.HikariConfig - maximumPoolSize.................10
22:19:51.643 [restartedMain] DEBUG com.zaxxer.hikari.HikariConfig - metricRegistry..................none
22:19:51.643 [restartedMain] DEBUG com.zaxxer.hikari.HikariConfig - metricsTrackerFactory...........none
22:19:51.643 [restartedMain] DEBUG com.zaxxer.hikari.HikariConfig - minimumIdle.....................10
22:19:51.643 [restartedMain] DEBUG com.zaxxer.hikari.HikariConfig - password........................<masked>
22:19:51.643 [restartedMain] DEBUG com.zaxxer.hikari.HikariConfig - poolName........................"HikariPool-1"
22:19:51.643 [restartedMain] DEBUG com.zaxxer.hikari.HikariConfig - readOnly........................false
22:19:51.643 [restartedMain] DEBUG com.zaxxer.hikari.HikariConfig - registerMbeans..................false
22:19:51.643 [restartedMain] DEBUG com.zaxxer.hikari.HikariConfig - scheduledExecutor...............none
22:19:51.643 [restartedMain] DEBUG com.zaxxer.hikari.HikariConfig - schema..........................none
22:19:51.643 [restartedMain] DEBUG com.zaxxer.hikari.HikariConfig - threadFactory...................internal
22:19:51.643 [restartedMain] DEBUG com.zaxxer.hikari.HikariConfig - transactionIsolation............default
22:19:51.643 [restartedMain] DEBUG com.zaxxer.hikari.HikariConfig - username........................"root"
22:19:51.643 [restartedMain] DEBUG com.zaxxer.hikari.HikariConfig - validationTimeout...............5000
22:19:51.643 [restartedMain] INFO  com.zaxxer.hikari.HikariDataSource - HikariPool-1 - Starting...
22:19:51.900 [restartedMain] DEBUG com.zaxxer.hikari.pool.HikariPool - HikariPool-1 - Added connection com.mysql.cj.jdbc.ConnectionImpl@7e756883
22:19:51.902 [restartedMain] INFO  com.zaxxer.hikari.HikariDataSource - HikariPool-1 - Start completed.
22:19:51.908 [restartedMain] INFO  o.s.b.a.h.H2ConsoleAutoConfiguration - H2 console available at '/h2-console'. Database available at 'jdbc:mysql://localhost:3306/biddingSoft'
22:19:52.002 [HikariPool-1 housekeeper] DEBUG com.zaxxer.hikari.pool.HikariPool - HikariPool-1 - Pool stats (total=1, active=0, idle=1, waiting=0)
22:19:52.022 [restartedMain] DEBUG org.jboss.logging - Logging Provider: org.jboss.logging.Log4j2LoggerProvider
22:19:52.024 [HikariPool-1 connection adder] DEBUG com.zaxxer.hikari.pool.HikariPool - HikariPool-1 - Added connection com.mysql.cj.jdbc.ConnectionImpl@3d5e896b
22:19:52.042 [HikariPool-1 connection adder] DEBUG com.zaxxer.hikari.pool.HikariPool - HikariPool-1 - Added connection com.mysql.cj.jdbc.ConnectionImpl@6cb71d56
22:19:52.056 [restartedMain] DEBUG o.h.jpa.internal.util.LogHelper - PersistenceUnitInfo [
	name: default
	persistence provider classname: null
	classloader: org.springframework.boot.devtools.restart.classloader.RestartClassLoader@1af78724
	excludeUnlistedClasses: true
	JTA datasource: null
	Non JTA datasource: HikariDataSource (HikariPool-1)
	Transaction type: RESOURCE_LOCAL
	PU root URL: file:/C:/Users/nuche/Documents/StuProj/java/biddingSoft/target/classes/
	Shared Cache Mode: UNSPECIFIED
	Validation Mode: AUTO
	Jar files URLs []
	Managed classes names [
		com.project.biddingSoft.domain.Bid
		com.project.biddingSoft.domain.Lot
		com.project.biddingSoft.domain.User]
	Mapping files names []
	Properties []
22:19:52.058 [HikariPool-1 connection adder] DEBUG com.zaxxer.hikari.pool.HikariPool - HikariPool-1 - Added connection com.mysql.cj.jdbc.ConnectionImpl@3e5aae8e
22:19:52.063 [restartedMain] DEBUG o.h.i.i.IntegratorServiceImpl - Adding Integrator [org.hibernate.cfg.beanvalidation.BeanValidationIntegrator].
22:19:52.064 [restartedMain] DEBUG o.h.i.i.IntegratorServiceImpl - Adding Integrator [org.hibernate.secure.spi.JaccIntegrator].
22:19:52.065 [restartedMain] DEBUG o.h.i.i.IntegratorServiceImpl - Adding Integrator [org.hibernate.cache.internal.CollectionCacheInvalidator].
22:19:52.074 [HikariPool-1 connection adder] DEBUG com.zaxxer.hikari.pool.HikariPool - HikariPool-1 - Added connection com.mysql.cj.jdbc.ConnectionImpl@68f90558
22:19:52.089 [HikariPool-1 connection adder] DEBUG com.zaxxer.hikari.pool.HikariPool - HikariPool-1 - Added connection com.mysql.cj.jdbc.ConnectionImpl@47581914
22:19:52.089 [restartedMain] INFO  org.hibernate.Version - HHH000412: Hibernate ORM core version 5.4.28.Final
22:19:52.090 [restartedMain] DEBUG org.hibernate.cfg.Environment - HHH000206: hibernate.properties not found
22:19:52.103 [HikariPool-1 connection adder] DEBUG com.zaxxer.hikari.pool.HikariPool - HikariPool-1 - Added connection com.mysql.cj.jdbc.ConnectionImpl@5cf16355
22:19:52.133 [HikariPool-1 connection adder] DEBUG com.zaxxer.hikari.pool.HikariPool - HikariPool-1 - Added connection com.mysql.cj.jdbc.ConnectionImpl@205dba97
22:19:52.148 [HikariPool-1 connection adder] DEBUG com.zaxxer.hikari.pool.HikariPool - HikariPool-1 - Added connection com.mysql.cj.jdbc.ConnectionImpl@285f81d6
22:19:52.164 [HikariPool-1 connection adder] DEBUG com.zaxxer.hikari.pool.HikariPool - HikariPool-1 - Added connection com.mysql.cj.jdbc.ConnectionImpl@a2d9149
22:19:52.164 [HikariPool-1 connection adder] DEBUG com.zaxxer.hikari.pool.HikariPool - HikariPool-1 - After adding stats (total=10, active=0, idle=10, waiting=0)
22:19:52.185 [restartedMain] DEBUG o.h.service.spi.ServiceBinding - Overriding existing service binding [org.hibernate.secure.spi.JaccService]
22:19:52.191 [restartedMain] DEBUG o.h.c.i.RegionFactoryInitiator - Cannot default RegionFactory based on registered strategies as `[]` RegionFactory strategies were registered
22:19:52.192 [restartedMain] DEBUG o.h.c.i.RegionFactoryInitiator - Cache region factory : org.hibernate.cache.internal.NoCachingRegionFactory
22:19:52.202 [restartedMain] INFO  o.h.annotations.common.Version - HCANN000001: Hibernate Commons Annotations {5.1.2.Final}
22:19:52.222 [restartedMain] DEBUG o.hibernate.type.BasicTypeRegistry - Adding type registration boolean -> org.hibernate.type.BooleanType@1da5a94e
22:19:52.222 [restartedMain] DEBUG o.hibernate.type.BasicTypeRegistry - Adding type registration boolean -> org.hibernate.type.BooleanType@1da5a94e
22:19:52.222 [restartedMain] DEBUG o.hibernate.type.BasicTypeRegistry - Adding type registration java.lang.Boolean -> org.hibernate.type.BooleanType@1da5a94e
22:19:52.222 [restartedMain] DEBUG o.hibernate.type.BasicTypeRegistry - Adding type registration numeric_boolean -> org.hibernate.type.NumericBooleanType@4d1da9d3
22:19:52.223 [restartedMain] DEBUG o.hibernate.type.BasicTypeRegistry - Adding type registration true_false -> org.hibernate.type.TrueFalseType@3fbf2646
22:19:52.223 [restartedMain] DEBUG o.hibernate.type.BasicTypeRegistry - Adding type registration yes_no -> org.hibernate.type.YesNoType@17eaf6d0
22:19:52.223 [restartedMain] DEBUG o.hibernate.type.BasicTypeRegistry - Adding type registration byte -> org.hibernate.type.ByteType@468fedb4
22:19:52.223 [restartedMain] DEBUG o.hibernate.type.BasicTypeRegistry - Adding type registration byte -> org.hibernate.type.ByteType@468fedb4
22:19:52.223 [restartedMain] DEBUG o.hibernate.type.BasicTypeRegistry - Adding type registration java.lang.Byte -> org.hibernate.type.ByteType@468fedb4
22:19:52.224 [restartedMain] DEBUG o.hibernate.type.BasicTypeRegistry - Adding type registration character -> org.hibernate.type.CharacterType@13c7a010
22:19:52.224 [restartedMain] DEBUG o.hibernate.type.BasicTypeRegistry - Adding type registration char -> org.hibernate.type.CharacterType@13c7a010
22:19:52.224 [restartedMain] DEBUG o.hibernate.type.BasicTypeRegistry - Adding type registration java.lang.Character -> org.hibernate.type.CharacterType@13c7a010
22:19:52.225 [restartedMain] DEBUG o.hibernate.type.BasicTypeRegistry - Adding type registration short -> org.hibernate.type.ShortType@2b958341
22:19:52.225 [restartedMain] DEBUG o.hibernate.type.BasicTypeRegistry - Adding type registration short -> org.hibernate.type.ShortType@2b958341
22:19:52.225 [restartedMain] DEBUG o.hibernate.type.BasicTypeRegistry - Adding type registration java.lang.Short -> org.hibernate.type.ShortType@2b958341
22:19:52.225 [restartedMain] DEBUG o.hibernate.type.BasicTypeRegistry - Adding type registration integer -> org.hibernate.type.IntegerType@28dbf8f0
22:19:52.225 [restartedMain] DEBUG o.hibernate.type.BasicTypeRegistry - Adding type registration int -> org.hibernate.type.IntegerType@28dbf8f0
22:19:52.225 [restartedMain] DEBUG o.hibernate.type.BasicTypeRegistry - Adding type registration java.lang.Integer -> org.hibernate.type.IntegerType@28dbf8f0
22:19:52.226 [restartedMain] DEBUG o.hibernate.type.BasicTypeRegistry - Adding type registration long -> org.hibernate.type.LongType@5557936c
22:19:52.226 [restartedMain] DEBUG o.hibernate.type.BasicTypeRegistry - Adding type registration long -> org.hibernate.type.LongType@5557936c
22:19:52.226 [restartedMain] DEBUG o.hibernate.type.BasicTypeRegistry - Adding type registration java.lang.Long -> org.hibernate.type.LongType@5557936c
22:19:52.226 [restartedMain] DEBUG o.hibernate.type.BasicTypeRegistry - Adding type registration float -> org.hibernate.type.FloatType@1e045a49
22:19:52.226 [restartedMain] DEBUG o.hibernate.type.BasicTypeRegistry - Adding type registration float -> org.hibernate.type.FloatType@1e045a49
22:19:52.227 [restartedMain] DEBUG o.hibernate.type.BasicTypeRegistry - Adding type registration java.lang.Float -> org.hibernate.type.FloatType@1e045a49
22:19:52.227 [restartedMain] DEBUG o.hibernate.type.BasicTypeRegistry - Adding type registration double -> org.hibernate.type.DoubleType@1841197c
22:19:52.227 [restartedMain] DEBUG o.hibernate.type.BasicTypeRegistry - Adding type registration double -> org.hibernate.type.DoubleType@1841197c
22:19:52.227 [restartedMain] DEBUG o.hibernate.type.BasicTypeRegistry - Adding type registration java.lang.Double -> org.hibernate.type.DoubleType@1841197c
22:19:52.228 [restartedMain] DEBUG o.hibernate.type.BasicTypeRegistry - Adding type registration big_decimal -> org.hibernate.type.BigDecimalType@50b836e1
22:19:52.228 [restartedMain] DEBUG o.hibernate.type.BasicTypeRegistry - Adding type registration java.math.BigDecimal -> org.hibernate.type.BigDecimalType@50b836e1
22:19:52.228 [restartedMain] DEBUG o.hibernate.type.BasicTypeRegistry - Adding type registration big_integer -> org.hibernate.type.BigIntegerType@74fa4b8
22:19:52.228 [restartedMain] DEBUG o.hibernate.type.BasicTypeRegistry - Adding type registration java.math.BigInteger -> org.hibernate.type.BigIntegerType@74fa4b8
22:19:52.229 [restartedMain] DEBUG o.hibernate.type.BasicTypeRegistry - Adding type registration string -> org.hibernate.type.StringType@634ba60
22:19:52.229 [restartedMain] DEBUG o.hibernate.type.BasicTypeRegistry - Adding type registration java.lang.String -> org.hibernate.type.StringType@634ba60
22:19:52.229 [restartedMain] DEBUG o.hibernate.type.BasicTypeRegistry - Adding type registration nstring -> org.hibernate.type.StringNVarcharType@46f4cdef
22:19:52.229 [restartedMain] DEBUG o.hibernate.type.BasicTypeRegistry - Adding type registration ncharacter -> org.hibernate.type.CharacterNCharType@6b6dcb80
22:19:52.230 [restartedMain] DEBUG o.hibernate.type.BasicTypeRegistry - Adding type registration url -> org.hibernate.type.UrlType@21131f65
22:19:52.230 [restartedMain] DEBUG o.hibernate.type.BasicTypeRegistry - Adding type registration java.net.URL -> org.hibernate.type.UrlType@21131f65
22:19:52.230 [restartedMain] DEBUG o.hibernate.type.BasicTypeRegistry - Adding type registration Duration -> org.hibernate.type.DurationType@1c8cfe94
22:19:52.231 [restartedMain] DEBUG o.hibernate.type.BasicTypeRegistry - Adding type registration java.time.Duration -> org.hibernate.type.DurationType@1c8cfe94
22:19:52.231 [restartedMain] DEBUG o.hibernate.type.BasicTypeRegistry - Adding type registration Instant -> org.hibernate.type.InstantType@15a7f7ce
22:19:52.231 [restartedMain] DEBUG o.hibernate.type.BasicTypeRegistry - Adding type registration java.time.Instant -> org.hibernate.type.InstantType@15a7f7ce
22:19:52.232 [restartedMain] DEBUG o.hibernate.type.BasicTypeRegistry - Adding type registration LocalDateTime -> org.hibernate.type.LocalDateTimeType@7815f7b8
22:19:52.232 [restartedMain] DEBUG o.hibernate.type.BasicTypeRegistry - Adding type registration java.time.LocalDateTime -> org.hibernate.type.LocalDateTimeType@7815f7b8
22:19:52.232 [restartedMain] DEBUG o.hibernate.type.BasicTypeRegistry - Adding type registration LocalDate -> org.hibernate.type.LocalDateType@1385321a
22:19:52.232 [restartedMain] DEBUG o.hibernate.type.BasicTypeRegistry - Adding type registration java.time.LocalDate -> org.hibernate.type.LocalDateType@1385321a
22:19:52.233 [restartedMain] DEBUG o.hibernate.type.BasicTypeRegistry - Adding type registration LocalTime -> org.hibernate.type.LocalTimeType@38047ccc
22:19:52.233 [restartedMain] DEBUG o.hibernate.type.BasicTypeRegistry - Adding type registration java.time.LocalTime -> org.hibernate.type.LocalTimeType@38047ccc
22:19:52.233 [restartedMain] DEBUG o.hibernate.type.BasicTypeRegistry - Adding type registration OffsetDateTime -> org.hibernate.type.OffsetDateTimeType@355eb049
22:19:52.234 [restartedMain] DEBUG o.hibernate.type.BasicTypeRegistry - Adding type registration java.time.OffsetDateTime -> org.hibernate.type.OffsetDateTimeType@355eb049
22:19:52.234 [restartedMain] DEBUG o.hibernate.type.BasicTypeRegistry - Adding type registration OffsetTime -> org.hibernate.type.OffsetTimeType@e0eec33
22:19:52.234 [restartedMain] DEBUG o.hibernate.type.BasicTypeRegistry - Adding type registration java.time.OffsetTime -> org.hibernate.type.OffsetTimeType@e0eec33
22:19:52.235 [restartedMain] DEBUG o.hibernate.type.BasicTypeRegistry - Adding type registration ZonedDateTime -> org.hibernate.type.ZonedDateTimeType@2f30e24c
22:19:52.235 [restartedMain] DEBUG o.hibernate.type.BasicTypeRegistry - Adding type registration java.time.ZonedDateTime -> org.hibernate.type.ZonedDateTimeType@2f30e24c
22:19:52.235 [restartedMain] DEBUG o.hibernate.type.BasicTypeRegistry - Adding type registration date -> org.hibernate.type.DateType@579b4139
22:19:52.235 [restartedMain] DEBUG o.hibernate.type.BasicTypeRegistry - Adding type registration java.sql.Date -> org.hibernate.type.DateType@579b4139
22:19:52.236 [restartedMain] DEBUG o.hibernate.type.BasicTypeRegistry - Adding type registration time -> org.hibernate.type.TimeType@33acb524
22:19:52.236 [restartedMain] DEBUG o.hibernate.type.BasicTypeRegistry - Adding type registration java.sql.Time -> org.hibernate.type.TimeType@33acb524
22:19:52.236 [restartedMain] DEBUG o.hibernate.type.BasicTypeRegistry - Adding type registration timestamp -> org.hibernate.type.TimestampType@6b2fbe06
22:19:52.237 [restartedMain] DEBUG o.hibernate.type.BasicTypeRegistry - Adding type registration java.sql.Timestamp -> org.hibernate.type.TimestampType@6b2fbe06
22:19:52.237 [restartedMain] DEBUG o.hibernate.type.BasicTypeRegistry - Adding type registration java.util.Date -> org.hibernate.type.TimestampType@6b2fbe06
22:19:52.237 [restartedMain] DEBUG o.hibernate.type.BasicTypeRegistry - Adding type registration dbtimestamp -> org.hibernate.type.DbTimestampType@43cb54a2
22:19:52.238 [restartedMain] DEBUG o.hibernate.type.BasicTypeRegistry - Adding type registration calendar -> org.hibernate.type.CalendarType@2fb6e052
22:19:52.238 [restartedMain] DEBUG o.hibernate.type.BasicTypeRegistry - Adding type registration java.util.Calendar -> org.hibernate.type.CalendarType@2fb6e052
22:19:52.238 [restartedMain] DEBUG o.hibernate.type.BasicTypeRegistry - Adding type registration java.util.GregorianCalendar -> org.hibernate.type.CalendarType@2fb6e052
22:19:52.238 [restartedMain] DEBUG o.hibernate.type.BasicTypeRegistry - Adding type registration calendar_date -> org.hibernate.type.CalendarDateType@4504fc54
22:19:52.238 [restartedMain] DEBUG o.hibernate.type.BasicTypeRegistry - Adding type registration calendar_time -> org.hibernate.type.CalendarTimeType@5d4f2ab8
22:19:52.239 [restartedMain] DEBUG o.hibernate.type.BasicTypeRegistry - Adding type registration locale -> org.hibernate.type.LocaleType@78f42d34
22:19:52.239 [restartedMain] DEBUG o.hibernate.type.BasicTypeRegistry - Adding type registration java.util.Locale -> org.hibernate.type.LocaleType@78f42d34
22:19:52.239 [restartedMain] DEBUG o.hibernate.type.BasicTypeRegistry - Adding type registration currency -> org.hibernate.type.CurrencyType@7257df3c
22:19:52.239 [restartedMain] DEBUG o.hibernate.type.BasicTypeRegistry - Adding type registration java.util.Currency -> org.hibernate.type.CurrencyType@7257df3c
22:19:52.240 [restartedMain] DEBUG o.hibernate.type.BasicTypeRegistry - Adding type registration timezone -> org.hibernate.type.TimeZoneType@46ddd442
22:19:52.240 [restartedMain] DEBUG o.hibernate.type.BasicTypeRegistry - Adding type registration java.util.TimeZone -> org.hibernate.type.TimeZoneType@46ddd442
22:19:52.240 [restartedMain] DEBUG o.hibernate.type.BasicTypeRegistry - Adding type registration class -> org.hibernate.type.ClassType@501c5dfd
22:19:52.240 [restartedMain] DEBUG o.hibernate.type.BasicTypeRegistry - Adding type registration java.lang.Class -> org.hibernate.type.ClassType@501c5dfd
22:19:52.241 [restartedMain] DEBUG o.hibernate.type.BasicTypeRegistry - Adding type registration uuid-binary -> org.hibernate.type.UUIDBinaryType@33fa0d60
22:19:52.241 [restartedMain] DEBUG o.hibernate.type.BasicTypeRegistry - Adding type registration java.util.UUID -> org.hibernate.type.UUIDBinaryType@33fa0d60
22:19:52.241 [restartedMain] DEBUG o.hibernate.type.BasicTypeRegistry - Adding type registration uuid-char -> org.hibernate.type.UUIDCharType@168269d
22:19:52.242 [restartedMain] DEBUG o.hibernate.type.BasicTypeRegistry - Adding type registration binary -> org.hibernate.type.BinaryType@377a4a12
22:19:52.242 [restartedMain] DEBUG o.hibernate.type.BasicTypeRegistry - Adding type registration byte[] -> org.hibernate.type.BinaryType@377a4a12
22:19:52.242 [restartedMain] DEBUG o.hibernate.type.BasicTypeRegistry - Adding type registration [B -> org.hibernate.type.BinaryType@377a4a12
22:19:52.242 [restartedMain] DEBUG o.hibernate.type.BasicTypeRegistry - Adding type registration wrapper-binary -> org.hibernate.type.WrapperBinaryType@3e5115ed
22:19:52.242 [restartedMain] DEBUG o.hibernate.type.BasicTypeRegistry - Adding type registration Byte[] -> org.hibernate.type.WrapperBinaryType@3e5115ed
22:19:52.242 [restartedMain] DEBUG o.hibernate.type.BasicTypeRegistry - Adding type registration [Ljava.lang.Byte; -> org.hibernate.type.WrapperBinaryType@3e5115ed
22:19:52.243 [restartedMain] DEBUG o.hibernate.type.BasicTypeRegistry - Adding type registration row_version -> org.hibernate.type.RowVersionType@26af9c8
22:19:52.243 [restartedMain] DEBUG o.hibernate.type.BasicTypeRegistry - Adding type registration image -> org.hibernate.type.ImageType@524aac7e
22:19:52.244 [restartedMain] DEBUG o.hibernate.type.BasicTypeRegistry - Adding type registration characters -> org.hibernate.type.CharArrayType@17d775c3
22:19:52.244 [restartedMain] DEBUG o.hibernate.type.BasicTypeRegistry - Adding type registration char[] -> org.hibernate.type.CharArrayType@17d775c3
22:19:52.244 [restartedMain] DEBUG o.hibernate.type.BasicTypeRegistry - Adding type registration [C -> org.hibernate.type.CharArrayType@17d775c3
22:19:52.244 [restartedMain] DEBUG o.hibernate.type.BasicTypeRegistry - Adding type registration wrapper-characters -> org.hibernate.type.CharacterArrayType@13a1ee0b
22:19:52.244 [restartedMain] DEBUG o.hibernate.type.BasicTypeRegistry - Adding type registration [Ljava.lang.Character; -> org.hibernate.type.CharacterArrayType@13a1ee0b
22:19:52.244 [restartedMain] DEBUG o.hibernate.type.BasicTypeRegistry - Adding type registration Character[] -> org.hibernate.type.CharacterArrayType@13a1ee0b
22:19:52.244 [restartedMain] DEBUG o.hibernate.type.BasicTypeRegistry - Adding type registration text -> org.hibernate.type.TextType@3c480597
22:19:52.245 [restartedMain] DEBUG o.hibernate.type.BasicTypeRegistry - Adding type registration ntext -> org.hibernate.type.NTextType@423ce2a
22:19:52.245 [restartedMain] DEBUG o.hibernate.type.BasicTypeRegistry - Adding type registration blob -> org.hibernate.type.BlobType@3fb5e74e
22:19:52.245 [restartedMain] DEBUG o.hibernate.type.BasicTypeRegistry - Adding type registration java.sql.Blob -> org.hibernate.type.BlobType@3fb5e74e
22:19:52.246 [restartedMain] DEBUG o.hibernate.type.BasicTypeRegistry - Adding type registration materialized_blob -> org.hibernate.type.MaterializedBlobType@3184be12
22:19:52.246 [restartedMain] DEBUG o.hibernate.type.BasicTypeRegistry - Adding type registration clob -> org.hibernate.type.ClobType@561a10fc
22:19:52.246 [restartedMain] DEBUG o.hibernate.type.BasicTypeRegistry - Adding type registration java.sql.Clob -> org.hibernate.type.ClobType@561a10fc
22:19:52.247 [restartedMain] DEBUG o.hibernate.type.BasicTypeRegistry - Adding type registration nclob -> org.hibernate.type.NClobType@51f9d976
22:19:52.247 [restartedMain] DEBUG o.hibernate.type.BasicTypeRegistry - Adding type registration java.sql.NClob -> org.hibernate.type.NClobType@51f9d976
22:19:52.247 [restartedMain] DEBUG o.hibernate.type.BasicTypeRegistry - Adding type registration materialized_clob -> org.hibernate.type.MaterializedClobType@486da152
22:19:52.247 [restartedMain] DEBUG o.hibernate.type.BasicTypeRegistry - Adding type registration materialized_nclob -> org.hibernate.type.MaterializedNClobType@1b60e6e
22:19:52.248 [restartedMain] DEBUG o.hibernate.type.BasicTypeRegistry - Adding type registration serializable -> org.hibernate.type.SerializableType@1a100eef
22:19:52.250 [restartedMain] DEBUG o.hibernate.type.BasicTypeRegistry - Adding type registration object -> org.hibernate.type.ObjectType@42d67b84
22:19:52.250 [restartedMain] DEBUG o.hibernate.type.BasicTypeRegistry - Adding type registration java.lang.Object -> org.hibernate.type.ObjectType@42d67b84
22:19:52.250 [restartedMain] DEBUG o.hibernate.type.BasicTypeRegistry - Adding type registration imm_date -> org.hibernate.type.AdaptedImmutableType@a7daac1
22:19:52.250 [restartedMain] DEBUG o.hibernate.type.BasicTypeRegistry - Adding type registration imm_time -> org.hibernate.type.AdaptedImmutableType@776753af
22:19:52.250 [restartedMain] DEBUG o.hibernate.type.BasicTypeRegistry - Adding type registration imm_timestamp -> org.hibernate.type.AdaptedImmutableType@55a6fa83
22:19:52.250 [restartedMain] DEBUG o.hibernate.type.BasicTypeRegistry - Adding type registration imm_dbtimestamp -> org.hibernate.type.AdaptedImmutableType@194fc15d
22:19:52.250 [restartedMain] DEBUG o.hibernate.type.BasicTypeRegistry - Adding type registration imm_calendar -> org.hibernate.type.AdaptedImmutableType@7e035b17
22:19:52.250 [restartedMain] DEBUG o.hibernate.type.BasicTypeRegistry - Adding type registration imm_calendar_date -> org.hibernate.type.AdaptedImmutableType@33349553
22:19:52.250 [restartedMain] DEBUG o.hibernate.type.BasicTypeRegistry - Adding type registration imm_binary -> org.hibernate.type.AdaptedImmutableType@51240354
22:19:52.250 [restartedMain] DEBUG o.hibernate.type.BasicTypeRegistry - Adding type registration imm_serializable -> org.hibernate.type.AdaptedImmutableType@36866504
22:19:52.257 [restartedMain] DEBUG o.h.b.internal.BootstrapContextImpl - Injecting JPA temp ClassLoader [org.springframework.instrument.classloading.SimpleThrowawayClassLoader@b3ae13a] into BootstrapContext; was [null]
22:19:52.257 [restartedMain] DEBUG o.h.b.i.ClassLoaderAccessImpl - ClassLoaderAccessImpl#injectTempClassLoader(org.springframework.instrument.classloading.SimpleThrowawayClassLoader@b3ae13a) [was null]
22:19:52.257 [restartedMain] DEBUG o.h.b.internal.BootstrapContextImpl - Injecting ScanEnvironment [org.hibernate.jpa.boot.internal.StandardJpaScanEnvironmentImpl@57f3cf89] into BootstrapContext; was [null]
22:19:52.257 [restartedMain] DEBUG o.h.b.internal.BootstrapContextImpl - Injecting ScanOptions [org.hibernate.boot.archive.scan.internal.StandardScanOptions@59dabce0] into BootstrapContext; was [org.hibernate.boot.archive.scan.internal.StandardScanOptions@647a177f]
22:19:52.265 [restartedMain] DEBUG o.h.b.internal.BootstrapContextImpl - Injecting JPA temp ClassLoader [null] into BootstrapContext; was [org.springframework.instrument.classloading.SimpleThrowawayClassLoader@b3ae13a]
22:19:52.265 [restartedMain] DEBUG o.h.b.i.ClassLoaderAccessImpl - ClassLoaderAccessImpl#injectTempClassLoader(null) [was org.springframework.instrument.classloading.SimpleThrowawayClassLoader@b3ae13a]
22:19:52.270 [restartedMain] DEBUG o.h.i.f.i.DefaultIdentifierGeneratorFactory - Registering IdentifierGenerator strategy [uuid2] -> [org.hibernate.id.UUIDGenerator]
22:19:52.271 [restartedMain] DEBUG o.h.i.f.i.DefaultIdentifierGeneratorFactory - Registering IdentifierGenerator strategy [guid] -> [org.hibernate.id.GUIDGenerator]
22:19:52.271 [restartedMain] DEBUG o.h.i.f.i.DefaultIdentifierGeneratorFactory - Registering IdentifierGenerator strategy [uuid] -> [org.hibernate.id.UUIDHexGenerator]
22:19:52.271 [restartedMain] DEBUG o.h.i.f.i.DefaultIdentifierGeneratorFactory - Registering IdentifierGenerator strategy [uuid.hex] -> [org.hibernate.id.UUIDHexGenerator]
22:19:52.271 [restartedMain] DEBUG o.h.i.f.i.DefaultIdentifierGeneratorFactory - Registering IdentifierGenerator strategy [assigned] -> [org.hibernate.id.Assigned]
22:19:52.272 [restartedMain] DEBUG o.h.i.f.i.DefaultIdentifierGeneratorFactory - Registering IdentifierGenerator strategy [identity] -> [org.hibernate.id.IdentityGenerator]
22:19:52.272 [restartedMain] DEBUG o.h.i.f.i.DefaultIdentifierGeneratorFactory - Registering IdentifierGenerator strategy [select] -> [org.hibernate.id.SelectGenerator]
22:19:52.273 [restartedMain] DEBUG o.h.i.f.i.DefaultIdentifierGeneratorFactory - Registering IdentifierGenerator strategy [sequence] -> [org.hibernate.id.enhanced.SequenceStyleGenerator]
22:19:52.273 [restartedMain] DEBUG o.h.i.f.i.DefaultIdentifierGeneratorFactory - Registering IdentifierGenerator strategy [seqhilo] -> [org.hibernate.id.SequenceHiLoGenerator]
22:19:52.273 [restartedMain] DEBUG o.h.i.f.i.DefaultIdentifierGeneratorFactory - Registering IdentifierGenerator strategy [increment] -> [org.hibernate.id.IncrementGenerator]
22:19:52.274 [restartedMain] DEBUG o.h.i.f.i.DefaultIdentifierGeneratorFactory - Registering IdentifierGenerator strategy [foreign] -> [org.hibernate.id.ForeignGenerator]
22:19:52.274 [restartedMain] DEBUG o.h.i.f.i.DefaultIdentifierGeneratorFactory - Registering IdentifierGenerator strategy [sequence-identity] -> [org.hibernate.id.SequenceIdentityGenerator]
22:19:52.274 [restartedMain] DEBUG o.h.i.f.i.DefaultIdentifierGeneratorFactory - Registering IdentifierGenerator strategy [enhanced-sequence] -> [org.hibernate.id.enhanced.SequenceStyleGenerator]
22:19:52.274 [restartedMain] DEBUG o.h.i.f.i.DefaultIdentifierGeneratorFactory - Registering IdentifierGenerator strategy [enhanced-table] -> [org.hibernate.id.enhanced.TableGenerator]
22:19:52.277 [restartedMain] DEBUG o.h.e.j.e.i.JdbcEnvironmentInitiator - Database ->
       name : MySQL
    version : 8.0.23
      major : 8
      minor : 0
22:19:52.277 [restartedMain] DEBUG o.h.e.j.e.i.JdbcEnvironmentInitiator - Driver ->
       name : MySQL Connector/J
    version : mysql-connector-java-8.0.23 (Revision: 18bbd5e68195d0da083cbd5bd0d05d76320df7cd)
      major : 8
      minor : 0
22:19:52.277 [restartedMain] DEBUG o.h.e.j.e.i.JdbcEnvironmentInitiator - JDBC version : 4.2
22:19:52.291 [restartedMain] INFO  org.hibernate.dialect.Dialect - HHH000400: Using dialect: org.hibernate.dialect.MySQL8Dialect
22:19:52.299 [restartedMain] DEBUG o.h.e.j.e.s.IdentifierHelperBuilder - JDBC driver metadata reported database stores quoted identifiers in more than one case
22:19:52.314 [restartedMain] DEBUG o.h.e.j.e.s.IdentifierHelperBuilder - IdentifierCaseStrategy for both quoted and unquoted identifiers was set to the same strategy [LOWER]; that will likely lead to problems in schema update and validation if using quoted identifiers
22:19:52.330 [restartedMain] DEBUG o.h.boot.model.relational.Namespace - Created database namespace [logicalName=Name{catalog=null, schema=null}, physicalName=Name{catalog=null, schema=null}]
22:19:52.331 [restartedMain] DEBUG o.h.t.spi.TypeConfiguration$Scope - Scoping TypeConfiguration [org.hibernate.type.spi.TypeConfiguration@2c5a9534] to MetadataBuildingContext [org.hibernate.boot.internal.MetadataBuildingContextRootImpl@3f2b9f67]
22:19:52.357 [restartedMain] DEBUG org.hibernate.cfg.AnnotationBinder - Binding entity from annotated class: com.project.biddingSoft.domain.Bid
22:19:52.366 [restartedMain] DEBUG org.hibernate.cfg.Ejb3Column - Binding column: Ejb3DiscriminatorColumn{logicalColumnName'DTYPE', discriminatorTypeName='string'}
22:19:52.370 [restartedMain] DEBUG o.h.cfg.annotations.EntityBinder - Import with entity name Bid
22:19:52.372 [restartedMain] DEBUG o.h.cfg.annotations.EntityBinder - Bind entity com.project.biddingSoft.domain.Bid on table bid
22:19:52.382 [restartedMain] DEBUG org.hibernate.cfg.Ejb3Column - Binding column: Ejb3Column{table=org.hibernate.mapping.Table(bid), mappingColumn=id, insertable=true, updatable=true, unique=false}
22:19:52.383 [restartedMain] DEBUG o.h.b.i.ClassLoaderAccessImpl - Not known whether passed class name [com.project.biddingSoft.domain.Bid] is safe
22:19:52.383 [restartedMain] DEBUG o.h.b.i.ClassLoaderAccessImpl - No temp ClassLoader provided; using live ClassLoader for loading potentially unsafe class : com.project.biddingSoft.domain.Bid
22:19:52.383 [restartedMain] DEBUG o.h.cfg.annotations.PropertyBinder - MetadataSourceProcessor property id with lazy=false
22:19:52.384 [restartedMain] DEBUG o.h.cfg.AbstractPropertyHolder - Attempting to locate auto-apply AttributeConverter for property [com.project.biddingSoft.domain.Bid:id]
22:19:52.385 [restartedMain] DEBUG o.h.c.annotations.SimpleValueBinder - building SimpleValue for id
22:19:52.386 [restartedMain] DEBUG o.h.cfg.annotations.PropertyBinder - Building property id
22:19:52.387 [restartedMain] DEBUG org.hibernate.cfg.BinderHelper - #makeIdGenerator(org.hibernate.mapping.SimpleValue([org.hibernate.mapping.Column(id)]), id, org.hibernate.id.enhanced.SequenceStyleGenerator, , ...)
22:19:52.388 [restartedMain] DEBUG org.hibernate.cfg.AnnotationBinder - Binding entity from annotated class: com.project.biddingSoft.domain.Lot
22:19:52.388 [restartedMain] DEBUG org.hibernate.cfg.Ejb3Column - Binding column: Ejb3DiscriminatorColumn{logicalColumnName'DTYPE', discriminatorTypeName='string'}
22:19:52.388 [restartedMain] DEBUG o.h.cfg.annotations.EntityBinder - Import with entity name Lot
22:19:52.388 [restartedMain] DEBUG o.h.cfg.annotations.EntityBinder - Bind entity com.project.biddingSoft.domain.Lot on table lot
22:19:52.389 [restartedMain] DEBUG org.hibernate.cfg.Ejb3Column - Binding column: Ejb3Column{table=org.hibernate.mapping.Table(lot), mappingColumn=id, insertable=true, updatable=true, unique=false}
22:19:52.390 [restartedMain] DEBUG o.h.b.i.ClassLoaderAccessImpl - Not known whether passed class name [com.project.biddingSoft.domain.Lot] is safe
22:19:52.390 [restartedMain] DEBUG o.h.b.i.ClassLoaderAccessImpl - No temp ClassLoader provided; using live ClassLoader for loading potentially unsafe class : com.project.biddingSoft.domain.Lot
22:19:52.390 [restartedMain] DEBUG o.h.cfg.annotations.PropertyBinder - MetadataSourceProcessor property id with lazy=false
22:19:52.390 [restartedMain] DEBUG o.h.cfg.AbstractPropertyHolder - Attempting to locate auto-apply AttributeConverter for property [com.project.biddingSoft.domain.Lot:id]
22:19:52.390 [restartedMain] DEBUG o.h.c.annotations.SimpleValueBinder - building SimpleValue for id
22:19:52.390 [restartedMain] DEBUG o.h.cfg.annotations.PropertyBinder - Building property id
22:19:52.390 [restartedMain] DEBUG org.hibernate.cfg.BinderHelper - #makeIdGenerator(org.hibernate.mapping.SimpleValue([org.hibernate.mapping.Column(id)]), id, org.hibernate.id.enhanced.SequenceStyleGenerator, , ...)
22:19:52.390 [restartedMain] DEBUG org.hibernate.cfg.Ejb3Column - Binding column: Ejb3Column{table=org.hibernate.mapping.Table(lot), mappingColumn=description, insertable=true, updatable=true, unique=false}
22:19:52.390 [restartedMain] DEBUG o.h.cfg.annotations.PropertyBinder - MetadataSourceProcessor property description with lazy=false
22:19:52.390 [restartedMain] DEBUG o.h.cfg.AbstractPropertyHolder - Attempting to locate auto-apply AttributeConverter for property [com.project.biddingSoft.domain.Lot:description]
22:19:52.390 [restartedMain] DEBUG o.h.c.annotations.SimpleValueBinder - building SimpleValue for description
22:19:52.390 [restartedMain] DEBUG o.h.cfg.annotations.PropertyBinder - Building property description
22:19:52.390 [restartedMain] DEBUG org.hibernate.cfg.Ejb3Column - Binding column: Ejb3Column{table=org.hibernate.mapping.Table(lot), mappingColumn=username, insertable=true, updatable=true, unique=false}
22:19:52.391 [restartedMain] DEBUG o.h.cfg.annotations.PropertyBinder - MetadataSourceProcessor property username with lazy=false
22:19:52.391 [restartedMain] DEBUG o.h.cfg.AbstractPropertyHolder - Attempting to locate auto-apply AttributeConverter for property [com.project.biddingSoft.domain.Lot:username]
22:19:52.391 [restartedMain] DEBUG o.h.c.annotations.SimpleValueBinder - building SimpleValue for username
22:19:52.391 [restartedMain] DEBUG o.h.cfg.annotations.PropertyBinder - Building property username
22:19:52.391 [restartedMain] DEBUG org.hibernate.cfg.AnnotationBinder - Binding entity from annotated class: com.project.biddingSoft.domain.User
22:19:52.391 [restartedMain] DEBUG org.hibernate.cfg.Ejb3Column - Binding column: Ejb3DiscriminatorColumn{logicalColumnName'DTYPE', discriminatorTypeName='string'}
22:19:52.391 [restartedMain] DEBUG o.h.cfg.annotations.EntityBinder - Import with entity name User
22:19:52.391 [restartedMain] DEBUG o.h.cfg.annotations.EntityBinder - Bind entity com.project.biddingSoft.domain.User on table user
22:19:52.391 [restartedMain] DEBUG org.hibernate.cfg.Ejb3Column - Binding column: Ejb3Column{table=org.hibernate.mapping.Table(user), mappingColumn=id, insertable=true, updatable=true, unique=false}
22:19:52.391 [restartedMain] DEBUG o.h.b.i.ClassLoaderAccessImpl - Not known whether passed class name [com.project.biddingSoft.domain.User] is safe
22:19:52.391 [restartedMain] DEBUG o.h.b.i.ClassLoaderAccessImpl - No temp ClassLoader provided; using live ClassLoader for loading potentially unsafe class : com.project.biddingSoft.domain.User
22:19:52.391 [restartedMain] DEBUG o.h.cfg.annotations.PropertyBinder - MetadataSourceProcessor property id with lazy=false
22:19:52.391 [restartedMain] DEBUG o.h.cfg.AbstractPropertyHolder - Attempting to locate auto-apply AttributeConverter for property [com.project.biddingSoft.domain.User:id]
22:19:52.392 [restartedMain] DEBUG o.h.c.annotations.SimpleValueBinder - building SimpleValue for id
22:19:52.392 [restartedMain] DEBUG o.h.cfg.annotations.PropertyBinder - Building property id
22:19:52.392 [restartedMain] DEBUG org.hibernate.cfg.BinderHelper - #makeIdGenerator(org.hibernate.mapping.SimpleValue([org.hibernate.mapping.Column(id)]), id, org.hibernate.id.enhanced.SequenceStyleGenerator, , ...)
22:19:52.392 [restartedMain] DEBUG org.hibernate.cfg.Ejb3Column - Binding column: Ejb3Column{table=org.hibernate.mapping.Table(user), mappingColumn=username, insertable=true, updatable=true, unique=false}
22:19:52.392 [restartedMain] DEBUG o.h.cfg.annotations.PropertyBinder - MetadataSourceProcessor property username with lazy=false
22:19:52.392 [restartedMain] DEBUG o.h.cfg.AbstractPropertyHolder - Attempting to locate auto-apply AttributeConverter for property [com.project.biddingSoft.domain.User:username]
22:19:52.392 [restartedMain] DEBUG o.h.c.annotations.SimpleValueBinder - building SimpleValue for username
22:19:52.392 [restartedMain] DEBUG o.h.cfg.annotations.PropertyBinder - Building property username
22:19:52.393 [restartedMain] DEBUG o.h.c.annotations.SimpleValueBinder - Starting fillSimpleValue for id
22:19:52.393 [restartedMain] DEBUG o.h.c.annotations.SimpleValueBinder - Starting fillSimpleValue for id
22:19:52.393 [restartedMain] DEBUG o.h.c.annotations.SimpleValueBinder - Starting fillSimpleValue for description
22:19:52.393 [restartedMain] DEBUG o.h.c.annotations.SimpleValueBinder - Starting fillSimpleValue for username
22:19:52.393 [restartedMain] DEBUG o.h.c.annotations.SimpleValueBinder - Starting fillSimpleValue for id
22:19:52.393 [restartedMain] DEBUG o.h.c.annotations.SimpleValueBinder - Starting fillSimpleValue for username
22:19:52.394 [restartedMain] DEBUG org.hibernate.mapping.PrimaryKey - Forcing column [id] to be non-null as it is part of the primary key for table [bid]
22:19:52.394 [restartedMain] DEBUG org.hibernate.mapping.PrimaryKey - Forcing column [id] to be non-null as it is part of the primary key for table [lot]
22:19:52.394 [restartedMain] DEBUG org.hibernate.mapping.PrimaryKey - Forcing column [id] to be non-null as it is part of the primary key for table [user]
22:19:52.417 [restartedMain] DEBUG o.h.internal.SessionFactoryImpl - Building session factory
22:19:52.418 [restartedMain] DEBUG org.hibernate.cfg.Settings - SessionFactory name : null
22:19:52.418 [restartedMain] DEBUG org.hibernate.cfg.Settings - Automatic flush during beforeCompletion(): enabled
22:19:52.418 [restartedMain] DEBUG org.hibernate.cfg.Settings - Automatic session close at end of transaction: disabled
22:19:52.418 [restartedMain] DEBUG org.hibernate.cfg.Settings - Statistics: disabled
22:19:52.418 [restartedMain] DEBUG org.hibernate.cfg.Settings - Deleted entity synthetic identifier rollback: disabled
22:19:52.418 [restartedMain] DEBUG org.hibernate.cfg.Settings - Default entity-mode: pojo
22:19:52.418 [restartedMain] DEBUG org.hibernate.cfg.Settings - Check Nullability in Core (should be disabled when Bean Validation is on): enabled
22:19:52.418 [restartedMain] DEBUG org.hibernate.cfg.Settings - Allow initialization of lazy state outside session : disabled
22:19:52.418 [restartedMain] DEBUG org.hibernate.cfg.Settings - Using BatchFetchStyle : LEGACY
22:19:52.418 [restartedMain] DEBUG org.hibernate.cfg.Settings - Default batch fetch size: -1
22:19:52.418 [restartedMain] DEBUG org.hibernate.cfg.Settings - Maximum outer join fetch depth: 2
22:19:52.418 [restartedMain] DEBUG org.hibernate.cfg.Settings - Default null ordering: NONE
22:19:52.418 [restartedMain] DEBUG org.hibernate.cfg.Settings - Order SQL updates by primary key: disabled
22:19:52.418 [restartedMain] DEBUG org.hibernate.cfg.Settings - Order SQL inserts for batching: disabled
22:19:52.418 [restartedMain] DEBUG org.hibernate.cfg.Settings - multi-tenancy strategy : NONE
22:19:52.418 [restartedMain] DEBUG org.hibernate.cfg.Settings - JTA Track by Thread: enabled
22:19:52.418 [restartedMain] DEBUG org.hibernate.cfg.Settings - Query language substitutions: {}
22:19:52.419 [restartedMain] DEBUG org.hibernate.cfg.Settings - Named query checking : enabled
22:19:52.419 [restartedMain] DEBUG org.hibernate.cfg.Settings - Second-level cache: disabled
22:19:52.419 [restartedMain] DEBUG org.hibernate.cfg.Settings - Second-level query cache: disabled
22:19:52.419 [restartedMain] DEBUG org.hibernate.cfg.Settings - Second-level query cache factory: null
22:19:52.419 [restartedMain] DEBUG org.hibernate.cfg.Settings - Second-level cache region prefix: null
22:19:52.419 [restartedMain] DEBUG org.hibernate.cfg.Settings - Optimize second-level cache for minimal puts: disabled
22:19:52.419 [restartedMain] DEBUG org.hibernate.cfg.Settings - Structured second-level cache entries: disabled
22:19:52.419 [restartedMain] DEBUG org.hibernate.cfg.Settings - Second-level cache direct-reference entries: disabled
22:19:52.419 [restartedMain] DEBUG org.hibernate.cfg.Settings - Automatic eviction of collection cache: disabled
22:19:52.419 [restartedMain] DEBUG org.hibernate.cfg.Settings - JDBC batch size: 15
22:19:52.419 [restartedMain] DEBUG org.hibernate.cfg.Settings - JDBC batch updates for versioned data: enabled
22:19:52.419 [restartedMain] DEBUG org.hibernate.cfg.Settings - Scrollable result sets: enabled
22:19:52.419 [restartedMain] DEBUG org.hibernate.cfg.Settings - Wrap result sets: disabled
22:19:52.419 [restartedMain] DEBUG org.hibernate.cfg.Settings - JDBC3 getGeneratedKeys(): enabled
22:19:52.419 [restartedMain] DEBUG org.hibernate.cfg.Settings - JDBC result set fetch size: null
22:19:52.419 [restartedMain] DEBUG org.hibernate.cfg.Settings - Connection release mode: ON_CLOSE
22:19:52.419 [restartedMain] DEBUG org.hibernate.cfg.Settings - Generate SQL with comments: disabled
22:19:52.419 [restartedMain] DEBUG org.hibernate.cfg.Settings - JPA compliance - query : disabled
22:19:52.419 [restartedMain] DEBUG org.hibernate.cfg.Settings - JPA compliance - closed-handling : disabled
22:19:52.419 [restartedMain] DEBUG org.hibernate.cfg.Settings - JPA compliance - lists : disabled
22:19:52.419 [restartedMain] DEBUG org.hibernate.cfg.Settings - JPA compliance - transactions : disabled
22:19:52.452 [restartedMain] DEBUG o.h.internal.SessionFactoryImpl - Session factory constructed with filter configurations : {}
22:19:52.452 [restartedMain] DEBUG o.h.internal.SessionFactoryImpl - Instantiating session factory with properties: {hibernate.id.new_generator_mappings=true, java.specification.version=15, sun.cpu.isalist=amd64, hibernate.resource.beans.container=org.springframework.orm.hibernate5.SpringBeanContainer@7d8980cb, hibernate.connection.handling_mode=DELAYED_ACQUISITION_AND_HOLD, sun.jnu.encoding=Cp1252, hibernate.implicit_naming_strategy=org.springframework.boot.orm.jpa.hibernate.SpringImplicitNamingStrategy, java.class.path=C:\Users\nuche\Documents\StuProj\java\biddingSoft\target\classes;C:\Users\nuche\.m2\repository\org\springframework\boot\spring-boot-starter-data-jpa\2.4.3\spring-boot-starter-data-jpa-2.4.3.jar;C:\Users\nuche\.m2\repository\org\springframework\boot\spring-boot-starter-aop\2.4.3\spring-boot-starter-aop-2.4.3.jar;C:\Users\nuche\.m2\repository\org\aspectj\aspectjweaver\1.9.6\aspectjweaver-1.9.6.jar;C:\Users\nuche\.m2\repository\org\springframework\boot\spring-boot-starter-jdbc\2.4.3\spring-boot-starter-jdbc-2.4.3.jar;C:\Users\nuche\.m2\repository\com\zaxxer\HikariCP\3.4.5\HikariCP-3.4.5.jar;C:\Users\nuche\.m2\repository\org\springframework\spring-jdbc\5.3.4\spring-jdbc-5.3.4.jar;C:\Users\nuche\.m2\repository\jakarta\transaction\jakarta.transaction-api\1.3.3\jakarta.transaction-api-1.3.3.jar;C:\Users\nuche\.m2\repository\jakarta\persistence\jakarta.persistence-api\2.2.3\jakarta.persistence-api-2.2.3.jar;C:\Users\nuche\.m2\repository\org\hibernate\hibernate-core\5.4.28.Final\hibernate-core-5.4.28.Final.jar;C:\Users\nuche\.m2\repository\org\jboss\logging\jboss-logging\3.4.1.Final\jboss-logging-3.4.1.Final.jar;C:\Users\nuche\.m2\repository\net\bytebuddy\byte-buddy\1.10.20\byte-buddy-1.10.20.jar;C:\Users\nuche\.m2\repository\antlr\antlr\2.7.7\antlr-2.7.7.jar;C:\Users\nuche\.m2\repository\org\jboss\jandex\2.2.3.Final\jandex-2.2.3.Final.jar;C:\Users\nuche\.m2\repository\com\fasterxml\classmate\1.5.1\classmate-1.5.1.jar;C:\Users\nuche\.m2\repository\org\dom4j\dom4j\2.1.3\dom4j-2.1.3.jar;C:\Users\nuche\.m2\repository\org\hibernate\common\hibernate-commons-annotations\5.1.2.Final\hibernate-commons-annotations-5.1.2.Final.jar;C:\Users\nuche\.m2\repository\org\glassfish\jaxb\jaxb-runtime\2.3.3\jaxb-runtime-2.3.3.jar;C:\Users\nuche\.m2\repository\org\glassfish\jaxb\txw2\2.3.3\txw2-2.3.3.jar;C:\Users\nuche\.m2\repository\com\sun\istack\istack-commons-runtime\3.0.11\istack-commons-runtime-3.0.11.jar;C:\Users\nuche\.m2\repository\org\springframework\spring-aspects\5.3.4\spring-aspects-5.3.4.jar;C:\Users\nuche\.m2\repository\org\springframework\boot\spring-boot-starter-mail\2.4.3\spring-boot-starter-mail-2.4.3.jar;C:\Users\nuche\.m2\repository\org\springframework\boot\spring-boot-starter\2.4.3\spring-boot-starter-2.4.3.jar;C:\Users\nuche\.m2\repository\org\springframework\boot\spring-boot-starter-logging\2.4.3\spring-boot-starter-logging-2.4.3.jar;C:\Users\nuche\.m2\repository\ch\qos\logback\logback-classic\1.2.3\logback-classic-1.2.3.jar;C:\Users\nuche\.m2\repository\ch\qos\logback\logback-core\1.2.3\logback-core-1.2.3.jar;C:\Users\nuche\.m2\repository\org\apache\logging\log4j\log4j-to-slf4j\2.13.3\log4j-to-slf4j-2.13.3.jar;C:\Users\nuche\.m2\repository\org\apache\logging\log4j\log4j-api\2.13.3\log4j-api-2.13.3.jar;C:\Users\nuche\.m2\repository\org\slf4j\jul-to-slf4j\1.7.30\jul-to-slf4j-1.7.30.jar;C:\Users\nuche\.m2\repository\org\yaml\snakeyaml\1.27\snakeyaml-1.27.jar;C:\Users\nuche\.m2\repository\org\springframework\spring-context-support\5.3.4\spring-context-support-5.3.4.jar;C:\Users\nuche\.m2\repository\com\sun\mail\jakarta.mail\1.6.5\jakarta.mail-1.6.5.jar;C:\Users\nuche\.m2\repository\com\sun\activation\jakarta.activation\1.2.2\jakarta.activation-1.2.2.jar;C:\Users\nuche\.m2\repository\org\springframework\boot\spring-boot-starter-security\2.4.3\spring-boot-starter-security-2.4.3.jar;C:\Users\nuche\.m2\repository\org\springframework\spring-aop\5.3.4\spring-aop-5.3.4.jar;C:\Users\nuche\.m2\repository\org\springframework\security\spring-security-config\5.4.5\spring-security-config-5.4.5.jar;C:\Users\nuche\.m2\repository\org\springframework\security\spring-security-web\5.4.5\spring-security-web-5.4.5.jar;C:\Users\nuche\.m2\repository\org\springframework\spring-expression\5.3.4\spring-expression-5.3.4.jar;C:\Users\nuche\.m2\repository\org\springframework\boot\spring-boot-starter-web\2.4.3\spring-boot-starter-web-2.4.3.jar;C:\Users\nuche\.m2\repository\org\springframework\boot\spring-boot-starter-json\2.4.3\spring-boot-starter-json-2.4.3.jar;C:\Users\nuche\.m2\repository\com\fasterxml\jackson\core\jackson-databind\2.11.4\jackson-databind-2.11.4.jar;C:\Users\nuche\.m2\repository\com\fasterxml\jackson\core\jackson-core\2.11.4\jackson-core-2.11.4.jar;C:\Users\nuche\.m2\repository\com\fasterxml\jackson\datatype\jackson-datatype-jdk8\2.11.4\jackson-datatype-jdk8-2.11.4.jar;C:\Users\nuche\.m2\repository\com\fasterxml\jackson\datatype\jackson-datatype-jsr310\2.11.4\jackson-datatype-jsr310-2.11.4.jar;C:\Users\nuche\.m2\repository\com\fasterxml\jackson\module\jackson-module-parameter-names\2.11.4\jackson-module-parameter-names-2.11.4.jar;C:\Users\nuche\.m2\repository\org\springframework\spring-web\5.3.4\spring-web-5.3.4.jar;C:\Users\nuche\.m2\repository\org\springframework\spring-webmvc\5.3.4\spring-webmvc-5.3.4.jar;C:\Users\nuche\.m2\repository\com\h2database\h2\1.4.200\h2-1.4.200.jar;C:\Users\nuche\.m2\repository\org\springframework\boot\spring-boot-starter-tomcat\2.4.3\spring-boot-starter-tomcat-2.4.3.jar;C:\Users\nuche\.m2\repository\jakarta\annotation\jakarta.annotation-api\1.3.5\jakarta.annotation-api-1.3.5.jar;C:\Users\nuche\.m2\repository\org\apache\tomcat\embed\tomcat-embed-core\9.0.43\tomcat-embed-core-9.0.43.jar;C:\Users\nuche\.m2\repository\org\glassfish\jakarta.el\3.0.3\jakarta.el-3.0.3.jar;C:\Users\nuche\.m2\repository\org\apache\tomcat\embed\tomcat-embed-websocket\9.0.43\tomcat-embed-websocket-9.0.43.jar;C:\Users\nuche\.m2\repository\com\jayway\jsonpath\json-path\2.4.0\json-path-2.4.0.jar;C:\Users\nuche\.m2\repository\net\minidev\json-smart\2.3\json-smart-2.3.jar;C:\Users\nuche\.m2\repository\net\minidev\accessors-smart\1.2\accessors-smart-1.2.jar;C:\Users\nuche\.m2\repository\org\ow2\asm\asm\5.0.4\asm-5.0.4.jar;C:\Users\nuche\.m2\repository\jakarta\xml\bind\jakarta.xml.bind-api\2.3.3\jakarta.xml.bind-api-2.3.3.jar;C:\Users\nuche\.m2\repository\jakarta\activation\jakarta.activation-api\1.2.2\jakarta.activation-api-1.2.2.jar;C:\Users\nuche\.m2\repository\org\springframework\spring-core\5.3.4\spring-core-5.3.4.jar;C:\Users\nuche\.m2\repository\org\springframework\spring-jcl\5.3.4\spring-jcl-5.3.4.jar;C:\Users\nuche\.m2\repository\org\springframework\security\spring-security-core\5.4.5\spring-security-core-5.4.5.jar;C:\Users\nuche\.m2\repository\org\springframework\boot\spring-boot-starter-thymeleaf\2.4.3\spring-boot-starter-thymeleaf-2.4.3.jar;C:\Users\nuche\.m2\repository\org\thymeleaf\thymeleaf-spring5\3.0.12.RELEASE\thymeleaf-spring5-3.0.12.RELEASE.jar;C:\Users\nuche\.m2\repository\org\thymeleaf\thymeleaf\3.0.12.RELEASE\thymeleaf-3.0.12.RELEASE.jar;C:\Users\nuche\.m2\repository\org\attoparser\attoparser\2.0.5.RELEASE\attoparser-2.0.5.RELEASE.jar;C:\Users\nuche\.m2\repository\org\unbescape\unbescape\1.1.6.RELEASE\unbescape-1.1.6.RELEASE.jar;C:\Users\nuche\.m2\repository\org\thymeleaf\extras\thymeleaf-extras-java8time\3.0.4.RELEASE\thymeleaf-extras-java8time-3.0.4.RELEASE.jar;C:\Users\nuche\.m2\repository\mysql\mysql-connector-java\8.0.23\mysql-connector-java-8.0.23.jar;C:\Users\nuche\.m2\repository\javax\persistence\javax.persistence-api\2.2\javax.persistence-api-2.2.jar;C:\Users\nuche\.m2\repository\org\springframework\data\spring-data-commons\2.4.5\spring-data-commons-2.4.5.jar;C:\Users\nuche\.m2\repository\org\springframework\spring-beans\5.3.4\spring-beans-5.3.4.jar;C:\Users\nuche\.m2\repository\org\slf4j\slf4j-api\1.7.30\slf4j-api-1.7.30.jar;C:\Users\nuche\.m2\repository\org\springframework\boot\spring-boot-actuator\2.4.3\spring-boot-actuator-2.4.3.jar;C:\Users\nuche\.m2\repository\org\springframework\boot\spring-boot\2.4.3\spring-boot-2.4.3.jar;C:\Users\nuche\.m2\repository\org\springframework\boot\spring-boot-devtools\2.4.3\spring-boot-devtools-2.4.3.jar;C:\Users\nuche\.m2\repository\org\springframework\boot\spring-boot-autoconfigure\2.4.3\spring-boot-autoconfigure-2.4.3.jar;C:\Users\nuche\.m2\repository\org\springframework\boot\spring-boot-starter-data-rest\2.4.3\spring-boot-starter-data-rest-2.4.3.jar;C:\Users\nuche\.m2\repository\org\springframework\data\spring-data-rest-webmvc\3.4.5\spring-data-rest-webmvc-3.4.5.jar;C:\Users\nuche\.m2\repository\org\springframework\data\spring-data-rest-core\3.4.5\spring-data-rest-core-3.4.5.jar;C:\Users\nuche\.m2\repository\org\springframework\hateoas\spring-hateoas\1.2.4\spring-hateoas-1.2.4.jar;C:\Users\nuche\.m2\repository\org\springframework\plugin\spring-plugin-core\2.0.0.RELEASE\spring-plugin-core-2.0.0.RELEASE.jar;C:\Users\nuche\.m2\repository\org\atteo\evo-inflector\1.2.2\evo-inflector-1.2.2.jar;C:\Users\nuche\.m2\repository\com\fasterxml\jackson\core\jackson-annotations\2.11.4\jackson-annotations-2.11.4.jar;C:\Users\nuche\.m2\repository\org\springframework\data\spring-data-jpa\2.4.5\spring-data-jpa-2.4.5.jar;C:\Users\nuche\.m2\repository\org\springframework\spring-orm\5.3.4\spring-orm-5.3.4.jar;C:\Users\nuche\.m2\repository\org\springframework\spring-context\5.3.4\spring-context-5.3.4.jar;C:\Users\nuche\.m2\repository\org\springframework\spring-tx\5.3.4\spring-tx-5.3.4.jar;C:\Users\nuche\.m2\repository\org\aspectj\aspectjrt\1.9.6\aspectjrt-1.9.6.jar;C:\Users\nuche\.m2\repository\org\reflections\reflections\0.9.12\reflections-0.9.12.jar;C:\Users\nuche\.m2\repository\org\javassist\javassist\3.26.0-GA\javassist-3.26.0-GA.jar, com.sun.management.jmxremote.authenticate=false, java.vm.vendor=Oracle Corporation, sun.arch.data.model=64, user.variant=, java.vendor.url=https://java.oracle.com/, catalina.useNaming=false, user.timezone=Europe/London, java.vm.specification.version=15, os.name=Windows 10, javax.persistence.validation.mode=AUTO, sun.java.launcher=SUN_STANDARD, user.country=US, sun.boot.library.path=C:\Program Files\Java\jdk-15.0.2\bin, com.sun.management.jmxremote.ssl=false, sun.java.command=com.project.biddingSoft.BiddingSoftwareApplication --spring.output.ansi.enabled=always, spring.application.admin.enabled=true, javax.persistence.nonJtaDataSource=HikariDataSource (HikariPool-1), hibernate.transaction.jta.platform=org.hibernate.engine.transaction.jta.platform.internal.NoJtaPlatform@76f83542, com.sun.management.jmxremote=, javax.persistence.sharedCache.mode=UNSPECIFIED, jdk.debug=release, sun.cpu.endian=little, spring.boot.project.name=biddingSoft, user.home=C:\Users\nuche, user.language=en, java.specification.vendor=Oracle Corporation, java.version.date=2021-01-19, java.home=C:\Program Files\Java\jdk-15.0.2, file.separator=\, java.vm.compressedOopsMode=Zero based, line.separator=
, java.vm.specification.vendor=Oracle Corporation, java.specification.name=Java Platform API Specification, FILE_LOG_CHARSET=UTF-8, hibernate.transaction.coordinator_class=class org.hibernate.resource.transaction.backend.jdbc.internal.JdbcResourceLocalTransactionCoordinatorBuilderImpl, java.awt.headless=true, hibernate.hbm2ddl.auto=update, user.script=, sun.management.compiler=HotSpot 64-Bit Tiered Compilers, java.runtime.version=15.0.2+7-27, user.name=nuche, spring.jmx.enabled=true, path.separator=;, os.version=10.0, java.runtime.name=Java(TM) SE Runtime Environment, file.encoding=UTF-8, hibernate.ejb.persistenceUnitName=default, spring.beaninfo.ignore=true, java.vm.name=Java HotSpot(TM) 64-Bit Server VM, java.vendor.url.bug=https://bugreport.java.com/bugreport/, java.io.tmpdir=C:\Users\nuche\AppData\Local\Temp\, com.zaxxer.hikari.pool_number=1, catalina.home=C:\Users\nuche\AppData\Local\Temp\tomcat.8080.692391933354323824, com.sun.management.jmxremote.port=6972, java.version=15.0.2, hibernate.physical_naming_strategy=org.springframework.boot.orm.jpa.hibernate.SpringPhysicalNamingStrategy, user.dir=C:\Users\nuche\Documents\StuProj\java\biddingSoft, os.arch=amd64, java.vm.specification.name=Java Virtual Machine Specification, PID=4832, sun.os.patch.level=, CONSOLE_LOG_CHARSET=UTF-8, catalina.base=C:\Users\nuche\AppData\Local\Temp\tomcat.8080.692391933354323824, hibernate.boot.CfgXmlAccessService.key=org.hibernate.boot.registry.StandardServiceRegistryBuilder$1@318374cf, java.library.path=C:\Program Files\Java\jdk-15.0.2\bin;C:\Windows\Sun\Java\bin;C:\Windows\system32;C:\Windows;C:\Program Files (x86)\Common Files\Oracle\Java\javapath;C:\Program Files\Common Files\Oracle\Java\javapath;C:\Python38\Scripts\;C:\Python38\;C:\Windows\system32;C:\Windows;C:\Windows\System32\Wbem;C:\Windows\System32\WindowsPowerShell\v1.0\;C:\Windows\System32\OpenSSH\;C:\Program Files\Git\cmd;C:\Program Files\Microsoft SQL Server\130\Tools\Binn\;C:\Program Files\nodejs\;C:\ProgramData\chocolatey\bin;C:\Program Files\swipl\bin;C:\Program Files\JetBrains\GoLand 2020.1.2\bin;C:\Go\bin;C:\TDM-GCC-64\bin;C:\Program Files (x86)\sbt\bin;C:\Users\nuche\sdk;C:\Program Files\dotnet\;C:\Program Files\dotnet\sdk\5.0.100;C:\Program Files\Microsoft SQL Server\Client SDK\ODBC\170\Tools\Binn\;%M2%;C:\Program Files\spring-2.4.3\bin;C:\Program Files\MySQL\MySQL Shell 8.0\bin\;C:\Users\nuche\AppData\Local\Microsoft\WindowsApps;C:\Program Files\JetBrains\WebStorm 2019.3.3\bin;C:\Users\nuche\AppData\Roaming\npm;C:\Users\nuche\.dotnet\tools;C:\Program Files\JetBrains\IntelliJ IDEA 2020.1.1\bin;C:\Program Files\JetBrains\GoLand 2020.1.2\bin;C:\Users\nuche\go\bin;C:\Users\nuche\AppData\Local\GitHubDesktop\bin;C:\Users\nuche\AppData\Roaming\Dashlane\6.2026.0.36165\bin\Firefox_Extension\{442718d9-475e-452a-b3e1-fb1ee16b8e9f}\components;C:\Users\nuche\AppData\Roaming\Dashlane\6.2026.0.36165\ucrt;C:\Users\nuche\AppData\Roaming\Dashlane\6.2026.0.36165\bin\Qt;C:\Users\nuche\AppData\Roaming\Dashlane\6.2026.0.36165\ucrt;C:\Users\nuche\AppData\Roaming\Dashlane\6.2026.0.36165\bin\Ssl;C:\Users\nuche\AppData\Local\atom\bin;C:\MinGW\bin;C:\Users\nuche\.dotnet\tools;C:\Program Files\dotnet\sdk\5.0.100;C:\Program Files\Java\jdk-15.0.2\bin;C:\Program Files\apache-maven-3.6.3\bin;C:\Program Files\spring-2.4.3\bin;C:\Program Files (x86)\Nmap;., java.vendor=Oracle Corporation, java.vm.info=mixed mode, sharing, java.vm.version=15.0.2+7-27, hibernate.bytecode.use_reflection_optimizer=false, java.rmi.server.randomIDs=true, java.rmi.server.hostname=localhost, sun.io.unicode.encoding=UnicodeLittle, hibernate.archive.scanner=org.hibernate.boot.archive.scan.internal.DisabledScanner, hibernate.connection.datasource=HikariDataSource (HikariPool-1), java.class.version=59.0}
22:19:52.459 [restartedMain] DEBUG o.h.secure.spi.JaccIntegrator - Skipping JACC integration as it was not enabled
22:19:52.459 [restartedMain] DEBUG o.h.internal.SessionFactoryImpl - Instantiated session factory
22:19:52.459 [restartedMain] DEBUG o.h.t.spi.TypeConfiguration$Scope - Scoping TypeConfiguration [org.hibernate.type.spi.TypeConfiguration@2c5a9534] to SessionFactoryImpl [org.hibernate.internal.SessionFactoryImpl@65fc7cd1]
22:19:52.493 [restartedMain] DEBUG o.h.b.i.ClassLoaderAccessImpl - Not known whether passed class name [com.project.biddingSoft.domain.Bid] is safe
22:19:52.493 [restartedMain] DEBUG o.h.b.i.ClassLoaderAccessImpl - No temp ClassLoader provided; using live ClassLoader for loading potentially unsafe class : com.project.biddingSoft.domain.Bid
22:19:52.617 [restartedMain] DEBUG o.h.b.i.ClassLoaderAccessImpl - Not known whether passed class name [com.project.biddingSoft.domain.User] is safe
22:19:52.617 [restartedMain] DEBUG o.h.b.i.ClassLoaderAccessImpl - No temp ClassLoader provided; using live ClassLoader for loading potentially unsafe class : com.project.biddingSoft.domain.User
22:19:52.628 [restartedMain] DEBUG o.h.b.i.ClassLoaderAccessImpl - Not known whether passed class name [com.project.biddingSoft.domain.Lot] is safe
22:19:52.628 [restartedMain] DEBUG o.h.b.i.ClassLoaderAccessImpl - No temp ClassLoader provided; using live ClassLoader for loading potentially unsafe class : com.project.biddingSoft.domain.Lot
22:19:52.640 [restartedMain] DEBUG o.h.p.e.AbstractEntityPersister - Static SQL for entity: com.project.biddingSoft.domain.Bid
22:19:52.640 [restartedMain] DEBUG o.h.p.e.AbstractEntityPersister -  Version select: select id from bid where id =?
22:19:52.640 [restartedMain] DEBUG o.h.p.e.AbstractEntityPersister -  Snapshot select: select bid_.id from bid bid_ where bid_.id=?
22:19:52.640 [restartedMain] DEBUG o.h.p.e.AbstractEntityPersister -  Insert 0: insert into bid (id) values (?)
22:19:52.640 [restartedMain] DEBUG o.h.p.e.AbstractEntityPersister -  Update 0: null
22:19:52.640 [restartedMain] DEBUG o.h.p.e.AbstractEntityPersister -  Delete 0: delete from bid where id=?
22:19:52.657 [restartedMain] DEBUG o.h.l.p.b.i.spaces.QuerySpacesImpl - Adding QuerySpace : uid = <gen:0> -> org.hibernate.loader.plan.build.internal.spaces.EntityQuerySpaceImpl@4922f21]
22:19:52.658 [restartedMain] DEBUG o.h.l.p.b.i.FetchStyleLoadPlanBuildingAssociationVisitationStrategy - Building LoadPlan...
22:19:52.663 [restartedMain] DEBUG o.h.l.p.e.i.LoadQueryJoinAndFetchProcessor - processing queryspace <gen:0>
22:19:52.665 [restartedMain] DEBUG o.h.l.p.b.spi.LoadPlanTreePrinter - LoadPlan(entity=com.project.biddingSoft.domain.Bid)
    - Returns
       - EntityReturnImpl(entity=com.project.biddingSoft.domain.Bid, querySpaceUid=<gen:0>, path=com.project.biddingSoft.domain.Bid)
    - QuerySpaces
       - EntityQuerySpaceImpl(uid=<gen:0>, entity=com.project.biddingSoft.domain.Bid)
          - SQL table alias mapping - bid0_
          - alias suffix - 0_
          - suffixed key columns - {id1_0_0_}

22:19:52.667 [restartedMain] DEBUG o.h.loader.entity.plan.EntityLoader - Static select for entity com.project.biddingSoft.domain.Bid [NONE]: select bid0_.id as id1_0_0_ from bid bid0_ where bid0_.id=?
22:19:52.667 [restartedMain] DEBUG o.h.p.e.AbstractEntityPersister - Static SQL for entity: com.project.biddingSoft.domain.User
22:19:52.667 [restartedMain] DEBUG o.h.p.e.AbstractEntityPersister -  Version select: select id from user where id =?
22:19:52.667 [restartedMain] DEBUG o.h.p.e.AbstractEntityPersister -  Snapshot select: select user_.id, user_.username as username2_2_ from user user_ where user_.id=?
22:19:52.667 [restartedMain] DEBUG o.h.p.e.AbstractEntityPersister -  Insert 0: insert into user (username, id) values (?, ?)
22:19:52.667 [restartedMain] DEBUG o.h.p.e.AbstractEntityPersister -  Update 0: update user set username=? where id=?
22:19:52.667 [restartedMain] DEBUG o.h.p.e.AbstractEntityPersister -  Delete 0: delete from user where id=?
22:19:52.667 [restartedMain] DEBUG o.h.l.p.b.i.spaces.QuerySpacesImpl - Adding QuerySpace : uid = <gen:0> -> org.hibernate.loader.plan.build.internal.spaces.EntityQuerySpaceImpl@c269f90]
22:19:52.667 [restartedMain] DEBUG o.h.p.w.spi.MetamodelGraphWalker - Visiting attribute path : username
22:19:52.667 [restartedMain] DEBUG o.h.l.p.b.i.FetchStyleLoadPlanBuildingAssociationVisitationStrategy - Building LoadPlan...
22:19:52.667 [restartedMain] DEBUG o.h.l.p.e.i.LoadQueryJoinAndFetchProcessor - processing queryspace <gen:0>
22:19:52.667 [restartedMain] DEBUG o.h.l.p.b.spi.LoadPlanTreePrinter - LoadPlan(entity=com.project.biddingSoft.domain.User)
    - Returns
       - EntityReturnImpl(entity=com.project.biddingSoft.domain.User, querySpaceUid=<gen:0>, path=com.project.biddingSoft.domain.User)
    - QuerySpaces
       - EntityQuerySpaceImpl(uid=<gen:0>, entity=com.project.biddingSoft.domain.User)
          - SQL table alias mapping - user0_
          - alias suffix - 0_
          - suffixed key columns - {id1_2_0_}

22:19:52.667 [restartedMain] DEBUG o.h.loader.entity.plan.EntityLoader - Static select for entity com.project.biddingSoft.domain.User [NONE]: select user0_.id as id1_2_0_, user0_.username as username2_2_0_ from user user0_ where user0_.id=?
22:19:52.667 [restartedMain] DEBUG o.h.p.e.AbstractEntityPersister - Static SQL for entity: com.project.biddingSoft.domain.Lot
22:19:52.668 [restartedMain] DEBUG o.h.p.e.AbstractEntityPersister -  Version select: select id from lot where id =?
22:19:52.668 [restartedMain] DEBUG o.h.p.e.AbstractEntityPersister -  Snapshot select: select lot_.id, lot_.description as descript2_1_, lot_.username as username3_1_ from lot lot_ where lot_.id=?
22:19:52.668 [restartedMain] DEBUG o.h.p.e.AbstractEntityPersister -  Insert 0: insert into lot (description, username, id) values (?, ?, ?)
22:19:52.668 [restartedMain] DEBUG o.h.p.e.AbstractEntityPersister -  Update 0: update lot set description=?, username=? where id=?
22:19:52.668 [restartedMain] DEBUG o.h.p.e.AbstractEntityPersister -  Delete 0: delete from lot where id=?
22:19:52.668 [restartedMain] DEBUG o.h.l.p.b.i.spaces.QuerySpacesImpl - Adding QuerySpace : uid = <gen:0> -> org.hibernate.loader.plan.build.internal.spaces.EntityQuerySpaceImpl@5d15669f]
22:19:52.668 [restartedMain] DEBUG o.h.p.w.spi.MetamodelGraphWalker - Visiting attribute path : description
22:19:52.668 [restartedMain] DEBUG o.h.p.w.spi.MetamodelGraphWalker - Visiting attribute path : username
22:19:52.668 [restartedMain] DEBUG o.h.l.p.b.i.FetchStyleLoadPlanBuildingAssociationVisitationStrategy - Building LoadPlan...
22:19:52.668 [restartedMain] DEBUG o.h.l.p.e.i.LoadQueryJoinAndFetchProcessor - processing queryspace <gen:0>
22:19:52.668 [restartedMain] DEBUG o.h.l.p.b.spi.LoadPlanTreePrinter - LoadPlan(entity=com.project.biddingSoft.domain.Lot)
    - Returns
       - EntityReturnImpl(entity=com.project.biddingSoft.domain.Lot, querySpaceUid=<gen:0>, path=com.project.biddingSoft.domain.Lot)
    - QuerySpaces
       - EntityQuerySpaceImpl(uid=<gen:0>, entity=com.project.biddingSoft.domain.Lot)
          - SQL table alias mapping - lot0_
          - alias suffix - 0_
          - suffixed key columns - {id1_1_0_}

22:19:52.668 [restartedMain] DEBUG o.h.loader.entity.plan.EntityLoader - Static select for entity com.project.biddingSoft.domain.Lot [NONE]: select lot0_.id as id1_1_0_, lot0_.description as descript2_1_0_, lot0_.username as username3_1_0_ from lot lot0_ where lot0_.id=?
22:19:52.703 [restartedMain] DEBUG org.hibernate.mapping.Table - No alter strings for table : bid
22:19:52.703 [restartedMain] DEBUG org.hibernate.mapping.Table - No alter strings for table : hibernate_sequence
22:19:52.703 [restartedMain] DEBUG org.hibernate.mapping.Table - No alter strings for table : lot
22:19:52.703 [restartedMain] DEBUG org.hibernate.mapping.Table - No alter strings for table : user
22:19:52.704 [restartedMain] INFO  o.h.e.t.j.p.i.JtaPlatformInitiator - HHH000490: Using JtaPlatform implementation: [org.hibernate.engine.transaction.jta.platform.internal.NoJtaPlatform]
22:19:52.704 [restartedMain] DEBUG o.h.query.spi.NamedQueryRepository - Checking 0 named HQL queries
22:19:52.704 [restartedMain] DEBUG o.h.query.spi.NamedQueryRepository - Checking 0 named SQL queries
22:19:52.709 [restartedMain] DEBUG o.h.internal.SessionFactoryRegistry - Initializing SessionFactoryRegistry : org.hibernate.internal.SessionFactoryRegistry@2293fa33
22:19:52.709 [restartedMain] DEBUG o.h.internal.SessionFactoryRegistry - Registering SessionFactory: ea11c98c-246c-42ea-ad8f-fa1a69097673 (<unnamed>)
22:19:52.709 [restartedMain] DEBUG o.h.internal.SessionFactoryRegistry - Not binding SessionFactory to JNDI, no JNDI name configured
22:19:52.709 [restartedMain] INFO  o.s.o.j.LocalContainerEntityManagerFactoryBean - Initialized JPA EntityManagerFactory for persistence unit 'default'
22:19:52.747 [restartedMain] INFO  o.s.b.d.a.OptionalLiveReloadServer - LiveReload server is running on port 35729
22:19:52.757 [restartedMain] INFO  o.s.b.f.a.AutowiredAnnotationBeanPostProcessor - Autowired annotation is not supported on static fields: private static com.project.biddingSoft.dao.IBidRepo com.project.biddingSoft.domain.Bid.iBidRepo
22:19:52.848 [restartedMain] DEBUG o.h.s.internal.StatisticsInitiator - Statistics initialized [enabled=false]
22:19:52.900 [restartedMain] INFO  o.s.b.f.a.AutowiredAnnotationBeanPostProcessor - Autowired annotation is not supported on static fields: private static com.project.biddingSoft.dao.ILotRepo com.project.biddingSoft.domain.Lot.iLotRepo
22:19:52.910 [restartedMain] INFO  o.s.b.f.a.AutowiredAnnotationBeanPostProcessor - Autowired annotation is not supported on static fields: private static com.project.biddingSoft.dao.IUserRepo com.project.biddingSoft.domain.User.iUserRepo
22:19:52.957 [restartedMain] WARN  o.s.b.a.o.j.JpaBaseConfiguration$JpaWebConfiguration - spring.jpa.open-in-view is enabled by default. Therefore, database queries may be performed during view rendering. Explicitly configure spring.jpa.open-in-view to disable this warning
22:19:53.285 [restartedMain] INFO  o.s.s.c.ThreadPoolTaskExecutor - Initializing ExecutorService 'applicationTaskExecutor'
22:19:53.454 [restartedMain] WARN  o.s.b.a.t.ThymeleafAutoConfiguration$DefaultTemplateResolverConfiguration - Cannot find template location: classpath:/templates/ (please add some templates or check your Thymeleaf configuration)
22:19:53.637 [restartedMain] INFO  o.a.coyote.http11.Http11NioProtocol - Starting ProtocolHandler ["http-nio-8080"]
22:19:53.650 [restartedMain] INFO  o.s.b.w.e.tomcat.TomcatWebServer - Tomcat started on port(s): 8080 (http) with context path ''
22:19:53.656 [restartedMain] INFO  c.p.b.BiddingSoftwareApplication - Started BiddingSoftwareApplication in 3.438 seconds (JVM running for 4.005)
22:20:22.004 [HikariPool-1 housekeeper] DEBUG com.zaxxer.hikari.pool.HikariPool - HikariPool-1 - Pool stats (total=10, active=0, idle=10, waiting=0)
22:20:22.004 [HikariPool-1 housekeeper] DEBUG com.zaxxer.hikari.pool.HikariPool - HikariPool-1 - Fill pool skipped, pool is at sufficient level.
22:20:52.006 [HikariPool-1 housekeeper] DEBUG com.zaxxer.hikari.pool.HikariPool - HikariPool-1 - Pool stats (total=10, active=0, idle=10, waiting=0)
22:20:52.006 [HikariPool-1 housekeeper] DEBUG com.zaxxer.hikari.pool.HikariPool - HikariPool-1 - Fill pool skipped, pool is at sufficient level.
22:21:22.007 [HikariPool-1 housekeeper] DEBUG com.zaxxer.hikari.pool.HikariPool - HikariPool-1 - Pool stats (total=10, active=0, idle=10, waiting=0)
22:21:22.007 [HikariPool-1 housekeeper] DEBUG com.zaxxer.hikari.pool.HikariPool - HikariPool-1 - Fill pool skipped, pool is at sufficient level.
22:21:52.008 [HikariPool-1 housekeeper] DEBUG com.zaxxer.hikari.pool.HikariPool - HikariPool-1 - Pool stats (total=10, active=0, idle=10, waiting=0)
22:21:52.008 [HikariPool-1 housekeeper] DEBUG com.zaxxer.hikari.pool.HikariPool - HikariPool-1 - Fill pool skipped, pool is at sufficient level.
22:22:22.009 [HikariPool-1 housekeeper] DEBUG com.zaxxer.hikari.pool.HikariPool - HikariPool-1 - Pool stats (total=10, active=0, idle=10, waiting=0)
22:22:22.009 [HikariPool-1 housekeeper] DEBUG com.zaxxer.hikari.pool.HikariPool - HikariPool-1 - Fill pool skipped, pool is at sufficient level.
22:22:52.010 [HikariPool-1 housekeeper] DEBUG com.zaxxer.hikari.pool.HikariPool - HikariPool-1 - Pool stats (total=10, active=0, idle=10, waiting=0)
22:22:52.010 [HikariPool-1 housekeeper] DEBUG com.zaxxer.hikari.pool.HikariPool - HikariPool-1 - Fill pool skipped, pool is at sufficient level.
22:23:22.012 [HikariPool-1 housekeeper] DEBUG com.zaxxer.hikari.pool.HikariPool - HikariPool-1 - Pool stats (total=10, active=0, idle=10, waiting=0)
22:23:22.012 [HikariPool-1 housekeeper] DEBUG com.zaxxer.hikari.pool.HikariPool - HikariPool-1 - Fill pool skipped, pool is at sufficient level.
22:23:52.017 [HikariPool-1 housekeeper] DEBUG com.zaxxer.hikari.pool.HikariPool - HikariPool-1 - Pool stats (total=10, active=0, idle=10, waiting=0)
22:23:52.017 [HikariPool-1 housekeeper] DEBUG com.zaxxer.hikari.pool.HikariPool - HikariPool-1 - Fill pool skipped, pool is at sufficient level.
22:24:22.018 [HikariPool-1 housekeeper] DEBUG com.zaxxer.hikari.pool.HikariPool - HikariPool-1 - Pool stats (total=10, active=0, idle=10, waiting=0)
22:24:22.018 [HikariPool-1 housekeeper] DEBUG com.zaxxer.hikari.pool.HikariPool - HikariPool-1 - Fill pool skipped, pool is at sufficient level.
22:24:52.039 [HikariPool-1 housekeeper] DEBUG com.zaxxer.hikari.pool.HikariPool - HikariPool-1 - Pool stats (total=10, active=0, idle=10, waiting=0)
22:24:52.039 [HikariPool-1 housekeeper] DEBUG com.zaxxer.hikari.pool.HikariPool - HikariPool-1 - Fill pool skipped, pool is at sufficient level.
22:24:58.441 [Thread-4] INFO  o.s.s.c.ThreadPoolTaskExecutor - Shutting down ExecutorService 'applicationTaskExecutor'
22:24:58.447 [Thread-4] INFO  o.s.o.j.LocalContainerEntityManagerFactoryBean - Closing JPA EntityManagerFactory for persistence unit 'default'
22:24:58.448 [Thread-4] DEBUG o.h.internal.SessionFactoryImpl - HHH000031: Closing
22:24:58.448 [Thread-4] DEBUG o.h.t.spi.TypeConfiguration$Scope - Un-scoping TypeConfiguration [org.hibernate.type.spi.TypeConfiguration$Scope@4593f919] from SessionFactory [org.hibernate.internal.SessionFactoryImpl@65fc7cd1]
22:24:58.450 [Thread-4] DEBUG o.h.s.i.AbstractServiceRegistryImpl - Implicitly destroying ServiceRegistry on de-registration of all child ServiceRegistries
22:24:58.450 [Thread-4] DEBUG o.h.b.r.i.BootstrapServiceRegistryImpl - Implicitly destroying Boot-strap registry on de-registration of all child ServiceRegistries
22:24:58.461 [Thread-4] INFO  com.zaxxer.hikari.HikariDataSource - HikariPool-1 - Shutdown initiated...
22:24:58.461 [Thread-4] DEBUG com.zaxxer.hikari.pool.HikariPool - HikariPool-1 - Before shutdown stats (total=10, active=0, idle=10, waiting=0)
22:24:58.549 [HikariPool-1 connection closer] DEBUG com.zaxxer.hikari.pool.PoolBase - HikariPool-1 - Closing connection com.mysql.cj.jdbc.ConnectionImpl@7e756883: (connection evicted)
22:24:58.575 [HikariPool-1 connection closer] DEBUG com.zaxxer.hikari.pool.PoolBase - HikariPool-1 - Closing connection com.mysql.cj.jdbc.ConnectionImpl@3d5e896b: (connection evicted)
22:24:58.578 [HikariPool-1 connection closer] DEBUG com.zaxxer.hikari.pool.PoolBase - HikariPool-1 - Closing connection com.mysql.cj.jdbc.ConnectionImpl@6cb71d56: (connection evicted)
22:24:58.578 [HikariPool-1 connection closer] DEBUG com.zaxxer.hikari.pool.PoolBase - HikariPool-1 - Closing connection com.mysql.cj.jdbc.ConnectionImpl@3e5aae8e: (connection evicted)
22:24:58.580 [HikariPool-1 connection closer] DEBUG com.zaxxer.hikari.pool.PoolBase - HikariPool-1 - Closing connection com.mysql.cj.jdbc.ConnectionImpl@68f90558: (connection evicted)
22:24:58.581 [HikariPool-1 connection closer] DEBUG com.zaxxer.hikari.pool.PoolBase - HikariPool-1 - Closing connection com.mysql.cj.jdbc.ConnectionImpl@47581914: (connection evicted)
22:24:58.583 [HikariPool-1 connection closer] DEBUG com.zaxxer.hikari.pool.PoolBase - HikariPool-1 - Closing connection com.mysql.cj.jdbc.ConnectionImpl@5cf16355: (connection evicted)
22:24:58.589 [HikariPool-1 connection closer] DEBUG com.zaxxer.hikari.pool.PoolBase - HikariPool-1 - Closing connection com.mysql.cj.jdbc.ConnectionImpl@205dba97: (connection evicted)
22:24:58.589 [HikariPool-1 connection closer] DEBUG com.zaxxer.hikari.pool.PoolBase - HikariPool-1 - Closing connection com.mysql.cj.jdbc.ConnectionImpl@285f81d6: (connection evicted)
22:24:58.600 [HikariPool-1 connection closer] DEBUG com.zaxxer.hikari.pool.PoolBase - HikariPool-1 - Closing connection com.mysql.cj.jdbc.ConnectionImpl@a2d9149: (connection evicted)
22:24:58.611 [Thread-4] DEBUG com.zaxxer.hikari.pool.HikariPool - HikariPool-1 - After shutdown stats (total=0, active=0, idle=0, waiting=0)
22:24:58.611 [Thread-4] INFO  com.zaxxer.hikari.HikariDataSource - HikariPool-1 - Shutdown completed.
