11:00:00.962 [restartedMain] INFO  c.p.b.BiddingSoftwareApplication - Starting BiddingSoftwareApplication using Java 15.0.2 on DESKTOP-AEM1CBO with PID 8196 (C:\Users\nuche\Documents\StuProj\java\biddingSoft\target\classes started by nuche in C:\Users\nuche\Documents\StuProj\java\biddingSoft)
11:00:00.964 [restartedMain] DEBUG c.p.b.BiddingSoftwareApplication - Running with Spring Boot v2.4.3, Spring v5.3.4
11:00:00.964 [restartedMain] INFO  c.p.b.BiddingSoftwareApplication - No active profile set, falling back to default profiles: default
11:00:00.991 [restartedMain] INFO  o.s.b.d.e.DevToolsPropertyDefaultsPostProcessor - Devtools property defaults active! Set 'spring.devtools.add-properties' to 'false' to disable
11:00:00.992 [restartedMain] INFO  o.s.b.d.e.DevToolsPropertyDefaultsPostProcessor - For additional web related logging consider setting the 'logging.level.web' property to 'DEBUG'
11:00:01.495 [restartedMain] INFO  o.s.d.r.c.RepositoryConfigurationDelegate - Bootstrapping Spring Data JPA repositories in DEFAULT mode.
11:00:01.529 [restartedMain] INFO  o.s.d.r.c.RepositoryConfigurationDelegate - Finished Spring Data repository scanning in 29 ms. Found 1 JPA repository interfaces.
11:00:01.981 [restartedMain] INFO  o.s.b.w.e.tomcat.TomcatWebServer - Tomcat initialized with port(s): 8080 (http)
11:00:01.987 [restartedMain] INFO  o.a.coyote.http11.Http11NioProtocol - Initializing ProtocolHandler ["http-nio-8080"]
11:00:01.987 [restartedMain] INFO  o.a.catalina.core.StandardService - Starting service [Tomcat]
11:00:01.987 [restartedMain] INFO  o.a.catalina.core.StandardEngine - Starting Servlet engine: [Apache Tomcat/9.0.43]
11:00:02.066 [restartedMain] INFO  o.a.c.c.C.[Tomcat].[localhost].[/] - Initializing Spring embedded WebApplicationContext
11:00:02.067 [restartedMain] INFO  o.s.b.w.s.c.ServletWebServerApplicationContext - Root WebApplicationContext: initialization completed in 1075 ms
11:00:02.090 [restartedMain] DEBUG com.zaxxer.hikari.HikariConfig - Driver class com.mysql.cj.jdbc.Driver found in Thread context class loader TomcatEmbeddedWebappClassLoader
  context: ROOT
  delegate: true
----------> Parent Classloader:
org.springframework.boot.devtools.restart.classloader.RestartClassLoader@3e09546c

11:00:02.111 [restartedMain] DEBUG com.zaxxer.hikari.HikariConfig - HikariPool-1 - configuration:
11:00:02.113 [restartedMain] DEBUG com.zaxxer.hikari.HikariConfig - allowPoolSuspension.............false
11:00:02.113 [restartedMain] DEBUG com.zaxxer.hikari.HikariConfig - autoCommit......................true
11:00:02.113 [restartedMain] DEBUG com.zaxxer.hikari.HikariConfig - catalog.........................none
11:00:02.113 [restartedMain] DEBUG com.zaxxer.hikari.HikariConfig - connectionInitSql...............none
11:00:02.113 [restartedMain] DEBUG com.zaxxer.hikari.HikariConfig - connectionTestQuery.............none
11:00:02.113 [restartedMain] DEBUG com.zaxxer.hikari.HikariConfig - connectionTimeout...............30000
11:00:02.113 [restartedMain] DEBUG com.zaxxer.hikari.HikariConfig - dataSource......................none
11:00:02.113 [restartedMain] DEBUG com.zaxxer.hikari.HikariConfig - dataSourceClassName.............none
11:00:02.113 [restartedMain] DEBUG com.zaxxer.hikari.HikariConfig - dataSourceJNDI..................none
11:00:02.113 [restartedMain] DEBUG com.zaxxer.hikari.HikariConfig - dataSourceProperties............{password=<masked>}
11:00:02.113 [restartedMain] DEBUG com.zaxxer.hikari.HikariConfig - driverClassName................."com.mysql.cj.jdbc.Driver"
11:00:02.113 [restartedMain] DEBUG com.zaxxer.hikari.HikariConfig - exceptionOverrideClassName......none
11:00:02.113 [restartedMain] DEBUG com.zaxxer.hikari.HikariConfig - healthCheckProperties...........{}
11:00:02.113 [restartedMain] DEBUG com.zaxxer.hikari.HikariConfig - healthCheckRegistry.............none
11:00:02.113 [restartedMain] DEBUG com.zaxxer.hikari.HikariConfig - idleTimeout.....................600000
11:00:02.113 [restartedMain] DEBUG com.zaxxer.hikari.HikariConfig - initializationFailTimeout.......1
11:00:02.114 [restartedMain] DEBUG com.zaxxer.hikari.HikariConfig - isolateInternalQueries..........false
11:00:02.114 [restartedMain] DEBUG com.zaxxer.hikari.HikariConfig - jdbcUrl.........................jdbc:mysql://localhost:3306/biddingSoft
11:00:02.114 [restartedMain] DEBUG com.zaxxer.hikari.HikariConfig - leakDetectionThreshold..........0
11:00:02.114 [restartedMain] DEBUG com.zaxxer.hikari.HikariConfig - maxLifetime.....................1800000
11:00:02.114 [restartedMain] DEBUG com.zaxxer.hikari.HikariConfig - maximumPoolSize.................10
11:00:02.114 [restartedMain] DEBUG com.zaxxer.hikari.HikariConfig - metricRegistry..................none
11:00:02.114 [restartedMain] DEBUG com.zaxxer.hikari.HikariConfig - metricsTrackerFactory...........none
11:00:02.114 [restartedMain] DEBUG com.zaxxer.hikari.HikariConfig - minimumIdle.....................10
11:00:02.114 [restartedMain] DEBUG com.zaxxer.hikari.HikariConfig - password........................<masked>
11:00:02.114 [restartedMain] DEBUG com.zaxxer.hikari.HikariConfig - poolName........................"HikariPool-1"
11:00:02.114 [restartedMain] DEBUG com.zaxxer.hikari.HikariConfig - readOnly........................false
11:00:02.114 [restartedMain] DEBUG com.zaxxer.hikari.HikariConfig - registerMbeans..................false
11:00:02.114 [restartedMain] DEBUG com.zaxxer.hikari.HikariConfig - scheduledExecutor...............none
11:00:02.114 [restartedMain] DEBUG com.zaxxer.hikari.HikariConfig - schema..........................none
11:00:02.114 [restartedMain] DEBUG com.zaxxer.hikari.HikariConfig - threadFactory...................internal
11:00:02.114 [restartedMain] DEBUG com.zaxxer.hikari.HikariConfig - transactionIsolation............default
11:00:02.114 [restartedMain] DEBUG com.zaxxer.hikari.HikariConfig - username........................"root"
11:00:02.114 [restartedMain] DEBUG com.zaxxer.hikari.HikariConfig - validationTimeout...............5000
11:00:02.114 [restartedMain] INFO  com.zaxxer.hikari.HikariDataSource - HikariPool-1 - Starting...
11:00:02.384 [restartedMain] DEBUG com.zaxxer.hikari.pool.HikariPool - HikariPool-1 - Added connection com.mysql.cj.jdbc.ConnectionImpl@64cbcb17
11:00:02.385 [restartedMain] INFO  com.zaxxer.hikari.HikariDataSource - HikariPool-1 - Start completed.
11:00:02.389 [restartedMain] INFO  o.s.b.a.h.H2ConsoleAutoConfiguration - H2 console available at '/h2-console'. Database available at 'jdbc:mysql://localhost:3306/biddingSoft'
11:00:02.486 [HikariPool-1 housekeeper] DEBUG com.zaxxer.hikari.pool.HikariPool - HikariPool-1 - Pool stats (total=1, active=0, idle=1, waiting=0)
11:00:02.487 [restartedMain] DEBUG org.jboss.logging - Logging Provider: org.jboss.logging.Log4j2LoggerProvider
11:00:02.507 [HikariPool-1 connection adder] DEBUG com.zaxxer.hikari.pool.HikariPool - HikariPool-1 - Added connection com.mysql.cj.jdbc.ConnectionImpl@50409fc9
11:00:02.550 [restartedMain] DEBUG o.h.jpa.internal.util.LogHelper - PersistenceUnitInfo [
	name: default
	persistence provider classname: null
	classloader: org.springframework.boot.devtools.restart.classloader.RestartClassLoader@3e09546c
	excludeUnlistedClasses: true
	JTA datasource: null
	Non JTA datasource: HikariDataSource (HikariPool-1)
	Transaction type: RESOURCE_LOCAL
	PU root URL: file:/C:/Users/nuche/Documents/StuProj/java/biddingSoft/target/classes/
	Shared Cache Mode: UNSPECIFIED
	Validation Mode: AUTO
	Jar files URLs []
	Managed classes names [
		com.project.biddingSoft.domain.Bid
		com.project.biddingSoft.domain.Lot
		com.project.biddingSoft.domain.Storable
		com.project.biddingSoft.domain.User]
	Mapping files names []
	Properties []
11:00:02.552 [HikariPool-1 connection adder] DEBUG com.zaxxer.hikari.pool.HikariPool - HikariPool-1 - Added connection com.mysql.cj.jdbc.ConnectionImpl@1c40582
11:00:02.558 [restartedMain] DEBUG o.h.i.i.IntegratorServiceImpl - Adding Integrator [org.hibernate.cfg.beanvalidation.BeanValidationIntegrator].
11:00:02.559 [restartedMain] DEBUG o.h.i.i.IntegratorServiceImpl - Adding Integrator [org.hibernate.secure.spi.JaccIntegrator].
11:00:02.560 [restartedMain] DEBUG o.h.i.i.IntegratorServiceImpl - Adding Integrator [org.hibernate.cache.internal.CollectionCacheInvalidator].
11:00:02.569 [HikariPool-1 connection adder] DEBUG com.zaxxer.hikari.pool.HikariPool - HikariPool-1 - Added connection com.mysql.cj.jdbc.ConnectionImpl@266f2e15
11:00:02.584 [restartedMain] INFO  org.hibernate.Version - HHH000412: Hibernate ORM core version 5.4.28.Final
11:00:02.585 [HikariPool-1 connection adder] DEBUG com.zaxxer.hikari.pool.HikariPool - HikariPool-1 - Added connection com.mysql.cj.jdbc.ConnectionImpl@58a78e7
11:00:02.585 [restartedMain] DEBUG org.hibernate.cfg.Environment - HHH000206: hibernate.properties not found
11:00:02.600 [HikariPool-1 connection adder] DEBUG com.zaxxer.hikari.pool.HikariPool - HikariPool-1 - Added connection com.mysql.cj.jdbc.ConnectionImpl@25db4ac
11:00:02.614 [HikariPool-1 connection adder] DEBUG com.zaxxer.hikari.pool.HikariPool - HikariPool-1 - Added connection com.mysql.cj.jdbc.ConnectionImpl@6cb233ac
11:00:02.628 [HikariPool-1 connection adder] DEBUG com.zaxxer.hikari.pool.HikariPool - HikariPool-1 - Added connection com.mysql.cj.jdbc.ConnectionImpl@397abe87
11:00:02.673 [HikariPool-1 connection adder] DEBUG com.zaxxer.hikari.pool.HikariPool - HikariPool-1 - Added connection com.mysql.cj.jdbc.ConnectionImpl@11f8ce4
11:00:02.686 [restartedMain] DEBUG o.h.service.spi.ServiceBinding - Overriding existing service binding [org.hibernate.secure.spi.JaccService]
11:00:02.691 [HikariPool-1 connection adder] DEBUG com.zaxxer.hikari.pool.HikariPool - HikariPool-1 - Added connection com.mysql.cj.jdbc.ConnectionImpl@1158a1c1
11:00:02.691 [HikariPool-1 connection adder] DEBUG com.zaxxer.hikari.pool.HikariPool - HikariPool-1 - After adding stats (total=10, active=0, idle=10, waiting=0)
11:00:02.693 [restartedMain] DEBUG o.h.c.i.RegionFactoryInitiator - Cannot default RegionFactory based on registered strategies as `[]` RegionFactory strategies were registered
11:00:02.693 [restartedMain] DEBUG o.h.c.i.RegionFactoryInitiator - Cache region factory : org.hibernate.cache.internal.NoCachingRegionFactory
11:00:02.703 [restartedMain] INFO  o.h.annotations.common.Version - HCANN000001: Hibernate Commons Annotations {5.1.2.Final}
11:00:02.720 [restartedMain] DEBUG o.hibernate.type.BasicTypeRegistry - Adding type registration boolean -> org.hibernate.type.BooleanType@2b194662
11:00:02.720 [restartedMain] DEBUG o.hibernate.type.BasicTypeRegistry - Adding type registration boolean -> org.hibernate.type.BooleanType@2b194662
11:00:02.720 [restartedMain] DEBUG o.hibernate.type.BasicTypeRegistry - Adding type registration java.lang.Boolean -> org.hibernate.type.BooleanType@2b194662
11:00:02.720 [restartedMain] DEBUG o.hibernate.type.BasicTypeRegistry - Adding type registration numeric_boolean -> org.hibernate.type.NumericBooleanType@233e439f
11:00:02.721 [restartedMain] DEBUG o.hibernate.type.BasicTypeRegistry - Adding type registration true_false -> org.hibernate.type.TrueFalseType@8022dbe
11:00:02.721 [restartedMain] DEBUG o.hibernate.type.BasicTypeRegistry - Adding type registration yes_no -> org.hibernate.type.YesNoType@77efe996
11:00:02.721 [restartedMain] DEBUG o.hibernate.type.BasicTypeRegistry - Adding type registration byte -> org.hibernate.type.ByteType@3b033e32
11:00:02.722 [restartedMain] DEBUG o.hibernate.type.BasicTypeRegistry - Adding type registration byte -> org.hibernate.type.ByteType@3b033e32
11:00:02.722 [restartedMain] DEBUG o.hibernate.type.BasicTypeRegistry - Adding type registration java.lang.Byte -> org.hibernate.type.ByteType@3b033e32
11:00:02.722 [restartedMain] DEBUG o.hibernate.type.BasicTypeRegistry - Adding type registration character -> org.hibernate.type.CharacterType@c134ca2
11:00:02.722 [restartedMain] DEBUG o.hibernate.type.BasicTypeRegistry - Adding type registration char -> org.hibernate.type.CharacterType@c134ca2
11:00:02.722 [restartedMain] DEBUG o.hibernate.type.BasicTypeRegistry - Adding type registration java.lang.Character -> org.hibernate.type.CharacterType@c134ca2
11:00:02.723 [restartedMain] DEBUG o.hibernate.type.BasicTypeRegistry - Adding type registration short -> org.hibernate.type.ShortType@452651d5
11:00:02.723 [restartedMain] DEBUG o.hibernate.type.BasicTypeRegistry - Adding type registration short -> org.hibernate.type.ShortType@452651d5
11:00:02.723 [restartedMain] DEBUG o.hibernate.type.BasicTypeRegistry - Adding type registration java.lang.Short -> org.hibernate.type.ShortType@452651d5
11:00:02.723 [restartedMain] DEBUG o.hibernate.type.BasicTypeRegistry - Adding type registration integer -> org.hibernate.type.IntegerType@7b394451
11:00:02.724 [restartedMain] DEBUG o.hibernate.type.BasicTypeRegistry - Adding type registration int -> org.hibernate.type.IntegerType@7b394451
11:00:02.724 [restartedMain] DEBUG o.hibernate.type.BasicTypeRegistry - Adding type registration java.lang.Integer -> org.hibernate.type.IntegerType@7b394451
11:00:02.724 [restartedMain] DEBUG o.hibernate.type.BasicTypeRegistry - Adding type registration long -> org.hibernate.type.LongType@374480ef
11:00:02.724 [restartedMain] DEBUG o.hibernate.type.BasicTypeRegistry - Adding type registration long -> org.hibernate.type.LongType@374480ef
11:00:02.724 [restartedMain] DEBUG o.hibernate.type.BasicTypeRegistry - Adding type registration java.lang.Long -> org.hibernate.type.LongType@374480ef
11:00:02.725 [restartedMain] DEBUG o.hibernate.type.BasicTypeRegistry - Adding type registration float -> org.hibernate.type.FloatType@7b082815
11:00:02.725 [restartedMain] DEBUG o.hibernate.type.BasicTypeRegistry - Adding type registration float -> org.hibernate.type.FloatType@7b082815
11:00:02.725 [restartedMain] DEBUG o.hibernate.type.BasicTypeRegistry - Adding type registration java.lang.Float -> org.hibernate.type.FloatType@7b082815
11:00:02.725 [restartedMain] DEBUG o.hibernate.type.BasicTypeRegistry - Adding type registration double -> org.hibernate.type.DoubleType@4b54e324
11:00:02.726 [restartedMain] DEBUG o.hibernate.type.BasicTypeRegistry - Adding type registration double -> org.hibernate.type.DoubleType@4b54e324
11:00:02.726 [restartedMain] DEBUG o.hibernate.type.BasicTypeRegistry - Adding type registration java.lang.Double -> org.hibernate.type.DoubleType@4b54e324
11:00:02.726 [restartedMain] DEBUG o.hibernate.type.BasicTypeRegistry - Adding type registration big_decimal -> org.hibernate.type.BigDecimalType@5e21d806
11:00:02.726 [restartedMain] DEBUG o.hibernate.type.BasicTypeRegistry - Adding type registration java.math.BigDecimal -> org.hibernate.type.BigDecimalType@5e21d806
11:00:02.727 [restartedMain] DEBUG o.hibernate.type.BasicTypeRegistry - Adding type registration big_integer -> org.hibernate.type.BigIntegerType@75f84eed
11:00:02.727 [restartedMain] DEBUG o.hibernate.type.BasicTypeRegistry - Adding type registration java.math.BigInteger -> org.hibernate.type.BigIntegerType@75f84eed
11:00:02.727 [restartedMain] DEBUG o.hibernate.type.BasicTypeRegistry - Adding type registration string -> org.hibernate.type.StringType@2d09fdc
11:00:02.727 [restartedMain] DEBUG o.hibernate.type.BasicTypeRegistry - Adding type registration java.lang.String -> org.hibernate.type.StringType@2d09fdc
11:00:02.728 [restartedMain] DEBUG o.hibernate.type.BasicTypeRegistry - Adding type registration nstring -> org.hibernate.type.StringNVarcharType@61854ac5
11:00:02.728 [restartedMain] DEBUG o.hibernate.type.BasicTypeRegistry - Adding type registration ncharacter -> org.hibernate.type.CharacterNCharType@2d829d66
11:00:02.728 [restartedMain] DEBUG o.hibernate.type.BasicTypeRegistry - Adding type registration url -> org.hibernate.type.UrlType@7201f05
11:00:02.729 [restartedMain] DEBUG o.hibernate.type.BasicTypeRegistry - Adding type registration java.net.URL -> org.hibernate.type.UrlType@7201f05
11:00:02.729 [restartedMain] DEBUG o.hibernate.type.BasicTypeRegistry - Adding type registration Duration -> org.hibernate.type.DurationType@4af98206
11:00:02.729 [restartedMain] DEBUG o.hibernate.type.BasicTypeRegistry - Adding type registration java.time.Duration -> org.hibernate.type.DurationType@4af98206
11:00:02.730 [restartedMain] DEBUG o.hibernate.type.BasicTypeRegistry - Adding type registration Instant -> org.hibernate.type.InstantType@2edffbd7
11:00:02.730 [restartedMain] DEBUG o.hibernate.type.BasicTypeRegistry - Adding type registration java.time.Instant -> org.hibernate.type.InstantType@2edffbd7
11:00:02.731 [restartedMain] DEBUG o.hibernate.type.BasicTypeRegistry - Adding type registration LocalDateTime -> org.hibernate.type.LocalDateTimeType@58cf1cd7
11:00:02.731 [restartedMain] DEBUG o.hibernate.type.BasicTypeRegistry - Adding type registration java.time.LocalDateTime -> org.hibernate.type.LocalDateTimeType@58cf1cd7
11:00:02.731 [restartedMain] DEBUG o.hibernate.type.BasicTypeRegistry - Adding type registration LocalDate -> org.hibernate.type.LocalDateType@26b0276c
11:00:02.731 [restartedMain] DEBUG o.hibernate.type.BasicTypeRegistry - Adding type registration java.time.LocalDate -> org.hibernate.type.LocalDateType@26b0276c
11:00:02.732 [restartedMain] DEBUG o.hibernate.type.BasicTypeRegistry - Adding type registration LocalTime -> org.hibernate.type.LocalTimeType@1d41be21
11:00:02.732 [restartedMain] DEBUG o.hibernate.type.BasicTypeRegistry - Adding type registration java.time.LocalTime -> org.hibernate.type.LocalTimeType@1d41be21
11:00:02.732 [restartedMain] DEBUG o.hibernate.type.BasicTypeRegistry - Adding type registration OffsetDateTime -> org.hibernate.type.OffsetDateTimeType@7bfa9dd9
11:00:02.732 [restartedMain] DEBUG o.hibernate.type.BasicTypeRegistry - Adding type registration java.time.OffsetDateTime -> org.hibernate.type.OffsetDateTimeType@7bfa9dd9
11:00:02.733 [restartedMain] DEBUG o.hibernate.type.BasicTypeRegistry - Adding type registration OffsetTime -> org.hibernate.type.OffsetTimeType@2931d09a
11:00:02.733 [restartedMain] DEBUG o.hibernate.type.BasicTypeRegistry - Adding type registration java.time.OffsetTime -> org.hibernate.type.OffsetTimeType@2931d09a
11:00:02.733 [restartedMain] DEBUG o.hibernate.type.BasicTypeRegistry - Adding type registration ZonedDateTime -> org.hibernate.type.ZonedDateTimeType@40e12ce7
11:00:02.734 [restartedMain] DEBUG o.hibernate.type.BasicTypeRegistry - Adding type registration java.time.ZonedDateTime -> org.hibernate.type.ZonedDateTimeType@40e12ce7
11:00:02.734 [restartedMain] DEBUG o.hibernate.type.BasicTypeRegistry - Adding type registration date -> org.hibernate.type.DateType@6fb891ce
11:00:02.734 [restartedMain] DEBUG o.hibernate.type.BasicTypeRegistry - Adding type registration java.sql.Date -> org.hibernate.type.DateType@6fb891ce
11:00:02.735 [restartedMain] DEBUG o.hibernate.type.BasicTypeRegistry - Adding type registration time -> org.hibernate.type.TimeType@630db735
11:00:02.735 [restartedMain] DEBUG o.hibernate.type.BasicTypeRegistry - Adding type registration java.sql.Time -> org.hibernate.type.TimeType@630db735
11:00:02.735 [restartedMain] DEBUG o.hibernate.type.BasicTypeRegistry - Adding type registration timestamp -> org.hibernate.type.TimestampType@6cba06d2
11:00:02.735 [restartedMain] DEBUG o.hibernate.type.BasicTypeRegistry - Adding type registration java.sql.Timestamp -> org.hibernate.type.TimestampType@6cba06d2
11:00:02.735 [restartedMain] DEBUG o.hibernate.type.BasicTypeRegistry - Adding type registration java.util.Date -> org.hibernate.type.TimestampType@6cba06d2
11:00:02.736 [restartedMain] DEBUG o.hibernate.type.BasicTypeRegistry - Adding type registration dbtimestamp -> org.hibernate.type.DbTimestampType@6e76132b
11:00:02.736 [restartedMain] DEBUG o.hibernate.type.BasicTypeRegistry - Adding type registration calendar -> org.hibernate.type.CalendarType@40ea7179
11:00:02.736 [restartedMain] DEBUG o.hibernate.type.BasicTypeRegistry - Adding type registration java.util.Calendar -> org.hibernate.type.CalendarType@40ea7179
11:00:02.736 [restartedMain] DEBUG o.hibernate.type.BasicTypeRegistry - Adding type registration java.util.GregorianCalendar -> org.hibernate.type.CalendarType@40ea7179
11:00:02.737 [restartedMain] DEBUG o.hibernate.type.BasicTypeRegistry - Adding type registration calendar_date -> org.hibernate.type.CalendarDateType@87d69de
11:00:02.737 [restartedMain] DEBUG o.hibernate.type.BasicTypeRegistry - Adding type registration calendar_time -> org.hibernate.type.CalendarTimeType@4d45ff9d
11:00:02.738 [restartedMain] DEBUG o.hibernate.type.BasicTypeRegistry - Adding type registration locale -> org.hibernate.type.LocaleType@dcc9921
11:00:02.738 [restartedMain] DEBUG o.hibernate.type.BasicTypeRegistry - Adding type registration java.util.Locale -> org.hibernate.type.LocaleType@dcc9921
11:00:02.738 [restartedMain] DEBUG o.hibernate.type.BasicTypeRegistry - Adding type registration currency -> org.hibernate.type.CurrencyType@1e49f5bf
11:00:02.738 [restartedMain] DEBUG o.hibernate.type.BasicTypeRegistry - Adding type registration java.util.Currency -> org.hibernate.type.CurrencyType@1e49f5bf
11:00:02.739 [restartedMain] DEBUG o.hibernate.type.BasicTypeRegistry - Adding type registration timezone -> org.hibernate.type.TimeZoneType@486d4a03
11:00:02.739 [restartedMain] DEBUG o.hibernate.type.BasicTypeRegistry - Adding type registration java.util.TimeZone -> org.hibernate.type.TimeZoneType@486d4a03
11:00:02.739 [restartedMain] DEBUG o.hibernate.type.BasicTypeRegistry - Adding type registration class -> org.hibernate.type.ClassType@1413ff92
11:00:02.739 [restartedMain] DEBUG o.hibernate.type.BasicTypeRegistry - Adding type registration java.lang.Class -> org.hibernate.type.ClassType@1413ff92
11:00:02.739 [restartedMain] DEBUG o.hibernate.type.BasicTypeRegistry - Adding type registration uuid-binary -> org.hibernate.type.UUIDBinaryType@453db6d3
11:00:02.740 [restartedMain] DEBUG o.hibernate.type.BasicTypeRegistry - Adding type registration java.util.UUID -> org.hibernate.type.UUIDBinaryType@453db6d3
11:00:02.740 [restartedMain] DEBUG o.hibernate.type.BasicTypeRegistry - Adding type registration uuid-char -> org.hibernate.type.UUIDCharType@65b7d680
11:00:02.741 [restartedMain] DEBUG o.hibernate.type.BasicTypeRegistry - Adding type registration binary -> org.hibernate.type.BinaryType@6be41eed
11:00:02.741 [restartedMain] DEBUG o.hibernate.type.BasicTypeRegistry - Adding type registration byte[] -> org.hibernate.type.BinaryType@6be41eed
11:00:02.741 [restartedMain] DEBUG o.hibernate.type.BasicTypeRegistry - Adding type registration [B -> org.hibernate.type.BinaryType@6be41eed
11:00:02.741 [restartedMain] DEBUG o.hibernate.type.BasicTypeRegistry - Adding type registration wrapper-binary -> org.hibernate.type.WrapperBinaryType@5654e85f
11:00:02.741 [restartedMain] DEBUG o.hibernate.type.BasicTypeRegistry - Adding type registration Byte[] -> org.hibernate.type.WrapperBinaryType@5654e85f
11:00:02.741 [restartedMain] DEBUG o.hibernate.type.BasicTypeRegistry - Adding type registration [Ljava.lang.Byte; -> org.hibernate.type.WrapperBinaryType@5654e85f
11:00:02.742 [restartedMain] DEBUG o.hibernate.type.BasicTypeRegistry - Adding type registration row_version -> org.hibernate.type.RowVersionType@7f12d38f
11:00:02.742 [restartedMain] DEBUG o.hibernate.type.BasicTypeRegistry - Adding type registration image -> org.hibernate.type.ImageType@8d5de42
11:00:02.742 [restartedMain] DEBUG o.hibernate.type.BasicTypeRegistry - Adding type registration characters -> org.hibernate.type.CharArrayType@74476c6
11:00:02.743 [restartedMain] DEBUG o.hibernate.type.BasicTypeRegistry - Adding type registration char[] -> org.hibernate.type.CharArrayType@74476c6
11:00:02.743 [restartedMain] DEBUG o.hibernate.type.BasicTypeRegistry - Adding type registration [C -> org.hibernate.type.CharArrayType@74476c6
11:00:02.743 [restartedMain] DEBUG o.hibernate.type.BasicTypeRegistry - Adding type registration wrapper-characters -> org.hibernate.type.CharacterArrayType@416a1d49
11:00:02.743 [restartedMain] DEBUG o.hibernate.type.BasicTypeRegistry - Adding type registration [Ljava.lang.Character; -> org.hibernate.type.CharacterArrayType@416a1d49
11:00:02.743 [restartedMain] DEBUG o.hibernate.type.BasicTypeRegistry - Adding type registration Character[] -> org.hibernate.type.CharacterArrayType@416a1d49
11:00:02.743 [restartedMain] DEBUG o.hibernate.type.BasicTypeRegistry - Adding type registration text -> org.hibernate.type.TextType@6c5e268d
11:00:02.744 [restartedMain] DEBUG o.hibernate.type.BasicTypeRegistry - Adding type registration ntext -> org.hibernate.type.NTextType@6de763cd
11:00:02.744 [restartedMain] DEBUG o.hibernate.type.BasicTypeRegistry - Adding type registration blob -> org.hibernate.type.BlobType@4bebf423
11:00:02.744 [restartedMain] DEBUG o.hibernate.type.BasicTypeRegistry - Adding type registration java.sql.Blob -> org.hibernate.type.BlobType@4bebf423
11:00:02.745 [restartedMain] DEBUG o.hibernate.type.BasicTypeRegistry - Adding type registration materialized_blob -> org.hibernate.type.MaterializedBlobType@599f1d7e
11:00:02.745 [restartedMain] DEBUG o.hibernate.type.BasicTypeRegistry - Adding type registration clob -> org.hibernate.type.ClobType@192034b9
11:00:02.745 [restartedMain] DEBUG o.hibernate.type.BasicTypeRegistry - Adding type registration java.sql.Clob -> org.hibernate.type.ClobType@192034b9
11:00:02.746 [restartedMain] DEBUG o.hibernate.type.BasicTypeRegistry - Adding type registration nclob -> org.hibernate.type.NClobType@7535748c
11:00:02.746 [restartedMain] DEBUG o.hibernate.type.BasicTypeRegistry - Adding type registration java.sql.NClob -> org.hibernate.type.NClobType@7535748c
11:00:02.746 [restartedMain] DEBUG o.hibernate.type.BasicTypeRegistry - Adding type registration materialized_clob -> org.hibernate.type.MaterializedClobType@48969be
11:00:02.746 [restartedMain] DEBUG o.hibernate.type.BasicTypeRegistry - Adding type registration materialized_nclob -> org.hibernate.type.MaterializedNClobType@3b046424
11:00:02.747 [restartedMain] DEBUG o.hibernate.type.BasicTypeRegistry - Adding type registration serializable -> org.hibernate.type.SerializableType@53ff42cb
11:00:02.749 [restartedMain] DEBUG o.hibernate.type.BasicTypeRegistry - Adding type registration object -> org.hibernate.type.ObjectType@9f1a9ce
11:00:02.749 [restartedMain] DEBUG o.hibernate.type.BasicTypeRegistry - Adding type registration java.lang.Object -> org.hibernate.type.ObjectType@9f1a9ce
11:00:02.749 [restartedMain] DEBUG o.hibernate.type.BasicTypeRegistry - Adding type registration imm_date -> org.hibernate.type.AdaptedImmutableType@61690dc2
11:00:02.749 [restartedMain] DEBUG o.hibernate.type.BasicTypeRegistry - Adding type registration imm_time -> org.hibernate.type.AdaptedImmutableType@17a12db2
11:00:02.749 [restartedMain] DEBUG o.hibernate.type.BasicTypeRegistry - Adding type registration imm_timestamp -> org.hibernate.type.AdaptedImmutableType@17de07ee
11:00:02.749 [restartedMain] DEBUG o.hibernate.type.BasicTypeRegistry - Adding type registration imm_dbtimestamp -> org.hibernate.type.AdaptedImmutableType@614163e5
11:00:02.749 [restartedMain] DEBUG o.hibernate.type.BasicTypeRegistry - Adding type registration imm_calendar -> org.hibernate.type.AdaptedImmutableType@486f7512
11:00:02.749 [restartedMain] DEBUG o.hibernate.type.BasicTypeRegistry - Adding type registration imm_calendar_date -> org.hibernate.type.AdaptedImmutableType@563d0d10
11:00:02.749 [restartedMain] DEBUG o.hibernate.type.BasicTypeRegistry - Adding type registration imm_binary -> org.hibernate.type.AdaptedImmutableType@313b814e
11:00:02.749 [restartedMain] DEBUG o.hibernate.type.BasicTypeRegistry - Adding type registration imm_serializable -> org.hibernate.type.AdaptedImmutableType@5b0f92c7
11:00:02.755 [restartedMain] DEBUG o.h.b.internal.BootstrapContextImpl - Injecting JPA temp ClassLoader [org.springframework.instrument.classloading.SimpleThrowawayClassLoader@8c004c] into BootstrapContext; was [null]
11:00:02.756 [restartedMain] DEBUG o.h.b.i.ClassLoaderAccessImpl - ClassLoaderAccessImpl#injectTempClassLoader(org.springframework.instrument.classloading.SimpleThrowawayClassLoader@8c004c) [was null]
11:00:02.756 [restartedMain] DEBUG o.h.b.internal.BootstrapContextImpl - Injecting ScanEnvironment [org.hibernate.jpa.boot.internal.StandardJpaScanEnvironmentImpl@64d75aa1] into BootstrapContext; was [null]
11:00:02.756 [restartedMain] DEBUG o.h.b.internal.BootstrapContextImpl - Injecting ScanOptions [org.hibernate.boot.archive.scan.internal.StandardScanOptions@7d5b0cd1] into BootstrapContext; was [org.hibernate.boot.archive.scan.internal.StandardScanOptions@7c965704]
11:00:02.764 [restartedMain] DEBUG o.h.b.internal.BootstrapContextImpl - Injecting JPA temp ClassLoader [null] into BootstrapContext; was [org.springframework.instrument.classloading.SimpleThrowawayClassLoader@8c004c]
11:00:02.764 [restartedMain] DEBUG o.h.b.i.ClassLoaderAccessImpl - ClassLoaderAccessImpl#injectTempClassLoader(null) [was org.springframework.instrument.classloading.SimpleThrowawayClassLoader@8c004c]
11:00:02.769 [restartedMain] DEBUG o.h.i.f.i.DefaultIdentifierGeneratorFactory - Registering IdentifierGenerator strategy [uuid2] -> [org.hibernate.id.UUIDGenerator]
11:00:02.769 [restartedMain] DEBUG o.h.i.f.i.DefaultIdentifierGeneratorFactory - Registering IdentifierGenerator strategy [guid] -> [org.hibernate.id.GUIDGenerator]
11:00:02.770 [restartedMain] DEBUG o.h.i.f.i.DefaultIdentifierGeneratorFactory - Registering IdentifierGenerator strategy [uuid] -> [org.hibernate.id.UUIDHexGenerator]
11:00:02.770 [restartedMain] DEBUG o.h.i.f.i.DefaultIdentifierGeneratorFactory - Registering IdentifierGenerator strategy [uuid.hex] -> [org.hibernate.id.UUIDHexGenerator]
11:00:02.770 [restartedMain] DEBUG o.h.i.f.i.DefaultIdentifierGeneratorFactory - Registering IdentifierGenerator strategy [assigned] -> [org.hibernate.id.Assigned]
11:00:02.770 [restartedMain] DEBUG o.h.i.f.i.DefaultIdentifierGeneratorFactory - Registering IdentifierGenerator strategy [identity] -> [org.hibernate.id.IdentityGenerator]
11:00:02.770 [restartedMain] DEBUG o.h.i.f.i.DefaultIdentifierGeneratorFactory - Registering IdentifierGenerator strategy [select] -> [org.hibernate.id.SelectGenerator]
11:00:02.771 [restartedMain] DEBUG o.h.i.f.i.DefaultIdentifierGeneratorFactory - Registering IdentifierGenerator strategy [sequence] -> [org.hibernate.id.enhanced.SequenceStyleGenerator]
11:00:02.772 [restartedMain] DEBUG o.h.i.f.i.DefaultIdentifierGeneratorFactory - Registering IdentifierGenerator strategy [seqhilo] -> [org.hibernate.id.SequenceHiLoGenerator]
11:00:02.772 [restartedMain] DEBUG o.h.i.f.i.DefaultIdentifierGeneratorFactory - Registering IdentifierGenerator strategy [increment] -> [org.hibernate.id.IncrementGenerator]
11:00:02.772 [restartedMain] DEBUG o.h.i.f.i.DefaultIdentifierGeneratorFactory - Registering IdentifierGenerator strategy [foreign] -> [org.hibernate.id.ForeignGenerator]
11:00:02.772 [restartedMain] DEBUG o.h.i.f.i.DefaultIdentifierGeneratorFactory - Registering IdentifierGenerator strategy [sequence-identity] -> [org.hibernate.id.SequenceIdentityGenerator]
11:00:02.772 [restartedMain] DEBUG o.h.i.f.i.DefaultIdentifierGeneratorFactory - Registering IdentifierGenerator strategy [enhanced-sequence] -> [org.hibernate.id.enhanced.SequenceStyleGenerator]
11:00:02.773 [restartedMain] DEBUG o.h.i.f.i.DefaultIdentifierGeneratorFactory - Registering IdentifierGenerator strategy [enhanced-table] -> [org.hibernate.id.enhanced.TableGenerator]
11:00:02.775 [restartedMain] DEBUG o.h.e.j.e.i.JdbcEnvironmentInitiator - Database ->
       name : MySQL
    version : 8.0.23
      major : 8
      minor : 0
11:00:02.776 [restartedMain] DEBUG o.h.e.j.e.i.JdbcEnvironmentInitiator - Driver ->
       name : MySQL Connector/J
    version : mysql-connector-java-8.0.23 (Revision: 18bbd5e68195d0da083cbd5bd0d05d76320df7cd)
      major : 8
      minor : 0
11:00:02.776 [restartedMain] DEBUG o.h.e.j.e.i.JdbcEnvironmentInitiator - JDBC version : 4.2
11:00:02.790 [restartedMain] INFO  org.hibernate.dialect.Dialect - HHH000400: Using dialect: org.hibernate.dialect.MySQL8Dialect
11:00:02.798 [restartedMain] DEBUG o.h.e.j.e.s.IdentifierHelperBuilder - JDBC driver metadata reported database stores quoted identifiers in more than one case
11:00:02.811 [restartedMain] DEBUG o.h.e.j.e.s.IdentifierHelperBuilder - IdentifierCaseStrategy for both quoted and unquoted identifiers was set to the same strategy [LOWER]; that will likely lead to problems in schema update and validation if using quoted identifiers
11:00:02.825 [restartedMain] DEBUG o.h.boot.model.relational.Namespace - Created database namespace [logicalName=Name{catalog=null, schema=null}, physicalName=Name{catalog=null, schema=null}]
11:00:02.827 [restartedMain] DEBUG o.h.t.spi.TypeConfiguration$Scope - Scoping TypeConfiguration [org.hibernate.type.spi.TypeConfiguration@5b1dac9b] to MetadataBuildingContext [org.hibernate.boot.internal.MetadataBuildingContextRootImpl@572f6e0e]
11:00:02.856 [restartedMain] DEBUG org.hibernate.cfg.AnnotationBinder - Binding entity from annotated class: com.project.biddingSoft.domain.Bid
11:00:02.862 [restartedMain] DEBUG org.hibernate.cfg.Ejb3Column - Binding column: Ejb3DiscriminatorColumn{logicalColumnName'DTYPE', discriminatorTypeName='string'}
11:00:02.865 [restartedMain] DEBUG o.h.cfg.annotations.EntityBinder - Import with entity name Bid
11:00:02.868 [restartedMain] DEBUG o.h.cfg.annotations.EntityBinder - Bind entity com.project.biddingSoft.domain.Bid on table bid
11:00:02.877 [restartedMain] DEBUG org.hibernate.cfg.Ejb3Column - Binding column: Ejb3Column{table=org.hibernate.mapping.Table(bid), mappingColumn=id, insertable=true, updatable=true, unique=false}
11:00:02.878 [restartedMain] DEBUG o.h.b.i.ClassLoaderAccessImpl - Not known whether passed class name [com.project.biddingSoft.domain.Bid] is safe
11:00:02.878 [restartedMain] DEBUG o.h.b.i.ClassLoaderAccessImpl - No temp ClassLoader provided; using live ClassLoader for loading potentially unsafe class : com.project.biddingSoft.domain.Bid
11:00:02.878 [restartedMain] DEBUG o.h.cfg.annotations.PropertyBinder - MetadataSourceProcessor property id with lazy=false
11:00:02.879 [restartedMain] DEBUG o.h.cfg.AbstractPropertyHolder - Attempting to locate auto-apply AttributeConverter for property [com.project.biddingSoft.domain.Bid:id]
11:00:02.880 [restartedMain] DEBUG o.h.c.annotations.SimpleValueBinder - building SimpleValue for id
11:00:02.881 [restartedMain] DEBUG o.h.cfg.annotations.PropertyBinder - Building property id
11:00:02.882 [restartedMain] DEBUG org.hibernate.cfg.BinderHelper - #makeIdGenerator(org.hibernate.mapping.SimpleValue([org.hibernate.mapping.Column(id)]), id, org.hibernate.id.enhanced.SequenceStyleGenerator, , ...)
11:00:02.883 [restartedMain] DEBUG org.hibernate.cfg.AnnotationBinder - Binding entity from annotated class: com.project.biddingSoft.domain.Lot
11:00:02.883 [restartedMain] DEBUG org.hibernate.cfg.Ejb3Column - Binding column: Ejb3DiscriminatorColumn{logicalColumnName'DTYPE', discriminatorTypeName='string'}
11:00:02.883 [restartedMain] DEBUG o.h.cfg.annotations.EntityBinder - Import with entity name Lot
11:00:02.883 [restartedMain] DEBUG o.h.cfg.annotations.EntityBinder - Bind entity com.project.biddingSoft.domain.Lot on table lot
11:00:02.886 [restartedMain] DEBUG org.hibernate.cfg.Ejb3Column - Binding column: Ejb3Column{table=org.hibernate.mapping.Table(lot), mappingColumn=id, insertable=true, updatable=true, unique=false}
11:00:02.886 [restartedMain] DEBUG o.h.b.i.ClassLoaderAccessImpl - Not known whether passed class name [com.project.biddingSoft.domain.Lot] is safe
11:00:02.886 [restartedMain] DEBUG o.h.b.i.ClassLoaderAccessImpl - No temp ClassLoader provided; using live ClassLoader for loading potentially unsafe class : com.project.biddingSoft.domain.Lot
11:00:02.886 [restartedMain] DEBUG o.h.cfg.annotations.PropertyBinder - MetadataSourceProcessor property id with lazy=false
11:00:02.886 [restartedMain] DEBUG o.h.cfg.AbstractPropertyHolder - Attempting to locate auto-apply AttributeConverter for property [com.project.biddingSoft.domain.Lot:id]
11:00:02.886 [restartedMain] DEBUG o.h.c.annotations.SimpleValueBinder - building SimpleValue for id
11:00:02.886 [restartedMain] DEBUG o.h.cfg.annotations.PropertyBinder - Building property id
11:00:02.886 [restartedMain] DEBUG org.hibernate.cfg.BinderHelper - #makeIdGenerator(org.hibernate.mapping.SimpleValue([org.hibernate.mapping.Column(id)]), id, org.hibernate.id.enhanced.SequenceStyleGenerator, , ...)
11:00:02.887 [restartedMain] DEBUG org.hibernate.cfg.Ejb3Column - Binding column: Ejb3Column{table=org.hibernate.mapping.Table(lot), mappingColumn=description, insertable=true, updatable=true, unique=false}
11:00:02.887 [restartedMain] DEBUG o.h.cfg.annotations.PropertyBinder - MetadataSourceProcessor property description with lazy=false
11:00:02.887 [restartedMain] DEBUG o.h.cfg.AbstractPropertyHolder - Attempting to locate auto-apply AttributeConverter for property [com.project.biddingSoft.domain.Lot:description]
11:00:02.887 [restartedMain] DEBUG o.h.c.annotations.SimpleValueBinder - building SimpleValue for description
11:00:02.887 [restartedMain] DEBUG o.h.cfg.annotations.PropertyBinder - Building property description
11:00:02.887 [restartedMain] DEBUG org.hibernate.cfg.Ejb3Column - Binding column: Ejb3Column{table=org.hibernate.mapping.Table(lot), mappingColumn=username, insertable=true, updatable=true, unique=false}
11:00:02.887 [restartedMain] DEBUG o.h.cfg.annotations.PropertyBinder - MetadataSourceProcessor property userName with lazy=false
11:00:02.887 [restartedMain] DEBUG o.h.cfg.AbstractPropertyHolder - Attempting to locate auto-apply AttributeConverter for property [com.project.biddingSoft.domain.Lot:userName]
11:00:02.887 [restartedMain] DEBUG o.h.c.annotations.SimpleValueBinder - building SimpleValue for userName
11:00:02.887 [restartedMain] DEBUG o.h.cfg.annotations.PropertyBinder - Building property userName
11:00:02.887 [restartedMain] DEBUG org.hibernate.cfg.AnnotationBinder - Binding entity from annotated class: com.project.biddingSoft.domain.User
11:00:02.887 [restartedMain] DEBUG org.hibernate.cfg.Ejb3Column - Binding column: Ejb3DiscriminatorColumn{logicalColumnName'DTYPE', discriminatorTypeName='string'}
11:00:02.887 [restartedMain] DEBUG o.h.cfg.annotations.EntityBinder - Import with entity name User
11:00:02.887 [restartedMain] DEBUG o.h.cfg.annotations.EntityBinder - Bind entity com.project.biddingSoft.domain.User on table user
11:00:02.888 [restartedMain] DEBUG org.hibernate.cfg.Ejb3Column - Binding column: Ejb3Column{table=org.hibernate.mapping.Table(user), mappingColumn=id, insertable=true, updatable=true, unique=false}
11:00:02.888 [restartedMain] DEBUG o.h.b.i.ClassLoaderAccessImpl - Not known whether passed class name [com.project.biddingSoft.domain.User] is safe
11:00:02.888 [restartedMain] DEBUG o.h.b.i.ClassLoaderAccessImpl - No temp ClassLoader provided; using live ClassLoader for loading potentially unsafe class : com.project.biddingSoft.domain.User
11:00:02.888 [restartedMain] DEBUG o.h.cfg.annotations.PropertyBinder - MetadataSourceProcessor property id with lazy=false
11:00:02.888 [restartedMain] DEBUG o.h.cfg.AbstractPropertyHolder - Attempting to locate auto-apply AttributeConverter for property [com.project.biddingSoft.domain.User:id]
11:00:02.888 [restartedMain] DEBUG o.h.c.annotations.SimpleValueBinder - building SimpleValue for id
11:00:02.888 [restartedMain] DEBUG o.h.cfg.annotations.PropertyBinder - Building property id
11:00:02.888 [restartedMain] DEBUG org.hibernate.cfg.BinderHelper - #makeIdGenerator(org.hibernate.mapping.SimpleValue([org.hibernate.mapping.Column(id)]), id, org.hibernate.id.enhanced.SequenceStyleGenerator, , ...)
11:00:02.889 [restartedMain] DEBUG o.h.c.annotations.SimpleValueBinder - Starting fillSimpleValue for id
11:00:02.889 [restartedMain] DEBUG o.h.c.annotations.SimpleValueBinder - Starting fillSimpleValue for id
11:00:02.889 [restartedMain] DEBUG o.h.c.annotations.SimpleValueBinder - Starting fillSimpleValue for description
11:00:02.889 [restartedMain] DEBUG o.h.c.annotations.SimpleValueBinder - Starting fillSimpleValue for userName
11:00:02.889 [restartedMain] DEBUG o.h.c.annotations.SimpleValueBinder - Starting fillSimpleValue for id
11:00:02.889 [restartedMain] DEBUG org.hibernate.mapping.PrimaryKey - Forcing column [id] to be non-null as it is part of the primary key for table [bid]
11:00:02.889 [restartedMain] DEBUG org.hibernate.mapping.PrimaryKey - Forcing column [id] to be non-null as it is part of the primary key for table [lot]
11:00:02.890 [restartedMain] DEBUG org.hibernate.mapping.PrimaryKey - Forcing column [id] to be non-null as it is part of the primary key for table [user]
11:00:02.911 [restartedMain] DEBUG o.h.internal.SessionFactoryImpl - Building session factory
11:00:02.912 [restartedMain] DEBUG org.hibernate.cfg.Settings - SessionFactory name : null
11:00:02.912 [restartedMain] DEBUG org.hibernate.cfg.Settings - Automatic flush during beforeCompletion(): enabled
11:00:02.912 [restartedMain] DEBUG org.hibernate.cfg.Settings - Automatic session close at end of transaction: disabled
11:00:02.912 [restartedMain] DEBUG org.hibernate.cfg.Settings - Statistics: disabled
11:00:02.912 [restartedMain] DEBUG org.hibernate.cfg.Settings - Deleted entity synthetic identifier rollback: disabled
11:00:02.912 [restartedMain] DEBUG org.hibernate.cfg.Settings - Default entity-mode: pojo
11:00:02.912 [restartedMain] DEBUG org.hibernate.cfg.Settings - Check Nullability in Core (should be disabled when Bean Validation is on): enabled
11:00:02.912 [restartedMain] DEBUG org.hibernate.cfg.Settings - Allow initialization of lazy state outside session : disabled
11:00:02.912 [restartedMain] DEBUG org.hibernate.cfg.Settings - Using BatchFetchStyle : LEGACY
11:00:02.912 [restartedMain] DEBUG org.hibernate.cfg.Settings - Default batch fetch size: -1
11:00:02.912 [restartedMain] DEBUG org.hibernate.cfg.Settings - Maximum outer join fetch depth: 2
11:00:02.912 [restartedMain] DEBUG org.hibernate.cfg.Settings - Default null ordering: NONE
11:00:02.912 [restartedMain] DEBUG org.hibernate.cfg.Settings - Order SQL updates by primary key: disabled
11:00:02.912 [restartedMain] DEBUG org.hibernate.cfg.Settings - Order SQL inserts for batching: disabled
11:00:02.912 [restartedMain] DEBUG org.hibernate.cfg.Settings - multi-tenancy strategy : NONE
11:00:02.912 [restartedMain] DEBUG org.hibernate.cfg.Settings - JTA Track by Thread: enabled
11:00:02.912 [restartedMain] DEBUG org.hibernate.cfg.Settings - Query language substitutions: {}
11:00:02.912 [restartedMain] DEBUG org.hibernate.cfg.Settings - Named query checking : enabled
11:00:02.912 [restartedMain] DEBUG org.hibernate.cfg.Settings - Second-level cache: disabled
11:00:02.912 [restartedMain] DEBUG org.hibernate.cfg.Settings - Second-level query cache: disabled
11:00:02.913 [restartedMain] DEBUG org.hibernate.cfg.Settings - Second-level query cache factory: null
11:00:02.913 [restartedMain] DEBUG org.hibernate.cfg.Settings - Second-level cache region prefix: null
11:00:02.913 [restartedMain] DEBUG org.hibernate.cfg.Settings - Optimize second-level cache for minimal puts: disabled
11:00:02.913 [restartedMain] DEBUG org.hibernate.cfg.Settings - Structured second-level cache entries: disabled
11:00:02.913 [restartedMain] DEBUG org.hibernate.cfg.Settings - Second-level cache direct-reference entries: disabled
11:00:02.913 [restartedMain] DEBUG org.hibernate.cfg.Settings - Automatic eviction of collection cache: disabled
11:00:02.913 [restartedMain] DEBUG org.hibernate.cfg.Settings - JDBC batch size: 15
11:00:02.913 [restartedMain] DEBUG org.hibernate.cfg.Settings - JDBC batch updates for versioned data: enabled
11:00:02.913 [restartedMain] DEBUG org.hibernate.cfg.Settings - Scrollable result sets: enabled
11:00:02.913 [restartedMain] DEBUG org.hibernate.cfg.Settings - Wrap result sets: disabled
11:00:02.913 [restartedMain] DEBUG org.hibernate.cfg.Settings - JDBC3 getGeneratedKeys(): enabled
11:00:02.913 [restartedMain] DEBUG org.hibernate.cfg.Settings - JDBC result set fetch size: null
11:00:02.913 [restartedMain] DEBUG org.hibernate.cfg.Settings - Connection release mode: ON_CLOSE
11:00:02.913 [restartedMain] DEBUG org.hibernate.cfg.Settings - Generate SQL with comments: disabled
11:00:02.913 [restartedMain] DEBUG org.hibernate.cfg.Settings - JPA compliance - query : disabled
11:00:02.913 [restartedMain] DEBUG org.hibernate.cfg.Settings - JPA compliance - closed-handling : disabled
11:00:02.913 [restartedMain] DEBUG org.hibernate.cfg.Settings - JPA compliance - lists : disabled
11:00:02.913 [restartedMain] DEBUG org.hibernate.cfg.Settings - JPA compliance - transactions : disabled
11:00:02.943 [restartedMain] DEBUG o.h.internal.SessionFactoryImpl - Session factory constructed with filter configurations : {}
11:00:02.943 [restartedMain] DEBUG o.h.internal.SessionFactoryImpl - Instantiating session factory with properties: {hibernate.id.new_generator_mappings=true, java.specification.version=15, sun.cpu.isalist=amd64, hibernate.resource.beans.container=org.springframework.orm.hibernate5.SpringBeanContainer@41241fc9, hibernate.connection.handling_mode=DELAYED_ACQUISITION_AND_HOLD, sun.jnu.encoding=Cp1252, hibernate.implicit_naming_strategy=org.springframework.boot.orm.jpa.hibernate.SpringImplicitNamingStrategy, java.class.path=C:\Users\nuche\Documents\StuProj\java\biddingSoft\target\classes;C:\Users\nuche\.m2\repository\org\springframework\boot\spring-boot-starter-data-jpa\2.4.3\spring-boot-starter-data-jpa-2.4.3.jar;C:\Users\nuche\.m2\repository\org\springframework\boot\spring-boot-starter-aop\2.4.3\spring-boot-starter-aop-2.4.3.jar;C:\Users\nuche\.m2\repository\org\aspectj\aspectjweaver\1.9.6\aspectjweaver-1.9.6.jar;C:\Users\nuche\.m2\repository\org\springframework\boot\spring-boot-starter-jdbc\2.4.3\spring-boot-starter-jdbc-2.4.3.jar;C:\Users\nuche\.m2\repository\com\zaxxer\HikariCP\3.4.5\HikariCP-3.4.5.jar;C:\Users\nuche\.m2\repository\org\springframework\spring-jdbc\5.3.4\spring-jdbc-5.3.4.jar;C:\Users\nuche\.m2\repository\jakarta\transaction\jakarta.transaction-api\1.3.3\jakarta.transaction-api-1.3.3.jar;C:\Users\nuche\.m2\repository\jakarta\persistence\jakarta.persistence-api\2.2.3\jakarta.persistence-api-2.2.3.jar;C:\Users\nuche\.m2\repository\org\hibernate\hibernate-core\5.4.28.Final\hibernate-core-5.4.28.Final.jar;C:\Users\nuche\.m2\repository\org\jboss\logging\jboss-logging\3.4.1.Final\jboss-logging-3.4.1.Final.jar;C:\Users\nuche\.m2\repository\org\javassist\javassist\3.27.0-GA\javassist-3.27.0-GA.jar;C:\Users\nuche\.m2\repository\net\bytebuddy\byte-buddy\1.10.20\byte-buddy-1.10.20.jar;C:\Users\nuche\.m2\repository\antlr\antlr\2.7.7\antlr-2.7.7.jar;C:\Users\nuche\.m2\repository\org\jboss\jandex\2.2.3.Final\jandex-2.2.3.Final.jar;C:\Users\nuche\.m2\repository\com\fasterxml\classmate\1.5.1\classmate-1.5.1.jar;C:\Users\nuche\.m2\repository\org\dom4j\dom4j\2.1.3\dom4j-2.1.3.jar;C:\Users\nuche\.m2\repository\org\hibernate\common\hibernate-commons-annotations\5.1.2.Final\hibernate-commons-annotations-5.1.2.Final.jar;C:\Users\nuche\.m2\repository\org\glassfish\jaxb\jaxb-runtime\2.3.3\jaxb-runtime-2.3.3.jar;C:\Users\nuche\.m2\repository\org\glassfish\jaxb\txw2\2.3.3\txw2-2.3.3.jar;C:\Users\nuche\.m2\repository\com\sun\istack\istack-commons-runtime\3.0.11\istack-commons-runtime-3.0.11.jar;C:\Users\nuche\.m2\repository\org\springframework\spring-aspects\5.3.4\spring-aspects-5.3.4.jar;C:\Users\nuche\.m2\repository\org\springframework\boot\spring-boot-starter-mail\2.4.3\spring-boot-starter-mail-2.4.3.jar;C:\Users\nuche\.m2\repository\org\springframework\boot\spring-boot-starter\2.4.3\spring-boot-starter-2.4.3.jar;C:\Users\nuche\.m2\repository\org\springframework\boot\spring-boot-starter-logging\2.4.3\spring-boot-starter-logging-2.4.3.jar;C:\Users\nuche\.m2\repository\ch\qos\logback\logback-classic\1.2.3\logback-classic-1.2.3.jar;C:\Users\nuche\.m2\repository\ch\qos\logback\logback-core\1.2.3\logback-core-1.2.3.jar;C:\Users\nuche\.m2\repository\org\apache\logging\log4j\log4j-to-slf4j\2.13.3\log4j-to-slf4j-2.13.3.jar;C:\Users\nuche\.m2\repository\org\apache\logging\log4j\log4j-api\2.13.3\log4j-api-2.13.3.jar;C:\Users\nuche\.m2\repository\org\slf4j\jul-to-slf4j\1.7.30\jul-to-slf4j-1.7.30.jar;C:\Users\nuche\.m2\repository\org\yaml\snakeyaml\1.27\snakeyaml-1.27.jar;C:\Users\nuche\.m2\repository\org\springframework\spring-context-support\5.3.4\spring-context-support-5.3.4.jar;C:\Users\nuche\.m2\repository\com\sun\mail\jakarta.mail\1.6.5\jakarta.mail-1.6.5.jar;C:\Users\nuche\.m2\repository\com\sun\activation\jakarta.activation\1.2.2\jakarta.activation-1.2.2.jar;C:\Users\nuche\.m2\repository\org\springframework\boot\spring-boot-starter-security\2.4.3\spring-boot-starter-security-2.4.3.jar;C:\Users\nuche\.m2\repository\org\springframework\spring-aop\5.3.4\spring-aop-5.3.4.jar;C:\Users\nuche\.m2\repository\org\springframework\security\spring-security-config\5.4.5\spring-security-config-5.4.5.jar;C:\Users\nuche\.m2\repository\org\springframework\security\spring-security-web\5.4.5\spring-security-web-5.4.5.jar;C:\Users\nuche\.m2\repository\org\springframework\spring-expression\5.3.4\spring-expression-5.3.4.jar;C:\Users\nuche\.m2\repository\org\springframework\boot\spring-boot-starter-web\2.4.3\spring-boot-starter-web-2.4.3.jar;C:\Users\nuche\.m2\repository\org\springframework\boot\spring-boot-starter-json\2.4.3\spring-boot-starter-json-2.4.3.jar;C:\Users\nuche\.m2\repository\com\fasterxml\jackson\core\jackson-databind\2.11.4\jackson-databind-2.11.4.jar;C:\Users\nuche\.m2\repository\com\fasterxml\jackson\core\jackson-core\2.11.4\jackson-core-2.11.4.jar;C:\Users\nuche\.m2\repository\com\fasterxml\jackson\datatype\jackson-datatype-jdk8\2.11.4\jackson-datatype-jdk8-2.11.4.jar;C:\Users\nuche\.m2\repository\com\fasterxml\jackson\datatype\jackson-datatype-jsr310\2.11.4\jackson-datatype-jsr310-2.11.4.jar;C:\Users\nuche\.m2\repository\com\fasterxml\jackson\module\jackson-module-parameter-names\2.11.4\jackson-module-parameter-names-2.11.4.jar;C:\Users\nuche\.m2\repository\org\springframework\spring-web\5.3.4\spring-web-5.3.4.jar;C:\Users\nuche\.m2\repository\org\springframework\spring-webmvc\5.3.4\spring-webmvc-5.3.4.jar;C:\Users\nuche\.m2\repository\com\h2database\h2\1.4.200\h2-1.4.200.jar;C:\Users\nuche\.m2\repository\org\springframework\boot\spring-boot-starter-tomcat\2.4.3\spring-boot-starter-tomcat-2.4.3.jar;C:\Users\nuche\.m2\repository\jakarta\annotation\jakarta.annotation-api\1.3.5\jakarta.annotation-api-1.3.5.jar;C:\Users\nuche\.m2\repository\org\apache\tomcat\embed\tomcat-embed-core\9.0.43\tomcat-embed-core-9.0.43.jar;C:\Users\nuche\.m2\repository\org\glassfish\jakarta.el\3.0.3\jakarta.el-3.0.3.jar;C:\Users\nuche\.m2\repository\org\apache\tomcat\embed\tomcat-embed-websocket\9.0.43\tomcat-embed-websocket-9.0.43.jar;C:\Users\nuche\.m2\repository\com\jayway\jsonpath\json-path\2.4.0\json-path-2.4.0.jar;C:\Users\nuche\.m2\repository\net\minidev\json-smart\2.3\json-smart-2.3.jar;C:\Users\nuche\.m2\repository\net\minidev\accessors-smart\1.2\accessors-smart-1.2.jar;C:\Users\nuche\.m2\repository\org\ow2\asm\asm\5.0.4\asm-5.0.4.jar;C:\Users\nuche\.m2\repository\jakarta\xml\bind\jakarta.xml.bind-api\2.3.3\jakarta.xml.bind-api-2.3.3.jar;C:\Users\nuche\.m2\repository\jakarta\activation\jakarta.activation-api\1.2.2\jakarta.activation-api-1.2.2.jar;C:\Users\nuche\.m2\repository\org\springframework\spring-core\5.3.4\spring-core-5.3.4.jar;C:\Users\nuche\.m2\repository\org\springframework\spring-jcl\5.3.4\spring-jcl-5.3.4.jar;C:\Users\nuche\.m2\repository\org\springframework\security\spring-security-core\5.4.5\spring-security-core-5.4.5.jar;C:\Users\nuche\.m2\repository\org\springframework\boot\spring-boot-starter-thymeleaf\2.4.3\spring-boot-starter-thymeleaf-2.4.3.jar;C:\Users\nuche\.m2\repository\org\thymeleaf\thymeleaf-spring5\3.0.12.RELEASE\thymeleaf-spring5-3.0.12.RELEASE.jar;C:\Users\nuche\.m2\repository\org\thymeleaf\thymeleaf\3.0.12.RELEASE\thymeleaf-3.0.12.RELEASE.jar;C:\Users\nuche\.m2\repository\org\attoparser\attoparser\2.0.5.RELEASE\attoparser-2.0.5.RELEASE.jar;C:\Users\nuche\.m2\repository\org\unbescape\unbescape\1.1.6.RELEASE\unbescape-1.1.6.RELEASE.jar;C:\Users\nuche\.m2\repository\org\thymeleaf\extras\thymeleaf-extras-java8time\3.0.4.RELEASE\thymeleaf-extras-java8time-3.0.4.RELEASE.jar;C:\Users\nuche\.m2\repository\mysql\mysql-connector-java\8.0.23\mysql-connector-java-8.0.23.jar;C:\Users\nuche\.m2\repository\javax\persistence\javax.persistence-api\2.2\javax.persistence-api-2.2.jar;C:\Users\nuche\.m2\repository\org\springframework\data\spring-data-commons\2.4.5\spring-data-commons-2.4.5.jar;C:\Users\nuche\.m2\repository\org\springframework\spring-beans\5.3.4\spring-beans-5.3.4.jar;C:\Users\nuche\.m2\repository\org\slf4j\slf4j-api\1.7.30\slf4j-api-1.7.30.jar;C:\Users\nuche\.m2\repository\org\springframework\boot\spring-boot-actuator\2.4.3\spring-boot-actuator-2.4.3.jar;C:\Users\nuche\.m2\repository\org\springframework\boot\spring-boot\2.4.3\spring-boot-2.4.3.jar;C:\Users\nuche\.m2\repository\org\springframework\boot\spring-boot-devtools\2.4.3\spring-boot-devtools-2.4.3.jar;C:\Users\nuche\.m2\repository\org\springframework\boot\spring-boot-autoconfigure\2.4.3\spring-boot-autoconfigure-2.4.3.jar;C:\Users\nuche\.m2\repository\org\springframework\boot\spring-boot-starter-data-rest\2.4.3\spring-boot-starter-data-rest-2.4.3.jar;C:\Users\nuche\.m2\repository\org\springframework\data\spring-data-rest-webmvc\3.4.5\spring-data-rest-webmvc-3.4.5.jar;C:\Users\nuche\.m2\repository\org\springframework\data\spring-data-rest-core\3.4.5\spring-data-rest-core-3.4.5.jar;C:\Users\nuche\.m2\repository\org\springframework\hateoas\spring-hateoas\1.2.4\spring-hateoas-1.2.4.jar;C:\Users\nuche\.m2\repository\org\springframework\plugin\spring-plugin-core\2.0.0.RELEASE\spring-plugin-core-2.0.0.RELEASE.jar;C:\Users\nuche\.m2\repository\org\atteo\evo-inflector\1.2.2\evo-inflector-1.2.2.jar;C:\Users\nuche\.m2\repository\com\fasterxml\jackson\core\jackson-annotations\2.11.4\jackson-annotations-2.11.4.jar;C:\Users\nuche\.m2\repository\org\springframework\data\spring-data-jpa\2.4.5\spring-data-jpa-2.4.5.jar;C:\Users\nuche\.m2\repository\org\springframework\spring-orm\5.3.4\spring-orm-5.3.4.jar;C:\Users\nuche\.m2\repository\org\springframework\spring-context\5.3.4\spring-context-5.3.4.jar;C:\Users\nuche\.m2\repository\org\springframework\spring-tx\5.3.4\spring-tx-5.3.4.jar;C:\Users\nuche\.m2\repository\org\aspectj\aspectjrt\1.9.6\aspectjrt-1.9.6.jar, com.sun.management.jmxremote.authenticate=false, java.vm.vendor=Oracle Corporation, sun.arch.data.model=64, user.variant=, java.vendor.url=https://java.oracle.com/, catalina.useNaming=false, user.timezone=Europe/London, java.vm.specification.version=15, os.name=Windows 10, javax.persistence.validation.mode=AUTO, sun.java.launcher=SUN_STANDARD, user.country=US, sun.boot.library.path=C:\Program Files\Java\jdk-15.0.2\bin, com.sun.management.jmxremote.ssl=false, sun.java.command=com.project.biddingSoft.BiddingSoftwareApplication --spring.output.ansi.enabled=always, spring.application.admin.enabled=true, javax.persistence.nonJtaDataSource=HikariDataSource (HikariPool-1), hibernate.transaction.jta.platform=org.hibernate.engine.transaction.jta.platform.internal.NoJtaPlatform@643b40fc, com.sun.management.jmxremote=, javax.persistence.sharedCache.mode=UNSPECIFIED, jdk.debug=release, sun.cpu.endian=little, spring.boot.project.name=biddingSoft, user.home=C:\Users\nuche, user.language=en, java.specification.vendor=Oracle Corporation, java.version.date=2021-01-19, java.home=C:\Program Files\Java\jdk-15.0.2, file.separator=\, java.vm.compressedOopsMode=Zero based, line.separator=
, java.vm.specification.vendor=Oracle Corporation, java.specification.name=Java Platform API Specification, FILE_LOG_CHARSET=UTF-8, hibernate.transaction.coordinator_class=class org.hibernate.resource.transaction.backend.jdbc.internal.JdbcResourceLocalTransactionCoordinatorBuilderImpl, java.awt.headless=true, hibernate.hbm2ddl.auto=update, user.script=, sun.management.compiler=HotSpot 64-Bit Tiered Compilers, java.runtime.version=15.0.2+7-27, user.name=nuche, spring.jmx.enabled=true, path.separator=;, os.version=10.0, java.runtime.name=Java(TM) SE Runtime Environment, file.encoding=UTF-8, hibernate.ejb.persistenceUnitName=default, spring.beaninfo.ignore=true, java.vm.name=Java HotSpot(TM) 64-Bit Server VM, java.vendor.url.bug=https://bugreport.java.com/bugreport/, java.io.tmpdir=C:\Users\nuche\AppData\Local\Temp\, com.zaxxer.hikari.pool_number=1, catalina.home=C:\Users\nuche\AppData\Local\Temp\tomcat.8080.13786782622544330135, com.sun.management.jmxremote.port=8472, java.version=15.0.2, hibernate.physical_naming_strategy=org.springframework.boot.orm.jpa.hibernate.SpringPhysicalNamingStrategy, user.dir=C:\Users\nuche\Documents\StuProj\java\biddingSoft, os.arch=amd64, java.vm.specification.name=Java Virtual Machine Specification, PID=8196, sun.os.patch.level=, CONSOLE_LOG_CHARSET=UTF-8, catalina.base=C:\Users\nuche\AppData\Local\Temp\tomcat.8080.13786782622544330135, hibernate.boot.CfgXmlAccessService.key=org.hibernate.boot.registry.StandardServiceRegistryBuilder$1@4368c8ea, java.library.path=C:\Program Files\Java\jdk-15.0.2\bin;C:\Windows\Sun\Java\bin;C:\Windows\system32;C:\Windows;C:\Program Files (x86)\Common Files\Oracle\Java\javapath;C:\Program Files\Common Files\Oracle\Java\javapath;C:\Python38\Scripts\;C:\Python38\;C:\Windows\system32;C:\Windows;C:\Windows\System32\Wbem;C:\Windows\System32\WindowsPowerShell\v1.0\;C:\Windows\System32\OpenSSH\;C:\Program Files\Git\cmd;C:\Program Files\Microsoft SQL Server\130\Tools\Binn\;C:\Program Files\nodejs\;C:\ProgramData\chocolatey\bin;C:\Program Files\swipl\bin;C:\Program Files\JetBrains\GoLand 2020.1.2\bin;C:\Go\bin;C:\TDM-GCC-64\bin;C:\Program Files (x86)\sbt\bin;C:\Users\nuche\sdk;C:\Program Files\dotnet\;C:\Program Files\dotnet\sdk\5.0.100;C:\Program Files\Microsoft SQL Server\Client SDK\ODBC\170\Tools\Binn\;%M2%;C:\Program Files\spring-2.4.3\bin;C:\Program Files\MySQL\MySQL Shell 8.0\bin\;C:\Users\nuche\AppData\Local\Microsoft\WindowsApps;C:\Program Files\JetBrains\WebStorm 2019.3.3\bin;C:\Users\nuche\AppData\Roaming\npm;C:\Users\nuche\.dotnet\tools;C:\Program Files\JetBrains\IntelliJ IDEA 2020.1.1\bin;C:\Program Files\JetBrains\GoLand 2020.1.2\bin;C:\Users\nuche\go\bin;C:\Users\nuche\AppData\Local\GitHubDesktop\bin;C:\Users\nuche\AppData\Roaming\Dashlane\6.2026.0.36165\bin\Firefox_Extension\{442718d9-475e-452a-b3e1-fb1ee16b8e9f}\components;C:\Users\nuche\AppData\Roaming\Dashlane\6.2026.0.36165\ucrt;C:\Users\nuche\AppData\Roaming\Dashlane\6.2026.0.36165\bin\Qt;C:\Users\nuche\AppData\Roaming\Dashlane\6.2026.0.36165\ucrt;C:\Users\nuche\AppData\Roaming\Dashlane\6.2026.0.36165\bin\Ssl;C:\Users\nuche\AppData\Local\atom\bin;C:\MinGW\bin;C:\Users\nuche\.dotnet\tools;C:\Program Files\dotnet\sdk\5.0.100;C:\Program Files\Java\jdk-15.0.2\bin;C:\Program Files\apache-maven-3.6.3\bin;C:\Program Files\spring-2.4.3\bin;C:\Program Files (x86)\Nmap;., java.vendor=Oracle Corporation, java.vm.info=mixed mode, sharing, java.vm.version=15.0.2+7-27, hibernate.bytecode.use_reflection_optimizer=false, java.rmi.server.randomIDs=true, java.rmi.server.hostname=localhost, sun.io.unicode.encoding=UnicodeLittle, hibernate.archive.scanner=org.hibernate.boot.archive.scan.internal.DisabledScanner, hibernate.connection.datasource=HikariDataSource (HikariPool-1), java.class.version=59.0}
11:00:02.950 [restartedMain] DEBUG o.h.secure.spi.JaccIntegrator - Skipping JACC integration as it was not enabled
11:00:02.951 [restartedMain] DEBUG o.h.internal.SessionFactoryImpl - Instantiated session factory
11:00:02.951 [restartedMain] DEBUG o.h.t.spi.TypeConfiguration$Scope - Scoping TypeConfiguration [org.hibernate.type.spi.TypeConfiguration@5b1dac9b] to SessionFactoryImpl [org.hibernate.internal.SessionFactoryImpl@d04668b]
11:00:02.976 [restartedMain] DEBUG o.h.b.i.ClassLoaderAccessImpl - Not known whether passed class name [com.project.biddingSoft.domain.Bid] is safe
11:00:02.976 [restartedMain] DEBUG o.h.b.i.ClassLoaderAccessImpl - No temp ClassLoader provided; using live ClassLoader for loading potentially unsafe class : com.project.biddingSoft.domain.Bid
11:00:03.108 [restartedMain] DEBUG o.h.b.i.ClassLoaderAccessImpl - Not known whether passed class name [com.project.biddingSoft.domain.User] is safe
11:00:03.108 [restartedMain] DEBUG o.h.b.i.ClassLoaderAccessImpl - No temp ClassLoader provided; using live ClassLoader for loading potentially unsafe class : com.project.biddingSoft.domain.User
11:00:03.116 [restartedMain] DEBUG o.h.b.i.ClassLoaderAccessImpl - Not known whether passed class name [com.project.biddingSoft.domain.Lot] is safe
11:00:03.116 [restartedMain] DEBUG o.h.b.i.ClassLoaderAccessImpl - No temp ClassLoader provided; using live ClassLoader for loading potentially unsafe class : com.project.biddingSoft.domain.Lot
11:00:03.131 [restartedMain] DEBUG o.h.p.e.AbstractEntityPersister - Static SQL for entity: com.project.biddingSoft.domain.Bid
11:00:03.131 [restartedMain] DEBUG o.h.p.e.AbstractEntityPersister -  Version select: select id from bid where id =?
11:00:03.131 [restartedMain] DEBUG o.h.p.e.AbstractEntityPersister -  Snapshot select: select bid_.id from bid bid_ where bid_.id=?
11:00:03.131 [restartedMain] DEBUG o.h.p.e.AbstractEntityPersister -  Insert 0: insert into bid (id) values (?)
11:00:03.131 [restartedMain] DEBUG o.h.p.e.AbstractEntityPersister -  Update 0: null
11:00:03.131 [restartedMain] DEBUG o.h.p.e.AbstractEntityPersister -  Delete 0: delete from bid where id=?
11:00:03.148 [restartedMain] DEBUG o.h.l.p.b.i.spaces.QuerySpacesImpl - Adding QuerySpace : uid = <gen:0> -> org.hibernate.loader.plan.build.internal.spaces.EntityQuerySpaceImpl@884238d]
11:00:03.148 [restartedMain] DEBUG o.h.l.p.b.i.FetchStyleLoadPlanBuildingAssociationVisitationStrategy - Building LoadPlan...
11:00:03.154 [restartedMain] DEBUG o.h.l.p.e.i.LoadQueryJoinAndFetchProcessor - processing queryspace <gen:0>
11:00:03.156 [restartedMain] DEBUG o.h.l.p.b.spi.LoadPlanTreePrinter - LoadPlan(entity=com.project.biddingSoft.domain.Bid)
    - Returns
       - EntityReturnImpl(entity=com.project.biddingSoft.domain.Bid, querySpaceUid=<gen:0>, path=com.project.biddingSoft.domain.Bid)
    - QuerySpaces
       - EntityQuerySpaceImpl(uid=<gen:0>, entity=com.project.biddingSoft.domain.Bid)
          - SQL table alias mapping - bid0_
          - alias suffix - 0_
          - suffixed key columns - {id1_0_0_}

11:00:03.157 [restartedMain] DEBUG o.h.loader.entity.plan.EntityLoader - Static select for entity com.project.biddingSoft.domain.Bid [NONE]: select bid0_.id as id1_0_0_ from bid bid0_ where bid0_.id=?
11:00:03.157 [restartedMain] DEBUG o.h.p.e.AbstractEntityPersister - Static SQL for entity: com.project.biddingSoft.domain.User
11:00:03.157 [restartedMain] DEBUG o.h.p.e.AbstractEntityPersister -  Version select: select id from user where id =?
11:00:03.157 [restartedMain] DEBUG o.h.p.e.AbstractEntityPersister -  Snapshot select: select user_.id from user user_ where user_.id=?
11:00:03.157 [restartedMain] DEBUG o.h.p.e.AbstractEntityPersister -  Insert 0: insert into user (id) values (?)
11:00:03.157 [restartedMain] DEBUG o.h.p.e.AbstractEntityPersister -  Update 0: null
11:00:03.157 [restartedMain] DEBUG o.h.p.e.AbstractEntityPersister -  Delete 0: delete from user where id=?
11:00:03.158 [restartedMain] DEBUG o.h.l.p.b.i.spaces.QuerySpacesImpl - Adding QuerySpace : uid = <gen:0> -> org.hibernate.loader.plan.build.internal.spaces.EntityQuerySpaceImpl@2d28f47]
11:00:03.158 [restartedMain] DEBUG o.h.l.p.b.i.FetchStyleLoadPlanBuildingAssociationVisitationStrategy - Building LoadPlan...
11:00:03.158 [restartedMain] DEBUG o.h.l.p.e.i.LoadQueryJoinAndFetchProcessor - processing queryspace <gen:0>
11:00:03.158 [restartedMain] DEBUG o.h.l.p.b.spi.LoadPlanTreePrinter - LoadPlan(entity=com.project.biddingSoft.domain.User)
    - Returns
       - EntityReturnImpl(entity=com.project.biddingSoft.domain.User, querySpaceUid=<gen:0>, path=com.project.biddingSoft.domain.User)
    - QuerySpaces
       - EntityQuerySpaceImpl(uid=<gen:0>, entity=com.project.biddingSoft.domain.User)
          - SQL table alias mapping - user0_
          - alias suffix - 0_
          - suffixed key columns - {id1_2_0_}

11:00:03.158 [restartedMain] DEBUG o.h.loader.entity.plan.EntityLoader - Static select for entity com.project.biddingSoft.domain.User [NONE]: select user0_.id as id1_2_0_ from user user0_ where user0_.id=?
11:00:03.158 [restartedMain] DEBUG o.h.p.e.AbstractEntityPersister - Static SQL for entity: com.project.biddingSoft.domain.Lot
11:00:03.158 [restartedMain] DEBUG o.h.p.e.AbstractEntityPersister -  Version select: select id from lot where id =?
11:00:03.158 [restartedMain] DEBUG o.h.p.e.AbstractEntityPersister -  Snapshot select: select lot_.id, lot_.description as descript2_1_, lot_.username as username3_1_ from lot lot_ where lot_.id=?
11:00:03.158 [restartedMain] DEBUG o.h.p.e.AbstractEntityPersister -  Insert 0: insert into lot (description, username, id) values (?, ?, ?)
11:00:03.158 [restartedMain] DEBUG o.h.p.e.AbstractEntityPersister -  Update 0: update lot set description=?, username=? where id=?
11:00:03.158 [restartedMain] DEBUG o.h.p.e.AbstractEntityPersister -  Delete 0: delete from lot where id=?
11:00:03.158 [restartedMain] DEBUG o.h.l.p.b.i.spaces.QuerySpacesImpl - Adding QuerySpace : uid = <gen:0> -> org.hibernate.loader.plan.build.internal.spaces.EntityQuerySpaceImpl@1c0d74e0]
11:00:03.158 [restartedMain] DEBUG o.h.p.w.spi.MetamodelGraphWalker - Visiting attribute path : description
11:00:03.158 [restartedMain] DEBUG o.h.p.w.spi.MetamodelGraphWalker - Visiting attribute path : userName
11:00:03.158 [restartedMain] DEBUG o.h.l.p.b.i.FetchStyleLoadPlanBuildingAssociationVisitationStrategy - Building LoadPlan...
11:00:03.158 [restartedMain] DEBUG o.h.l.p.e.i.LoadQueryJoinAndFetchProcessor - processing queryspace <gen:0>
11:00:03.158 [restartedMain] DEBUG o.h.l.p.b.spi.LoadPlanTreePrinter - LoadPlan(entity=com.project.biddingSoft.domain.Lot)
    - Returns
       - EntityReturnImpl(entity=com.project.biddingSoft.domain.Lot, querySpaceUid=<gen:0>, path=com.project.biddingSoft.domain.Lot)
    - QuerySpaces
       - EntityQuerySpaceImpl(uid=<gen:0>, entity=com.project.biddingSoft.domain.Lot)
          - SQL table alias mapping - lot0_
          - alias suffix - 0_
          - suffixed key columns - {id1_1_0_}

11:00:03.158 [restartedMain] DEBUG o.h.loader.entity.plan.EntityLoader - Static select for entity com.project.biddingSoft.domain.Lot [NONE]: select lot0_.id as id1_1_0_, lot0_.description as descript2_1_0_, lot0_.username as username3_1_0_ from lot lot0_ where lot0_.id=?
11:00:03.193 [restartedMain] DEBUG org.hibernate.mapping.Table - No alter strings for table : bid
11:00:03.193 [restartedMain] DEBUG org.hibernate.mapping.Table - No alter strings for table : hibernate_sequence
11:00:03.193 [restartedMain] DEBUG org.hibernate.mapping.Table - No alter strings for table : lot
11:00:03.193 [restartedMain] DEBUG org.hibernate.mapping.Table - No alter strings for table : user
11:00:03.193 [restartedMain] INFO  o.h.e.t.j.p.i.JtaPlatformInitiator - HHH000490: Using JtaPlatform implementation: [org.hibernate.engine.transaction.jta.platform.internal.NoJtaPlatform]
11:00:03.194 [restartedMain] DEBUG o.h.query.spi.NamedQueryRepository - Checking 0 named HQL queries
11:00:03.194 [restartedMain] DEBUG o.h.query.spi.NamedQueryRepository - Checking 0 named SQL queries
11:00:03.199 [restartedMain] DEBUG o.h.internal.SessionFactoryRegistry - Initializing SessionFactoryRegistry : org.hibernate.internal.SessionFactoryRegistry@4a2eaf99
11:00:03.199 [restartedMain] DEBUG o.h.internal.SessionFactoryRegistry - Registering SessionFactory: 102f52e2-7a48-4624-b65d-2b164429d1e2 (<unnamed>)
11:00:03.199 [restartedMain] DEBUG o.h.internal.SessionFactoryRegistry - Not binding SessionFactory to JNDI, no JNDI name configured
11:00:03.199 [restartedMain] INFO  o.s.o.j.LocalContainerEntityManagerFactoryBean - Initialized JPA EntityManagerFactory for persistence unit 'default'
11:00:03.231 [restartedMain] INFO  o.s.b.d.a.OptionalLiveReloadServer - LiveReload server is running on port 35729
11:00:03.324 [restartedMain] DEBUG o.h.s.internal.StatisticsInitiator - Statistics initialized [enabled=false]
11:00:03.349 [restartedMain] WARN  o.s.b.w.s.c.AnnotationConfigServletWebServerApplicationContext - Exception encountered during context initialization - cancelling refresh attempt: org.springframework.beans.factory.UnsatisfiedDependencyException: Error creating bean with name 'servletInitializer': Unsatisfied dependency expressed through field 'daoServiceImpl'; nested exception is org.springframework.beans.factory.UnsatisfiedDependencyException: Error creating bean with name 'daoServiceImpl': Unsatisfied dependency expressed through field 'iRepo'; nested exception is org.springframework.beans.factory.BeanCreationException: Error creating bean with name 'IRepo' defined in com.project.biddingSoft.dao.IRepo defined in @EnableJpaRepositories declared on JpaRepositoriesRegistrar.EnableJpaRepositoriesConfiguration: Invocation of init method failed; nested exception is java.lang.IllegalArgumentException: This class [class com.project.biddingSoft.domain.Storable] does not define an IdClass
11:00:03.349 [restartedMain] INFO  o.s.o.j.LocalContainerEntityManagerFactoryBean - Closing JPA EntityManagerFactory for persistence unit 'default'
11:00:03.349 [restartedMain] DEBUG o.h.internal.SessionFactoryImpl - HHH000031: Closing
11:00:03.350 [restartedMain] DEBUG o.h.t.spi.TypeConfiguration$Scope - Un-scoping TypeConfiguration [org.hibernate.type.spi.TypeConfiguration$Scope@2aa8c7cb] from SessionFactory [org.hibernate.internal.SessionFactoryImpl@d04668b]
11:00:03.351 [restartedMain] DEBUG o.h.s.i.AbstractServiceRegistryImpl - Implicitly destroying ServiceRegistry on de-registration of all child ServiceRegistries
11:00:03.351 [restartedMain] DEBUG o.h.b.r.i.BootstrapServiceRegistryImpl - Implicitly destroying Boot-strap registry on de-registration of all child ServiceRegistries
11:00:03.352 [restartedMain] INFO  com.zaxxer.hikari.HikariDataSource - HikariPool-1 - Shutdown initiated...
11:00:03.352 [restartedMain] DEBUG com.zaxxer.hikari.pool.HikariPool - HikariPool-1 - Before shutdown stats (total=10, active=0, idle=10, waiting=0)
11:00:03.353 [HikariPool-1 connection closer] DEBUG com.zaxxer.hikari.pool.PoolBase - HikariPool-1 - Closing connection com.mysql.cj.jdbc.ConnectionImpl@64cbcb17: (connection evicted)
11:00:03.354 [HikariPool-1 connection closer] DEBUG com.zaxxer.hikari.pool.PoolBase - HikariPool-1 - Closing connection com.mysql.cj.jdbc.ConnectionImpl@50409fc9: (connection evicted)
11:00:03.354 [HikariPool-1 connection closer] DEBUG com.zaxxer.hikari.pool.PoolBase - HikariPool-1 - Closing connection com.mysql.cj.jdbc.ConnectionImpl@1c40582: (connection evicted)
11:00:03.354 [HikariPool-1 connection closer] DEBUG com.zaxxer.hikari.pool.PoolBase - HikariPool-1 - Closing connection com.mysql.cj.jdbc.ConnectionImpl@266f2e15: (connection evicted)
11:00:03.355 [HikariPool-1 connection closer] DEBUG com.zaxxer.hikari.pool.PoolBase - HikariPool-1 - Closing connection com.mysql.cj.jdbc.ConnectionImpl@58a78e7: (connection evicted)
11:00:03.355 [HikariPool-1 connection closer] DEBUG com.zaxxer.hikari.pool.PoolBase - HikariPool-1 - Closing connection com.mysql.cj.jdbc.ConnectionImpl@25db4ac: (connection evicted)
11:00:03.355 [HikariPool-1 connection closer] DEBUG com.zaxxer.hikari.pool.PoolBase - HikariPool-1 - Closing connection com.mysql.cj.jdbc.ConnectionImpl@6cb233ac: (connection evicted)
11:00:03.356 [HikariPool-1 connection closer] DEBUG com.zaxxer.hikari.pool.PoolBase - HikariPool-1 - Closing connection com.mysql.cj.jdbc.ConnectionImpl@397abe87: (connection evicted)
11:00:03.356 [HikariPool-1 connection closer] DEBUG com.zaxxer.hikari.pool.PoolBase - HikariPool-1 - Closing connection com.mysql.cj.jdbc.ConnectionImpl@11f8ce4: (connection evicted)
11:00:03.357 [HikariPool-1 connection closer] DEBUG com.zaxxer.hikari.pool.PoolBase - HikariPool-1 - Closing connection com.mysql.cj.jdbc.ConnectionImpl@1158a1c1: (connection evicted)
11:00:03.357 [restartedMain] DEBUG com.zaxxer.hikari.pool.HikariPool - HikariPool-1 - After shutdown stats (total=0, active=0, idle=0, waiting=0)
11:00:03.357 [restartedMain] INFO  com.zaxxer.hikari.HikariDataSource - HikariPool-1 - Shutdown completed.
11:00:03.358 [restartedMain] INFO  o.a.catalina.core.StandardService - Stopping service [Tomcat]
11:00:03.366 [restartedMain] INFO  o.s.b.a.l.ConditionEvaluationReportLoggingListener - 

Error starting ApplicationContext. To display the conditions report re-run your application with 'debug' enabled.
11:00:03.378 [restartedMain] ERROR o.s.boot.SpringApplication - Application run failed
org.springframework.beans.factory.UnsatisfiedDependencyException: Error creating bean with name 'servletInitializer': Unsatisfied dependency expressed through field 'daoServiceImpl'; nested exception is org.springframework.beans.factory.UnsatisfiedDependencyException: Error creating bean with name 'daoServiceImpl': Unsatisfied dependency expressed through field 'iRepo'; nested exception is org.springframework.beans.factory.BeanCreationException: Error creating bean with name 'IRepo' defined in com.project.biddingSoft.dao.IRepo defined in @EnableJpaRepositories declared on JpaRepositoriesRegistrar.EnableJpaRepositoriesConfiguration: Invocation of init method failed; nested exception is java.lang.IllegalArgumentException: This class [class com.project.biddingSoft.domain.Storable] does not define an IdClass
	at org.springframework.beans.factory.annotation.AutowiredAnnotationBeanPostProcessor$AutowiredFieldElement.resolveFieldValue(AutowiredAnnotationBeanPostProcessor.java:660)
	at org.springframework.beans.factory.annotation.AutowiredAnnotationBeanPostProcessor$AutowiredFieldElement.inject(AutowiredAnnotationBeanPostProcessor.java:640)
	at org.springframework.beans.factory.annotation.InjectionMetadata.inject(InjectionMetadata.java:119)
	at org.springframework.beans.factory.annotation.AutowiredAnnotationBeanPostProcessor.postProcessProperties(AutowiredAnnotationBeanPostProcessor.java:399)
	at org.springframework.beans.factory.support.AbstractAutowireCapableBeanFactory.populateBean(AbstractAutowireCapableBeanFactory.java:1413)
	at org.springframework.beans.factory.support.AbstractAutowireCapableBeanFactory.doCreateBean(AbstractAutowireCapableBeanFactory.java:601)
	at org.springframework.beans.factory.support.AbstractAutowireCapableBeanFactory.createBean(AbstractAutowireCapableBeanFactory.java:524)
	at org.springframework.beans.factory.support.AbstractBeanFactory.lambda$doGetBean$0(AbstractBeanFactory.java:335)
	at org.springframework.beans.factory.support.DefaultSingletonBeanRegistry.getSingleton(DefaultSingletonBeanRegistry.java:234)
	at org.springframework.beans.factory.support.AbstractBeanFactory.doGetBean(AbstractBeanFactory.java:333)
	at org.springframework.beans.factory.support.AbstractBeanFactory.getBean(AbstractBeanFactory.java:208)
	at org.springframework.beans.factory.support.DefaultListableBeanFactory.preInstantiateSingletons(DefaultListableBeanFactory.java:944)
	at org.springframework.context.support.AbstractApplicationContext.finishBeanFactoryInitialization(AbstractApplicationContext.java:917)
	at org.springframework.context.support.AbstractApplicationContext.refresh(AbstractApplicationContext.java:582)
	at org.springframework.boot.web.servlet.context.ServletWebServerApplicationContext.refresh(ServletWebServerApplicationContext.java:144)
	at org.springframework.boot.SpringApplication.refresh(SpringApplication.java:767)
	at org.springframework.boot.SpringApplication.refresh(SpringApplication.java:759)
	at org.springframework.boot.SpringApplication.refreshContext(SpringApplication.java:426)
	at org.springframework.boot.SpringApplication.run(SpringApplication.java:326)
	at org.springframework.boot.SpringApplication.run(SpringApplication.java:1311)
	at org.springframework.boot.SpringApplication.run(SpringApplication.java:1300)
	at com.project.biddingSoft.BiddingSoftwareApplication.main(BiddingSoftwareApplication.java:29)
	at java.base/jdk.internal.reflect.NativeMethodAccessorImpl.invoke0(Native Method)
	at java.base/jdk.internal.reflect.NativeMethodAccessorImpl.invoke(NativeMethodAccessorImpl.java:64)
	at java.base/jdk.internal.reflect.DelegatingMethodAccessorImpl.invoke(DelegatingMethodAccessorImpl.java:43)
	at java.base/java.lang.reflect.Method.invoke(Method.java:564)
	at org.springframework.boot.devtools.restart.RestartLauncher.run(RestartLauncher.java:49)
Caused by: org.springframework.beans.factory.UnsatisfiedDependencyException: Error creating bean with name 'daoServiceImpl': Unsatisfied dependency expressed through field 'iRepo'; nested exception is org.springframework.beans.factory.BeanCreationException: Error creating bean with name 'IRepo' defined in com.project.biddingSoft.dao.IRepo defined in @EnableJpaRepositories declared on JpaRepositoriesRegistrar.EnableJpaRepositoriesConfiguration: Invocation of init method failed; nested exception is java.lang.IllegalArgumentException: This class [class com.project.biddingSoft.domain.Storable] does not define an IdClass
	at org.springframework.beans.factory.annotation.AutowiredAnnotationBeanPostProcessor$AutowiredFieldElement.resolveFieldValue(AutowiredAnnotationBeanPostProcessor.java:660)
	at org.springframework.beans.factory.annotation.AutowiredAnnotationBeanPostProcessor$AutowiredFieldElement.inject(AutowiredAnnotationBeanPostProcessor.java:640)
	at org.springframework.beans.factory.annotation.InjectionMetadata.inject(InjectionMetadata.java:119)
	at org.springframework.beans.factory.annotation.AutowiredAnnotationBeanPostProcessor.postProcessProperties(AutowiredAnnotationBeanPostProcessor.java:399)
	at org.springframework.beans.factory.support.AbstractAutowireCapableBeanFactory.populateBean(AbstractAutowireCapableBeanFactory.java:1413)
	at org.springframework.beans.factory.support.AbstractAutowireCapableBeanFactory.doCreateBean(AbstractAutowireCapableBeanFactory.java:601)
	at org.springframework.beans.factory.support.AbstractAutowireCapableBeanFactory.createBean(AbstractAutowireCapableBeanFactory.java:524)
	at org.springframework.beans.factory.support.AbstractBeanFactory.lambda$doGetBean$0(AbstractBeanFactory.java:335)
	at org.springframework.beans.factory.support.DefaultSingletonBeanRegistry.getSingleton(DefaultSingletonBeanRegistry.java:234)
	at org.springframework.beans.factory.support.AbstractBeanFactory.doGetBean(AbstractBeanFactory.java:333)
	at org.springframework.beans.factory.support.AbstractBeanFactory.getBean(AbstractBeanFactory.java:208)
	at org.springframework.beans.factory.config.DependencyDescriptor.resolveCandidate(DependencyDescriptor.java:276)
	at org.springframework.beans.factory.support.DefaultListableBeanFactory.doResolveDependency(DefaultListableBeanFactory.java:1380)
	at org.springframework.beans.factory.support.DefaultListableBeanFactory.resolveDependency(DefaultListableBeanFactory.java:1300)
	at org.springframework.beans.factory.annotation.AutowiredAnnotationBeanPostProcessor$AutowiredFieldElement.resolveFieldValue(AutowiredAnnotationBeanPostProcessor.java:657)
	... 26 common frames omitted
Caused by: org.springframework.beans.factory.BeanCreationException: Error creating bean with name 'IRepo' defined in com.project.biddingSoft.dao.IRepo defined in @EnableJpaRepositories declared on JpaRepositoriesRegistrar.EnableJpaRepositoriesConfiguration: Invocation of init method failed; nested exception is java.lang.IllegalArgumentException: This class [class com.project.biddingSoft.domain.Storable] does not define an IdClass
	at org.springframework.beans.factory.support.AbstractAutowireCapableBeanFactory.initializeBean(AbstractAutowireCapableBeanFactory.java:1786)
	at org.springframework.beans.factory.support.AbstractAutowireCapableBeanFactory.doCreateBean(AbstractAutowireCapableBeanFactory.java:602)
	at org.springframework.beans.factory.support.AbstractAutowireCapableBeanFactory.createBean(AbstractAutowireCapableBeanFactory.java:524)
	at org.springframework.beans.factory.support.AbstractBeanFactory.lambda$doGetBean$0(AbstractBeanFactory.java:335)
	at org.springframework.beans.factory.support.DefaultSingletonBeanRegistry.getSingleton(DefaultSingletonBeanRegistry.java:234)
	at org.springframework.beans.factory.support.AbstractBeanFactory.doGetBean(AbstractBeanFactory.java:333)
	at org.springframework.beans.factory.support.AbstractBeanFactory.getBean(AbstractBeanFactory.java:208)
	at org.springframework.beans.factory.config.DependencyDescriptor.resolveCandidate(DependencyDescriptor.java:276)
	at org.springframework.beans.factory.support.DefaultListableBeanFactory.doResolveDependency(DefaultListableBeanFactory.java:1380)
	at org.springframework.beans.factory.support.DefaultListableBeanFactory.resolveDependency(DefaultListableBeanFactory.java:1300)
	at org.springframework.beans.factory.annotation.AutowiredAnnotationBeanPostProcessor$AutowiredFieldElement.resolveFieldValue(AutowiredAnnotationBeanPostProcessor.java:657)
	... 40 common frames omitted
Caused by: java.lang.IllegalArgumentException: This class [class com.project.biddingSoft.domain.Storable] does not define an IdClass
	at org.hibernate.metamodel.model.domain.internal.AbstractIdentifiableType.getIdClassAttributes(AbstractIdentifiableType.java:194)
	at org.springframework.data.jpa.repository.support.JpaMetamodelEntityInformation$IdMetadata.<init>(JpaMetamodelEntityInformation.java:272)
	at org.springframework.data.jpa.repository.support.JpaMetamodelEntityInformation.<init>(JpaMetamodelEntityInformation.java:89)
	at org.springframework.data.jpa.repository.support.JpaEntityInformationSupport.getEntityInformation(JpaEntityInformationSupport.java:66)
	at org.springframework.data.jpa.repository.support.JpaRepositoryFactory.getEntityInformation(JpaRepositoryFactory.java:229)
	at org.springframework.data.jpa.repository.support.JpaRepositoryFactory.getTargetRepository(JpaRepositoryFactory.java:179)
	at org.springframework.data.jpa.repository.support.JpaRepositoryFactory.getTargetRepository(JpaRepositoryFactory.java:162)
	at org.springframework.data.jpa.repository.support.JpaRepositoryFactory.getTargetRepository(JpaRepositoryFactory.java:72)
	at org.springframework.data.repository.core.support.RepositoryFactorySupport.getRepository(RepositoryFactorySupport.java:281)
	at org.springframework.data.repository.core.support.RepositoryFactoryBeanSupport.lambda$afterPropertiesSet$5(RepositoryFactoryBeanSupport.java:323)
	at org.springframework.data.util.Lazy.getNullable(Lazy.java:230)
	at org.springframework.data.util.Lazy.get(Lazy.java:114)
	at org.springframework.data.repository.core.support.RepositoryFactoryBeanSupport.afterPropertiesSet(RepositoryFactoryBeanSupport.java:329)
	at org.springframework.data.jpa.repository.support.JpaRepositoryFactoryBean.afterPropertiesSet(JpaRepositoryFactoryBean.java:144)
	at org.springframework.beans.factory.support.AbstractAutowireCapableBeanFactory.invokeInitMethods(AbstractAutowireCapableBeanFactory.java:1845)
	at org.springframework.beans.factory.support.AbstractAutowireCapableBeanFactory.initializeBean(AbstractAutowireCapableBeanFactory.java:1782)
	... 50 common frames omitted
