20:44:27.071 [restartedMain] INFO  c.p.b.BiddingSoftwareApplication - Starting BiddingSoftwareApplication using Java 15.0.2 on DESKTOP-AEM1CBO with PID 8320 (C:\Users\nuche\Documents\StuProj\java\biddingSoft\target\classes started by nuche in C:\Users\nuche\Documents\StuProj\java\biddingSoft)
20:44:27.071 [restartedMain] DEBUG c.p.b.BiddingSoftwareApplication - Running with Spring Boot v2.4.3, Spring v5.3.4
20:44:27.072 [restartedMain] INFO  c.p.b.BiddingSoftwareApplication - No active profile set, falling back to default profiles: default
20:44:27.197 [restartedMain] INFO  o.s.d.r.c.RepositoryConfigurationDelegate - Bootstrapping Spring Data JPA repositories in DEFAULT mode.
20:44:27.207 [restartedMain] INFO  o.s.d.r.c.RepositoryConfigurationDelegate - Finished Spring Data repository scanning in 8 ms. Found 1 JPA repository interfaces.
20:44:27.299 [restartedMain] INFO  o.s.b.w.e.tomcat.TomcatWebServer - Tomcat initialized with port(s): 8080 (http)
20:44:27.301 [restartedMain] INFO  o.a.coyote.http11.Http11NioProtocol - Initializing ProtocolHandler ["http-nio-8080"]
20:44:27.302 [restartedMain] INFO  o.a.catalina.core.StandardService - Starting service [Tomcat]
20:44:27.302 [restartedMain] INFO  o.a.catalina.core.StandardEngine - Starting Servlet engine: [Apache Tomcat/9.0.43]
20:44:27.333 [restartedMain] INFO  o.a.c.c.C.[Tomcat].[localhost].[/] - Initializing Spring embedded WebApplicationContext
20:44:27.333 [restartedMain] INFO  o.s.b.w.s.c.ServletWebServerApplicationContext - Root WebApplicationContext: initialization completed in 260 ms
20:44:27.342 [restartedMain] DEBUG com.zaxxer.hikari.HikariConfig - Driver class com.mysql.cj.jdbc.Driver found in Thread context class loader TomcatEmbeddedWebappClassLoader
  context: ROOT
  delegate: true
----------> Parent Classloader:
org.springframework.boot.devtools.restart.classloader.RestartClassLoader@30de7fda

20:44:27.349 [restartedMain] DEBUG com.zaxxer.hikari.HikariConfig - HikariPool-3 - configuration:
20:44:27.349 [restartedMain] DEBUG com.zaxxer.hikari.HikariConfig - allowPoolSuspension.............false
20:44:27.349 [restartedMain] DEBUG com.zaxxer.hikari.HikariConfig - autoCommit......................true
20:44:27.349 [restartedMain] DEBUG com.zaxxer.hikari.HikariConfig - catalog.........................none
20:44:27.349 [restartedMain] DEBUG com.zaxxer.hikari.HikariConfig - connectionInitSql...............none
20:44:27.349 [restartedMain] DEBUG com.zaxxer.hikari.HikariConfig - connectionTestQuery.............none
20:44:27.349 [restartedMain] DEBUG com.zaxxer.hikari.HikariConfig - connectionTimeout...............30000
20:44:27.349 [restartedMain] DEBUG com.zaxxer.hikari.HikariConfig - dataSource......................none
20:44:27.349 [restartedMain] DEBUG com.zaxxer.hikari.HikariConfig - dataSourceClassName.............none
20:44:27.349 [restartedMain] DEBUG com.zaxxer.hikari.HikariConfig - dataSourceJNDI..................none
20:44:27.349 [restartedMain] DEBUG com.zaxxer.hikari.HikariConfig - dataSourceProperties............{password=<masked>}
20:44:27.350 [restartedMain] DEBUG com.zaxxer.hikari.HikariConfig - driverClassName................."com.mysql.cj.jdbc.Driver"
20:44:27.350 [restartedMain] DEBUG com.zaxxer.hikari.HikariConfig - exceptionOverrideClassName......none
20:44:27.350 [restartedMain] DEBUG com.zaxxer.hikari.HikariConfig - healthCheckProperties...........{}
20:44:27.350 [restartedMain] DEBUG com.zaxxer.hikari.HikariConfig - healthCheckRegistry.............none
20:44:27.350 [restartedMain] DEBUG com.zaxxer.hikari.HikariConfig - idleTimeout.....................600000
20:44:27.350 [restartedMain] DEBUG com.zaxxer.hikari.HikariConfig - initializationFailTimeout.......1
20:44:27.350 [restartedMain] DEBUG com.zaxxer.hikari.HikariConfig - isolateInternalQueries..........false
20:44:27.350 [restartedMain] DEBUG com.zaxxer.hikari.HikariConfig - jdbcUrl.........................jdbc:mysql://localhost:3306/biddingSoft
20:44:27.350 [restartedMain] DEBUG com.zaxxer.hikari.HikariConfig - leakDetectionThreshold..........0
20:44:27.350 [restartedMain] DEBUG com.zaxxer.hikari.HikariConfig - maxLifetime.....................1800000
20:44:27.350 [restartedMain] DEBUG com.zaxxer.hikari.HikariConfig - maximumPoolSize.................10
20:44:27.350 [restartedMain] DEBUG com.zaxxer.hikari.HikariConfig - metricRegistry..................none
20:44:27.350 [restartedMain] DEBUG com.zaxxer.hikari.HikariConfig - metricsTrackerFactory...........none
20:44:27.350 [restartedMain] DEBUG com.zaxxer.hikari.HikariConfig - minimumIdle.....................10
20:44:27.350 [restartedMain] DEBUG com.zaxxer.hikari.HikariConfig - password........................<masked>
20:44:27.350 [restartedMain] DEBUG com.zaxxer.hikari.HikariConfig - poolName........................"HikariPool-3"
20:44:27.350 [restartedMain] DEBUG com.zaxxer.hikari.HikariConfig - readOnly........................false
20:44:27.350 [restartedMain] DEBUG com.zaxxer.hikari.HikariConfig - registerMbeans..................false
20:44:27.350 [restartedMain] DEBUG com.zaxxer.hikari.HikariConfig - scheduledExecutor...............none
20:44:27.350 [restartedMain] DEBUG com.zaxxer.hikari.HikariConfig - schema..........................none
20:44:27.350 [restartedMain] DEBUG com.zaxxer.hikari.HikariConfig - threadFactory...................internal
20:44:27.350 [restartedMain] DEBUG com.zaxxer.hikari.HikariConfig - transactionIsolation............default
20:44:27.350 [restartedMain] DEBUG com.zaxxer.hikari.HikariConfig - username........................"root"
20:44:27.350 [restartedMain] DEBUG com.zaxxer.hikari.HikariConfig - validationTimeout...............5000
20:44:27.350 [restartedMain] INFO  com.zaxxer.hikari.HikariDataSource - HikariPool-3 - Starting...
20:44:27.365 [restartedMain] DEBUG com.zaxxer.hikari.pool.HikariPool - HikariPool-3 - Added connection com.mysql.cj.jdbc.ConnectionImpl@8effdc5
20:44:27.365 [restartedMain] INFO  com.zaxxer.hikari.HikariDataSource - HikariPool-3 - Start completed.
20:44:27.365 [restartedMain] INFO  o.s.b.a.h.H2ConsoleAutoConfiguration - H2 console available at '/h2-console'. Database available at 'jdbc:mysql://localhost:3306/biddingSoft'
20:44:27.378 [restartedMain] DEBUG o.h.jpa.internal.util.LogHelper - PersistenceUnitInfo [
	name: default
	persistence provider classname: null
	classloader: org.springframework.boot.devtools.restart.classloader.RestartClassLoader@30de7fda
	excludeUnlistedClasses: true
	JTA datasource: null
	Non JTA datasource: HikariDataSource (HikariPool-3)
	Transaction type: RESOURCE_LOCAL
	PU root URL: file:/C:/Users/nuche/Documents/StuProj/java/biddingSoft/target/classes/
	Shared Cache Mode: UNSPECIFIED
	Validation Mode: AUTO
	Jar files URLs []
	Managed classes names [
		com.project.biddingSoft.domain.Bid
		com.project.biddingSoft.domain.Lot
		com.project.biddingSoft.domain.Storable
		com.project.biddingSoft.domain.User]
	Mapping files names []
	Properties []
20:44:27.378 [restartedMain] DEBUG o.h.i.i.IntegratorServiceImpl - Adding Integrator [org.hibernate.cfg.beanvalidation.BeanValidationIntegrator].
20:44:27.378 [restartedMain] DEBUG o.h.i.i.IntegratorServiceImpl - Adding Integrator [org.hibernate.secure.spi.JaccIntegrator].
20:44:27.378 [restartedMain] DEBUG o.h.i.i.IntegratorServiceImpl - Adding Integrator [org.hibernate.cache.internal.CollectionCacheInvalidator].
20:44:27.379 [restartedMain] DEBUG o.h.service.spi.ServiceBinding - Overriding existing service binding [org.hibernate.secure.spi.JaccService]
20:44:27.379 [restartedMain] DEBUG o.h.c.i.RegionFactoryInitiator - Cannot default RegionFactory based on registered strategies as `[]` RegionFactory strategies were registered
20:44:27.379 [restartedMain] DEBUG o.h.c.i.RegionFactoryInitiator - Cache region factory : org.hibernate.cache.internal.NoCachingRegionFactory
20:44:27.380 [restartedMain] DEBUG o.hibernate.type.BasicTypeRegistry - Adding type registration boolean -> org.hibernate.type.BooleanType@1fcec58a
20:44:27.380 [restartedMain] DEBUG o.hibernate.type.BasicTypeRegistry - Adding type registration boolean -> org.hibernate.type.BooleanType@1fcec58a
20:44:27.380 [restartedMain] DEBUG o.hibernate.type.BasicTypeRegistry - Adding type registration java.lang.Boolean -> org.hibernate.type.BooleanType@1fcec58a
20:44:27.380 [restartedMain] DEBUG o.hibernate.type.BasicTypeRegistry - Adding type registration numeric_boolean -> org.hibernate.type.NumericBooleanType@2d0a8cc9
20:44:27.380 [restartedMain] DEBUG o.hibernate.type.BasicTypeRegistry - Adding type registration true_false -> org.hibernate.type.TrueFalseType@434426f1
20:44:27.380 [restartedMain] DEBUG o.hibernate.type.BasicTypeRegistry - Adding type registration yes_no -> org.hibernate.type.YesNoType@63856ba8
20:44:27.380 [restartedMain] DEBUG o.hibernate.type.BasicTypeRegistry - Adding type registration byte -> org.hibernate.type.ByteType@6e03a8f6
20:44:27.380 [restartedMain] DEBUG o.hibernate.type.BasicTypeRegistry - Adding type registration byte -> org.hibernate.type.ByteType@6e03a8f6
20:44:27.380 [restartedMain] DEBUG o.hibernate.type.BasicTypeRegistry - Adding type registration java.lang.Byte -> org.hibernate.type.ByteType@6e03a8f6
20:44:27.380 [restartedMain] DEBUG o.hibernate.type.BasicTypeRegistry - Adding type registration character -> org.hibernate.type.CharacterType@58a1372d
20:44:27.380 [restartedMain] DEBUG o.hibernate.type.BasicTypeRegistry - Adding type registration char -> org.hibernate.type.CharacterType@58a1372d
20:44:27.380 [restartedMain] DEBUG o.hibernate.type.BasicTypeRegistry - Adding type registration java.lang.Character -> org.hibernate.type.CharacterType@58a1372d
20:44:27.380 [restartedMain] DEBUG o.hibernate.type.BasicTypeRegistry - Adding type registration short -> org.hibernate.type.ShortType@7176b050
20:44:27.380 [restartedMain] DEBUG o.hibernate.type.BasicTypeRegistry - Adding type registration short -> org.hibernate.type.ShortType@7176b050
20:44:27.380 [restartedMain] DEBUG o.hibernate.type.BasicTypeRegistry - Adding type registration java.lang.Short -> org.hibernate.type.ShortType@7176b050
20:44:27.380 [restartedMain] DEBUG o.hibernate.type.BasicTypeRegistry - Adding type registration integer -> org.hibernate.type.IntegerType@33deca
20:44:27.380 [restartedMain] DEBUG o.hibernate.type.BasicTypeRegistry - Adding type registration int -> org.hibernate.type.IntegerType@33deca
20:44:27.380 [restartedMain] DEBUG o.hibernate.type.BasicTypeRegistry - Adding type registration java.lang.Integer -> org.hibernate.type.IntegerType@33deca
20:44:27.380 [restartedMain] DEBUG o.hibernate.type.BasicTypeRegistry - Adding type registration long -> org.hibernate.type.LongType@72212f98
20:44:27.380 [restartedMain] DEBUG o.hibernate.type.BasicTypeRegistry - Adding type registration long -> org.hibernate.type.LongType@72212f98
20:44:27.380 [restartedMain] DEBUG o.hibernate.type.BasicTypeRegistry - Adding type registration java.lang.Long -> org.hibernate.type.LongType@72212f98
20:44:27.380 [restartedMain] DEBUG o.hibernate.type.BasicTypeRegistry - Adding type registration float -> org.hibernate.type.FloatType@2fb1e41e
20:44:27.380 [restartedMain] DEBUG o.hibernate.type.BasicTypeRegistry - Adding type registration float -> org.hibernate.type.FloatType@2fb1e41e
20:44:27.380 [restartedMain] DEBUG o.hibernate.type.BasicTypeRegistry - Adding type registration java.lang.Float -> org.hibernate.type.FloatType@2fb1e41e
20:44:27.380 [restartedMain] DEBUG o.hibernate.type.BasicTypeRegistry - Adding type registration double -> org.hibernate.type.DoubleType@1665f8eb
20:44:27.380 [restartedMain] DEBUG o.hibernate.type.BasicTypeRegistry - Adding type registration double -> org.hibernate.type.DoubleType@1665f8eb
20:44:27.381 [restartedMain] DEBUG o.hibernate.type.BasicTypeRegistry - Adding type registration java.lang.Double -> org.hibernate.type.DoubleType@1665f8eb
20:44:27.381 [restartedMain] DEBUG o.hibernate.type.BasicTypeRegistry - Adding type registration big_decimal -> org.hibernate.type.BigDecimalType@2782cf38
20:44:27.381 [restartedMain] DEBUG o.hibernate.type.BasicTypeRegistry - Adding type registration java.math.BigDecimal -> org.hibernate.type.BigDecimalType@2782cf38
20:44:27.381 [restartedMain] DEBUG o.hibernate.type.BasicTypeRegistry - Adding type registration big_integer -> org.hibernate.type.BigIntegerType@30891758
20:44:27.381 [restartedMain] DEBUG o.hibernate.type.BasicTypeRegistry - Adding type registration java.math.BigInteger -> org.hibernate.type.BigIntegerType@30891758
20:44:27.381 [restartedMain] DEBUG o.hibernate.type.BasicTypeRegistry - Adding type registration string -> org.hibernate.type.StringType@36d4f22
20:44:27.381 [restartedMain] DEBUG o.hibernate.type.BasicTypeRegistry - Adding type registration java.lang.String -> org.hibernate.type.StringType@36d4f22
20:44:27.381 [restartedMain] DEBUG o.hibernate.type.BasicTypeRegistry - Adding type registration nstring -> org.hibernate.type.StringNVarcharType@7ff2113b
20:44:27.381 [restartedMain] DEBUG o.hibernate.type.BasicTypeRegistry - Adding type registration ncharacter -> org.hibernate.type.CharacterNCharType@7ebcb0f2
20:44:27.381 [restartedMain] DEBUG o.hibernate.type.BasicTypeRegistry - Adding type registration url -> org.hibernate.type.UrlType@68b1e558
20:44:27.381 [restartedMain] DEBUG o.hibernate.type.BasicTypeRegistry - Adding type registration java.net.URL -> org.hibernate.type.UrlType@68b1e558
20:44:27.381 [restartedMain] DEBUG o.hibernate.type.BasicTypeRegistry - Adding type registration Duration -> org.hibernate.type.DurationType@69d26b39
20:44:27.381 [restartedMain] DEBUG o.hibernate.type.BasicTypeRegistry - Adding type registration java.time.Duration -> org.hibernate.type.DurationType@69d26b39
20:44:27.381 [restartedMain] DEBUG o.hibernate.type.BasicTypeRegistry - Adding type registration Instant -> org.hibernate.type.InstantType@772d7ee9
20:44:27.381 [restartedMain] DEBUG o.hibernate.type.BasicTypeRegistry - Adding type registration java.time.Instant -> org.hibernate.type.InstantType@772d7ee9
20:44:27.381 [restartedMain] DEBUG o.hibernate.type.BasicTypeRegistry - Adding type registration LocalDateTime -> org.hibernate.type.LocalDateTimeType@668575ae
20:44:27.381 [restartedMain] DEBUG o.hibernate.type.BasicTypeRegistry - Adding type registration java.time.LocalDateTime -> org.hibernate.type.LocalDateTimeType@668575ae
20:44:27.381 [restartedMain] DEBUG o.hibernate.type.BasicTypeRegistry - Adding type registration LocalDate -> org.hibernate.type.LocalDateType@1d671ac2
20:44:27.381 [restartedMain] DEBUG o.hibernate.type.BasicTypeRegistry - Adding type registration java.time.LocalDate -> org.hibernate.type.LocalDateType@1d671ac2
20:44:27.381 [restartedMain] DEBUG o.hibernate.type.BasicTypeRegistry - Adding type registration LocalTime -> org.hibernate.type.LocalTimeType@7c9ef87a
20:44:27.381 [restartedMain] DEBUG o.hibernate.type.BasicTypeRegistry - Adding type registration java.time.LocalTime -> org.hibernate.type.LocalTimeType@7c9ef87a
20:44:27.381 [restartedMain] DEBUG o.hibernate.type.BasicTypeRegistry - Adding type registration OffsetDateTime -> org.hibernate.type.OffsetDateTimeType@35093d12
20:44:27.381 [restartedMain] DEBUG o.hibernate.type.BasicTypeRegistry - Adding type registration java.time.OffsetDateTime -> org.hibernate.type.OffsetDateTimeType@35093d12
20:44:27.381 [restartedMain] DEBUG o.hibernate.type.BasicTypeRegistry - Adding type registration OffsetTime -> org.hibernate.type.OffsetTimeType@49abe978
20:44:27.381 [restartedMain] DEBUG o.hibernate.type.BasicTypeRegistry - Adding type registration java.time.OffsetTime -> org.hibernate.type.OffsetTimeType@49abe978
20:44:27.381 [restartedMain] DEBUG o.hibernate.type.BasicTypeRegistry - Adding type registration ZonedDateTime -> org.hibernate.type.ZonedDateTimeType@3e8d2927
20:44:27.381 [restartedMain] DEBUG o.hibernate.type.BasicTypeRegistry - Adding type registration java.time.ZonedDateTime -> org.hibernate.type.ZonedDateTimeType@3e8d2927
20:44:27.381 [restartedMain] DEBUG o.hibernate.type.BasicTypeRegistry - Adding type registration date -> org.hibernate.type.DateType@46aefad2
20:44:27.381 [restartedMain] DEBUG o.hibernate.type.BasicTypeRegistry - Adding type registration java.sql.Date -> org.hibernate.type.DateType@46aefad2
20:44:27.381 [restartedMain] DEBUG o.hibernate.type.BasicTypeRegistry - Adding type registration time -> org.hibernate.type.TimeType@71719aac
20:44:27.381 [restartedMain] DEBUG o.hibernate.type.BasicTypeRegistry - Adding type registration java.sql.Time -> org.hibernate.type.TimeType@71719aac
20:44:27.381 [restartedMain] DEBUG o.hibernate.type.BasicTypeRegistry - Adding type registration timestamp -> org.hibernate.type.TimestampType@2fb885de
20:44:27.381 [restartedMain] DEBUG o.hibernate.type.BasicTypeRegistry - Adding type registration java.sql.Timestamp -> org.hibernate.type.TimestampType@2fb885de
20:44:27.381 [restartedMain] DEBUG o.hibernate.type.BasicTypeRegistry - Adding type registration java.util.Date -> org.hibernate.type.TimestampType@2fb885de
20:44:27.381 [restartedMain] DEBUG o.hibernate.type.BasicTypeRegistry - Adding type registration dbtimestamp -> org.hibernate.type.DbTimestampType@63e77531
20:44:27.381 [restartedMain] DEBUG o.hibernate.type.BasicTypeRegistry - Adding type registration calendar -> org.hibernate.type.CalendarType@6c53f191
20:44:27.381 [restartedMain] DEBUG o.hibernate.type.BasicTypeRegistry - Adding type registration java.util.Calendar -> org.hibernate.type.CalendarType@6c53f191
20:44:27.381 [restartedMain] DEBUG o.hibernate.type.BasicTypeRegistry - Adding type registration java.util.GregorianCalendar -> org.hibernate.type.CalendarType@6c53f191
20:44:27.381 [restartedMain] DEBUG o.hibernate.type.BasicTypeRegistry - Adding type registration calendar_date -> org.hibernate.type.CalendarDateType@538159a2
20:44:27.382 [restartedMain] DEBUG o.hibernate.type.BasicTypeRegistry - Adding type registration calendar_time -> org.hibernate.type.CalendarTimeType@3810fb6b
20:44:27.382 [restartedMain] DEBUG o.hibernate.type.BasicTypeRegistry - Adding type registration locale -> org.hibernate.type.LocaleType@7340ac3c
20:44:27.382 [restartedMain] DEBUG o.hibernate.type.BasicTypeRegistry - Adding type registration java.util.Locale -> org.hibernate.type.LocaleType@7340ac3c
20:44:27.382 [restartedMain] DEBUG o.hibernate.type.BasicTypeRegistry - Adding type registration currency -> org.hibernate.type.CurrencyType@62bcbc6e
20:44:27.382 [restartedMain] DEBUG o.hibernate.type.BasicTypeRegistry - Adding type registration java.util.Currency -> org.hibernate.type.CurrencyType@62bcbc6e
20:44:27.382 [restartedMain] DEBUG o.hibernate.type.BasicTypeRegistry - Adding type registration timezone -> org.hibernate.type.TimeZoneType@2a4c50a0
20:44:27.382 [restartedMain] DEBUG o.hibernate.type.BasicTypeRegistry - Adding type registration java.util.TimeZone -> org.hibernate.type.TimeZoneType@2a4c50a0
20:44:27.382 [restartedMain] DEBUG o.hibernate.type.BasicTypeRegistry - Adding type registration class -> org.hibernate.type.ClassType@1f3b595e
20:44:27.382 [restartedMain] DEBUG o.hibernate.type.BasicTypeRegistry - Adding type registration java.lang.Class -> org.hibernate.type.ClassType@1f3b595e
20:44:27.382 [restartedMain] DEBUG o.hibernate.type.BasicTypeRegistry - Adding type registration uuid-binary -> org.hibernate.type.UUIDBinaryType@7e96446d
20:44:27.382 [restartedMain] DEBUG o.hibernate.type.BasicTypeRegistry - Adding type registration java.util.UUID -> org.hibernate.type.UUIDBinaryType@7e96446d
20:44:27.382 [restartedMain] DEBUG o.hibernate.type.BasicTypeRegistry - Adding type registration uuid-char -> org.hibernate.type.UUIDCharType@4d0dea7
20:44:27.382 [restartedMain] DEBUG o.hibernate.type.BasicTypeRegistry - Adding type registration binary -> org.hibernate.type.BinaryType@3ba566f7
20:44:27.382 [restartedMain] DEBUG o.hibernate.type.BasicTypeRegistry - Adding type registration byte[] -> org.hibernate.type.BinaryType@3ba566f7
20:44:27.382 [restartedMain] DEBUG o.hibernate.type.BasicTypeRegistry - Adding type registration [B -> org.hibernate.type.BinaryType@3ba566f7
20:44:27.382 [restartedMain] DEBUG o.hibernate.type.BasicTypeRegistry - Adding type registration wrapper-binary -> org.hibernate.type.WrapperBinaryType@6dad91bf
20:44:27.382 [restartedMain] DEBUG o.hibernate.type.BasicTypeRegistry - Adding type registration Byte[] -> org.hibernate.type.WrapperBinaryType@6dad91bf
20:44:27.382 [restartedMain] DEBUG o.hibernate.type.BasicTypeRegistry - Adding type registration [Ljava.lang.Byte; -> org.hibernate.type.WrapperBinaryType@6dad91bf
20:44:27.382 [restartedMain] DEBUG o.hibernate.type.BasicTypeRegistry - Adding type registration row_version -> org.hibernate.type.RowVersionType@65843581
20:44:27.382 [restartedMain] DEBUG o.hibernate.type.BasicTypeRegistry - Adding type registration image -> org.hibernate.type.ImageType@58a7f590
20:44:27.382 [restartedMain] DEBUG o.hibernate.type.BasicTypeRegistry - Adding type registration characters -> org.hibernate.type.CharArrayType@78572ce5
20:44:27.382 [restartedMain] DEBUG o.hibernate.type.BasicTypeRegistry - Adding type registration char[] -> org.hibernate.type.CharArrayType@78572ce5
20:44:27.382 [restartedMain] DEBUG o.hibernate.type.BasicTypeRegistry - Adding type registration [C -> org.hibernate.type.CharArrayType@78572ce5
20:44:27.382 [restartedMain] DEBUG o.hibernate.type.BasicTypeRegistry - Adding type registration wrapper-characters -> org.hibernate.type.CharacterArrayType@607ab1a4
20:44:27.382 [restartedMain] DEBUG o.hibernate.type.BasicTypeRegistry - Adding type registration [Ljava.lang.Character; -> org.hibernate.type.CharacterArrayType@607ab1a4
20:44:27.382 [restartedMain] DEBUG o.hibernate.type.BasicTypeRegistry - Adding type registration Character[] -> org.hibernate.type.CharacterArrayType@607ab1a4
20:44:27.382 [restartedMain] DEBUG o.hibernate.type.BasicTypeRegistry - Adding type registration text -> org.hibernate.type.TextType@703a0abb
20:44:27.382 [restartedMain] DEBUG o.hibernate.type.BasicTypeRegistry - Adding type registration ntext -> org.hibernate.type.NTextType@7bf4184b
20:44:27.382 [restartedMain] DEBUG o.hibernate.type.BasicTypeRegistry - Adding type registration blob -> org.hibernate.type.BlobType@37dfd44
20:44:27.382 [restartedMain] DEBUG o.hibernate.type.BasicTypeRegistry - Adding type registration java.sql.Blob -> org.hibernate.type.BlobType@37dfd44
20:44:27.382 [restartedMain] DEBUG o.hibernate.type.BasicTypeRegistry - Adding type registration materialized_blob -> org.hibernate.type.MaterializedBlobType@218f94f5
20:44:27.382 [restartedMain] DEBUG o.hibernate.type.BasicTypeRegistry - Adding type registration clob -> org.hibernate.type.ClobType@413709b4
20:44:27.382 [restartedMain] DEBUG o.hibernate.type.BasicTypeRegistry - Adding type registration java.sql.Clob -> org.hibernate.type.ClobType@413709b4
20:44:27.382 [restartedMain] DEBUG o.hibernate.type.BasicTypeRegistry - Adding type registration nclob -> org.hibernate.type.NClobType@537087ec
20:44:27.382 [restartedMain] DEBUG o.hibernate.type.BasicTypeRegistry - Adding type registration java.sql.NClob -> org.hibernate.type.NClobType@537087ec
20:44:27.382 [restartedMain] DEBUG o.hibernate.type.BasicTypeRegistry - Adding type registration materialized_clob -> org.hibernate.type.MaterializedClobType@26f3389
20:44:27.382 [restartedMain] DEBUG o.hibernate.type.BasicTypeRegistry - Adding type registration materialized_nclob -> org.hibernate.type.MaterializedNClobType@224aeca8
20:44:27.382 [restartedMain] DEBUG o.hibernate.type.BasicTypeRegistry - Adding type registration serializable -> org.hibernate.type.SerializableType@37122482
20:44:27.383 [restartedMain] DEBUG o.hibernate.type.BasicTypeRegistry - Adding type registration object -> org.hibernate.type.ObjectType@23f5d7d4
20:44:27.383 [restartedMain] DEBUG o.hibernate.type.BasicTypeRegistry - Adding type registration java.lang.Object -> org.hibernate.type.ObjectType@23f5d7d4
20:44:27.383 [restartedMain] DEBUG o.hibernate.type.BasicTypeRegistry - Adding type registration imm_date -> org.hibernate.type.AdaptedImmutableType@2c7664eb
20:44:27.383 [restartedMain] DEBUG o.hibernate.type.BasicTypeRegistry - Adding type registration imm_time -> org.hibernate.type.AdaptedImmutableType@6bde9ac8
20:44:27.383 [restartedMain] DEBUG o.hibernate.type.BasicTypeRegistry - Adding type registration imm_timestamp -> org.hibernate.type.AdaptedImmutableType@2c3ce187
20:44:27.383 [restartedMain] DEBUG o.hibernate.type.BasicTypeRegistry - Adding type registration imm_dbtimestamp -> org.hibernate.type.AdaptedImmutableType@18354d43
20:44:27.383 [restartedMain] DEBUG o.hibernate.type.BasicTypeRegistry - Adding type registration imm_calendar -> org.hibernate.type.AdaptedImmutableType@77b3392
20:44:27.383 [restartedMain] DEBUG o.hibernate.type.BasicTypeRegistry - Adding type registration imm_calendar_date -> org.hibernate.type.AdaptedImmutableType@186cf16f
20:44:27.383 [restartedMain] DEBUG o.hibernate.type.BasicTypeRegistry - Adding type registration imm_binary -> org.hibernate.type.AdaptedImmutableType@53170b3c
20:44:27.383 [restartedMain] DEBUG o.hibernate.type.BasicTypeRegistry - Adding type registration imm_serializable -> org.hibernate.type.AdaptedImmutableType@617a1b48
20:44:27.384 [restartedMain] DEBUG o.h.b.internal.BootstrapContextImpl - Injecting JPA temp ClassLoader [org.springframework.instrument.classloading.SimpleThrowawayClassLoader@40db3a48] into BootstrapContext; was [null]
20:44:27.384 [restartedMain] DEBUG o.h.b.i.ClassLoaderAccessImpl - ClassLoaderAccessImpl#injectTempClassLoader(org.springframework.instrument.classloading.SimpleThrowawayClassLoader@40db3a48) [was null]
20:44:27.384 [restartedMain] DEBUG o.h.b.internal.BootstrapContextImpl - Injecting ScanEnvironment [org.hibernate.jpa.boot.internal.StandardJpaScanEnvironmentImpl@2bfe9784] into BootstrapContext; was [null]
20:44:27.384 [restartedMain] DEBUG o.h.b.internal.BootstrapContextImpl - Injecting ScanOptions [org.hibernate.boot.archive.scan.internal.StandardScanOptions@1a6f69e8] into BootstrapContext; was [org.hibernate.boot.archive.scan.internal.StandardScanOptions@3f134000]
20:44:27.384 [restartedMain] DEBUG o.h.b.internal.BootstrapContextImpl - Injecting JPA temp ClassLoader [null] into BootstrapContext; was [org.springframework.instrument.classloading.SimpleThrowawayClassLoader@40db3a48]
20:44:27.384 [restartedMain] DEBUG o.h.b.i.ClassLoaderAccessImpl - ClassLoaderAccessImpl#injectTempClassLoader(null) [was org.springframework.instrument.classloading.SimpleThrowawayClassLoader@40db3a48]
20:44:27.384 [restartedMain] DEBUG o.h.i.f.i.DefaultIdentifierGeneratorFactory - Registering IdentifierGenerator strategy [uuid2] -> [org.hibernate.id.UUIDGenerator]
20:44:27.384 [restartedMain] DEBUG o.h.i.f.i.DefaultIdentifierGeneratorFactory - Registering IdentifierGenerator strategy [guid] -> [org.hibernate.id.GUIDGenerator]
20:44:27.384 [restartedMain] DEBUG o.h.i.f.i.DefaultIdentifierGeneratorFactory - Registering IdentifierGenerator strategy [uuid] -> [org.hibernate.id.UUIDHexGenerator]
20:44:27.384 [restartedMain] DEBUG o.h.i.f.i.DefaultIdentifierGeneratorFactory - Registering IdentifierGenerator strategy [uuid.hex] -> [org.hibernate.id.UUIDHexGenerator]
20:44:27.384 [restartedMain] DEBUG o.h.i.f.i.DefaultIdentifierGeneratorFactory - Registering IdentifierGenerator strategy [assigned] -> [org.hibernate.id.Assigned]
20:44:27.384 [restartedMain] DEBUG o.h.i.f.i.DefaultIdentifierGeneratorFactory - Registering IdentifierGenerator strategy [identity] -> [org.hibernate.id.IdentityGenerator]
20:44:27.384 [restartedMain] DEBUG o.h.i.f.i.DefaultIdentifierGeneratorFactory - Registering IdentifierGenerator strategy [select] -> [org.hibernate.id.SelectGenerator]
20:44:27.384 [restartedMain] DEBUG o.h.i.f.i.DefaultIdentifierGeneratorFactory - Registering IdentifierGenerator strategy [sequence] -> [org.hibernate.id.enhanced.SequenceStyleGenerator]
20:44:27.384 [restartedMain] DEBUG o.h.i.f.i.DefaultIdentifierGeneratorFactory - Registering IdentifierGenerator strategy [seqhilo] -> [org.hibernate.id.SequenceHiLoGenerator]
20:44:27.384 [restartedMain] DEBUG o.h.i.f.i.DefaultIdentifierGeneratorFactory - Registering IdentifierGenerator strategy [increment] -> [org.hibernate.id.IncrementGenerator]
20:44:27.385 [restartedMain] DEBUG o.h.i.f.i.DefaultIdentifierGeneratorFactory - Registering IdentifierGenerator strategy [foreign] -> [org.hibernate.id.ForeignGenerator]
20:44:27.385 [restartedMain] DEBUG o.h.i.f.i.DefaultIdentifierGeneratorFactory - Registering IdentifierGenerator strategy [sequence-identity] -> [org.hibernate.id.SequenceIdentityGenerator]
20:44:27.385 [restartedMain] DEBUG o.h.i.f.i.DefaultIdentifierGeneratorFactory - Registering IdentifierGenerator strategy [enhanced-sequence] -> [org.hibernate.id.enhanced.SequenceStyleGenerator]
20:44:27.385 [restartedMain] DEBUG o.h.i.f.i.DefaultIdentifierGeneratorFactory - Registering IdentifierGenerator strategy [enhanced-table] -> [org.hibernate.id.enhanced.TableGenerator]
20:44:27.385 [restartedMain] DEBUG o.h.e.j.e.i.JdbcEnvironmentInitiator - Database ->
       name : MySQL
    version : 8.0.23
      major : 8
      minor : 0
20:44:27.385 [restartedMain] DEBUG o.h.e.j.e.i.JdbcEnvironmentInitiator - Driver ->
       name : MySQL Connector/J
    version : mysql-connector-java-8.0.23 (Revision: 18bbd5e68195d0da083cbd5bd0d05d76320df7cd)
      major : 8
      minor : 0
20:44:27.385 [restartedMain] DEBUG o.h.e.j.e.i.JdbcEnvironmentInitiator - JDBC version : 4.2
20:44:27.385 [restartedMain] INFO  org.hibernate.dialect.Dialect - HHH000400: Using dialect: org.hibernate.dialect.MySQL8Dialect
20:44:27.385 [restartedMain] DEBUG o.h.e.j.e.s.IdentifierHelperBuilder - JDBC driver metadata reported database stores quoted identifiers in more than one case
20:44:27.385 [restartedMain] DEBUG o.h.e.j.e.s.IdentifierHelperBuilder - IdentifierCaseStrategy for both quoted and unquoted identifiers was set to the same strategy [LOWER]; that will likely lead to problems in schema update and validation if using quoted identifiers
20:44:27.387 [restartedMain] DEBUG o.h.boot.model.relational.Namespace - Created database namespace [logicalName=Name{catalog=null, schema=null}, physicalName=Name{catalog=null, schema=null}]
20:44:27.388 [restartedMain] DEBUG o.h.t.spi.TypeConfiguration$Scope - Scoping TypeConfiguration [org.hibernate.type.spi.TypeConfiguration@2e2dc5ec] to MetadataBuildingContext [org.hibernate.boot.internal.MetadataBuildingContextRootImpl@6d31651a]
20:44:27.389 [restartedMain] DEBUG org.hibernate.cfg.AnnotationBinder - Binding entity from annotated class: com.project.biddingSoft.domain.Storable
20:44:27.389 [restartedMain] DEBUG o.h.cfg.annotations.EntityBinder - Import with entity name Storable
20:44:27.389 [restartedMain] DEBUG o.h.cfg.annotations.EntityBinder - Bind entity com.project.biddingSoft.domain.Storable on table storable
20:44:27.389 [restartedMain] DEBUG org.hibernate.cfg.Ejb3Column - Binding column: Ejb3Column{table=org.hibernate.mapping.Table(storable), mappingColumn=id, insertable=true, updatable=true, unique=false}
20:44:27.389 [restartedMain] DEBUG o.h.b.i.ClassLoaderAccessImpl - Not known whether passed class name [com.project.biddingSoft.domain.Storable] is safe
20:44:27.389 [restartedMain] DEBUG o.h.b.i.ClassLoaderAccessImpl - No temp ClassLoader provided; using live ClassLoader for loading potentially unsafe class : com.project.biddingSoft.domain.Storable
20:44:27.390 [restartedMain] DEBUG o.h.cfg.annotations.PropertyBinder - MetadataSourceProcessor property id with lazy=false
20:44:27.390 [restartedMain] DEBUG o.h.cfg.AbstractPropertyHolder - Attempting to locate auto-apply AttributeConverter for property [com.project.biddingSoft.domain.Storable:id]
20:44:27.390 [restartedMain] DEBUG o.h.c.annotations.SimpleValueBinder - building SimpleValue for id
20:44:27.390 [restartedMain] DEBUG o.h.cfg.annotations.PropertyBinder - Building property id
20:44:27.390 [restartedMain] DEBUG org.hibernate.cfg.BinderHelper - #makeIdGenerator(org.hibernate.mapping.SimpleValue([org.hibernate.mapping.Column(id)]), id, org.hibernate.id.enhanced.SequenceStyleGenerator, , ...)
20:44:27.390 [restartedMain] DEBUG org.hibernate.cfg.AnnotationBinder - Binding entity from annotated class: com.project.biddingSoft.domain.Bid
20:44:27.390 [restartedMain] DEBUG o.h.cfg.annotations.EntityBinder - Import with entity name Bid
20:44:27.390 [restartedMain] DEBUG o.h.cfg.annotations.EntityBinder - Bind entity com.project.biddingSoft.domain.Bid on table bid
20:44:27.390 [restartedMain] DEBUG org.hibernate.cfg.AnnotationBinder - Binding entity from annotated class: com.project.biddingSoft.domain.Lot
20:44:27.390 [restartedMain] DEBUG o.h.cfg.annotations.EntityBinder - Import with entity name Lot
20:44:27.390 [restartedMain] DEBUG o.h.cfg.annotations.EntityBinder - Bind entity com.project.biddingSoft.domain.Lot on table lot
20:44:27.390 [restartedMain] DEBUG org.hibernate.cfg.Ejb3Column - Binding column: Ejb3Column{table=org.hibernate.mapping.DenormalizedTable(lot), mappingColumn=description, insertable=true, updatable=true, unique=false}
20:44:27.390 [restartedMain] DEBUG o.h.cfg.annotations.PropertyBinder - MetadataSourceProcessor property description with lazy=false
20:44:27.390 [restartedMain] DEBUG o.h.cfg.AbstractPropertyHolder - Attempting to locate auto-apply AttributeConverter for property [com.project.biddingSoft.domain.Lot:description]
20:44:27.391 [restartedMain] DEBUG o.h.c.annotations.SimpleValueBinder - building SimpleValue for description
20:44:27.391 [restartedMain] DEBUG o.h.cfg.annotations.PropertyBinder - Building property description
20:44:27.391 [restartedMain] DEBUG org.hibernate.cfg.Ejb3Column - Binding column: Ejb3Column{table=org.hibernate.mapping.DenormalizedTable(lot), mappingColumn=user_name, insertable=true, updatable=true, unique=false}
20:44:27.391 [restartedMain] DEBUG o.h.cfg.annotations.PropertyBinder - MetadataSourceProcessor property userName with lazy=false
20:44:27.391 [restartedMain] DEBUG o.h.cfg.AbstractPropertyHolder - Attempting to locate auto-apply AttributeConverter for property [com.project.biddingSoft.domain.Lot:userName]
20:44:27.391 [restartedMain] DEBUG o.h.c.annotations.SimpleValueBinder - building SimpleValue for userName
20:44:27.391 [restartedMain] DEBUG o.h.cfg.annotations.PropertyBinder - Building property userName
20:44:27.391 [restartedMain] DEBUG org.hibernate.cfg.AnnotationBinder - Binding entity from annotated class: com.project.biddingSoft.domain.User
20:44:27.391 [restartedMain] DEBUG o.h.cfg.annotations.EntityBinder - Import with entity name User
20:44:27.391 [restartedMain] DEBUG o.h.cfg.annotations.EntityBinder - Bind entity com.project.biddingSoft.domain.User on table user
20:44:27.391 [restartedMain] DEBUG o.h.c.annotations.SimpleValueBinder - Starting fillSimpleValue for id
20:44:27.391 [restartedMain] DEBUG o.h.c.annotations.SimpleValueBinder - Starting fillSimpleValue for description
20:44:27.391 [restartedMain] DEBUG o.h.c.annotations.SimpleValueBinder - Starting fillSimpleValue for userName
20:44:27.391 [restartedMain] DEBUG org.hibernate.mapping.PrimaryKey - Forcing column [id] to be non-null as it is part of the primary key for table [storable]
20:44:27.392 [restartedMain] DEBUG o.h.internal.SessionFactoryImpl - Building session factory
20:44:27.393 [restartedMain] DEBUG org.hibernate.cfg.Settings - SessionFactory name : null
20:44:27.393 [restartedMain] DEBUG org.hibernate.cfg.Settings - Automatic flush during beforeCompletion(): enabled
20:44:27.393 [restartedMain] DEBUG org.hibernate.cfg.Settings - Automatic session close at end of transaction: disabled
20:44:27.393 [restartedMain] DEBUG org.hibernate.cfg.Settings - Statistics: disabled
20:44:27.393 [restartedMain] DEBUG org.hibernate.cfg.Settings - Deleted entity synthetic identifier rollback: disabled
20:44:27.393 [restartedMain] DEBUG org.hibernate.cfg.Settings - Default entity-mode: pojo
20:44:27.393 [restartedMain] DEBUG org.hibernate.cfg.Settings - Check Nullability in Core (should be disabled when Bean Validation is on): enabled
20:44:27.393 [restartedMain] DEBUG org.hibernate.cfg.Settings - Allow initialization of lazy state outside session : disabled
20:44:27.393 [restartedMain] DEBUG org.hibernate.cfg.Settings - Using BatchFetchStyle : LEGACY
20:44:27.393 [restartedMain] DEBUG org.hibernate.cfg.Settings - Default batch fetch size: -1
20:44:27.393 [restartedMain] DEBUG org.hibernate.cfg.Settings - Maximum outer join fetch depth: 2
20:44:27.393 [restartedMain] DEBUG org.hibernate.cfg.Settings - Default null ordering: NONE
20:44:27.393 [restartedMain] DEBUG org.hibernate.cfg.Settings - Order SQL updates by primary key: disabled
20:44:27.393 [restartedMain] DEBUG org.hibernate.cfg.Settings - Order SQL inserts for batching: disabled
20:44:27.393 [restartedMain] DEBUG org.hibernate.cfg.Settings - multi-tenancy strategy : NONE
20:44:27.393 [restartedMain] DEBUG org.hibernate.cfg.Settings - JTA Track by Thread: enabled
20:44:27.393 [restartedMain] DEBUG org.hibernate.cfg.Settings - Query language substitutions: {}
20:44:27.393 [restartedMain] DEBUG org.hibernate.cfg.Settings - Named query checking : enabled
20:44:27.393 [restartedMain] DEBUG org.hibernate.cfg.Settings - Second-level cache: disabled
20:44:27.393 [restartedMain] DEBUG org.hibernate.cfg.Settings - Second-level query cache: disabled
20:44:27.393 [restartedMain] DEBUG org.hibernate.cfg.Settings - Second-level query cache factory: null
20:44:27.393 [restartedMain] DEBUG org.hibernate.cfg.Settings - Second-level cache region prefix: null
20:44:27.393 [restartedMain] DEBUG org.hibernate.cfg.Settings - Optimize second-level cache for minimal puts: disabled
20:44:27.393 [restartedMain] DEBUG org.hibernate.cfg.Settings - Structured second-level cache entries: disabled
20:44:27.393 [restartedMain] DEBUG org.hibernate.cfg.Settings - Second-level cache direct-reference entries: disabled
20:44:27.393 [restartedMain] DEBUG org.hibernate.cfg.Settings - Automatic eviction of collection cache: disabled
20:44:27.393 [restartedMain] DEBUG org.hibernate.cfg.Settings - JDBC batch size: 15
20:44:27.393 [restartedMain] DEBUG org.hibernate.cfg.Settings - JDBC batch updates for versioned data: enabled
20:44:27.393 [restartedMain] DEBUG org.hibernate.cfg.Settings - Scrollable result sets: enabled
20:44:27.393 [restartedMain] DEBUG org.hibernate.cfg.Settings - Wrap result sets: disabled
20:44:27.393 [restartedMain] DEBUG org.hibernate.cfg.Settings - JDBC3 getGeneratedKeys(): enabled
20:44:27.393 [restartedMain] DEBUG org.hibernate.cfg.Settings - JDBC result set fetch size: null
20:44:27.393 [restartedMain] DEBUG org.hibernate.cfg.Settings - Connection release mode: ON_CLOSE
20:44:27.393 [restartedMain] DEBUG org.hibernate.cfg.Settings - Generate SQL with comments: disabled
20:44:27.393 [restartedMain] DEBUG org.hibernate.cfg.Settings - JPA compliance - query : disabled
20:44:27.393 [restartedMain] DEBUG org.hibernate.cfg.Settings - JPA compliance - closed-handling : disabled
20:44:27.393 [restartedMain] DEBUG org.hibernate.cfg.Settings - JPA compliance - lists : disabled
20:44:27.393 [restartedMain] DEBUG org.hibernate.cfg.Settings - JPA compliance - transactions : disabled
20:44:27.394 [restartedMain] DEBUG o.h.b.i.ClassLoaderAccessImpl - Not known whether passed class name [com.project.biddingSoft.domain.Bid] is safe
20:44:27.394 [restartedMain] DEBUG o.h.b.i.ClassLoaderAccessImpl - No temp ClassLoader provided; using live ClassLoader for loading potentially unsafe class : com.project.biddingSoft.domain.Bid
20:44:27.394 [restartedMain] DEBUG o.h.b.i.ClassLoaderAccessImpl - Not known whether passed class name [com.project.biddingSoft.domain.User] is safe
20:44:27.394 [restartedMain] DEBUG o.h.b.i.ClassLoaderAccessImpl - No temp ClassLoader provided; using live ClassLoader for loading potentially unsafe class : com.project.biddingSoft.domain.User
20:44:27.394 [restartedMain] DEBUG o.h.b.i.ClassLoaderAccessImpl - Not known whether passed class name [com.project.biddingSoft.domain.Lot] is safe
20:44:27.394 [restartedMain] DEBUG o.h.b.i.ClassLoaderAccessImpl - No temp ClassLoader provided; using live ClassLoader for loading potentially unsafe class : com.project.biddingSoft.domain.Lot
20:44:27.394 [restartedMain] DEBUG o.h.internal.SessionFactoryImpl - Session factory constructed with filter configurations : {}
20:44:27.394 [restartedMain] DEBUG o.h.internal.SessionFactoryImpl - Instantiating session factory with properties: {hibernate.id.new_generator_mappings=true, java.specification.version=15, sun.cpu.isalist=amd64, hibernate.resource.beans.container=org.springframework.orm.hibernate5.SpringBeanContainer@6621f388, hibernate.connection.handling_mode=DELAYED_ACQUISITION_AND_HOLD, sun.jnu.encoding=Cp1252, hibernate.implicit_naming_strategy=org.springframework.boot.orm.jpa.hibernate.SpringImplicitNamingStrategy, java.class.path=C:\Users\nuche\Documents\StuProj\java\biddingSoft\target\classes;C:\Users\nuche\.m2\repository\org\springframework\boot\spring-boot-starter-data-jpa\2.4.3\spring-boot-starter-data-jpa-2.4.3.jar;C:\Users\nuche\.m2\repository\org\springframework\boot\spring-boot-starter-aop\2.4.3\spring-boot-starter-aop-2.4.3.jar;C:\Users\nuche\.m2\repository\org\aspectj\aspectjweaver\1.9.6\aspectjweaver-1.9.6.jar;C:\Users\nuche\.m2\repository\org\springframework\boot\spring-boot-starter-jdbc\2.4.3\spring-boot-starter-jdbc-2.4.3.jar;C:\Users\nuche\.m2\repository\com\zaxxer\HikariCP\3.4.5\HikariCP-3.4.5.jar;C:\Users\nuche\.m2\repository\org\springframework\spring-jdbc\5.3.4\spring-jdbc-5.3.4.jar;C:\Users\nuche\.m2\repository\jakarta\transaction\jakarta.transaction-api\1.3.3\jakarta.transaction-api-1.3.3.jar;C:\Users\nuche\.m2\repository\jakarta\persistence\jakarta.persistence-api\2.2.3\jakarta.persistence-api-2.2.3.jar;C:\Users\nuche\.m2\repository\org\hibernate\hibernate-core\5.4.28.Final\hibernate-core-5.4.28.Final.jar;C:\Users\nuche\.m2\repository\org\jboss\logging\jboss-logging\3.4.1.Final\jboss-logging-3.4.1.Final.jar;C:\Users\nuche\.m2\repository\org\javassist\javassist\3.27.0-GA\javassist-3.27.0-GA.jar;C:\Users\nuche\.m2\repository\net\bytebuddy\byte-buddy\1.10.20\byte-buddy-1.10.20.jar;C:\Users\nuche\.m2\repository\antlr\antlr\2.7.7\antlr-2.7.7.jar;C:\Users\nuche\.m2\repository\org\jboss\jandex\2.2.3.Final\jandex-2.2.3.Final.jar;C:\Users\nuche\.m2\repository\com\fasterxml\classmate\1.5.1\classmate-1.5.1.jar;C:\Users\nuche\.m2\repository\org\dom4j\dom4j\2.1.3\dom4j-2.1.3.jar;C:\Users\nuche\.m2\repository\org\hibernate\common\hibernate-commons-annotations\5.1.2.Final\hibernate-commons-annotations-5.1.2.Final.jar;C:\Users\nuche\.m2\repository\org\glassfish\jaxb\jaxb-runtime\2.3.3\jaxb-runtime-2.3.3.jar;C:\Users\nuche\.m2\repository\org\glassfish\jaxb\txw2\2.3.3\txw2-2.3.3.jar;C:\Users\nuche\.m2\repository\com\sun\istack\istack-commons-runtime\3.0.11\istack-commons-runtime-3.0.11.jar;C:\Users\nuche\.m2\repository\org\springframework\spring-aspects\5.3.4\spring-aspects-5.3.4.jar;C:\Users\nuche\.m2\repository\org\springframework\boot\spring-boot-starter-mail\2.4.3\spring-boot-starter-mail-2.4.3.jar;C:\Users\nuche\.m2\repository\org\springframework\boot\spring-boot-starter\2.4.3\spring-boot-starter-2.4.3.jar;C:\Users\nuche\.m2\repository\org\springframework\boot\spring-boot-starter-logging\2.4.3\spring-boot-starter-logging-2.4.3.jar;C:\Users\nuche\.m2\repository\ch\qos\logback\logback-classic\1.2.3\logback-classic-1.2.3.jar;C:\Users\nuche\.m2\repository\ch\qos\logback\logback-core\1.2.3\logback-core-1.2.3.jar;C:\Users\nuche\.m2\repository\org\apache\logging\log4j\log4j-to-slf4j\2.13.3\log4j-to-slf4j-2.13.3.jar;C:\Users\nuche\.m2\repository\org\apache\logging\log4j\log4j-api\2.13.3\log4j-api-2.13.3.jar;C:\Users\nuche\.m2\repository\org\slf4j\jul-to-slf4j\1.7.30\jul-to-slf4j-1.7.30.jar;C:\Users\nuche\.m2\repository\org\yaml\snakeyaml\1.27\snakeyaml-1.27.jar;C:\Users\nuche\.m2\repository\org\springframework\spring-context-support\5.3.4\spring-context-support-5.3.4.jar;C:\Users\nuche\.m2\repository\com\sun\mail\jakarta.mail\1.6.5\jakarta.mail-1.6.5.jar;C:\Users\nuche\.m2\repository\com\sun\activation\jakarta.activation\1.2.2\jakarta.activation-1.2.2.jar;C:\Users\nuche\.m2\repository\org\springframework\boot\spring-boot-starter-security\2.4.3\spring-boot-starter-security-2.4.3.jar;C:\Users\nuche\.m2\repository\org\springframework\spring-aop\5.3.4\spring-aop-5.3.4.jar;C:\Users\nuche\.m2\repository\org\springframework\security\spring-security-config\5.4.5\spring-security-config-5.4.5.jar;C:\Users\nuche\.m2\repository\org\springframework\security\spring-security-web\5.4.5\spring-security-web-5.4.5.jar;C:\Users\nuche\.m2\repository\org\springframework\spring-expression\5.3.4\spring-expression-5.3.4.jar;C:\Users\nuche\.m2\repository\org\springframework\boot\spring-boot-starter-web\2.4.3\spring-boot-starter-web-2.4.3.jar;C:\Users\nuche\.m2\repository\org\springframework\boot\spring-boot-starter-json\2.4.3\spring-boot-starter-json-2.4.3.jar;C:\Users\nuche\.m2\repository\com\fasterxml\jackson\core\jackson-databind\2.11.4\jackson-databind-2.11.4.jar;C:\Users\nuche\.m2\repository\com\fasterxml\jackson\core\jackson-core\2.11.4\jackson-core-2.11.4.jar;C:\Users\nuche\.m2\repository\com\fasterxml\jackson\datatype\jackson-datatype-jdk8\2.11.4\jackson-datatype-jdk8-2.11.4.jar;C:\Users\nuche\.m2\repository\com\fasterxml\jackson\datatype\jackson-datatype-jsr310\2.11.4\jackson-datatype-jsr310-2.11.4.jar;C:\Users\nuche\.m2\repository\com\fasterxml\jackson\module\jackson-module-parameter-names\2.11.4\jackson-module-parameter-names-2.11.4.jar;C:\Users\nuche\.m2\repository\org\springframework\spring-web\5.3.4\spring-web-5.3.4.jar;C:\Users\nuche\.m2\repository\org\springframework\spring-webmvc\5.3.4\spring-webmvc-5.3.4.jar;C:\Users\nuche\.m2\repository\com\h2database\h2\1.4.200\h2-1.4.200.jar;C:\Users\nuche\.m2\repository\org\springframework\boot\spring-boot-starter-tomcat\2.4.3\spring-boot-starter-tomcat-2.4.3.jar;C:\Users\nuche\.m2\repository\jakarta\annotation\jakarta.annotation-api\1.3.5\jakarta.annotation-api-1.3.5.jar;C:\Users\nuche\.m2\repository\org\apache\tomcat\embed\tomcat-embed-core\9.0.43\tomcat-embed-core-9.0.43.jar;C:\Users\nuche\.m2\repository\org\glassfish\jakarta.el\3.0.3\jakarta.el-3.0.3.jar;C:\Users\nuche\.m2\repository\org\apache\tomcat\embed\tomcat-embed-websocket\9.0.43\tomcat-embed-websocket-9.0.43.jar;C:\Users\nuche\.m2\repository\com\jayway\jsonpath\json-path\2.4.0\json-path-2.4.0.jar;C:\Users\nuche\.m2\repository\net\minidev\json-smart\2.3\json-smart-2.3.jar;C:\Users\nuche\.m2\repository\net\minidev\accessors-smart\1.2\accessors-smart-1.2.jar;C:\Users\nuche\.m2\repository\org\ow2\asm\asm\5.0.4\asm-5.0.4.jar;C:\Users\nuche\.m2\repository\jakarta\xml\bind\jakarta.xml.bind-api\2.3.3\jakarta.xml.bind-api-2.3.3.jar;C:\Users\nuche\.m2\repository\jakarta\activation\jakarta.activation-api\1.2.2\jakarta.activation-api-1.2.2.jar;C:\Users\nuche\.m2\repository\org\springframework\spring-core\5.3.4\spring-core-5.3.4.jar;C:\Users\nuche\.m2\repository\org\springframework\spring-jcl\5.3.4\spring-jcl-5.3.4.jar;C:\Users\nuche\.m2\repository\org\springframework\security\spring-security-core\5.4.5\spring-security-core-5.4.5.jar;C:\Users\nuche\.m2\repository\org\springframework\boot\spring-boot-starter-thymeleaf\2.4.3\spring-boot-starter-thymeleaf-2.4.3.jar;C:\Users\nuche\.m2\repository\org\thymeleaf\thymeleaf-spring5\3.0.12.RELEASE\thymeleaf-spring5-3.0.12.RELEASE.jar;C:\Users\nuche\.m2\repository\org\thymeleaf\thymeleaf\3.0.12.RELEASE\thymeleaf-3.0.12.RELEASE.jar;C:\Users\nuche\.m2\repository\org\attoparser\attoparser\2.0.5.RELEASE\attoparser-2.0.5.RELEASE.jar;C:\Users\nuche\.m2\repository\org\unbescape\unbescape\1.1.6.RELEASE\unbescape-1.1.6.RELEASE.jar;C:\Users\nuche\.m2\repository\org\thymeleaf\extras\thymeleaf-extras-java8time\3.0.4.RELEASE\thymeleaf-extras-java8time-3.0.4.RELEASE.jar;C:\Users\nuche\.m2\repository\mysql\mysql-connector-java\8.0.23\mysql-connector-java-8.0.23.jar;C:\Users\nuche\.m2\repository\javax\persistence\javax.persistence-api\2.2\javax.persistence-api-2.2.jar;C:\Users\nuche\.m2\repository\org\springframework\data\spring-data-commons\2.4.5\spring-data-commons-2.4.5.jar;C:\Users\nuche\.m2\repository\org\springframework\spring-beans\5.3.4\spring-beans-5.3.4.jar;C:\Users\nuche\.m2\repository\org\slf4j\slf4j-api\1.7.30\slf4j-api-1.7.30.jar;C:\Users\nuche\.m2\repository\org\springframework\boot\spring-boot-actuator\2.4.3\spring-boot-actuator-2.4.3.jar;C:\Users\nuche\.m2\repository\org\springframework\boot\spring-boot\2.4.3\spring-boot-2.4.3.jar;C:\Users\nuche\.m2\repository\org\springframework\boot\spring-boot-devtools\2.4.3\spring-boot-devtools-2.4.3.jar;C:\Users\nuche\.m2\repository\org\springframework\boot\spring-boot-autoconfigure\2.4.3\spring-boot-autoconfigure-2.4.3.jar;C:\Users\nuche\.m2\repository\org\springframework\boot\spring-boot-starter-data-rest\2.4.3\spring-boot-starter-data-rest-2.4.3.jar;C:\Users\nuche\.m2\repository\org\springframework\data\spring-data-rest-webmvc\3.4.5\spring-data-rest-webmvc-3.4.5.jar;C:\Users\nuche\.m2\repository\org\springframework\data\spring-data-rest-core\3.4.5\spring-data-rest-core-3.4.5.jar;C:\Users\nuche\.m2\repository\org\springframework\hateoas\spring-hateoas\1.2.4\spring-hateoas-1.2.4.jar;C:\Users\nuche\.m2\repository\org\springframework\plugin\spring-plugin-core\2.0.0.RELEASE\spring-plugin-core-2.0.0.RELEASE.jar;C:\Users\nuche\.m2\repository\org\atteo\evo-inflector\1.2.2\evo-inflector-1.2.2.jar;C:\Users\nuche\.m2\repository\com\fasterxml\jackson\core\jackson-annotations\2.11.4\jackson-annotations-2.11.4.jar;C:\Users\nuche\.m2\repository\org\springframework\data\spring-data-jpa\2.4.5\spring-data-jpa-2.4.5.jar;C:\Users\nuche\.m2\repository\org\springframework\spring-orm\5.3.4\spring-orm-5.3.4.jar;C:\Users\nuche\.m2\repository\org\springframework\spring-context\5.3.4\spring-context-5.3.4.jar;C:\Users\nuche\.m2\repository\org\springframework\spring-tx\5.3.4\spring-tx-5.3.4.jar;C:\Users\nuche\.m2\repository\org\aspectj\aspectjrt\1.9.6\aspectjrt-1.9.6.jar, com.sun.management.jmxremote.authenticate=false, java.vm.vendor=Oracle Corporation, sun.arch.data.model=64, user.variant=, java.vendor.url=https://java.oracle.com/, catalina.useNaming=false, user.timezone=Europe/London, java.vm.specification.version=15, os.name=Windows 10, javax.persistence.validation.mode=AUTO, sun.java.launcher=SUN_STANDARD, user.country=US, sun.boot.library.path=C:\Program Files\Java\jdk-15.0.2\bin, com.sun.management.jmxremote.ssl=false, sun.java.command=com.project.biddingSoft.BiddingSoftwareApplication --spring.output.ansi.enabled=always, spring.application.admin.enabled=true, javax.persistence.nonJtaDataSource=HikariDataSource (HikariPool-3), hibernate.transaction.jta.platform=org.hibernate.engine.transaction.jta.platform.internal.NoJtaPlatform@530cd9d2, com.sun.management.jmxremote=, javax.persistence.sharedCache.mode=UNSPECIFIED, jdk.debug=release, sun.cpu.endian=little, spring.boot.project.name=biddingSoft, user.home=C:\Users\nuche, user.language=en, java.specification.vendor=Oracle Corporation, java.version.date=2021-01-19, java.home=C:\Program Files\Java\jdk-15.0.2, file.separator=\, java.vm.compressedOopsMode=Zero based, line.separator=
, java.vm.specification.vendor=Oracle Corporation, java.specification.name=Java Platform API Specification, FILE_LOG_CHARSET=UTF-8, hibernate.transaction.coordinator_class=class org.hibernate.resource.transaction.backend.jdbc.internal.JdbcResourceLocalTransactionCoordinatorBuilderImpl, java.awt.headless=true, hibernate.hbm2ddl.auto=update, user.script=, sun.management.compiler=HotSpot 64-Bit Tiered Compilers, java.runtime.version=15.0.2+7-27, user.name=nuche, spring.jmx.enabled=true, path.separator=;, os.version=10.0, java.runtime.name=Java(TM) SE Runtime Environment, file.encoding=UTF-8, hibernate.ejb.persistenceUnitName=default, spring.beaninfo.ignore=true, java.vm.name=Java HotSpot(TM) 64-Bit Server VM, java.vendor.url.bug=https://bugreport.java.com/bugreport/, java.io.tmpdir=C:\Users\nuche\AppData\Local\Temp\, com.zaxxer.hikari.pool_number=1, catalina.home=C:\Users\nuche\AppData\Local\Temp\tomcat.8080.4625848387697256195, com.sun.management.jmxremote.port=2886, java.version=15.0.2, hibernate.physical_naming_strategy=org.springframework.boot.orm.jpa.hibernate.SpringPhysicalNamingStrategy, user.dir=C:\Users\nuche\Documents\StuProj\java\biddingSoft, os.arch=amd64, java.vm.specification.name=Java Virtual Machine Specification, PID=8320, sun.os.patch.level=, CONSOLE_LOG_CHARSET=UTF-8, catalina.base=C:\Users\nuche\AppData\Local\Temp\tomcat.8080.4625848387697256195, hibernate.boot.CfgXmlAccessService.key=org.hibernate.boot.registry.StandardServiceRegistryBuilder$1@33f47df1, java.library.path=C:\Program Files\Java\jdk-15.0.2\bin;C:\Windows\Sun\Java\bin;C:\Windows\system32;C:\Windows;C:\Program Files (x86)\Common Files\Oracle\Java\javapath;C:\Program Files\Common Files\Oracle\Java\javapath;C:\Python38\Scripts\;C:\Python38\;C:\Windows\system32;C:\Windows;C:\Windows\System32\Wbem;C:\Windows\System32\WindowsPowerShell\v1.0\;C:\Windows\System32\OpenSSH\;C:\Program Files\Git\cmd;C:\Program Files\Microsoft SQL Server\130\Tools\Binn\;C:\Program Files\nodejs\;C:\ProgramData\chocolatey\bin;C:\Program Files\swipl\bin;C:\Program Files\JetBrains\GoLand 2020.1.2\bin;C:\Go\bin;C:\TDM-GCC-64\bin;C:\Program Files (x86)\sbt\bin;C:\Users\nuche\sdk;C:\Program Files\dotnet\;C:\Program Files\dotnet\sdk\5.0.100;C:\Program Files\Microsoft SQL Server\Client SDK\ODBC\170\Tools\Binn\;%M2%;C:\Program Files\spring-2.4.3\bin;C:\Program Files\MySQL\MySQL Shell 8.0\bin\;C:\Users\nuche\AppData\Local\Microsoft\WindowsApps;C:\Program Files\JetBrains\WebStorm 2019.3.3\bin;C:\Users\nuche\AppData\Roaming\npm;C:\Users\nuche\.dotnet\tools;C:\Program Files\JetBrains\IntelliJ IDEA 2020.1.1\bin;C:\Program Files\JetBrains\GoLand 2020.1.2\bin;C:\Users\nuche\go\bin;C:\Users\nuche\AppData\Local\GitHubDesktop\bin;C:\Users\nuche\AppData\Roaming\Dashlane\6.2026.0.36165\bin\Firefox_Extension\{442718d9-475e-452a-b3e1-fb1ee16b8e9f}\components;C:\Users\nuche\AppData\Roaming\Dashlane\6.2026.0.36165\ucrt;C:\Users\nuche\AppData\Roaming\Dashlane\6.2026.0.36165\bin\Qt;C:\Users\nuche\AppData\Roaming\Dashlane\6.2026.0.36165\ucrt;C:\Users\nuche\AppData\Roaming\Dashlane\6.2026.0.36165\bin\Ssl;C:\Users\nuche\AppData\Local\atom\bin;C:\MinGW\bin;C:\Users\nuche\.dotnet\tools;C:\Program Files\dotnet\sdk\5.0.100;C:\Program Files\Java\jdk-15.0.2\bin;C:\Program Files\apache-maven-3.6.3\bin;C:\Program Files\spring-2.4.3\bin;C:\Program Files (x86)\Nmap;., java.vendor=Oracle Corporation, java.vm.info=mixed mode, sharing, java.vm.version=15.0.2+7-27, hibernate.bytecode.use_reflection_optimizer=false, java.rmi.server.randomIDs=true, java.rmi.server.hostname=localhost, sun.io.unicode.encoding=UnicodeLittle, hibernate.archive.scanner=org.hibernate.boot.archive.scan.internal.DisabledScanner, hibernate.connection.datasource=HikariDataSource (HikariPool-3), java.class.version=59.0}
20:44:27.395 [restartedMain] DEBUG o.h.secure.spi.JaccIntegrator - Skipping JACC integration as it was not enabled
20:44:27.395 [restartedMain] DEBUG o.h.internal.SessionFactoryImpl - Instantiated session factory
20:44:27.395 [restartedMain] DEBUG o.h.t.spi.TypeConfiguration$Scope - Scoping TypeConfiguration [org.hibernate.type.spi.TypeConfiguration@2e2dc5ec] to SessionFactoryImpl [org.hibernate.internal.SessionFactoryImpl@48b58c0c]
20:44:27.395 [restartedMain] DEBUG o.h.b.i.ClassLoaderAccessImpl - Not known whether passed class name [com.project.biddingSoft.domain.Storable] is safe
20:44:27.395 [restartedMain] DEBUG o.h.b.i.ClassLoaderAccessImpl - No temp ClassLoader provided; using live ClassLoader for loading potentially unsafe class : com.project.biddingSoft.domain.Storable
20:44:27.395 [restartedMain] DEBUG o.h.b.i.ClassLoaderAccessImpl - Not known whether passed class name [com.project.biddingSoft.domain.Bid] is safe
20:44:27.395 [restartedMain] DEBUG o.h.b.i.ClassLoaderAccessImpl - No temp ClassLoader provided; using live ClassLoader for loading potentially unsafe class : com.project.biddingSoft.domain.Bid
20:44:27.395 [restartedMain] DEBUG o.h.b.i.ClassLoaderAccessImpl - Not known whether passed class name [com.project.biddingSoft.domain.Lot] is safe
20:44:27.395 [restartedMain] DEBUG o.h.b.i.ClassLoaderAccessImpl - No temp ClassLoader provided; using live ClassLoader for loading potentially unsafe class : com.project.biddingSoft.domain.Lot
20:44:27.395 [restartedMain] DEBUG o.h.b.i.ClassLoaderAccessImpl - Not known whether passed class name [com.project.biddingSoft.domain.User] is safe
20:44:27.395 [restartedMain] DEBUG o.h.b.i.ClassLoaderAccessImpl - No temp ClassLoader provided; using live ClassLoader for loading potentially unsafe class : com.project.biddingSoft.domain.User
20:44:27.411 [restartedMain] DEBUG o.h.p.e.AbstractEntityPersister - Static SQL for entity: com.project.biddingSoft.domain.Storable
20:44:27.411 [restartedMain] DEBUG o.h.p.e.AbstractEntityPersister -  Version select: select id from storable where id =?
20:44:27.411 [restartedMain] DEBUG o.h.p.e.AbstractEntityPersister -  Snapshot select: select storable_.id from ( select id, null as description, null as user_name, 0 as clazz_ from storable union all select id, null as description, null as user_name, 1 as clazz_ from bid union all select id, description, user_name, 2 as clazz_ from lot union all select id, null as description, null as user_name, 3 as clazz_ from user ) storable_ where storable_.id=?
20:44:27.411 [restartedMain] DEBUG o.h.p.e.AbstractEntityPersister -  Insert 0: insert into storable (id) values (?)
20:44:27.411 [restartedMain] DEBUG o.h.p.e.AbstractEntityPersister -  Update 0: null
20:44:27.411 [restartedMain] DEBUG o.h.p.e.AbstractEntityPersister -  Delete 0: delete from storable where id=?
20:44:27.411 [restartedMain] DEBUG o.h.l.p.b.i.spaces.QuerySpacesImpl - Adding QuerySpace : uid = <gen:0> -> org.hibernate.loader.plan.build.internal.spaces.EntityQuerySpaceImpl@ae8bd97]
20:44:27.411 [restartedMain] DEBUG o.h.p.w.spi.MetamodelGraphWalker - Visiting attribute path : description
20:44:27.411 [restartedMain] DEBUG o.h.p.w.spi.MetamodelGraphWalker - Visiting attribute path : userName
20:44:27.411 [restartedMain] DEBUG o.h.l.p.b.i.FetchStyleLoadPlanBuildingAssociationVisitationStrategy - Building LoadPlan...
20:44:27.411 [restartedMain] DEBUG o.h.l.p.e.i.LoadQueryJoinAndFetchProcessor - processing queryspace <gen:0>
20:44:27.411 [restartedMain] DEBUG o.h.l.p.b.spi.LoadPlanTreePrinter - LoadPlan(entity=com.project.biddingSoft.domain.Storable)
    - Returns
       - EntityReturnImpl(entity=com.project.biddingSoft.domain.Storable, querySpaceUid=<gen:0>, path=com.project.biddingSoft.domain.Storable)
    - QuerySpaces
       - EntityQuerySpaceImpl(uid=<gen:0>, entity=com.project.biddingSoft.domain.Storable)
          - SQL table alias mapping - storable0_
          - alias suffix - 0_
          - suffixed key columns - {id1_2_0_}

20:44:27.411 [restartedMain] DEBUG o.h.loader.entity.plan.EntityLoader - Static select for entity com.project.biddingSoft.domain.Storable [NONE]: select storable0_.id as id1_2_0_, storable0_.description as descript1_1_0_, storable0_.user_name as user_nam2_1_0_, storable0_.clazz_ as clazz_0_ from ( select id, null as description, null as user_name, 0 as clazz_ from storable union all select id, null as description, null as user_name, 1 as clazz_ from bid union all select id, description, user_name, 2 as clazz_ from lot union all select id, null as description, null as user_name, 3 as clazz_ from user ) storable0_ where storable0_.id=?
20:44:27.411 [restartedMain] DEBUG o.h.p.e.AbstractEntityPersister - Static SQL for entity: com.project.biddingSoft.domain.Bid
20:44:27.411 [restartedMain] DEBUG o.h.p.e.AbstractEntityPersister -  Version select: select id from bid where id =?
20:44:27.411 [restartedMain] DEBUG o.h.p.e.AbstractEntityPersister -  Snapshot select: select bid_.id from bid bid_ where bid_.id=?
20:44:27.411 [restartedMain] DEBUG o.h.p.e.AbstractEntityPersister -  Insert 0: insert into bid (id) values (?)
20:44:27.411 [restartedMain] DEBUG o.h.p.e.AbstractEntityPersister -  Update 0: null
20:44:27.411 [restartedMain] DEBUG o.h.p.e.AbstractEntityPersister -  Delete 0: delete from bid where id=?
20:44:27.411 [restartedMain] DEBUG o.h.l.p.b.i.spaces.QuerySpacesImpl - Adding QuerySpace : uid = <gen:0> -> org.hibernate.loader.plan.build.internal.spaces.EntityQuerySpaceImpl@2d96314e]
20:44:27.411 [restartedMain] DEBUG o.h.l.p.b.i.FetchStyleLoadPlanBuildingAssociationVisitationStrategy - Building LoadPlan...
20:44:27.412 [restartedMain] DEBUG o.h.l.p.e.i.LoadQueryJoinAndFetchProcessor - processing queryspace <gen:0>
20:44:27.412 [restartedMain] DEBUG o.h.l.p.b.spi.LoadPlanTreePrinter - LoadPlan(entity=com.project.biddingSoft.domain.Bid)
    - Returns
       - EntityReturnImpl(entity=com.project.biddingSoft.domain.Bid, querySpaceUid=<gen:0>, path=com.project.biddingSoft.domain.Bid)
    - QuerySpaces
       - EntityQuerySpaceImpl(uid=<gen:0>, entity=com.project.biddingSoft.domain.Bid)
          - SQL table alias mapping - bid0_
          - alias suffix - 0_
          - suffixed key columns - {id1_2_0_}

20:44:27.412 [restartedMain] DEBUG o.h.loader.entity.plan.EntityLoader - Static select for entity com.project.biddingSoft.domain.Bid [NONE]: select bid0_.id as id1_2_0_ from bid bid0_ where bid0_.id=?
20:44:27.412 [restartedMain] DEBUG o.h.p.e.AbstractEntityPersister - Static SQL for entity: com.project.biddingSoft.domain.User
20:44:27.412 [restartedMain] DEBUG o.h.p.e.AbstractEntityPersister -  Version select: select id from user where id =?
20:44:27.412 [restartedMain] DEBUG o.h.p.e.AbstractEntityPersister -  Snapshot select: select user_.id from user user_ where user_.id=?
20:44:27.412 [restartedMain] DEBUG o.h.p.e.AbstractEntityPersister -  Insert 0: insert into user (id) values (?)
20:44:27.412 [restartedMain] DEBUG o.h.p.e.AbstractEntityPersister -  Update 0: null
20:44:27.412 [restartedMain] DEBUG o.h.p.e.AbstractEntityPersister -  Delete 0: delete from user where id=?
20:44:27.412 [restartedMain] DEBUG o.h.l.p.b.i.spaces.QuerySpacesImpl - Adding QuerySpace : uid = <gen:0> -> org.hibernate.loader.plan.build.internal.spaces.EntityQuerySpaceImpl@67c7bcc2]
20:44:27.412 [restartedMain] DEBUG o.h.l.p.b.i.FetchStyleLoadPlanBuildingAssociationVisitationStrategy - Building LoadPlan...
20:44:27.412 [restartedMain] DEBUG o.h.l.p.e.i.LoadQueryJoinAndFetchProcessor - processing queryspace <gen:0>
20:44:27.412 [restartedMain] DEBUG o.h.l.p.b.spi.LoadPlanTreePrinter - LoadPlan(entity=com.project.biddingSoft.domain.User)
    - Returns
       - EntityReturnImpl(entity=com.project.biddingSoft.domain.User, querySpaceUid=<gen:0>, path=com.project.biddingSoft.domain.User)
    - QuerySpaces
       - EntityQuerySpaceImpl(uid=<gen:0>, entity=com.project.biddingSoft.domain.User)
          - SQL table alias mapping - user0_
          - alias suffix - 0_
          - suffixed key columns - {id1_2_0_}

20:44:27.412 [restartedMain] DEBUG o.h.loader.entity.plan.EntityLoader - Static select for entity com.project.biddingSoft.domain.User [NONE]: select user0_.id as id1_2_0_ from user user0_ where user0_.id=?
20:44:27.412 [restartedMain] DEBUG o.h.p.e.AbstractEntityPersister - Static SQL for entity: com.project.biddingSoft.domain.Lot
20:44:27.412 [restartedMain] DEBUG o.h.p.e.AbstractEntityPersister -  Version select: select id from lot where id =?
20:44:27.412 [restartedMain] DEBUG o.h.p.e.AbstractEntityPersister -  Snapshot select: select lot_.id, lot_.description as descript1_1_, lot_.user_name as user_nam2_1_ from lot lot_ where lot_.id=?
20:44:27.412 [restartedMain] DEBUG o.h.p.e.AbstractEntityPersister -  Insert 0: insert into lot (description, user_name, id) values (?, ?, ?)
20:44:27.412 [restartedMain] DEBUG o.h.p.e.AbstractEntityPersister -  Update 0: update lot set description=?, user_name=? where id=?
20:44:27.412 [restartedMain] DEBUG o.h.p.e.AbstractEntityPersister -  Delete 0: delete from lot where id=?
20:44:27.412 [restartedMain] DEBUG o.h.l.p.b.i.spaces.QuerySpacesImpl - Adding QuerySpace : uid = <gen:0> -> org.hibernate.loader.plan.build.internal.spaces.EntityQuerySpaceImpl@5f5a4646]
20:44:27.413 [restartedMain] DEBUG o.h.p.w.spi.MetamodelGraphWalker - Visiting attribute path : description
20:44:27.413 [restartedMain] DEBUG o.h.p.w.spi.MetamodelGraphWalker - Visiting attribute path : userName
20:44:27.413 [restartedMain] DEBUG o.h.l.p.b.i.FetchStyleLoadPlanBuildingAssociationVisitationStrategy - Building LoadPlan...
20:44:27.413 [restartedMain] DEBUG o.h.l.p.e.i.LoadQueryJoinAndFetchProcessor - processing queryspace <gen:0>
20:44:27.413 [restartedMain] DEBUG o.h.l.p.b.spi.LoadPlanTreePrinter - LoadPlan(entity=com.project.biddingSoft.domain.Lot)
    - Returns
       - EntityReturnImpl(entity=com.project.biddingSoft.domain.Lot, querySpaceUid=<gen:0>, path=com.project.biddingSoft.domain.Lot)
    - QuerySpaces
       - EntityQuerySpaceImpl(uid=<gen:0>, entity=com.project.biddingSoft.domain.Lot)
          - SQL table alias mapping - lot0_
          - alias suffix - 0_
          - suffixed key columns - {id1_2_0_}

20:44:27.413 [restartedMain] DEBUG o.h.loader.entity.plan.EntityLoader - Static select for entity com.project.biddingSoft.domain.Lot [NONE]: select lot0_.id as id1_2_0_, lot0_.description as descript1_1_0_, lot0_.user_name as user_nam2_1_0_ from lot lot0_ where lot0_.id=?
20:44:27.421 [restartedMain] DEBUG org.hibernate.mapping.Table - No alter strings for table : bid
20:44:27.421 [restartedMain] DEBUG org.hibernate.mapping.Table - No alter strings for table : hibernate_sequence
20:44:27.421 [restartedMain] DEBUG org.hibernate.mapping.Table - No alter strings for table : lot
20:44:27.421 [restartedMain] DEBUG org.hibernate.SQL - create table storable (id bigint not null, primary key (id)) engine=InnoDB
20:44:27.466 [HikariPool-3 housekeeper] DEBUG com.zaxxer.hikari.pool.HikariPool - HikariPool-3 - Pool stats (total=1, active=1, idle=0, waiting=0)
20:44:27.467 [restartedMain] DEBUG org.hibernate.mapping.Table - No alter strings for table : user
20:44:27.467 [restartedMain] INFO  o.h.e.t.j.p.i.JtaPlatformInitiator - HHH000490: Using JtaPlatform implementation: [org.hibernate.engine.transaction.jta.platform.internal.NoJtaPlatform]
20:44:27.467 [restartedMain] DEBUG o.h.query.spi.NamedQueryRepository - Checking 0 named HQL queries
20:44:27.467 [restartedMain] DEBUG o.h.query.spi.NamedQueryRepository - Checking 0 named SQL queries
20:44:27.467 [restartedMain] DEBUG o.h.internal.SessionFactoryRegistry - Registering SessionFactory: 1ce00429-c01c-4e3a-a160-98b19c42417d (<unnamed>)
20:44:27.467 [restartedMain] DEBUG o.h.internal.SessionFactoryRegistry - Not binding SessionFactory to JNDI, no JNDI name configured
20:44:27.467 [restartedMain] INFO  o.s.o.j.LocalContainerEntityManagerFactoryBean - Initialized JPA EntityManagerFactory for persistence unit 'default'
20:44:27.476 [restartedMain] INFO  o.s.b.d.a.OptionalLiveReloadServer - LiveReload server is running on port 35729
20:44:27.480 [HikariPool-3 connection adder] DEBUG com.zaxxer.hikari.pool.HikariPool - HikariPool-3 - Added connection com.mysql.cj.jdbc.ConnectionImpl@26577bb2
20:44:27.492 [HikariPool-3 connection adder] DEBUG com.zaxxer.hikari.pool.HikariPool - HikariPool-3 - Added connection com.mysql.cj.jdbc.ConnectionImpl@676a7189
20:44:27.498 [restartedMain] DEBUG o.h.s.internal.StatisticsInitiator - Statistics initialized [enabled=false]
20:44:27.504 [HikariPool-3 connection adder] DEBUG com.zaxxer.hikari.pool.HikariPool - HikariPool-3 - Added connection com.mysql.cj.jdbc.ConnectionImpl@56c79387
20:44:27.536 [restartedMain] WARN  o.s.b.a.o.j.JpaBaseConfiguration$JpaWebConfiguration - spring.jpa.open-in-view is enabled by default. Therefore, database queries may be performed during view rendering. Explicitly configure spring.jpa.open-in-view to disable this warning
20:44:27.541 [HikariPool-3 connection adder] DEBUG com.zaxxer.hikari.pool.HikariPool - HikariPool-3 - Added connection com.mysql.cj.jdbc.ConnectionImpl@7458ec6
20:44:27.561 [HikariPool-3 connection adder] DEBUG com.zaxxer.hikari.pool.HikariPool - HikariPool-3 - Added connection com.mysql.cj.jdbc.ConnectionImpl@2135b18d
20:44:27.576 [HikariPool-3 connection adder] DEBUG com.zaxxer.hikari.pool.HikariPool - HikariPool-3 - Added connection com.mysql.cj.jdbc.ConnectionImpl@30bf522
20:44:27.589 [HikariPool-3 connection adder] DEBUG com.zaxxer.hikari.pool.HikariPool - HikariPool-3 - Added connection com.mysql.cj.jdbc.ConnectionImpl@66951ac2
20:44:27.594 [restartedMain] INFO  o.s.s.c.ThreadPoolTaskExecutor - Initializing ExecutorService 'applicationTaskExecutor'
20:44:27.602 [HikariPool-3 connection adder] DEBUG com.zaxxer.hikari.pool.HikariPool - HikariPool-3 - Added connection com.mysql.cj.jdbc.ConnectionImpl@9a18f99
20:44:27.615 [HikariPool-3 connection adder] DEBUG com.zaxxer.hikari.pool.HikariPool - HikariPool-3 - Added connection com.mysql.cj.jdbc.ConnectionImpl@2edbb25a
20:44:27.615 [HikariPool-3 connection adder] DEBUG com.zaxxer.hikari.pool.HikariPool - HikariPool-3 - After adding stats (total=10, active=0, idle=10, waiting=0)
20:44:27.623 [restartedMain] WARN  o.s.b.a.t.ThymeleafAutoConfiguration$DefaultTemplateResolverConfiguration - Cannot find template location: classpath:/templates/ (please add some templates or check your Thymeleaf configuration)
20:44:27.664 [restartedMain] INFO  o.a.coyote.http11.Http11NioProtocol - Starting ProtocolHandler ["http-nio-8080"]
20:44:27.666 [restartedMain] INFO  o.s.b.w.e.tomcat.TomcatWebServer - Tomcat started on port(s): 8080 (http) with context path ''
20:44:27.669 [restartedMain] INFO  c.p.b.BiddingSoftwareApplication - Started BiddingSoftwareApplication in 0.622 seconds (JVM running for 11887.579)
20:44:27.670 [restartedMain] INFO  c.p.b.BiddingSoftwareApplication - [31m--spring.output.ansi.enabled=always[0m
20:44:27.671 [restartedMain] INFO  o.s.b.d.a.ConditionEvaluationDeltaLoggingListener - Condition evaluation unchanged
20:44:44.854 [http-nio-8080-exec-2] INFO  o.a.c.c.C.[Tomcat].[localhost].[/] - Initializing Spring DispatcherServlet 'dispatcherServlet'
20:44:44.854 [http-nio-8080-exec-2] INFO  o.s.web.servlet.DispatcherServlet - Initializing Servlet 'dispatcherServlet'
20:44:44.856 [http-nio-8080-exec-2] INFO  o.s.web.servlet.DispatcherServlet - Completed initialization in 2 ms
20:44:44.877 [http-nio-8080-exec-2] ERROR o.a.c.c.C.[.[.[.[dispatcherServlet] - Servlet.service() for servlet [dispatcherServlet] in context with path [] threw exception [Handler dispatch failed; nested exception is java.lang.Error: Unresolved compilation problem: 
	The method save(S) in the type CrudRepository<Lot,Long> is not applicable for the arguments (Storable)
] with root cause
java.lang.Error: Unresolved compilation problem: 
	The method save(S) in the type CrudRepository<Lot,Long> is not applicable for the arguments (Storable)

	at com.project.biddingSoft.service.DaoServiceImpl.persistEntity(DaoServiceImpl.java:36)
	at com.project.biddingSoft.controller.ServletInitializer.addNewEntity(ServletInitializer.java:77)
	at java.base/jdk.internal.reflect.NativeMethodAccessorImpl.invoke0(Native Method)
	at java.base/jdk.internal.reflect.NativeMethodAccessorImpl.invoke(NativeMethodAccessorImpl.java:64)
	at java.base/jdk.internal.reflect.DelegatingMethodAccessorImpl.invoke(DelegatingMethodAccessorImpl.java:43)
	at java.base/java.lang.reflect.Method.invoke(Method.java:564)
	at org.springframework.web.method.support.InvocableHandlerMethod.doInvoke(InvocableHandlerMethod.java:197)
	at org.springframework.web.method.support.InvocableHandlerMethod.invokeForRequest(InvocableHandlerMethod.java:141)
	at org.springframework.web.servlet.mvc.method.annotation.ServletInvocableHandlerMethod.invokeAndHandle(ServletInvocableHandlerMethod.java:106)
	at org.springframework.web.servlet.mvc.method.annotation.RequestMappingHandlerAdapter.invokeHandlerMethod(RequestMappingHandlerAdapter.java:894)
	at org.springframework.web.servlet.mvc.method.annotation.RequestMappingHandlerAdapter.handleInternal(RequestMappingHandlerAdapter.java:808)
	at org.springframework.web.servlet.mvc.method.AbstractHandlerMethodAdapter.handle(AbstractHandlerMethodAdapter.java:87)
	at org.springframework.web.servlet.DispatcherServlet.doDispatch(DispatcherServlet.java:1060)
	at org.springframework.web.servlet.DispatcherServlet.doService(DispatcherServlet.java:962)
	at org.springframework.web.servlet.FrameworkServlet.processRequest(FrameworkServlet.java:1006)
	at org.springframework.web.servlet.FrameworkServlet.doPost(FrameworkServlet.java:909)
	at javax.servlet.http.HttpServlet.service(HttpServlet.java:652)
	at org.springframework.web.servlet.FrameworkServlet.service(FrameworkServlet.java:883)
	at javax.servlet.http.HttpServlet.service(HttpServlet.java:733)
	at org.apache.catalina.core.ApplicationFilterChain.internalDoFilter(ApplicationFilterChain.java:227)
	at org.apache.catalina.core.ApplicationFilterChain.doFilter(ApplicationFilterChain.java:162)
	at org.apache.tomcat.websocket.server.WsFilter.doFilter(WsFilter.java:53)
	at org.apache.catalina.core.ApplicationFilterChain.internalDoFilter(ApplicationFilterChain.java:189)
	at org.apache.catalina.core.ApplicationFilterChain.doFilter(ApplicationFilterChain.java:162)
	at org.springframework.web.filter.RequestContextFilter.doFilterInternal(RequestContextFilter.java:100)
	at org.springframework.web.filter.OncePerRequestFilter.doFilter(OncePerRequestFilter.java:119)
	at org.apache.catalina.core.ApplicationFilterChain.internalDoFilter(ApplicationFilterChain.java:189)
	at org.apache.catalina.core.ApplicationFilterChain.doFilter(ApplicationFilterChain.java:162)
	at org.springframework.web.filter.FormContentFilter.doFilterInternal(FormContentFilter.java:93)
	at org.springframework.web.filter.OncePerRequestFilter.doFilter(OncePerRequestFilter.java:119)
	at org.apache.catalina.core.ApplicationFilterChain.internalDoFilter(ApplicationFilterChain.java:189)
	at org.apache.catalina.core.ApplicationFilterChain.doFilter(ApplicationFilterChain.java:162)
	at org.springframework.web.filter.CharacterEncodingFilter.doFilterInternal(CharacterEncodingFilter.java:201)
	at org.springframework.web.filter.OncePerRequestFilter.doFilter(OncePerRequestFilter.java:119)
	at org.apache.catalina.core.ApplicationFilterChain.internalDoFilter(ApplicationFilterChain.java:189)
	at org.apache.catalina.core.ApplicationFilterChain.doFilter(ApplicationFilterChain.java:162)
	at org.apache.catalina.core.StandardWrapperValve.invoke(StandardWrapperValve.java:202)
	at org.apache.catalina.core.StandardContextValve.invoke(StandardContextValve.java:97)
	at org.apache.catalina.authenticator.AuthenticatorBase.invoke(AuthenticatorBase.java:542)
	at org.apache.catalina.core.StandardHostValve.invoke(StandardHostValve.java:143)
	at org.apache.catalina.valves.ErrorReportValve.invoke(ErrorReportValve.java:92)
	at org.apache.catalina.core.StandardEngineValve.invoke(StandardEngineValve.java:78)
	at org.apache.catalina.connector.CoyoteAdapter.service(CoyoteAdapter.java:346)
	at org.apache.coyote.http11.Http11Processor.service(Http11Processor.java:374)
	at org.apache.coyote.AbstractProcessorLight.process(AbstractProcessorLight.java:65)
	at org.apache.coyote.AbstractProtocol$ConnectionHandler.process(AbstractProtocol.java:887)
	at org.apache.tomcat.util.net.NioEndpoint$SocketProcessor.doRun(NioEndpoint.java:1684)
	at org.apache.tomcat.util.net.SocketProcessorBase.run(SocketProcessorBase.java:49)
	at java.base/java.util.concurrent.ThreadPoolExecutor.runWorker(ThreadPoolExecutor.java:1130)
	at java.base/java.util.concurrent.ThreadPoolExecutor$Worker.run(ThreadPoolExecutor.java:630)
	at org.apache.tomcat.util.threads.TaskThread$WrappingRunnable.run(TaskThread.java:61)
	at java.base/java.lang.Thread.run(Thread.java:832)
20:44:57.468 [HikariPool-3 housekeeper] DEBUG com.zaxxer.hikari.pool.HikariPool - HikariPool-3 - Pool stats (total=10, active=0, idle=10, waiting=0)
20:44:57.468 [HikariPool-3 housekeeper] DEBUG com.zaxxer.hikari.pool.HikariPool - HikariPool-3 - Fill pool skipped, pool is at sufficient level.
20:44:58.226 [Thread-13] INFO  o.s.s.c.ThreadPoolTaskExecutor - Shutting down ExecutorService 'applicationTaskExecutor'
20:44:58.227 [Thread-13] INFO  o.s.o.j.LocalContainerEntityManagerFactoryBean - Closing JPA EntityManagerFactory for persistence unit 'default'
20:44:58.227 [Thread-13] DEBUG o.h.internal.SessionFactoryImpl - HHH000031: Closing
20:44:58.227 [Thread-13] DEBUG o.h.t.spi.TypeConfiguration$Scope - Un-scoping TypeConfiguration [org.hibernate.type.spi.TypeConfiguration$Scope@261b5513] from SessionFactory [org.hibernate.internal.SessionFactoryImpl@48b58c0c]
20:44:58.227 [Thread-13] DEBUG o.h.s.i.AbstractServiceRegistryImpl - Implicitly destroying ServiceRegistry on de-registration of all child ServiceRegistries
20:44:58.227 [Thread-13] DEBUG o.h.b.r.i.BootstrapServiceRegistryImpl - Implicitly destroying Boot-strap registry on de-registration of all child ServiceRegistries
20:44:58.227 [Thread-13] INFO  com.zaxxer.hikari.HikariDataSource - HikariPool-3 - Shutdown initiated...
20:44:58.227 [Thread-13] DEBUG com.zaxxer.hikari.pool.HikariPool - HikariPool-3 - Before shutdown stats (total=10, active=0, idle=10, waiting=0)
20:44:58.227 [HikariPool-3 connection closer] DEBUG com.zaxxer.hikari.pool.PoolBase - HikariPool-3 - Closing connection com.mysql.cj.jdbc.ConnectionImpl@8effdc5: (connection evicted)
20:44:58.228 [HikariPool-3 connection closer] DEBUG com.zaxxer.hikari.pool.PoolBase - HikariPool-3 - Closing connection com.mysql.cj.jdbc.ConnectionImpl@26577bb2: (connection evicted)
20:44:58.228 [HikariPool-3 connection closer] DEBUG com.zaxxer.hikari.pool.PoolBase - HikariPool-3 - Closing connection com.mysql.cj.jdbc.ConnectionImpl@676a7189: (connection evicted)
20:44:58.228 [HikariPool-3 connection closer] DEBUG com.zaxxer.hikari.pool.PoolBase - HikariPool-3 - Closing connection com.mysql.cj.jdbc.ConnectionImpl@56c79387: (connection evicted)
20:44:58.228 [HikariPool-3 connection closer] DEBUG com.zaxxer.hikari.pool.PoolBase - HikariPool-3 - Closing connection com.mysql.cj.jdbc.ConnectionImpl@7458ec6: (connection evicted)
20:44:58.228 [HikariPool-3 connection closer] DEBUG com.zaxxer.hikari.pool.PoolBase - HikariPool-3 - Closing connection com.mysql.cj.jdbc.ConnectionImpl@2135b18d: (connection evicted)
20:44:58.229 [HikariPool-3 connection closer] DEBUG com.zaxxer.hikari.pool.PoolBase - HikariPool-3 - Closing connection com.mysql.cj.jdbc.ConnectionImpl@30bf522: (connection evicted)
20:44:58.229 [HikariPool-3 connection closer] DEBUG com.zaxxer.hikari.pool.PoolBase - HikariPool-3 - Closing connection com.mysql.cj.jdbc.ConnectionImpl@66951ac2: (connection evicted)
20:44:58.229 [HikariPool-3 connection closer] DEBUG com.zaxxer.hikari.pool.PoolBase - HikariPool-3 - Closing connection com.mysql.cj.jdbc.ConnectionImpl@9a18f99: (connection evicted)
20:44:58.229 [HikariPool-3 connection closer] DEBUG com.zaxxer.hikari.pool.PoolBase - HikariPool-3 - Closing connection com.mysql.cj.jdbc.ConnectionImpl@2edbb25a: (connection evicted)
20:44:58.229 [Thread-13] DEBUG com.zaxxer.hikari.pool.HikariPool - HikariPool-3 - After shutdown stats (total=0, active=0, idle=0, waiting=0)
20:44:58.229 [Thread-13] INFO  com.zaxxer.hikari.HikariDataSource - HikariPool-3 - Shutdown completed.
