11:12:55.260 [main] INFO  c.p.b.BiddingSoftwareApplication - Starting BiddingSoftwareApplication using Java 15.0.2 on DESKTOP-AEM1CBO with PID 21084 (C:\Users\nuche\Documents\StuProj\java\biddingSoft\target\classes started by nuche in C:\Users\nuche\Documents\StuProj\java\biddingSoft)
11:12:55.262 [main] DEBUG c.p.b.BiddingSoftwareApplication - Running with Spring Boot v2.4.3, Spring v5.3.4
11:12:55.262 [main] INFO  c.p.b.BiddingSoftwareApplication - No active profile set, falling back to default profiles: default
11:12:55.736 [main] INFO  o.s.d.r.c.RepositoryConfigurationDelegate - Bootstrapping Spring Data JPA repositories in DEFAULT mode.
11:12:55.771 [main] INFO  o.s.d.r.c.RepositoryConfigurationDelegate - Finished Spring Data repository scanning in 28 ms. Found 1 JPA repository interfaces.
11:12:56.110 [main] INFO  o.s.b.w.e.tomcat.TomcatWebServer - Tomcat initialized with port(s): 8080 (http)
11:12:56.117 [main] INFO  o.a.coyote.http11.Http11NioProtocol - Initializing ProtocolHandler ["http-nio-8080"]
11:12:56.117 [main] INFO  o.a.catalina.core.StandardService - Starting service [Tomcat]
11:12:56.117 [main] INFO  o.a.catalina.core.StandardEngine - Starting Servlet engine: [Apache Tomcat/9.0.43]
11:12:56.242 [main] INFO  o.a.c.c.C.[Tomcat].[localhost].[/] - Initializing Spring embedded WebApplicationContext
11:12:56.242 [main] INFO  o.s.b.w.s.c.ServletWebServerApplicationContext - Root WebApplicationContext: initialization completed in 953 ms
11:12:56.286 [main] DEBUG com.zaxxer.hikari.HikariConfig - Driver class com.mysql.cj.jdbc.Driver found in Thread context class loader jdk.internal.loader.ClassLoaders$AppClassLoader@3764951d
11:12:56.336 [main] DEBUG org.jboss.logging - Logging Provider: org.jboss.logging.Log4j2LoggerProvider
11:12:56.362 [main] DEBUG o.h.jpa.internal.util.LogHelper - PersistenceUnitInfo [
	name: default
	persistence provider classname: null
	classloader: jdk.internal.loader.ClassLoaders$AppClassLoader@3764951d
	excludeUnlistedClasses: true
	JTA datasource: null
	Non JTA datasource: HikariDataSource (null)
	Transaction type: RESOURCE_LOCAL
	PU root URL: file:/C:/Users/nuche/Documents/StuProj/java/biddingSoft/target/classes/
	Shared Cache Mode: UNSPECIFIED
	Validation Mode: AUTO
	Jar files URLs []
	Managed classes names [
		com.project.biddingSoft.model.Lot]
	Mapping files names []
	Properties []
11:12:56.369 [main] DEBUG o.h.i.i.IntegratorServiceImpl - Adding Integrator [org.hibernate.cfg.beanvalidation.BeanValidationIntegrator].
11:12:56.370 [main] DEBUG o.h.i.i.IntegratorServiceImpl - Adding Integrator [org.hibernate.secure.spi.JaccIntegrator].
11:12:56.371 [main] DEBUG o.h.i.i.IntegratorServiceImpl - Adding Integrator [org.hibernate.cache.internal.CollectionCacheInvalidator].
11:12:56.395 [main] INFO  org.hibernate.Version - HHH000412: Hibernate ORM core version 5.4.28.Final
11:12:56.396 [main] DEBUG org.hibernate.cfg.Environment - HHH000206: hibernate.properties not found
11:12:56.472 [main] DEBUG o.h.service.spi.ServiceBinding - Overriding existing service binding [org.hibernate.secure.spi.JaccService]
11:12:56.481 [main] DEBUG o.h.c.i.RegionFactoryInitiator - Cannot default RegionFactory based on registered strategies as `[]` RegionFactory strategies were registered
11:12:56.481 [main] DEBUG o.h.c.i.RegionFactoryInitiator - Cache region factory : org.hibernate.cache.internal.NoCachingRegionFactory
11:12:56.492 [main] INFO  o.h.annotations.common.Version - HCANN000001: Hibernate Commons Annotations {5.1.2.Final}
11:12:56.511 [main] DEBUG o.hibernate.type.BasicTypeRegistry - Adding type registration boolean -> org.hibernate.type.BooleanType@66e827a8
11:12:56.511 [main] DEBUG o.hibernate.type.BasicTypeRegistry - Adding type registration boolean -> org.hibernate.type.BooleanType@66e827a8
11:12:56.511 [main] DEBUG o.hibernate.type.BasicTypeRegistry - Adding type registration java.lang.Boolean -> org.hibernate.type.BooleanType@66e827a8
11:12:56.511 [main] DEBUG o.hibernate.type.BasicTypeRegistry - Adding type registration numeric_boolean -> org.hibernate.type.NumericBooleanType@44598ef7
11:12:56.512 [main] DEBUG o.hibernate.type.BasicTypeRegistry - Adding type registration true_false -> org.hibernate.type.TrueFalseType@25974207
11:12:56.512 [main] DEBUG o.hibernate.type.BasicTypeRegistry - Adding type registration yes_no -> org.hibernate.type.YesNoType@21a46ff1
11:12:56.513 [main] DEBUG o.hibernate.type.BasicTypeRegistry - Adding type registration byte -> org.hibernate.type.ByteType@739831a4
11:12:56.513 [main] DEBUG o.hibernate.type.BasicTypeRegistry - Adding type registration byte -> org.hibernate.type.ByteType@739831a4
11:12:56.513 [main] DEBUG o.hibernate.type.BasicTypeRegistry - Adding type registration java.lang.Byte -> org.hibernate.type.ByteType@739831a4
11:12:56.513 [main] DEBUG o.hibernate.type.BasicTypeRegistry - Adding type registration character -> org.hibernate.type.CharacterType@7fe8c7db
11:12:56.513 [main] DEBUG o.hibernate.type.BasicTypeRegistry - Adding type registration char -> org.hibernate.type.CharacterType@7fe8c7db
11:12:56.513 [main] DEBUG o.hibernate.type.BasicTypeRegistry - Adding type registration java.lang.Character -> org.hibernate.type.CharacterType@7fe8c7db
11:12:56.514 [main] DEBUG o.hibernate.type.BasicTypeRegistry - Adding type registration short -> org.hibernate.type.ShortType@19ae2ee5
11:12:56.514 [main] DEBUG o.hibernate.type.BasicTypeRegistry - Adding type registration short -> org.hibernate.type.ShortType@19ae2ee5
11:12:56.514 [main] DEBUG o.hibernate.type.BasicTypeRegistry - Adding type registration java.lang.Short -> org.hibernate.type.ShortType@19ae2ee5
11:12:56.515 [main] DEBUG o.hibernate.type.BasicTypeRegistry - Adding type registration integer -> org.hibernate.type.IntegerType@118acf70
11:12:56.515 [main] DEBUG o.hibernate.type.BasicTypeRegistry - Adding type registration int -> org.hibernate.type.IntegerType@118acf70
11:12:56.515 [main] DEBUG o.hibernate.type.BasicTypeRegistry - Adding type registration java.lang.Integer -> org.hibernate.type.IntegerType@118acf70
11:12:56.516 [main] DEBUG o.hibernate.type.BasicTypeRegistry - Adding type registration long -> org.hibernate.type.LongType@e91af20
11:12:56.516 [main] DEBUG o.hibernate.type.BasicTypeRegistry - Adding type registration long -> org.hibernate.type.LongType@e91af20
11:12:56.516 [main] DEBUG o.hibernate.type.BasicTypeRegistry - Adding type registration java.lang.Long -> org.hibernate.type.LongType@e91af20
11:12:56.516 [main] DEBUG o.hibernate.type.BasicTypeRegistry - Adding type registration float -> org.hibernate.type.FloatType@60dc1a4e
11:12:56.516 [main] DEBUG o.hibernate.type.BasicTypeRegistry - Adding type registration float -> org.hibernate.type.FloatType@60dc1a4e
11:12:56.516 [main] DEBUG o.hibernate.type.BasicTypeRegistry - Adding type registration java.lang.Float -> org.hibernate.type.FloatType@60dc1a4e
11:12:56.517 [main] DEBUG o.hibernate.type.BasicTypeRegistry - Adding type registration double -> org.hibernate.type.DoubleType@6e24ce51
11:12:56.517 [main] DEBUG o.hibernate.type.BasicTypeRegistry - Adding type registration double -> org.hibernate.type.DoubleType@6e24ce51
11:12:56.517 [main] DEBUG o.hibernate.type.BasicTypeRegistry - Adding type registration java.lang.Double -> org.hibernate.type.DoubleType@6e24ce51
11:12:56.517 [main] DEBUG o.hibernate.type.BasicTypeRegistry - Adding type registration big_decimal -> org.hibernate.type.BigDecimalType@73893ec1
11:12:56.517 [main] DEBUG o.hibernate.type.BasicTypeRegistry - Adding type registration java.math.BigDecimal -> org.hibernate.type.BigDecimalType@73893ec1
11:12:56.518 [main] DEBUG o.hibernate.type.BasicTypeRegistry - Adding type registration big_integer -> org.hibernate.type.BigIntegerType@d5e575c
11:12:56.518 [main] DEBUG o.hibernate.type.BasicTypeRegistry - Adding type registration java.math.BigInteger -> org.hibernate.type.BigIntegerType@d5e575c
11:12:56.518 [main] DEBUG o.hibernate.type.BasicTypeRegistry - Adding type registration string -> org.hibernate.type.StringType@3b41e1bf
11:12:56.519 [main] DEBUG o.hibernate.type.BasicTypeRegistry - Adding type registration java.lang.String -> org.hibernate.type.StringType@3b41e1bf
11:12:56.519 [main] DEBUG o.hibernate.type.BasicTypeRegistry - Adding type registration nstring -> org.hibernate.type.StringNVarcharType@5e5ddfbc
11:12:56.519 [main] DEBUG o.hibernate.type.BasicTypeRegistry - Adding type registration ncharacter -> org.hibernate.type.CharacterNCharType@1129829c
11:12:56.520 [main] DEBUG o.hibernate.type.BasicTypeRegistry - Adding type registration url -> org.hibernate.type.UrlType@6839203b
11:12:56.520 [main] DEBUG o.hibernate.type.BasicTypeRegistry - Adding type registration java.net.URL -> org.hibernate.type.UrlType@6839203b
11:12:56.520 [main] DEBUG o.hibernate.type.BasicTypeRegistry - Adding type registration Duration -> org.hibernate.type.DurationType@43935e9c
11:12:56.520 [main] DEBUG o.hibernate.type.BasicTypeRegistry - Adding type registration java.time.Duration -> org.hibernate.type.DurationType@43935e9c
11:12:56.521 [main] DEBUG o.hibernate.type.BasicTypeRegistry - Adding type registration Instant -> org.hibernate.type.InstantType@26d5a317
11:12:56.521 [main] DEBUG o.hibernate.type.BasicTypeRegistry - Adding type registration java.time.Instant -> org.hibernate.type.InstantType@26d5a317
11:12:56.521 [main] DEBUG o.hibernate.type.BasicTypeRegistry - Adding type registration LocalDateTime -> org.hibernate.type.LocalDateTimeType@89caf47
11:12:56.521 [main] DEBUG o.hibernate.type.BasicTypeRegistry - Adding type registration java.time.LocalDateTime -> org.hibernate.type.LocalDateTimeType@89caf47
11:12:56.522 [main] DEBUG o.hibernate.type.BasicTypeRegistry - Adding type registration LocalDate -> org.hibernate.type.LocalDateType@5df6163a
11:12:56.522 [main] DEBUG o.hibernate.type.BasicTypeRegistry - Adding type registration java.time.LocalDate -> org.hibernate.type.LocalDateType@5df6163a
11:12:56.522 [main] DEBUG o.hibernate.type.BasicTypeRegistry - Adding type registration LocalTime -> org.hibernate.type.LocalTimeType@2a0ea492
11:12:56.523 [main] DEBUG o.hibernate.type.BasicTypeRegistry - Adding type registration java.time.LocalTime -> org.hibernate.type.LocalTimeType@2a0ea492
11:12:56.523 [main] DEBUG o.hibernate.type.BasicTypeRegistry - Adding type registration OffsetDateTime -> org.hibernate.type.OffsetDateTimeType@36ad229b
11:12:56.523 [main] DEBUG o.hibernate.type.BasicTypeRegistry - Adding type registration java.time.OffsetDateTime -> org.hibernate.type.OffsetDateTimeType@36ad229b
11:12:56.524 [main] DEBUG o.hibernate.type.BasicTypeRegistry - Adding type registration OffsetTime -> org.hibernate.type.OffsetTimeType@36f6e521
11:12:56.524 [main] DEBUG o.hibernate.type.BasicTypeRegistry - Adding type registration java.time.OffsetTime -> org.hibernate.type.OffsetTimeType@36f6e521
11:12:56.524 [main] DEBUG o.hibernate.type.BasicTypeRegistry - Adding type registration ZonedDateTime -> org.hibernate.type.ZonedDateTimeType@6de004f1
11:12:56.524 [main] DEBUG o.hibernate.type.BasicTypeRegistry - Adding type registration java.time.ZonedDateTime -> org.hibernate.type.ZonedDateTimeType@6de004f1
11:12:56.525 [main] DEBUG o.hibernate.type.BasicTypeRegistry - Adding type registration date -> org.hibernate.type.DateType@77cca767
11:12:56.525 [main] DEBUG o.hibernate.type.BasicTypeRegistry - Adding type registration java.sql.Date -> org.hibernate.type.DateType@77cca767
11:12:56.526 [main] DEBUG o.hibernate.type.BasicTypeRegistry - Adding type registration time -> org.hibernate.type.TimeType@16a3cc88
11:12:56.526 [main] DEBUG o.hibernate.type.BasicTypeRegistry - Adding type registration java.sql.Time -> org.hibernate.type.TimeType@16a3cc88
11:12:56.526 [main] DEBUG o.hibernate.type.BasicTypeRegistry - Adding type registration timestamp -> org.hibernate.type.TimestampType@5b2b8d86
11:12:56.527 [main] DEBUG o.hibernate.type.BasicTypeRegistry - Adding type registration java.sql.Timestamp -> org.hibernate.type.TimestampType@5b2b8d86
11:12:56.527 [main] DEBUG o.hibernate.type.BasicTypeRegistry - Adding type registration java.util.Date -> org.hibernate.type.TimestampType@5b2b8d86
11:12:56.527 [main] DEBUG o.hibernate.type.BasicTypeRegistry - Adding type registration dbtimestamp -> org.hibernate.type.DbTimestampType@1e30db85
11:12:56.527 [main] DEBUG o.hibernate.type.BasicTypeRegistry - Adding type registration calendar -> org.hibernate.type.CalendarType@7d2c9361
11:12:56.527 [main] DEBUG o.hibernate.type.BasicTypeRegistry - Adding type registration java.util.Calendar -> org.hibernate.type.CalendarType@7d2c9361
11:12:56.527 [main] DEBUG o.hibernate.type.BasicTypeRegistry - Adding type registration java.util.GregorianCalendar -> org.hibernate.type.CalendarType@7d2c9361
11:12:56.529 [main] DEBUG o.hibernate.type.BasicTypeRegistry - Adding type registration calendar_date -> org.hibernate.type.CalendarDateType@217dc48e
11:12:56.529 [main] DEBUG o.hibernate.type.BasicTypeRegistry - Adding type registration calendar_time -> org.hibernate.type.CalendarTimeType@632383b9
11:12:56.529 [main] DEBUG o.hibernate.type.BasicTypeRegistry - Adding type registration locale -> org.hibernate.type.LocaleType@3b35798
11:12:56.530 [main] DEBUG o.hibernate.type.BasicTypeRegistry - Adding type registration java.util.Locale -> org.hibernate.type.LocaleType@3b35798
11:12:56.530 [main] DEBUG o.hibernate.type.BasicTypeRegistry - Adding type registration currency -> org.hibernate.type.CurrencyType@3e28d779
11:12:56.530 [main] DEBUG o.hibernate.type.BasicTypeRegistry - Adding type registration java.util.Currency -> org.hibernate.type.CurrencyType@3e28d779
11:12:56.530 [main] DEBUG o.hibernate.type.BasicTypeRegistry - Adding type registration timezone -> org.hibernate.type.TimeZoneType@13cc0b90
11:12:56.530 [main] DEBUG o.hibernate.type.BasicTypeRegistry - Adding type registration java.util.TimeZone -> org.hibernate.type.TimeZoneType@13cc0b90
11:12:56.530 [main] DEBUG o.hibernate.type.BasicTypeRegistry - Adding type registration class -> org.hibernate.type.ClassType@20a24edf
11:12:56.530 [main] DEBUG o.hibernate.type.BasicTypeRegistry - Adding type registration java.lang.Class -> org.hibernate.type.ClassType@20a24edf
11:12:56.532 [main] DEBUG o.hibernate.type.BasicTypeRegistry - Adding type registration uuid-binary -> org.hibernate.type.UUIDBinaryType@35145874
11:12:56.532 [main] DEBUG o.hibernate.type.BasicTypeRegistry - Adding type registration java.util.UUID -> org.hibernate.type.UUIDBinaryType@35145874
11:12:56.532 [main] DEBUG o.hibernate.type.BasicTypeRegistry - Adding type registration uuid-char -> org.hibernate.type.UUIDCharType@f245bdd
11:12:56.533 [main] DEBUG o.hibernate.type.BasicTypeRegistry - Adding type registration binary -> org.hibernate.type.BinaryType@5c313224
11:12:56.533 [main] DEBUG o.hibernate.type.BasicTypeRegistry - Adding type registration byte[] -> org.hibernate.type.BinaryType@5c313224
11:12:56.533 [main] DEBUG o.hibernate.type.BasicTypeRegistry - Adding type registration [B -> org.hibernate.type.BinaryType@5c313224
11:12:56.533 [main] DEBUG o.hibernate.type.BasicTypeRegistry - Adding type registration wrapper-binary -> org.hibernate.type.WrapperBinaryType@527a8665
11:12:56.533 [main] DEBUG o.hibernate.type.BasicTypeRegistry - Adding type registration Byte[] -> org.hibernate.type.WrapperBinaryType@527a8665
11:12:56.533 [main] DEBUG o.hibernate.type.BasicTypeRegistry - Adding type registration [Ljava.lang.Byte; -> org.hibernate.type.WrapperBinaryType@527a8665
11:12:56.533 [main] DEBUG o.hibernate.type.BasicTypeRegistry - Adding type registration row_version -> org.hibernate.type.RowVersionType@7f8a9454
11:12:56.533 [main] DEBUG o.hibernate.type.BasicTypeRegistry - Adding type registration image -> org.hibernate.type.ImageType@47044f7d
11:12:56.534 [main] DEBUG o.hibernate.type.BasicTypeRegistry - Adding type registration characters -> org.hibernate.type.CharArrayType@4a642e4b
11:12:56.534 [main] DEBUG o.hibernate.type.BasicTypeRegistry - Adding type registration char[] -> org.hibernate.type.CharArrayType@4a642e4b
11:12:56.534 [main] DEBUG o.hibernate.type.BasicTypeRegistry - Adding type registration [C -> org.hibernate.type.CharArrayType@4a642e4b
11:12:56.536 [main] DEBUG o.hibernate.type.BasicTypeRegistry - Adding type registration wrapper-characters -> org.hibernate.type.CharacterArrayType@5eed6dfb
11:12:56.536 [main] DEBUG o.hibernate.type.BasicTypeRegistry - Adding type registration [Ljava.lang.Character; -> org.hibernate.type.CharacterArrayType@5eed6dfb
11:12:56.536 [main] DEBUG o.hibernate.type.BasicTypeRegistry - Adding type registration Character[] -> org.hibernate.type.CharacterArrayType@5eed6dfb
11:12:56.536 [main] DEBUG o.hibernate.type.BasicTypeRegistry - Adding type registration text -> org.hibernate.type.TextType@13250132
11:12:56.536 [main] DEBUG o.hibernate.type.BasicTypeRegistry - Adding type registration ntext -> org.hibernate.type.NTextType@46a123e4
11:12:56.537 [main] DEBUG o.hibernate.type.BasicTypeRegistry - Adding type registration blob -> org.hibernate.type.BlobType@2faa55bb
11:12:56.537 [main] DEBUG o.hibernate.type.BasicTypeRegistry - Adding type registration java.sql.Blob -> org.hibernate.type.BlobType@2faa55bb
11:12:56.537 [main] DEBUG o.hibernate.type.BasicTypeRegistry - Adding type registration materialized_blob -> org.hibernate.type.MaterializedBlobType@764a3e5d
11:12:56.539 [main] DEBUG o.hibernate.type.BasicTypeRegistry - Adding type registration clob -> org.hibernate.type.ClobType@3c7279a5
11:12:56.539 [main] DEBUG o.hibernate.type.BasicTypeRegistry - Adding type registration java.sql.Clob -> org.hibernate.type.ClobType@3c7279a5
11:12:56.539 [main] DEBUG o.hibernate.type.BasicTypeRegistry - Adding type registration nclob -> org.hibernate.type.NClobType@3709748f
11:12:56.539 [main] DEBUG o.hibernate.type.BasicTypeRegistry - Adding type registration java.sql.NClob -> org.hibernate.type.NClobType@3709748f
11:12:56.539 [main] DEBUG o.hibernate.type.BasicTypeRegistry - Adding type registration materialized_clob -> org.hibernate.type.MaterializedClobType@5e85c21b
11:12:56.539 [main] DEBUG o.hibernate.type.BasicTypeRegistry - Adding type registration materialized_nclob -> org.hibernate.type.MaterializedNClobType@4966bab1
11:12:56.540 [main] DEBUG o.hibernate.type.BasicTypeRegistry - Adding type registration serializable -> org.hibernate.type.SerializableType@7abeabe9
11:12:56.541 [main] DEBUG o.hibernate.type.BasicTypeRegistry - Adding type registration object -> org.hibernate.type.ObjectType@1d289d3f
11:12:56.541 [main] DEBUG o.hibernate.type.BasicTypeRegistry - Adding type registration java.lang.Object -> org.hibernate.type.ObjectType@1d289d3f
11:12:56.542 [main] DEBUG o.hibernate.type.BasicTypeRegistry - Adding type registration imm_date -> org.hibernate.type.AdaptedImmutableType@45801322
11:12:56.542 [main] DEBUG o.hibernate.type.BasicTypeRegistry - Adding type registration imm_time -> org.hibernate.type.AdaptedImmutableType@756b2d90
11:12:56.542 [main] DEBUG o.hibernate.type.BasicTypeRegistry - Adding type registration imm_timestamp -> org.hibernate.type.AdaptedImmutableType@3520958b
11:12:56.542 [main] DEBUG o.hibernate.type.BasicTypeRegistry - Adding type registration imm_dbtimestamp -> org.hibernate.type.AdaptedImmutableType@6cc64028
11:12:56.542 [main] DEBUG o.hibernate.type.BasicTypeRegistry - Adding type registration imm_calendar -> org.hibernate.type.AdaptedImmutableType@291a4791
11:12:56.542 [main] DEBUG o.hibernate.type.BasicTypeRegistry - Adding type registration imm_calendar_date -> org.hibernate.type.AdaptedImmutableType@5b1e88f
11:12:56.542 [main] DEBUG o.hibernate.type.BasicTypeRegistry - Adding type registration imm_binary -> org.hibernate.type.AdaptedImmutableType@340cb97f
11:12:56.542 [main] DEBUG o.hibernate.type.BasicTypeRegistry - Adding type registration imm_serializable -> org.hibernate.type.AdaptedImmutableType@6a1568d6
11:12:56.549 [main] DEBUG o.h.b.internal.BootstrapContextImpl - Injecting JPA temp ClassLoader [org.springframework.instrument.classloading.SimpleThrowawayClassLoader@6e9a0bea] into BootstrapContext; was [null]
11:12:56.550 [main] DEBUG o.h.b.i.ClassLoaderAccessImpl - ClassLoaderAccessImpl#injectTempClassLoader(org.springframework.instrument.classloading.SimpleThrowawayClassLoader@6e9a0bea) [was null]
11:12:56.550 [main] DEBUG o.h.b.internal.BootstrapContextImpl - Injecting ScanEnvironment [org.hibernate.jpa.boot.internal.StandardJpaScanEnvironmentImpl@560271a1] into BootstrapContext; was [null]
11:12:56.550 [main] DEBUG o.h.b.internal.BootstrapContextImpl - Injecting ScanOptions [org.hibernate.boot.archive.scan.internal.StandardScanOptions@4b9c411] into BootstrapContext; was [org.hibernate.boot.archive.scan.internal.StandardScanOptions@41e9f86]
11:12:56.558 [main] DEBUG o.h.b.internal.BootstrapContextImpl - Injecting JPA temp ClassLoader [null] into BootstrapContext; was [org.springframework.instrument.classloading.SimpleThrowawayClassLoader@6e9a0bea]
11:12:56.558 [main] DEBUG o.h.b.i.ClassLoaderAccessImpl - ClassLoaderAccessImpl#injectTempClassLoader(null) [was org.springframework.instrument.classloading.SimpleThrowawayClassLoader@6e9a0bea]
11:12:56.564 [main] DEBUG o.h.i.f.i.DefaultIdentifierGeneratorFactory - Registering IdentifierGenerator strategy [uuid2] -> [org.hibernate.id.UUIDGenerator]
11:12:56.564 [main] DEBUG o.h.i.f.i.DefaultIdentifierGeneratorFactory - Registering IdentifierGenerator strategy [guid] -> [org.hibernate.id.GUIDGenerator]
11:12:56.564 [main] DEBUG o.h.i.f.i.DefaultIdentifierGeneratorFactory - Registering IdentifierGenerator strategy [uuid] -> [org.hibernate.id.UUIDHexGenerator]
11:12:56.564 [main] DEBUG o.h.i.f.i.DefaultIdentifierGeneratorFactory - Registering IdentifierGenerator strategy [uuid.hex] -> [org.hibernate.id.UUIDHexGenerator]
11:12:56.564 [main] DEBUG o.h.i.f.i.DefaultIdentifierGeneratorFactory - Registering IdentifierGenerator strategy [assigned] -> [org.hibernate.id.Assigned]
11:12:56.565 [main] DEBUG o.h.i.f.i.DefaultIdentifierGeneratorFactory - Registering IdentifierGenerator strategy [identity] -> [org.hibernate.id.IdentityGenerator]
11:12:56.565 [main] DEBUG o.h.i.f.i.DefaultIdentifierGeneratorFactory - Registering IdentifierGenerator strategy [select] -> [org.hibernate.id.SelectGenerator]
11:12:56.567 [main] DEBUG o.h.i.f.i.DefaultIdentifierGeneratorFactory - Registering IdentifierGenerator strategy [sequence] -> [org.hibernate.id.enhanced.SequenceStyleGenerator]
11:12:56.567 [main] DEBUG o.h.i.f.i.DefaultIdentifierGeneratorFactory - Registering IdentifierGenerator strategy [seqhilo] -> [org.hibernate.id.SequenceHiLoGenerator]
11:12:56.567 [main] DEBUG o.h.i.f.i.DefaultIdentifierGeneratorFactory - Registering IdentifierGenerator strategy [increment] -> [org.hibernate.id.IncrementGenerator]
11:12:56.567 [main] DEBUG o.h.i.f.i.DefaultIdentifierGeneratorFactory - Registering IdentifierGenerator strategy [foreign] -> [org.hibernate.id.ForeignGenerator]
11:12:56.567 [main] DEBUG o.h.i.f.i.DefaultIdentifierGeneratorFactory - Registering IdentifierGenerator strategy [sequence-identity] -> [org.hibernate.id.SequenceIdentityGenerator]
11:12:56.567 [main] DEBUG o.h.i.f.i.DefaultIdentifierGeneratorFactory - Registering IdentifierGenerator strategy [enhanced-sequence] -> [org.hibernate.id.enhanced.SequenceStyleGenerator]
11:12:56.568 [main] DEBUG o.h.i.f.i.DefaultIdentifierGeneratorFactory - Registering IdentifierGenerator strategy [enhanced-table] -> [org.hibernate.id.enhanced.TableGenerator]
11:12:56.571 [main] DEBUG com.zaxxer.hikari.HikariConfig - HikariPool-1 - configuration:
11:12:56.572 [main] DEBUG com.zaxxer.hikari.HikariConfig - allowPoolSuspension.............false
11:12:56.572 [main] DEBUG com.zaxxer.hikari.HikariConfig - autoCommit......................true
11:12:56.572 [main] DEBUG com.zaxxer.hikari.HikariConfig - catalog.........................none
11:12:56.572 [main] DEBUG com.zaxxer.hikari.HikariConfig - connectionInitSql...............none
11:12:56.572 [main] DEBUG com.zaxxer.hikari.HikariConfig - connectionTestQuery.............none
11:12:56.572 [main] DEBUG com.zaxxer.hikari.HikariConfig - connectionTimeout...............30000
11:12:56.572 [main] DEBUG com.zaxxer.hikari.HikariConfig - dataSource......................none
11:12:56.572 [main] DEBUG com.zaxxer.hikari.HikariConfig - dataSourceClassName.............none
11:12:56.572 [main] DEBUG com.zaxxer.hikari.HikariConfig - dataSourceJNDI..................none
11:12:56.573 [main] DEBUG com.zaxxer.hikari.HikariConfig - dataSourceProperties............{password=<masked>}
11:12:56.573 [main] DEBUG com.zaxxer.hikari.HikariConfig - driverClassName................."com.mysql.cj.jdbc.Driver"
11:12:56.573 [main] DEBUG com.zaxxer.hikari.HikariConfig - exceptionOverrideClassName......none
11:12:56.573 [main] DEBUG com.zaxxer.hikari.HikariConfig - healthCheckProperties...........{}
11:12:56.573 [main] DEBUG com.zaxxer.hikari.HikariConfig - healthCheckRegistry.............none
11:12:56.573 [main] DEBUG com.zaxxer.hikari.HikariConfig - idleTimeout.....................600000
11:12:56.573 [main] DEBUG com.zaxxer.hikari.HikariConfig - initializationFailTimeout.......1
11:12:56.573 [main] DEBUG com.zaxxer.hikari.HikariConfig - isolateInternalQueries..........false
11:12:56.573 [main] DEBUG com.zaxxer.hikari.HikariConfig - jdbcUrl.........................jdbc:mysql://localhost:3306/biddingSoft
11:12:56.573 [main] DEBUG com.zaxxer.hikari.HikariConfig - leakDetectionThreshold..........0
11:12:56.573 [main] DEBUG com.zaxxer.hikari.HikariConfig - maxLifetime.....................1800000
11:12:56.573 [main] DEBUG com.zaxxer.hikari.HikariConfig - maximumPoolSize.................10
11:12:56.573 [main] DEBUG com.zaxxer.hikari.HikariConfig - metricRegistry..................none
11:12:56.573 [main] DEBUG com.zaxxer.hikari.HikariConfig - metricsTrackerFactory...........none
11:12:56.573 [main] DEBUG com.zaxxer.hikari.HikariConfig - minimumIdle.....................10
11:12:56.573 [main] DEBUG com.zaxxer.hikari.HikariConfig - password........................<masked>
11:12:56.573 [main] DEBUG com.zaxxer.hikari.HikariConfig - poolName........................"HikariPool-1"
11:12:56.573 [main] DEBUG com.zaxxer.hikari.HikariConfig - readOnly........................false
11:12:56.574 [main] DEBUG com.zaxxer.hikari.HikariConfig - registerMbeans..................false
11:12:56.574 [main] DEBUG com.zaxxer.hikari.HikariConfig - scheduledExecutor...............none
11:12:56.574 [main] DEBUG com.zaxxer.hikari.HikariConfig - schema..........................none
11:12:56.574 [main] DEBUG com.zaxxer.hikari.HikariConfig - threadFactory...................internal
11:12:56.574 [main] DEBUG com.zaxxer.hikari.HikariConfig - transactionIsolation............default
11:12:56.574 [main] DEBUG com.zaxxer.hikari.HikariConfig - username........................"root"
11:12:56.574 [main] DEBUG com.zaxxer.hikari.HikariConfig - validationTimeout...............5000
11:12:56.574 [main] INFO  com.zaxxer.hikari.HikariDataSource - HikariPool-1 - Starting...
11:12:56.852 [main] DEBUG com.zaxxer.hikari.pool.HikariPool - HikariPool-1 - Added connection com.mysql.cj.jdbc.ConnectionImpl@99c4993
11:12:56.853 [main] INFO  com.zaxxer.hikari.HikariDataSource - HikariPool-1 - Start completed.
11:12:56.857 [main] DEBUG o.h.e.j.e.i.JdbcEnvironmentInitiator - Database ->
       name : MySQL
    version : 8.0.23
      major : 8
      minor : 0
11:12:56.857 [main] DEBUG o.h.e.j.e.i.JdbcEnvironmentInitiator - Driver ->
       name : MySQL Connector/J
    version : mysql-connector-java-8.0.23 (Revision: 18bbd5e68195d0da083cbd5bd0d05d76320df7cd)
      major : 8
      minor : 0
11:12:56.857 [main] DEBUG o.h.e.j.e.i.JdbcEnvironmentInitiator - JDBC version : 4.2
11:12:56.873 [main] INFO  org.hibernate.dialect.Dialect - HHH000400: Using dialect: org.hibernate.dialect.MySQL8Dialect
11:12:56.882 [main] DEBUG o.h.e.j.e.s.IdentifierHelperBuilder - JDBC driver metadata reported database stores quoted identifiers in more than one case
11:12:56.897 [main] DEBUG o.h.e.j.e.s.IdentifierHelperBuilder - IdentifierCaseStrategy for both quoted and unquoted identifiers was set to the same strategy [LOWER]; that will likely lead to problems in schema update and validation if using quoted identifiers
11:12:56.918 [main] DEBUG o.h.boot.model.relational.Namespace - Created database namespace [logicalName=Name{catalog=null, schema=null}, physicalName=Name{catalog=null, schema=null}]
11:12:56.920 [main] DEBUG o.h.t.spi.TypeConfiguration$Scope - Scoping TypeConfiguration [org.hibernate.type.spi.TypeConfiguration@d84418a] to MetadataBuildingContext [org.hibernate.boot.internal.MetadataBuildingContextRootImpl@45e11627]
11:12:56.945 [main] DEBUG org.hibernate.cfg.AnnotationBinder - Binding entity from annotated class: com.project.biddingSoft.model.Lot
11:12:56.954 [HikariPool-1 housekeeper] DEBUG com.zaxxer.hikari.pool.HikariPool - HikariPool-1 - Pool stats (total=1, active=0, idle=1, waiting=0)
11:12:56.955 [main] DEBUG org.hibernate.cfg.Ejb3Column - Binding column: Ejb3DiscriminatorColumn{logicalColumnName'DTYPE', discriminatorTypeName='string'}
11:12:56.958 [main] DEBUG o.h.cfg.annotations.EntityBinder - Import with entity name Lot
11:12:56.961 [main] DEBUG o.h.cfg.annotations.EntityBinder - Bind entity com.project.biddingSoft.model.Lot on table lot
11:12:56.972 [HikariPool-1 connection adder] DEBUG com.zaxxer.hikari.pool.HikariPool - HikariPool-1 - Added connection com.mysql.cj.jdbc.ConnectionImpl@4b4486b9
11:12:56.972 [main] DEBUG org.hibernate.cfg.Ejb3Column - Binding column: Ejb3Column{table=org.hibernate.mapping.Table(lot), mappingColumn=id, insertable=true, updatable=true, unique=false}
11:12:56.973 [main] DEBUG o.h.b.i.ClassLoaderAccessImpl - Not known whether passed class name [com.project.biddingSoft.model.Lot] is safe
11:12:56.974 [main] DEBUG o.h.b.i.ClassLoaderAccessImpl - No temp ClassLoader provided; using live ClassLoader for loading potentially unsafe class : com.project.biddingSoft.model.Lot
11:12:56.974 [main] DEBUG o.h.cfg.annotations.PropertyBinder - MetadataSourceProcessor property id with lazy=false
11:12:56.975 [main] DEBUG o.h.cfg.AbstractPropertyHolder - Attempting to locate auto-apply AttributeConverter for property [com.project.biddingSoft.model.Lot:id]
11:12:56.976 [main] DEBUG o.h.c.annotations.SimpleValueBinder - building SimpleValue for id
11:12:56.977 [main] DEBUG o.h.cfg.annotations.PropertyBinder - Building property id
11:12:56.978 [main] DEBUG org.hibernate.cfg.BinderHelper - #makeIdGenerator(org.hibernate.mapping.SimpleValue([org.hibernate.mapping.Column(id)]), id, org.hibernate.id.enhanced.SequenceStyleGenerator, , ...)
11:12:56.979 [main] DEBUG org.hibernate.cfg.Ejb3Column - Binding column: Ejb3Column{table=org.hibernate.mapping.Table(lot), mappingColumn=user_name, insertable=true, updatable=true, unique=false}
11:12:56.979 [main] DEBUG o.h.cfg.annotations.PropertyBinder - MetadataSourceProcessor property userName with lazy=false
11:12:56.979 [main] DEBUG o.h.cfg.AbstractPropertyHolder - Attempting to locate auto-apply AttributeConverter for property [com.project.biddingSoft.model.Lot:userName]
11:12:56.979 [main] DEBUG o.h.c.annotations.SimpleValueBinder - building SimpleValue for userName
11:12:56.979 [main] DEBUG o.h.cfg.annotations.PropertyBinder - Building property userName
11:12:56.981 [main] DEBUG o.h.c.annotations.SimpleValueBinder - Starting fillSimpleValue for id
11:12:56.981 [main] DEBUG o.h.c.annotations.SimpleValueBinder - Starting fillSimpleValue for userName
11:12:56.981 [main] DEBUG org.hibernate.mapping.PrimaryKey - Forcing column [id] to be non-null as it is part of the primary key for table [lot]
11:12:56.990 [HikariPool-1 connection adder] DEBUG com.zaxxer.hikari.pool.HikariPool - HikariPool-1 - Added connection com.mysql.cj.jdbc.ConnectionImpl@1a5b0063
11:12:57.007 [HikariPool-1 connection adder] DEBUG com.zaxxer.hikari.pool.HikariPool - HikariPool-1 - Added connection com.mysql.cj.jdbc.ConnectionImpl@43caf5b9
11:12:57.008 [main] DEBUG o.h.internal.SessionFactoryImpl - Building session factory
11:12:57.008 [main] DEBUG org.hibernate.cfg.Settings - SessionFactory name : null
11:12:57.009 [main] DEBUG org.hibernate.cfg.Settings - Automatic flush during beforeCompletion(): enabled
11:12:57.009 [main] DEBUG org.hibernate.cfg.Settings - Automatic session close at end of transaction: disabled
11:12:57.009 [main] DEBUG org.hibernate.cfg.Settings - Statistics: disabled
11:12:57.009 [main] DEBUG org.hibernate.cfg.Settings - Deleted entity synthetic identifier rollback: disabled
11:12:57.009 [main] DEBUG org.hibernate.cfg.Settings - Default entity-mode: pojo
11:12:57.009 [main] DEBUG org.hibernate.cfg.Settings - Check Nullability in Core (should be disabled when Bean Validation is on): enabled
11:12:57.009 [main] DEBUG org.hibernate.cfg.Settings - Allow initialization of lazy state outside session : disabled
11:12:57.009 [main] DEBUG org.hibernate.cfg.Settings - Using BatchFetchStyle : LEGACY
11:12:57.009 [main] DEBUG org.hibernate.cfg.Settings - Default batch fetch size: -1
11:12:57.009 [main] DEBUG org.hibernate.cfg.Settings - Maximum outer join fetch depth: 2
11:12:57.009 [main] DEBUG org.hibernate.cfg.Settings - Default null ordering: NONE
11:12:57.009 [main] DEBUG org.hibernate.cfg.Settings - Order SQL updates by primary key: disabled
11:12:57.032 [main] DEBUG org.hibernate.cfg.Settings - Order SQL inserts for batching: disabled
11:12:57.032 [main] DEBUG org.hibernate.cfg.Settings - multi-tenancy strategy : NONE
11:12:57.032 [main] DEBUG org.hibernate.cfg.Settings - JTA Track by Thread: enabled
11:12:57.032 [main] DEBUG org.hibernate.cfg.Settings - Query language substitutions: {}
11:12:57.033 [main] DEBUG org.hibernate.cfg.Settings - Named query checking : enabled
11:12:57.033 [main] DEBUG org.hibernate.cfg.Settings - Second-level cache: disabled
11:12:57.033 [main] DEBUG org.hibernate.cfg.Settings - Second-level query cache: disabled
11:12:57.033 [main] DEBUG org.hibernate.cfg.Settings - Second-level query cache factory: null
11:12:57.033 [main] DEBUG org.hibernate.cfg.Settings - Second-level cache region prefix: null
11:12:57.033 [main] DEBUG org.hibernate.cfg.Settings - Optimize second-level cache for minimal puts: disabled
11:12:57.033 [main] DEBUG org.hibernate.cfg.Settings - Structured second-level cache entries: disabled
11:12:57.033 [main] DEBUG org.hibernate.cfg.Settings - Second-level cache direct-reference entries: disabled
11:12:57.033 [main] DEBUG org.hibernate.cfg.Settings - Automatic eviction of collection cache: disabled
11:12:57.033 [main] DEBUG org.hibernate.cfg.Settings - JDBC batch size: 15
11:12:57.034 [main] DEBUG org.hibernate.cfg.Settings - JDBC batch updates for versioned data: enabled
11:12:57.034 [main] DEBUG org.hibernate.cfg.Settings - Scrollable result sets: enabled
11:12:57.034 [main] DEBUG org.hibernate.cfg.Settings - Wrap result sets: disabled
11:12:57.034 [main] DEBUG org.hibernate.cfg.Settings - JDBC3 getGeneratedKeys(): enabled
11:12:57.034 [main] DEBUG org.hibernate.cfg.Settings - JDBC result set fetch size: null
11:12:57.034 [main] DEBUG org.hibernate.cfg.Settings - Connection release mode: ON_CLOSE
11:12:57.034 [main] DEBUG org.hibernate.cfg.Settings - Generate SQL with comments: disabled
11:12:57.034 [main] DEBUG org.hibernate.cfg.Settings - JPA compliance - query : disabled
11:12:57.034 [main] DEBUG org.hibernate.cfg.Settings - JPA compliance - closed-handling : disabled
11:12:57.035 [main] DEBUG org.hibernate.cfg.Settings - JPA compliance - lists : disabled
11:12:57.035 [main] DEBUG org.hibernate.cfg.Settings - JPA compliance - transactions : disabled
11:12:57.056 [HikariPool-1 connection adder] DEBUG com.zaxxer.hikari.pool.HikariPool - HikariPool-1 - Added connection com.mysql.cj.jdbc.ConnectionImpl@1e15fe99
11:12:57.075 [HikariPool-1 connection adder] DEBUG com.zaxxer.hikari.pool.HikariPool - HikariPool-1 - Added connection com.mysql.cj.jdbc.ConnectionImpl@c6f072
11:12:57.081 [main] DEBUG o.h.internal.SessionFactoryImpl - Session factory constructed with filter configurations : {}
11:12:57.081 [main] DEBUG o.h.internal.SessionFactoryImpl - Instantiating session factory with properties: {hibernate.id.new_generator_mappings=true, java.specification.version=15, sun.cpu.isalist=amd64, hibernate.resource.beans.container=org.springframework.orm.hibernate5.SpringBeanContainer@c754401, hibernate.connection.handling_mode=DELAYED_ACQUISITION_AND_HOLD, sun.jnu.encoding=Cp1252, hibernate.implicit_naming_strategy=org.springframework.boot.orm.jpa.hibernate.SpringImplicitNamingStrategy, java.class.path=C:\Users\nuche\Documents\StuProj\java\biddingSoft\target\classes;C:\Users\nuche\.m2\repository\org\springframework\boot\spring-boot-starter-data-jpa\2.4.3\spring-boot-starter-data-jpa-2.4.3.jar;C:\Users\nuche\.m2\repository\org\springframework\boot\spring-boot-starter-aop\2.4.3\spring-boot-starter-aop-2.4.3.jar;C:\Users\nuche\.m2\repository\org\aspectj\aspectjweaver\1.9.6\aspectjweaver-1.9.6.jar;C:\Users\nuche\.m2\repository\org\springframework\boot\spring-boot-starter-jdbc\2.4.3\spring-boot-starter-jdbc-2.4.3.jar;C:\Users\nuche\.m2\repository\com\zaxxer\HikariCP\3.4.5\HikariCP-3.4.5.jar;C:\Users\nuche\.m2\repository\org\springframework\spring-jdbc\5.3.4\spring-jdbc-5.3.4.jar;C:\Users\nuche\.m2\repository\jakarta\transaction\jakarta.transaction-api\1.3.3\jakarta.transaction-api-1.3.3.jar;C:\Users\nuche\.m2\repository\jakarta\persistence\jakarta.persistence-api\2.2.3\jakarta.persistence-api-2.2.3.jar;C:\Users\nuche\.m2\repository\org\hibernate\hibernate-core\5.4.28.Final\hibernate-core-5.4.28.Final.jar;C:\Users\nuche\.m2\repository\org\jboss\logging\jboss-logging\3.4.1.Final\jboss-logging-3.4.1.Final.jar;C:\Users\nuche\.m2\repository\org\javassist\javassist\3.27.0-GA\javassist-3.27.0-GA.jar;C:\Users\nuche\.m2\repository\net\bytebuddy\byte-buddy\1.10.20\byte-buddy-1.10.20.jar;C:\Users\nuche\.m2\repository\antlr\antlr\2.7.7\antlr-2.7.7.jar;C:\Users\nuche\.m2\repository\org\jboss\jandex\2.2.3.Final\jandex-2.2.3.Final.jar;C:\Users\nuche\.m2\repository\com\fasterxml\classmate\1.5.1\classmate-1.5.1.jar;C:\Users\nuche\.m2\repository\org\dom4j\dom4j\2.1.3\dom4j-2.1.3.jar;C:\Users\nuche\.m2\repository\org\hibernate\common\hibernate-commons-annotations\5.1.2.Final\hibernate-commons-annotations-5.1.2.Final.jar;C:\Users\nuche\.m2\repository\org\glassfish\jaxb\jaxb-runtime\2.3.3\jaxb-runtime-2.3.3.jar;C:\Users\nuche\.m2\repository\org\glassfish\jaxb\txw2\2.3.3\txw2-2.3.3.jar;C:\Users\nuche\.m2\repository\com\sun\istack\istack-commons-runtime\3.0.11\istack-commons-runtime-3.0.11.jar;C:\Users\nuche\.m2\repository\org\springframework\data\spring-data-jpa\2.4.5\spring-data-jpa-2.4.5.jar;C:\Users\nuche\.m2\repository\org\springframework\spring-orm\5.3.4\spring-orm-5.3.4.jar;C:\Users\nuche\.m2\repository\org\springframework\spring-context\5.3.4\spring-context-5.3.4.jar;C:\Users\nuche\.m2\repository\org\springframework\spring-tx\5.3.4\spring-tx-5.3.4.jar;C:\Users\nuche\.m2\repository\org\springframework\spring-aspects\5.3.4\spring-aspects-5.3.4.jar;C:\Users\nuche\.m2\repository\org\springframework\boot\spring-boot-starter-mail\2.4.3\spring-boot-starter-mail-2.4.3.jar;C:\Users\nuche\.m2\repository\org\springframework\boot\spring-boot-starter\2.4.3\spring-boot-starter-2.4.3.jar;C:\Users\nuche\.m2\repository\org\springframework\boot\spring-boot-autoconfigure\2.4.3\spring-boot-autoconfigure-2.4.3.jar;C:\Users\nuche\.m2\repository\org\springframework\boot\spring-boot-starter-logging\2.4.3\spring-boot-starter-logging-2.4.3.jar;C:\Users\nuche\.m2\repository\ch\qos\logback\logback-classic\1.2.3\logback-classic-1.2.3.jar;C:\Users\nuche\.m2\repository\ch\qos\logback\logback-core\1.2.3\logback-core-1.2.3.jar;C:\Users\nuche\.m2\repository\org\apache\logging\log4j\log4j-to-slf4j\2.13.3\log4j-to-slf4j-2.13.3.jar;C:\Users\nuche\.m2\repository\org\apache\logging\log4j\log4j-api\2.13.3\log4j-api-2.13.3.jar;C:\Users\nuche\.m2\repository\org\slf4j\jul-to-slf4j\1.7.30\jul-to-slf4j-1.7.30.jar;C:\Users\nuche\.m2\repository\org\yaml\snakeyaml\1.27\snakeyaml-1.27.jar;C:\Users\nuche\.m2\repository\org\springframework\spring-context-support\5.3.4\spring-context-support-5.3.4.jar;C:\Users\nuche\.m2\repository\com\sun\mail\jakarta.mail\1.6.5\jakarta.mail-1.6.5.jar;C:\Users\nuche\.m2\repository\com\sun\activation\jakarta.activation\1.2.2\jakarta.activation-1.2.2.jar;C:\Users\nuche\.m2\repository\org\springframework\boot\spring-boot-starter-security\2.4.3\spring-boot-starter-security-2.4.3.jar;C:\Users\nuche\.m2\repository\org\springframework\spring-aop\5.3.4\spring-aop-5.3.4.jar;C:\Users\nuche\.m2\repository\org\springframework\security\spring-security-config\5.4.5\spring-security-config-5.4.5.jar;C:\Users\nuche\.m2\repository\org\springframework\security\spring-security-web\5.4.5\spring-security-web-5.4.5.jar;C:\Users\nuche\.m2\repository\org\springframework\spring-expression\5.3.4\spring-expression-5.3.4.jar;C:\Users\nuche\.m2\repository\org\springframework\boot\spring-boot-starter-web\2.4.3\spring-boot-starter-web-2.4.3.jar;C:\Users\nuche\.m2\repository\org\springframework\boot\spring-boot-starter-json\2.4.3\spring-boot-starter-json-2.4.3.jar;C:\Users\nuche\.m2\repository\com\fasterxml\jackson\core\jackson-databind\2.11.4\jackson-databind-2.11.4.jar;C:\Users\nuche\.m2\repository\com\fasterxml\jackson\core\jackson-annotations\2.11.4\jackson-annotations-2.11.4.jar;C:\Users\nuche\.m2\repository\com\fasterxml\jackson\core\jackson-core\2.11.4\jackson-core-2.11.4.jar;C:\Users\nuche\.m2\repository\com\fasterxml\jackson\datatype\jackson-datatype-jdk8\2.11.4\jackson-datatype-jdk8-2.11.4.jar;C:\Users\nuche\.m2\repository\com\fasterxml\jackson\datatype\jackson-datatype-jsr310\2.11.4\jackson-datatype-jsr310-2.11.4.jar;C:\Users\nuche\.m2\repository\com\fasterxml\jackson\module\jackson-module-parameter-names\2.11.4\jackson-module-parameter-names-2.11.4.jar;C:\Users\nuche\.m2\repository\org\springframework\spring-web\5.3.4\spring-web-5.3.4.jar;C:\Users\nuche\.m2\repository\org\springframework\spring-webmvc\5.3.4\spring-webmvc-5.3.4.jar;C:\Users\nuche\.m2\repository\com\h2database\h2\1.4.200\h2-1.4.200.jar;C:\Users\nuche\.m2\repository\org\springframework\boot\spring-boot-starter-tomcat\2.4.3\spring-boot-starter-tomcat-2.4.3.jar;C:\Users\nuche\.m2\repository\jakarta\annotation\jakarta.annotation-api\1.3.5\jakarta.annotation-api-1.3.5.jar;C:\Users\nuche\.m2\repository\org\apache\tomcat\embed\tomcat-embed-core\9.0.43\tomcat-embed-core-9.0.43.jar;C:\Users\nuche\.m2\repository\org\glassfish\jakarta.el\3.0.3\jakarta.el-3.0.3.jar;C:\Users\nuche\.m2\repository\org\apache\tomcat\embed\tomcat-embed-websocket\9.0.43\tomcat-embed-websocket-9.0.43.jar;C:\Users\nuche\.m2\repository\jakarta\xml\bind\jakarta.xml.bind-api\2.3.3\jakarta.xml.bind-api-2.3.3.jar;C:\Users\nuche\.m2\repository\jakarta\activation\jakarta.activation-api\1.2.2\jakarta.activation-api-1.2.2.jar;C:\Users\nuche\.m2\repository\org\springframework\spring-core\5.3.4\spring-core-5.3.4.jar;C:\Users\nuche\.m2\repository\org\springframework\spring-jcl\5.3.4\spring-jcl-5.3.4.jar;C:\Users\nuche\.m2\repository\org\springframework\security\spring-security-core\5.4.5\spring-security-core-5.4.5.jar;C:\Users\nuche\.m2\repository\org\springframework\boot\spring-boot-starter-thymeleaf\2.4.3\spring-boot-starter-thymeleaf-2.4.3.jar;C:\Users\nuche\.m2\repository\org\thymeleaf\thymeleaf-spring5\3.0.12.RELEASE\thymeleaf-spring5-3.0.12.RELEASE.jar;C:\Users\nuche\.m2\repository\org\thymeleaf\thymeleaf\3.0.12.RELEASE\thymeleaf-3.0.12.RELEASE.jar;C:\Users\nuche\.m2\repository\org\attoparser\attoparser\2.0.5.RELEASE\attoparser-2.0.5.RELEASE.jar;C:\Users\nuche\.m2\repository\org\unbescape\unbescape\1.1.6.RELEASE\unbescape-1.1.6.RELEASE.jar;C:\Users\nuche\.m2\repository\org\thymeleaf\extras\thymeleaf-extras-java8time\3.0.4.RELEASE\thymeleaf-extras-java8time-3.0.4.RELEASE.jar;C:\Users\nuche\.m2\repository\mysql\mysql-connector-java\8.0.23\mysql-connector-java-8.0.23.jar;C:\Users\nuche\.m2\repository\javax\persistence\javax.persistence-api\2.2\javax.persistence-api-2.2.jar;C:\Users\nuche\.m2\repository\org\springframework\data\spring-data-commons\2.4.5\spring-data-commons-2.4.5.jar;C:\Users\nuche\.m2\repository\org\springframework\spring-beans\5.3.4\spring-beans-5.3.4.jar;C:\Users\nuche\.m2\repository\org\slf4j\slf4j-api\1.7.30\slf4j-api-1.7.30.jar;C:\Users\nuche\.m2\repository\org\springframework\boot\spring-boot-actuator\2.4.3\spring-boot-actuator-2.4.3.jar;C:\Users\nuche\.m2\repository\org\springframework\boot\spring-boot\2.4.3\spring-boot-2.4.3.jar, com.sun.management.jmxremote.authenticate=false, java.vm.vendor=Oracle Corporation, sun.arch.data.model=64, user.variant=, java.vendor.url=https://java.oracle.com/, catalina.useNaming=false, user.timezone=Europe/London, java.vm.specification.version=15, os.name=Windows 10, javax.persistence.validation.mode=AUTO, sun.java.launcher=SUN_STANDARD, user.country=US, sun.boot.library.path=C:\Program Files\Java\jdk-15.0.2\bin, com.sun.management.jmxremote.ssl=false, sun.java.command=com.project.biddingSoft.BiddingSoftwareApplication --spring.output.ansi.enabled=always, spring.application.admin.enabled=true, javax.persistence.nonJtaDataSource=HikariDataSource (HikariPool-1), hibernate.transaction.jta.platform=org.hibernate.engine.transaction.jta.platform.internal.NoJtaPlatform@1da53f4f, com.sun.management.jmxremote=, javax.persistence.sharedCache.mode=UNSPECIFIED, jdk.debug=release, sun.cpu.endian=little, spring.boot.project.name=biddingSoft, user.home=C:\Users\nuche, user.language=en, java.specification.vendor=Oracle Corporation, java.version.date=2021-01-19, java.home=C:\Program Files\Java\jdk-15.0.2, file.separator=\, java.vm.compressedOopsMode=Zero based, line.separator=
, java.vm.specification.vendor=Oracle Corporation, java.specification.name=Java Platform API Specification, FILE_LOG_CHARSET=UTF-8, hibernate.transaction.coordinator_class=class org.hibernate.resource.transaction.backend.jdbc.internal.JdbcResourceLocalTransactionCoordinatorBuilderImpl, java.awt.headless=true, hibernate.hbm2ddl.auto=update, user.script=, sun.management.compiler=HotSpot 64-Bit Tiered Compilers, java.runtime.version=15.0.2+7-27, user.name=nuche, spring.jmx.enabled=true, path.separator=;, os.version=10.0, java.runtime.name=Java(TM) SE Runtime Environment, file.encoding=UTF-8, hibernate.ejb.persistenceUnitName=default, spring.beaninfo.ignore=true, java.vm.name=Java HotSpot(TM) 64-Bit Server VM, java.vendor.url.bug=https://bugreport.java.com/bugreport/, java.io.tmpdir=C:\Users\nuche\AppData\Local\Temp\, catalina.home=C:\Users\nuche\AppData\Local\Temp\tomcat.8080.8599002213063817764, com.sun.management.jmxremote.port=58537, java.version=15.0.2, hibernate.physical_naming_strategy=org.springframework.boot.orm.jpa.hibernate.SpringPhysicalNamingStrategy, user.dir=C:\Users\nuche\Documents\StuProj\java\biddingSoft, os.arch=amd64, java.vm.specification.name=Java Virtual Machine Specification, PID=21084, sun.os.patch.level=, CONSOLE_LOG_CHARSET=UTF-8, catalina.base=C:\Users\nuche\AppData\Local\Temp\tomcat.8080.8599002213063817764, hibernate.boot.CfgXmlAccessService.key=org.hibernate.boot.registry.StandardServiceRegistryBuilder$1@4e7eba9f, java.library.path=C:\Program Files\Java\jdk-15.0.2\bin;C:\Windows\Sun\Java\bin;C:\Windows\system32;C:\Windows;C:\Program Files (x86)\Common Files\Oracle\Java\javapath;C:\Program Files\Common Files\Oracle\Java\javapath;C:\Python38\Scripts\;C:\Python38\;C:\Windows\system32;C:\Windows;C:\Windows\System32\Wbem;C:\Windows\System32\WindowsPowerShell\v1.0\;C:\Windows\System32\OpenSSH\;C:\Program Files\Git\cmd;C:\Program Files\Microsoft SQL Server\130\Tools\Binn\;C:\Program Files\nodejs\;C:\ProgramData\chocolatey\bin;C:\Program Files\swipl\bin;C:\Program Files\JetBrains\GoLand 2020.1.2\bin;C:\Go\bin;C:\TDM-GCC-64\bin;C:\Program Files (x86)\sbt\bin;C:\Users\nuche\sdk;C:\Program Files\dotnet\;C:\Program Files\dotnet\sdk\5.0.100;C:\Program Files\Microsoft SQL Server\Client SDK\ODBC\170\Tools\Binn\;%M2%;C:\Program Files\spring-2.4.3\bin;C:\Program Files\MySQL\MySQL Shell 8.0\bin\;C:\Users\nuche\AppData\Local\Microsoft\WindowsApps;C:\Program Files\JetBrains\WebStorm 2019.3.3\bin;C:\Users\nuche\AppData\Roaming\npm;C:\Users\nuche\.dotnet\tools;C:\Program Files\JetBrains\IntelliJ IDEA 2020.1.1\bin;C:\Program Files\JetBrains\GoLand 2020.1.2\bin;C:\Users\nuche\go\bin;C:\Users\nuche\AppData\Local\GitHubDesktop\bin;C:\Users\nuche\AppData\Roaming\Dashlane\6.2026.0.36165\bin\Firefox_Extension\{442718d9-475e-452a-b3e1-fb1ee16b8e9f}\components;C:\Users\nuche\AppData\Roaming\Dashlane\6.2026.0.36165\ucrt;C:\Users\nuche\AppData\Roaming\Dashlane\6.2026.0.36165\bin\Qt;C:\Users\nuche\AppData\Roaming\Dashlane\6.2026.0.36165\ucrt;C:\Users\nuche\AppData\Roaming\Dashlane\6.2026.0.36165\bin\Ssl;C:\Users\nuche\AppData\Local\atom\bin;C:\MinGW\bin;C:\Users\nuche\.dotnet\tools;C:\Program Files\dotnet\sdk\5.0.100;C:\Program Files\Java\jdk-15.0.2\bin;C:\Program Files\apache-maven-3.6.3\bin;C:\Program Files\spring-2.4.3\bin;;., java.vendor=Oracle Corporation, java.vm.info=mixed mode, sharing, java.vm.version=15.0.2+7-27, hibernate.bytecode.use_reflection_optimizer=false, java.rmi.server.randomIDs=true, java.rmi.server.hostname=localhost, sun.io.unicode.encoding=UnicodeLittle, hibernate.archive.scanner=org.hibernate.boot.archive.scan.internal.DisabledScanner, hibernate.connection.datasource=HikariDataSource (HikariPool-1), java.class.version=59.0}
11:12:57.089 [main] DEBUG o.h.secure.spi.JaccIntegrator - Skipping JACC integration as it was not enabled
11:12:57.089 [main] DEBUG o.h.internal.SessionFactoryImpl - Instantiated session factory
11:12:57.089 [main] DEBUG o.h.t.spi.TypeConfiguration$Scope - Scoping TypeConfiguration [org.hibernate.type.spi.TypeConfiguration@d84418a] to SessionFactoryImpl [org.hibernate.internal.SessionFactoryImpl@4ab455e2]
11:12:57.095 [HikariPool-1 connection adder] DEBUG com.zaxxer.hikari.pool.HikariPool - HikariPool-1 - Added connection com.mysql.cj.jdbc.ConnectionImpl@10132a23
11:12:57.109 [HikariPool-1 connection adder] DEBUG com.zaxxer.hikari.pool.HikariPool - HikariPool-1 - Added connection com.mysql.cj.jdbc.ConnectionImpl@f00e4ef
11:12:57.119 [main] DEBUG o.h.b.i.ClassLoaderAccessImpl - Not known whether passed class name [com.project.biddingSoft.model.Lot] is safe
11:12:57.119 [main] DEBUG o.h.b.i.ClassLoaderAccessImpl - No temp ClassLoader provided; using live ClassLoader for loading potentially unsafe class : com.project.biddingSoft.model.Lot
11:12:57.123 [HikariPool-1 connection adder] DEBUG com.zaxxer.hikari.pool.HikariPool - HikariPool-1 - Added connection com.mysql.cj.jdbc.ConnectionImpl@5db97192
11:12:57.140 [HikariPool-1 connection adder] DEBUG com.zaxxer.hikari.pool.HikariPool - HikariPool-1 - Added connection com.mysql.cj.jdbc.ConnectionImpl@17141ca8
11:12:57.140 [HikariPool-1 connection adder] DEBUG com.zaxxer.hikari.pool.HikariPool - HikariPool-1 - After adding stats (total=10, active=0, idle=10, waiting=0)
11:12:57.278 [main] DEBUG o.h.p.e.AbstractEntityPersister - Static SQL for entity: com.project.biddingSoft.model.Lot
11:12:57.278 [main] DEBUG o.h.p.e.AbstractEntityPersister -  Version select: select id from lot where id =?
11:12:57.278 [main] DEBUG o.h.p.e.AbstractEntityPersister -  Snapshot select: select lot_.id, lot_.user_name as user_nam2_0_ from lot lot_ where lot_.id=?
11:12:57.278 [main] DEBUG o.h.p.e.AbstractEntityPersister -  Insert 0: insert into lot (user_name, id) values (?, ?)
11:12:57.278 [main] DEBUG o.h.p.e.AbstractEntityPersister -  Update 0: update lot set user_name=? where id=?
11:12:57.279 [main] DEBUG o.h.p.e.AbstractEntityPersister -  Delete 0: delete from lot where id=?
11:12:57.299 [main] DEBUG o.h.l.p.b.i.spaces.QuerySpacesImpl - Adding QuerySpace : uid = <gen:0> -> org.hibernate.loader.plan.build.internal.spaces.EntityQuerySpaceImpl@7d156f8f]
11:12:57.299 [main] DEBUG o.h.p.w.spi.MetamodelGraphWalker - Visiting attribute path : userName
11:12:57.299 [main] DEBUG o.h.l.p.b.i.FetchStyleLoadPlanBuildingAssociationVisitationStrategy - Building LoadPlan...
11:12:57.307 [main] DEBUG o.h.l.p.e.i.LoadQueryJoinAndFetchProcessor - processing queryspace <gen:0>
11:12:57.310 [main] DEBUG o.h.l.p.b.spi.LoadPlanTreePrinter - LoadPlan(entity=com.project.biddingSoft.model.Lot)
    - Returns
       - EntityReturnImpl(entity=com.project.biddingSoft.model.Lot, querySpaceUid=<gen:0>, path=com.project.biddingSoft.model.Lot)
    - QuerySpaces
       - EntityQuerySpaceImpl(uid=<gen:0>, entity=com.project.biddingSoft.model.Lot)
          - SQL table alias mapping - lot0_
          - alias suffix - 0_
          - suffixed key columns - {id1_0_0_}

11:12:57.311 [main] DEBUG o.h.loader.entity.plan.EntityLoader - Static select for entity com.project.biddingSoft.model.Lot [NONE]: select lot0_.id as id1_0_0_, lot0_.user_name as user_nam2_0_0_ from lot lot0_ where lot0_.id=?
11:12:57.350 [main] DEBUG org.hibernate.mapping.Table - No alter strings for table : hibernate_sequence
11:12:57.350 [main] DEBUG org.hibernate.mapping.Table - No alter strings for table : lot
11:12:57.350 [main] INFO  o.h.e.t.j.p.i.JtaPlatformInitiator - HHH000490: Using JtaPlatform implementation: [org.hibernate.engine.transaction.jta.platform.internal.NoJtaPlatform]
11:12:57.350 [main] DEBUG o.h.query.spi.NamedQueryRepository - Checking 0 named HQL queries
11:12:57.351 [main] DEBUG o.h.query.spi.NamedQueryRepository - Checking 0 named SQL queries
11:12:57.355 [main] DEBUG o.h.internal.SessionFactoryRegistry - Initializing SessionFactoryRegistry : org.hibernate.internal.SessionFactoryRegistry@3b8b4846
11:12:57.355 [main] DEBUG o.h.internal.SessionFactoryRegistry - Registering SessionFactory: 02bb8f79-7210-41e1-8387-4f443fe252cb (<unnamed>)
11:12:57.355 [main] DEBUG o.h.internal.SessionFactoryRegistry - Not binding SessionFactory to JNDI, no JNDI name configured
11:12:57.356 [main] INFO  o.s.o.j.LocalContainerEntityManagerFactoryBean - Initialized JPA EntityManagerFactory for persistence unit 'default'
11:12:57.472 [main] DEBUG o.h.s.internal.StatisticsInitiator - Statistics initialized [enabled=false]
11:12:57.548 [main] WARN  o.s.b.a.o.j.JpaBaseConfiguration$JpaWebConfiguration - spring.jpa.open-in-view is enabled by default. Therefore, database queries may be performed during view rendering. Explicitly configure spring.jpa.open-in-view to disable this warning
11:12:57.620 [main] INFO  o.s.s.c.ThreadPoolTaskExecutor - Initializing ExecutorService 'applicationTaskExecutor'
11:12:57.736 [main] WARN  o.s.b.a.t.ThymeleafAutoConfiguration$DefaultTemplateResolverConfiguration - Cannot find template location: classpath:/templates/ (please add some templates or check your Thymeleaf configuration)
11:12:57.800 [main] INFO  o.a.coyote.http11.Http11NioProtocol - Starting ProtocolHandler ["http-nio-8080"]
11:12:57.818 [main] INFO  o.s.b.w.e.tomcat.TomcatWebServer - Tomcat started on port(s): 8080 (http) with context path ''
11:12:57.826 [main] INFO  c.p.b.BiddingSoftwareApplication - Started BiddingSoftwareApplication in 2.817 seconds (JVM running for 3.473)
11:12:57.827 [main] INFO  c.p.b.BiddingSoftwareApplication - [31m--spring.output.ansi.enabled=always[0m
11:13:05.925 [http-nio-8080-exec-1] INFO  o.a.c.c.C.[Tomcat].[localhost].[/] - Initializing Spring DispatcherServlet 'dispatcherServlet'
11:13:05.925 [http-nio-8080-exec-1] INFO  o.s.web.servlet.DispatcherServlet - Initializing Servlet 'dispatcherServlet'
11:13:05.926 [http-nio-8080-exec-1] INFO  o.s.web.servlet.DispatcherServlet - Completed initialization in 1 ms
11:13:05.951 [http-nio-8080-exec-1] DEBUG o.h.e.t.internal.TransactionImpl - On TransactionImpl creation, JpaCompliance#isJpaTransactionComplianceEnabled == false
11:13:05.951 [http-nio-8080-exec-1] DEBUG o.h.e.t.internal.TransactionImpl - begin
11:13:05.955 [http-nio-8080-exec-1] DEBUG o.h.e.t.internal.TransactionImpl - rolling back
11:13:05.960 [http-nio-8080-exec-1] INFO  c.p.b.service.LotServiceImpl - Error is 
org.springframework.dao.InvalidDataAccessApiUsageException: Entity must not be null.; nested exception is java.lang.IllegalArgumentException: Entity must not be null.
	at org.springframework.orm.jpa.EntityManagerFactoryUtils.convertJpaAccessExceptionIfPossible(EntityManagerFactoryUtils.java:374)
	at org.springframework.orm.jpa.vendor.HibernateJpaDialect.translateExceptionIfPossible(HibernateJpaDialect.java:235)
	at org.springframework.orm.jpa.AbstractEntityManagerFactoryBean.translateExceptionIfPossible(AbstractEntityManagerFactoryBean.java:551)
	at org.springframework.dao.support.ChainedPersistenceExceptionTranslator.translateExceptionIfPossible(ChainedPersistenceExceptionTranslator.java:61)
	at org.springframework.dao.support.DataAccessUtils.translateIfNecessary(DataAccessUtils.java:242)
	at org.springframework.dao.support.PersistenceExceptionTranslationInterceptor.invoke(PersistenceExceptionTranslationInterceptor.java:152)
	at org.springframework.aop.framework.ReflectiveMethodInvocation.proceed(ReflectiveMethodInvocation.java:186)
	at org.springframework.data.jpa.repository.support.CrudMethodMetadataPostProcessor$CrudMethodMetadataPopulatingMethodInterceptor.invoke(CrudMethodMetadataPostProcessor.java:174)
	at org.springframework.aop.framework.ReflectiveMethodInvocation.proceed(ReflectiveMethodInvocation.java:186)
	at org.springframework.aop.interceptor.ExposeInvocationInterceptor.invoke(ExposeInvocationInterceptor.java:97)
	at org.springframework.aop.framework.ReflectiveMethodInvocation.proceed(ReflectiveMethodInvocation.java:186)
	at org.springframework.aop.framework.JdkDynamicAopProxy.invoke(JdkDynamicAopProxy.java:215)
	at com.sun.proxy.$Proxy77.save(Unknown Source)
	at com.project.biddingSoft.service.LotServiceImpl.persistLot(LotServiceImpl.java:33)
	at com.project.biddingSoft.controller.ServletInitializer.addNewLot(ServletInitializer.java:57)
	at java.base/jdk.internal.reflect.NativeMethodAccessorImpl.invoke0(Native Method)
	at java.base/jdk.internal.reflect.NativeMethodAccessorImpl.invoke(NativeMethodAccessorImpl.java:64)
	at java.base/jdk.internal.reflect.DelegatingMethodAccessorImpl.invoke(DelegatingMethodAccessorImpl.java:43)
	at java.base/java.lang.reflect.Method.invoke(Method.java:564)
	at org.springframework.web.method.support.InvocableHandlerMethod.doInvoke(InvocableHandlerMethod.java:197)
	at org.springframework.web.method.support.InvocableHandlerMethod.invokeForRequest(InvocableHandlerMethod.java:141)
	at org.springframework.web.servlet.mvc.method.annotation.ServletInvocableHandlerMethod.invokeAndHandle(ServletInvocableHandlerMethod.java:106)
	at org.springframework.web.servlet.mvc.method.annotation.RequestMappingHandlerAdapter.invokeHandlerMethod(RequestMappingHandlerAdapter.java:894)
	at org.springframework.web.servlet.mvc.method.annotation.RequestMappingHandlerAdapter.handleInternal(RequestMappingHandlerAdapter.java:808)
	at org.springframework.web.servlet.mvc.method.AbstractHandlerMethodAdapter.handle(AbstractHandlerMethodAdapter.java:87)
	at org.springframework.web.servlet.DispatcherServlet.doDispatch(DispatcherServlet.java:1060)
	at org.springframework.web.servlet.DispatcherServlet.doService(DispatcherServlet.java:962)
	at org.springframework.web.servlet.FrameworkServlet.processRequest(FrameworkServlet.java:1006)
	at org.springframework.web.servlet.FrameworkServlet.doPost(FrameworkServlet.java:909)
	at javax.servlet.http.HttpServlet.service(HttpServlet.java:652)
	at org.springframework.web.servlet.FrameworkServlet.service(FrameworkServlet.java:883)
	at javax.servlet.http.HttpServlet.service(HttpServlet.java:733)
	at org.apache.catalina.core.ApplicationFilterChain.internalDoFilter(ApplicationFilterChain.java:227)
	at org.apache.catalina.core.ApplicationFilterChain.doFilter(ApplicationFilterChain.java:162)
	at org.apache.tomcat.websocket.server.WsFilter.doFilter(WsFilter.java:53)
	at org.apache.catalina.core.ApplicationFilterChain.internalDoFilter(ApplicationFilterChain.java:189)
	at org.apache.catalina.core.ApplicationFilterChain.doFilter(ApplicationFilterChain.java:162)
	at org.springframework.web.filter.RequestContextFilter.doFilterInternal(RequestContextFilter.java:100)
	at org.springframework.web.filter.OncePerRequestFilter.doFilter(OncePerRequestFilter.java:119)
	at org.apache.catalina.core.ApplicationFilterChain.internalDoFilter(ApplicationFilterChain.java:189)
	at org.apache.catalina.core.ApplicationFilterChain.doFilter(ApplicationFilterChain.java:162)
	at org.springframework.web.filter.FormContentFilter.doFilterInternal(FormContentFilter.java:93)
	at org.springframework.web.filter.OncePerRequestFilter.doFilter(OncePerRequestFilter.java:119)
	at org.apache.catalina.core.ApplicationFilterChain.internalDoFilter(ApplicationFilterChain.java:189)
	at org.apache.catalina.core.ApplicationFilterChain.doFilter(ApplicationFilterChain.java:162)
	at org.springframework.web.filter.CharacterEncodingFilter.doFilterInternal(CharacterEncodingFilter.java:201)
	at org.springframework.web.filter.OncePerRequestFilter.doFilter(OncePerRequestFilter.java:119)
	at org.apache.catalina.core.ApplicationFilterChain.internalDoFilter(ApplicationFilterChain.java:189)
	at org.apache.catalina.core.ApplicationFilterChain.doFilter(ApplicationFilterChain.java:162)
	at org.apache.catalina.core.StandardWrapperValve.invoke(StandardWrapperValve.java:202)
	at org.apache.catalina.core.StandardContextValve.invoke(StandardContextValve.java:97)
	at org.apache.catalina.authenticator.AuthenticatorBase.invoke(AuthenticatorBase.java:542)
	at org.apache.catalina.core.StandardHostValve.invoke(StandardHostValve.java:143)
	at org.apache.catalina.valves.ErrorReportValve.invoke(ErrorReportValve.java:92)
	at org.apache.catalina.core.StandardEngineValve.invoke(StandardEngineValve.java:78)
	at org.apache.catalina.connector.CoyoteAdapter.service(CoyoteAdapter.java:346)
	at org.apache.coyote.http11.Http11Processor.service(Http11Processor.java:374)
	at org.apache.coyote.AbstractProcessorLight.process(AbstractProcessorLight.java:65)
	at org.apache.coyote.AbstractProtocol$ConnectionHandler.process(AbstractProtocol.java:887)
	at org.apache.tomcat.util.net.NioEndpoint$SocketProcessor.doRun(NioEndpoint.java:1684)
	at org.apache.tomcat.util.net.SocketProcessorBase.run(SocketProcessorBase.java:49)
	at java.base/java.util.concurrent.ThreadPoolExecutor.runWorker(ThreadPoolExecutor.java:1130)
	at java.base/java.util.concurrent.ThreadPoolExecutor$Worker.run(ThreadPoolExecutor.java:630)
	at org.apache.tomcat.util.threads.TaskThread$WrappingRunnable.run(TaskThread.java:61)
	at java.base/java.lang.Thread.run(Thread.java:832)
Caused by: java.lang.IllegalArgumentException: Entity must not be null.
	at org.springframework.util.Assert.notNull(Assert.java:201)
	at org.springframework.data.jpa.repository.support.SimpleJpaRepository.save(SimpleJpaRepository.java:554)
	at java.base/jdk.internal.reflect.NativeMethodAccessorImpl.invoke0(Native Method)
	at java.base/jdk.internal.reflect.NativeMethodAccessorImpl.invoke(NativeMethodAccessorImpl.java:64)
	at java.base/jdk.internal.reflect.DelegatingMethodAccessorImpl.invoke(DelegatingMethodAccessorImpl.java:43)
	at java.base/java.lang.reflect.Method.invoke(Method.java:564)
	at org.springframework.data.repository.core.support.RepositoryMethodInvoker$RepositoryFragmentMethodInvoker.lambda$new$0(RepositoryMethodInvoker.java:289)
	at org.springframework.data.repository.core.support.RepositoryMethodInvoker.doInvoke(RepositoryMethodInvoker.java:137)
	at org.springframework.data.repository.core.support.RepositoryMethodInvoker.invoke(RepositoryMethodInvoker.java:121)
	at org.springframework.data.repository.core.support.RepositoryComposition$RepositoryFragments.invoke(RepositoryComposition.java:524)
	at org.springframework.data.repository.core.support.RepositoryComposition.invoke(RepositoryComposition.java:285)
	at org.springframework.data.repository.core.support.RepositoryFactorySupport$ImplementationMethodExecutionInterceptor.invoke(RepositoryFactorySupport.java:531)
	at org.springframework.aop.framework.ReflectiveMethodInvocation.proceed(ReflectiveMethodInvocation.java:186)
	at org.springframework.data.repository.core.support.QueryExecutorMethodInterceptor.doInvoke(QueryExecutorMethodInterceptor.java:156)
	at org.springframework.data.repository.core.support.QueryExecutorMethodInterceptor.invoke(QueryExecutorMethodInterceptor.java:131)
	at org.springframework.aop.framework.ReflectiveMethodInvocation.proceed(ReflectiveMethodInvocation.java:186)
	at org.springframework.transaction.interceptor.TransactionInterceptor$1.proceedWithInvocation(TransactionInterceptor.java:123)
	at org.springframework.transaction.interceptor.TransactionAspectSupport.invokeWithinTransaction(TransactionAspectSupport.java:388)
	at org.springframework.transaction.interceptor.TransactionInterceptor.invoke(TransactionInterceptor.java:119)
	at org.springframework.aop.framework.ReflectiveMethodInvocation.proceed(ReflectiveMethodInvocation.java:186)
	at org.springframework.dao.support.PersistenceExceptionTranslationInterceptor.invoke(PersistenceExceptionTranslationInterceptor.java:137)
	... 59 common frames omitted
11:13:26.955 [HikariPool-1 housekeeper] DEBUG com.zaxxer.hikari.pool.HikariPool - HikariPool-1 - Pool stats (total=10, active=0, idle=10, waiting=0)
11:13:26.955 [HikariPool-1 housekeeper] DEBUG com.zaxxer.hikari.pool.HikariPool - HikariPool-1 - Fill pool skipped, pool is at sufficient level.
11:13:56.957 [HikariPool-1 housekeeper] DEBUG com.zaxxer.hikari.pool.HikariPool - HikariPool-1 - Pool stats (total=10, active=0, idle=10, waiting=0)
11:13:56.957 [HikariPool-1 housekeeper] DEBUG com.zaxxer.hikari.pool.HikariPool - HikariPool-1 - Fill pool skipped, pool is at sufficient level.
11:14:26.959 [HikariPool-1 housekeeper] DEBUG com.zaxxer.hikari.pool.HikariPool - HikariPool-1 - Pool stats (total=10, active=0, idle=10, waiting=0)
11:14:26.959 [HikariPool-1 housekeeper] DEBUG com.zaxxer.hikari.pool.HikariPool - HikariPool-1 - Fill pool skipped, pool is at sufficient level.
11:14:56.959 [HikariPool-1 housekeeper] DEBUG com.zaxxer.hikari.pool.HikariPool - HikariPool-1 - Pool stats (total=10, active=0, idle=10, waiting=0)
11:14:56.959 [HikariPool-1 housekeeper] DEBUG com.zaxxer.hikari.pool.HikariPool - HikariPool-1 - Fill pool skipped, pool is at sufficient level.
11:15:26.961 [HikariPool-1 housekeeper] DEBUG com.zaxxer.hikari.pool.HikariPool - HikariPool-1 - Pool stats (total=10, active=0, idle=10, waiting=0)
11:15:26.961 [HikariPool-1 housekeeper] DEBUG com.zaxxer.hikari.pool.HikariPool - HikariPool-1 - Fill pool skipped, pool is at sufficient level.
11:15:56.963 [HikariPool-1 housekeeper] DEBUG com.zaxxer.hikari.pool.HikariPool - HikariPool-1 - Pool stats (total=10, active=0, idle=10, waiting=0)
11:15:56.963 [HikariPool-1 housekeeper] DEBUG com.zaxxer.hikari.pool.HikariPool - HikariPool-1 - Fill pool skipped, pool is at sufficient level.
11:16:26.965 [HikariPool-1 housekeeper] DEBUG com.zaxxer.hikari.pool.HikariPool - HikariPool-1 - Pool stats (total=10, active=0, idle=10, waiting=0)
11:16:26.965 [HikariPool-1 housekeeper] DEBUG com.zaxxer.hikari.pool.HikariPool - HikariPool-1 - Fill pool skipped, pool is at sufficient level.
11:16:34.271 [RMI TCP Connection(10)-127.0.0.1] INFO  o.s.b.a.SpringApplicationAdminMXBeanRegistrar$SpringApplicationAdmin - Application shutdown requested.
11:16:34.291 [RMI TCP Connection(10)-127.0.0.1] INFO  o.s.s.c.ThreadPoolTaskExecutor - Shutting down ExecutorService 'applicationTaskExecutor'
11:16:34.291 [RMI TCP Connection(10)-127.0.0.1] INFO  o.s.o.j.LocalContainerEntityManagerFactoryBean - Closing JPA EntityManagerFactory for persistence unit 'default'
11:16:34.291 [RMI TCP Connection(10)-127.0.0.1] DEBUG o.h.internal.SessionFactoryImpl - HHH000031: Closing
11:16:34.291 [RMI TCP Connection(10)-127.0.0.1] DEBUG o.h.t.spi.TypeConfiguration$Scope - Un-scoping TypeConfiguration [org.hibernate.type.spi.TypeConfiguration$Scope@3ddd8f6c] from SessionFactory [org.hibernate.internal.SessionFactoryImpl@4ab455e2]
11:16:34.292 [RMI TCP Connection(10)-127.0.0.1] DEBUG o.h.s.i.AbstractServiceRegistryImpl - Implicitly destroying ServiceRegistry on de-registration of all child ServiceRegistries
11:16:34.292 [RMI TCP Connection(10)-127.0.0.1] DEBUG o.h.b.r.i.BootstrapServiceRegistryImpl - Implicitly destroying Boot-strap registry on de-registration of all child ServiceRegistries
11:16:34.293 [RMI TCP Connection(10)-127.0.0.1] INFO  com.zaxxer.hikari.HikariDataSource - HikariPool-1 - Shutdown initiated...
11:16:34.293 [RMI TCP Connection(10)-127.0.0.1] DEBUG com.zaxxer.hikari.pool.HikariPool - HikariPool-1 - Before shutdown stats (total=10, active=0, idle=10, waiting=0)
11:16:34.294 [HikariPool-1 connection closer] DEBUG com.zaxxer.hikari.pool.PoolBase - HikariPool-1 - Closing connection com.mysql.cj.jdbc.ConnectionImpl@99c4993: (connection evicted)
11:16:34.295 [HikariPool-1 connection closer] DEBUG com.zaxxer.hikari.pool.PoolBase - HikariPool-1 - Closing connection com.mysql.cj.jdbc.ConnectionImpl@4b4486b9: (connection evicted)
11:16:34.296 [HikariPool-1 connection closer] DEBUG com.zaxxer.hikari.pool.PoolBase - HikariPool-1 - Closing connection com.mysql.cj.jdbc.ConnectionImpl@1a5b0063: (connection evicted)
11:16:34.296 [HikariPool-1 connection closer] DEBUG com.zaxxer.hikari.pool.PoolBase - HikariPool-1 - Closing connection com.mysql.cj.jdbc.ConnectionImpl@43caf5b9: (connection evicted)
11:16:34.296 [HikariPool-1 connection closer] DEBUG com.zaxxer.hikari.pool.PoolBase - HikariPool-1 - Closing connection com.mysql.cj.jdbc.ConnectionImpl@1e15fe99: (connection evicted)
11:16:34.296 [HikariPool-1 connection closer] DEBUG com.zaxxer.hikari.pool.PoolBase - HikariPool-1 - Closing connection com.mysql.cj.jdbc.ConnectionImpl@c6f072: (connection evicted)
11:16:34.296 [HikariPool-1 connection closer] DEBUG com.zaxxer.hikari.pool.PoolBase - HikariPool-1 - Closing connection com.mysql.cj.jdbc.ConnectionImpl@10132a23: (connection evicted)
11:16:34.296 [HikariPool-1 connection closer] DEBUG com.zaxxer.hikari.pool.PoolBase - HikariPool-1 - Closing connection com.mysql.cj.jdbc.ConnectionImpl@f00e4ef: (connection evicted)
11:16:34.296 [HikariPool-1 connection closer] DEBUG com.zaxxer.hikari.pool.PoolBase - HikariPool-1 - Closing connection com.mysql.cj.jdbc.ConnectionImpl@5db97192: (connection evicted)
11:16:34.296 [HikariPool-1 connection closer] DEBUG com.zaxxer.hikari.pool.PoolBase - HikariPool-1 - Closing connection com.mysql.cj.jdbc.ConnectionImpl@17141ca8: (connection evicted)
11:16:34.296 [RMI TCP Connection(10)-127.0.0.1] DEBUG com.zaxxer.hikari.pool.HikariPool - HikariPool-1 - After shutdown stats (total=0, active=0, idle=0, waiting=0)
11:16:34.296 [RMI TCP Connection(10)-127.0.0.1] INFO  com.zaxxer.hikari.HikariDataSource - HikariPool-1 - Shutdown completed.
