10:46:05.893 [main] INFO  c.p.b.BiddingSoftwareApplication - Starting BiddingSoftwareApplication using Java 15.0.2 on DESKTOP-AEM1CBO with PID 11108 (C:\Users\nuche\Documents\StuProj\java\biddingSoft\target\classes started by nuche in C:\Users\nuche\Documents\StuProj\java\biddingSoft)
10:46:05.897 [main] DEBUG c.p.b.BiddingSoftwareApplication - Running with Spring Boot v2.4.3, Spring v5.3.4
10:46:05.897 [main] INFO  c.p.b.BiddingSoftwareApplication - No active profile set, falling back to default profiles: default
10:46:06.473 [main] INFO  o.s.d.r.c.RepositoryConfigurationDelegate - Bootstrapping Spring Data JPA repositories in DEFAULT mode.
10:46:06.516 [main] INFO  o.s.d.r.c.RepositoryConfigurationDelegate - Finished Spring Data repository scanning in 34 ms. Found 1 JPA repository interfaces.
10:46:06.894 [main] INFO  o.s.b.w.e.tomcat.TomcatWebServer - Tomcat initialized with port(s): 8080 (http)
10:46:06.904 [main] INFO  o.a.coyote.http11.Http11NioProtocol - Initializing ProtocolHandler ["http-nio-8080"]
10:46:06.905 [main] INFO  o.a.catalina.core.StandardService - Starting service [Tomcat]
10:46:06.905 [main] INFO  o.a.catalina.core.StandardEngine - Starting Servlet engine: [Apache Tomcat/9.0.43]
10:46:06.987 [main] INFO  o.a.c.c.C.[Tomcat].[localhost].[/] - Initializing Spring embedded WebApplicationContext
10:46:06.987 [main] INFO  o.s.b.w.s.c.ServletWebServerApplicationContext - Root WebApplicationContext: initialization completed in 1059 ms
10:46:07.045 [main] DEBUG com.zaxxer.hikari.HikariConfig - Driver class com.mysql.cj.jdbc.Driver found in Thread context class loader jdk.internal.loader.ClassLoaders$AppClassLoader@3764951d
10:46:07.101 [main] DEBUG org.jboss.logging - Logging Provider: org.jboss.logging.Log4j2LoggerProvider
10:46:07.133 [main] DEBUG o.h.jpa.internal.util.LogHelper - PersistenceUnitInfo [
	name: default
	persistence provider classname: null
	classloader: jdk.internal.loader.ClassLoaders$AppClassLoader@3764951d
	excludeUnlistedClasses: true
	JTA datasource: null
	Non JTA datasource: HikariDataSource (null)
	Transaction type: RESOURCE_LOCAL
	PU root URL: file:/C:/Users/nuche/Documents/StuProj/java/biddingSoft/target/classes/
	Shared Cache Mode: UNSPECIFIED
	Validation Mode: AUTO
	Jar files URLs []
	Managed classes names [
		com.project.biddingSoft.model.Lot]
	Mapping files names []
	Properties []
10:46:07.144 [main] DEBUG o.h.i.i.IntegratorServiceImpl - Adding Integrator [org.hibernate.cfg.beanvalidation.BeanValidationIntegrator].
10:46:07.145 [main] DEBUG o.h.i.i.IntegratorServiceImpl - Adding Integrator [org.hibernate.secure.spi.JaccIntegrator].
10:46:07.146 [main] DEBUG o.h.i.i.IntegratorServiceImpl - Adding Integrator [org.hibernate.cache.internal.CollectionCacheInvalidator].
10:46:07.179 [main] INFO  org.hibernate.Version - HHH000412: Hibernate ORM core version 5.4.28.Final
10:46:07.180 [main] DEBUG org.hibernate.cfg.Environment - HHH000206: hibernate.properties not found
10:46:07.299 [main] DEBUG o.h.service.spi.ServiceBinding - Overriding existing service binding [org.hibernate.secure.spi.JaccService]
10:46:07.311 [main] DEBUG o.h.c.i.RegionFactoryInitiator - Cannot default RegionFactory based on registered strategies as `[]` RegionFactory strategies were registered
10:46:07.312 [main] DEBUG o.h.c.i.RegionFactoryInitiator - Cache region factory : org.hibernate.cache.internal.NoCachingRegionFactory
10:46:07.326 [main] INFO  o.h.annotations.common.Version - HCANN000001: Hibernate Commons Annotations {5.1.2.Final}
10:46:07.348 [main] DEBUG o.hibernate.type.BasicTypeRegistry - Adding type registration boolean -> org.hibernate.type.BooleanType@6df4af5
10:46:07.348 [main] DEBUG o.hibernate.type.BasicTypeRegistry - Adding type registration boolean -> org.hibernate.type.BooleanType@6df4af5
10:46:07.348 [main] DEBUG o.hibernate.type.BasicTypeRegistry - Adding type registration java.lang.Boolean -> org.hibernate.type.BooleanType@6df4af5
10:46:07.349 [main] DEBUG o.hibernate.type.BasicTypeRegistry - Adding type registration numeric_boolean -> org.hibernate.type.NumericBooleanType@25791d40
10:46:07.349 [main] DEBUG o.hibernate.type.BasicTypeRegistry - Adding type registration true_false -> org.hibernate.type.TrueFalseType@7abeabe9
10:46:07.349 [main] DEBUG o.hibernate.type.BasicTypeRegistry - Adding type registration yes_no -> org.hibernate.type.YesNoType@250d440
10:46:07.350 [main] DEBUG o.hibernate.type.BasicTypeRegistry - Adding type registration byte -> org.hibernate.type.ByteType@8c43966
10:46:07.350 [main] DEBUG o.hibernate.type.BasicTypeRegistry - Adding type registration byte -> org.hibernate.type.ByteType@8c43966
10:46:07.350 [main] DEBUG o.hibernate.type.BasicTypeRegistry - Adding type registration java.lang.Byte -> org.hibernate.type.ByteType@8c43966
10:46:07.351 [main] DEBUG o.hibernate.type.BasicTypeRegistry - Adding type registration character -> org.hibernate.type.CharacterType@26c8b296
10:46:07.351 [main] DEBUG o.hibernate.type.BasicTypeRegistry - Adding type registration char -> org.hibernate.type.CharacterType@26c8b296
10:46:07.351 [main] DEBUG o.hibernate.type.BasicTypeRegistry - Adding type registration java.lang.Character -> org.hibernate.type.CharacterType@26c8b296
10:46:07.352 [main] DEBUG o.hibernate.type.BasicTypeRegistry - Adding type registration short -> org.hibernate.type.ShortType@3520958b
10:46:07.352 [main] DEBUG o.hibernate.type.BasicTypeRegistry - Adding type registration short -> org.hibernate.type.ShortType@3520958b
10:46:07.352 [main] DEBUG o.hibernate.type.BasicTypeRegistry - Adding type registration java.lang.Short -> org.hibernate.type.ShortType@3520958b
10:46:07.353 [main] DEBUG o.hibernate.type.BasicTypeRegistry - Adding type registration integer -> org.hibernate.type.IntegerType@1b37fbec
10:46:07.353 [main] DEBUG o.hibernate.type.BasicTypeRegistry - Adding type registration int -> org.hibernate.type.IntegerType@1b37fbec
10:46:07.353 [main] DEBUG o.hibernate.type.BasicTypeRegistry - Adding type registration java.lang.Integer -> org.hibernate.type.IntegerType@1b37fbec
10:46:07.354 [main] DEBUG o.hibernate.type.BasicTypeRegistry - Adding type registration long -> org.hibernate.type.LongType@357f6391
10:46:07.354 [main] DEBUG o.hibernate.type.BasicTypeRegistry - Adding type registration long -> org.hibernate.type.LongType@357f6391
10:46:07.354 [main] DEBUG o.hibernate.type.BasicTypeRegistry - Adding type registration java.lang.Long -> org.hibernate.type.LongType@357f6391
10:46:07.354 [main] DEBUG o.hibernate.type.BasicTypeRegistry - Adding type registration float -> org.hibernate.type.FloatType@7971c2a9
10:46:07.354 [main] DEBUG o.hibernate.type.BasicTypeRegistry - Adding type registration float -> org.hibernate.type.FloatType@7971c2a9
10:46:07.355 [main] DEBUG o.hibernate.type.BasicTypeRegistry - Adding type registration java.lang.Float -> org.hibernate.type.FloatType@7971c2a9
10:46:07.355 [main] DEBUG o.hibernate.type.BasicTypeRegistry - Adding type registration double -> org.hibernate.type.DoubleType@411fa0ce
10:46:07.355 [main] DEBUG o.hibernate.type.BasicTypeRegistry - Adding type registration double -> org.hibernate.type.DoubleType@411fa0ce
10:46:07.355 [main] DEBUG o.hibernate.type.BasicTypeRegistry - Adding type registration java.lang.Double -> org.hibernate.type.DoubleType@411fa0ce
10:46:07.356 [main] DEBUG o.hibernate.type.BasicTypeRegistry - Adding type registration big_decimal -> org.hibernate.type.BigDecimalType@16bd7ae1
10:46:07.356 [main] DEBUG o.hibernate.type.BasicTypeRegistry - Adding type registration java.math.BigDecimal -> org.hibernate.type.BigDecimalType@16bd7ae1
10:46:07.356 [main] DEBUG o.hibernate.type.BasicTypeRegistry - Adding type registration big_integer -> org.hibernate.type.BigIntegerType@118041c7
10:46:07.356 [main] DEBUG o.hibernate.type.BasicTypeRegistry - Adding type registration java.math.BigInteger -> org.hibernate.type.BigIntegerType@118041c7
10:46:07.357 [main] DEBUG o.hibernate.type.BasicTypeRegistry - Adding type registration string -> org.hibernate.type.StringType@46b2dcc5
10:46:07.357 [main] DEBUG o.hibernate.type.BasicTypeRegistry - Adding type registration java.lang.String -> org.hibernate.type.StringType@46b2dcc5
10:46:07.357 [main] DEBUG o.hibernate.type.BasicTypeRegistry - Adding type registration nstring -> org.hibernate.type.StringNVarcharType@6af65f29
10:46:07.358 [main] DEBUG o.hibernate.type.BasicTypeRegistry - Adding type registration ncharacter -> org.hibernate.type.CharacterNCharType@49cb3881
10:46:07.358 [main] DEBUG o.hibernate.type.BasicTypeRegistry - Adding type registration url -> org.hibernate.type.UrlType@435e416c
10:46:07.358 [main] DEBUG o.hibernate.type.BasicTypeRegistry - Adding type registration java.net.URL -> org.hibernate.type.UrlType@435e416c
10:46:07.359 [main] DEBUG o.hibernate.type.BasicTypeRegistry - Adding type registration Duration -> org.hibernate.type.DurationType@26c77f54
10:46:07.359 [main] DEBUG o.hibernate.type.BasicTypeRegistry - Adding type registration java.time.Duration -> org.hibernate.type.DurationType@26c77f54
10:46:07.360 [main] DEBUG o.hibernate.type.BasicTypeRegistry - Adding type registration Instant -> org.hibernate.type.InstantType@560271a1
10:46:07.360 [main] DEBUG o.hibernate.type.BasicTypeRegistry - Adding type registration java.time.Instant -> org.hibernate.type.InstantType@560271a1
10:46:07.361 [main] DEBUG o.hibernate.type.BasicTypeRegistry - Adding type registration LocalDateTime -> org.hibernate.type.LocalDateTimeType@5287ba5f
10:46:07.361 [main] DEBUG o.hibernate.type.BasicTypeRegistry - Adding type registration java.time.LocalDateTime -> org.hibernate.type.LocalDateTimeType@5287ba5f
10:46:07.361 [main] DEBUG o.hibernate.type.BasicTypeRegistry - Adding type registration LocalDate -> org.hibernate.type.LocalDateType@2aa14ae6
10:46:07.361 [main] DEBUG o.hibernate.type.BasicTypeRegistry - Adding type registration java.time.LocalDate -> org.hibernate.type.LocalDateType@2aa14ae6
10:46:07.362 [main] DEBUG o.hibernate.type.BasicTypeRegistry - Adding type registration LocalTime -> org.hibernate.type.LocalTimeType@3af10d0b
10:46:07.362 [main] DEBUG o.hibernate.type.BasicTypeRegistry - Adding type registration java.time.LocalTime -> org.hibernate.type.LocalTimeType@3af10d0b
10:46:07.363 [main] DEBUG o.hibernate.type.BasicTypeRegistry - Adding type registration OffsetDateTime -> org.hibernate.type.OffsetDateTimeType@14efa279
10:46:07.363 [main] DEBUG o.hibernate.type.BasicTypeRegistry - Adding type registration java.time.OffsetDateTime -> org.hibernate.type.OffsetDateTimeType@14efa279
10:46:07.363 [main] DEBUG o.hibernate.type.BasicTypeRegistry - Adding type registration OffsetTime -> org.hibernate.type.OffsetTimeType@183fc2fa
10:46:07.363 [main] DEBUG o.hibernate.type.BasicTypeRegistry - Adding type registration java.time.OffsetTime -> org.hibernate.type.OffsetTimeType@183fc2fa
10:46:07.364 [main] DEBUG o.hibernate.type.BasicTypeRegistry - Adding type registration ZonedDateTime -> org.hibernate.type.ZonedDateTimeType@1e76afeb
10:46:07.364 [main] DEBUG o.hibernate.type.BasicTypeRegistry - Adding type registration java.time.ZonedDateTime -> org.hibernate.type.ZonedDateTimeType@1e76afeb
10:46:07.385 [main] DEBUG o.hibernate.type.BasicTypeRegistry - Adding type registration date -> org.hibernate.type.DateType@2bab618
10:46:07.386 [main] DEBUG o.hibernate.type.BasicTypeRegistry - Adding type registration java.sql.Date -> org.hibernate.type.DateType@2bab618
10:46:07.387 [main] DEBUG o.hibernate.type.BasicTypeRegistry - Adding type registration time -> org.hibernate.type.TimeType@299b9851
10:46:07.388 [main] DEBUG o.hibernate.type.BasicTypeRegistry - Adding type registration java.sql.Time -> org.hibernate.type.TimeType@299b9851
10:46:07.389 [main] DEBUG o.hibernate.type.BasicTypeRegistry - Adding type registration timestamp -> org.hibernate.type.TimestampType@9e02f84
10:46:07.390 [main] DEBUG o.hibernate.type.BasicTypeRegistry - Adding type registration java.sql.Timestamp -> org.hibernate.type.TimestampType@9e02f84
10:46:07.390 [main] DEBUG o.hibernate.type.BasicTypeRegistry - Adding type registration java.util.Date -> org.hibernate.type.TimestampType@9e02f84
10:46:07.392 [main] DEBUG o.hibernate.type.BasicTypeRegistry - Adding type registration dbtimestamp -> org.hibernate.type.DbTimestampType@2478b629
10:46:07.394 [main] DEBUG o.hibernate.type.BasicTypeRegistry - Adding type registration calendar -> org.hibernate.type.CalendarType@72465eb2
10:46:07.394 [main] DEBUG o.hibernate.type.BasicTypeRegistry - Adding type registration java.util.Calendar -> org.hibernate.type.CalendarType@72465eb2
10:46:07.394 [main] DEBUG o.hibernate.type.BasicTypeRegistry - Adding type registration java.util.GregorianCalendar -> org.hibernate.type.CalendarType@72465eb2
10:46:07.408 [main] DEBUG o.hibernate.type.BasicTypeRegistry - Adding type registration calendar_date -> org.hibernate.type.CalendarDateType@634f58d2
10:46:07.409 [main] DEBUG o.hibernate.type.BasicTypeRegistry - Adding type registration calendar_time -> org.hibernate.type.CalendarTimeType@281b2dfd
10:46:07.410 [main] DEBUG o.hibernate.type.BasicTypeRegistry - Adding type registration locale -> org.hibernate.type.LocaleType@2db86a7c
10:46:07.410 [main] DEBUG o.hibernate.type.BasicTypeRegistry - Adding type registration java.util.Locale -> org.hibernate.type.LocaleType@2db86a7c
10:46:07.411 [main] DEBUG o.hibernate.type.BasicTypeRegistry - Adding type registration currency -> org.hibernate.type.CurrencyType@3c54ddec
10:46:07.411 [main] DEBUG o.hibernate.type.BasicTypeRegistry - Adding type registration java.util.Currency -> org.hibernate.type.CurrencyType@3c54ddec
10:46:07.412 [main] DEBUG o.hibernate.type.BasicTypeRegistry - Adding type registration timezone -> org.hibernate.type.TimeZoneType@3b088163
10:46:07.412 [main] DEBUG o.hibernate.type.BasicTypeRegistry - Adding type registration java.util.TimeZone -> org.hibernate.type.TimeZoneType@3b088163
10:46:07.412 [main] DEBUG o.hibernate.type.BasicTypeRegistry - Adding type registration class -> org.hibernate.type.ClassType@35025a0a
10:46:07.412 [main] DEBUG o.hibernate.type.BasicTypeRegistry - Adding type registration java.lang.Class -> org.hibernate.type.ClassType@35025a0a
10:46:07.413 [main] DEBUG o.hibernate.type.BasicTypeRegistry - Adding type registration uuid-binary -> org.hibernate.type.UUIDBinaryType@16cf8438
10:46:07.413 [main] DEBUG o.hibernate.type.BasicTypeRegistry - Adding type registration java.util.UUID -> org.hibernate.type.UUIDBinaryType@16cf8438
10:46:07.414 [main] DEBUG o.hibernate.type.BasicTypeRegistry - Adding type registration uuid-char -> org.hibernate.type.UUIDCharType@5968800d
10:46:07.414 [main] DEBUG o.hibernate.type.BasicTypeRegistry - Adding type registration binary -> org.hibernate.type.BinaryType@752b69e3
10:46:07.414 [main] DEBUG o.hibernate.type.BasicTypeRegistry - Adding type registration byte[] -> org.hibernate.type.BinaryType@752b69e3
10:46:07.414 [main] DEBUG o.hibernate.type.BasicTypeRegistry - Adding type registration [B -> org.hibernate.type.BinaryType@752b69e3
10:46:07.415 [main] DEBUG o.hibernate.type.BasicTypeRegistry - Adding type registration wrapper-binary -> org.hibernate.type.WrapperBinaryType@6da54910
10:46:07.415 [main] DEBUG o.hibernate.type.BasicTypeRegistry - Adding type registration Byte[] -> org.hibernate.type.WrapperBinaryType@6da54910
10:46:07.415 [main] DEBUG o.hibernate.type.BasicTypeRegistry - Adding type registration [Ljava.lang.Byte; -> org.hibernate.type.WrapperBinaryType@6da54910
10:46:07.416 [main] DEBUG o.hibernate.type.BasicTypeRegistry - Adding type registration row_version -> org.hibernate.type.RowVersionType@77a0dd63
10:46:07.416 [main] DEBUG o.hibernate.type.BasicTypeRegistry - Adding type registration image -> org.hibernate.type.ImageType@5d194314
10:46:07.416 [main] DEBUG o.hibernate.type.BasicTypeRegistry - Adding type registration characters -> org.hibernate.type.CharArrayType@4dc52559
10:46:07.416 [main] DEBUG o.hibernate.type.BasicTypeRegistry - Adding type registration char[] -> org.hibernate.type.CharArrayType@4dc52559
10:46:07.416 [main] DEBUG o.hibernate.type.BasicTypeRegistry - Adding type registration [C -> org.hibernate.type.CharArrayType@4dc52559
10:46:07.417 [main] DEBUG o.hibernate.type.BasicTypeRegistry - Adding type registration wrapper-characters -> org.hibernate.type.CharacterArrayType@515ab3f2
10:46:07.417 [main] DEBUG o.hibernate.type.BasicTypeRegistry - Adding type registration [Ljava.lang.Character; -> org.hibernate.type.CharacterArrayType@515ab3f2
10:46:07.417 [main] DEBUG o.hibernate.type.BasicTypeRegistry - Adding type registration Character[] -> org.hibernate.type.CharacterArrayType@515ab3f2
10:46:07.417 [main] DEBUG o.hibernate.type.BasicTypeRegistry - Adding type registration text -> org.hibernate.type.TextType@7e61e25c
10:46:07.418 [main] DEBUG o.hibernate.type.BasicTypeRegistry - Adding type registration ntext -> org.hibernate.type.NTextType@2e6d76ba
10:46:07.419 [main] DEBUG o.hibernate.type.BasicTypeRegistry - Adding type registration blob -> org.hibernate.type.BlobType@38ac8968
10:46:07.419 [main] DEBUG o.hibernate.type.BasicTypeRegistry - Adding type registration java.sql.Blob -> org.hibernate.type.BlobType@38ac8968
10:46:07.419 [main] DEBUG o.hibernate.type.BasicTypeRegistry - Adding type registration materialized_blob -> org.hibernate.type.MaterializedBlobType@3b0d3a63
10:46:07.420 [main] DEBUG o.hibernate.type.BasicTypeRegistry - Adding type registration clob -> org.hibernate.type.ClobType@28be7fec
10:46:07.420 [main] DEBUG o.hibernate.type.BasicTypeRegistry - Adding type registration java.sql.Clob -> org.hibernate.type.ClobType@28be7fec
10:46:07.421 [main] DEBUG o.hibernate.type.BasicTypeRegistry - Adding type registration nclob -> org.hibernate.type.NClobType@50ec4bfc
10:46:07.421 [main] DEBUG o.hibernate.type.BasicTypeRegistry - Adding type registration java.sql.NClob -> org.hibernate.type.NClobType@50ec4bfc
10:46:07.422 [main] DEBUG o.hibernate.type.BasicTypeRegistry - Adding type registration materialized_clob -> org.hibernate.type.MaterializedClobType@1788cb61
10:46:07.422 [main] DEBUG o.hibernate.type.BasicTypeRegistry - Adding type registration materialized_nclob -> org.hibernate.type.MaterializedNClobType@5657967b
10:46:07.423 [main] DEBUG o.hibernate.type.BasicTypeRegistry - Adding type registration serializable -> org.hibernate.type.SerializableType@61359e87
10:46:07.424 [main] DEBUG o.hibernate.type.BasicTypeRegistry - Adding type registration object -> org.hibernate.type.ObjectType@51e7589f
10:46:07.425 [main] DEBUG o.hibernate.type.BasicTypeRegistry - Adding type registration java.lang.Object -> org.hibernate.type.ObjectType@51e7589f
10:46:07.425 [main] DEBUG o.hibernate.type.BasicTypeRegistry - Adding type registration imm_date -> org.hibernate.type.AdaptedImmutableType@46f73ffa
10:46:07.425 [main] DEBUG o.hibernate.type.BasicTypeRegistry - Adding type registration imm_time -> org.hibernate.type.AdaptedImmutableType@41aebbb4
10:46:07.425 [main] DEBUG o.hibernate.type.BasicTypeRegistry - Adding type registration imm_timestamp -> org.hibernate.type.AdaptedImmutableType@afde064
10:46:07.425 [main] DEBUG o.hibernate.type.BasicTypeRegistry - Adding type registration imm_dbtimestamp -> org.hibernate.type.AdaptedImmutableType@5a592c70
10:46:07.425 [main] DEBUG o.hibernate.type.BasicTypeRegistry - Adding type registration imm_calendar -> org.hibernate.type.AdaptedImmutableType@252ec02e
10:46:07.425 [main] DEBUG o.hibernate.type.BasicTypeRegistry - Adding type registration imm_calendar_date -> org.hibernate.type.AdaptedImmutableType@11e9ac24
10:46:07.426 [main] DEBUG o.hibernate.type.BasicTypeRegistry - Adding type registration imm_binary -> org.hibernate.type.AdaptedImmutableType@74f280bd
10:46:07.426 [main] DEBUG o.hibernate.type.BasicTypeRegistry - Adding type registration imm_serializable -> org.hibernate.type.AdaptedImmutableType@675b18ff
10:46:07.434 [main] DEBUG o.h.b.internal.BootstrapContextImpl - Injecting JPA temp ClassLoader [org.springframework.instrument.classloading.SimpleThrowawayClassLoader@6b1321b7] into BootstrapContext; was [null]
10:46:07.434 [main] DEBUG o.h.b.i.ClassLoaderAccessImpl - ClassLoaderAccessImpl#injectTempClassLoader(org.springframework.instrument.classloading.SimpleThrowawayClassLoader@6b1321b7) [was null]
10:46:07.434 [main] DEBUG o.h.b.internal.BootstrapContextImpl - Injecting ScanEnvironment [org.hibernate.jpa.boot.internal.StandardJpaScanEnvironmentImpl@231cdda8] into BootstrapContext; was [null]
10:46:07.434 [main] DEBUG o.h.b.internal.BootstrapContextImpl - Injecting ScanOptions [org.hibernate.boot.archive.scan.internal.StandardScanOptions@6b70d1fb] into BootstrapContext; was [org.hibernate.boot.archive.scan.internal.StandardScanOptions@3002e397]
10:46:07.443 [main] DEBUG o.h.b.internal.BootstrapContextImpl - Injecting JPA temp ClassLoader [null] into BootstrapContext; was [org.springframework.instrument.classloading.SimpleThrowawayClassLoader@6b1321b7]
10:46:07.443 [main] DEBUG o.h.b.i.ClassLoaderAccessImpl - ClassLoaderAccessImpl#injectTempClassLoader(null) [was org.springframework.instrument.classloading.SimpleThrowawayClassLoader@6b1321b7]
10:46:07.450 [main] DEBUG o.h.i.f.i.DefaultIdentifierGeneratorFactory - Registering IdentifierGenerator strategy [uuid2] -> [org.hibernate.id.UUIDGenerator]
10:46:07.451 [main] DEBUG o.h.i.f.i.DefaultIdentifierGeneratorFactory - Registering IdentifierGenerator strategy [guid] -> [org.hibernate.id.GUIDGenerator]
10:46:07.451 [main] DEBUG o.h.i.f.i.DefaultIdentifierGeneratorFactory - Registering IdentifierGenerator strategy [uuid] -> [org.hibernate.id.UUIDHexGenerator]
10:46:07.451 [main] DEBUG o.h.i.f.i.DefaultIdentifierGeneratorFactory - Registering IdentifierGenerator strategy [uuid.hex] -> [org.hibernate.id.UUIDHexGenerator]
10:46:07.451 [main] DEBUG o.h.i.f.i.DefaultIdentifierGeneratorFactory - Registering IdentifierGenerator strategy [assigned] -> [org.hibernate.id.Assigned]
10:46:07.452 [main] DEBUG o.h.i.f.i.DefaultIdentifierGeneratorFactory - Registering IdentifierGenerator strategy [identity] -> [org.hibernate.id.IdentityGenerator]
10:46:07.452 [main] DEBUG o.h.i.f.i.DefaultIdentifierGeneratorFactory - Registering IdentifierGenerator strategy [select] -> [org.hibernate.id.SelectGenerator]
10:46:07.453 [main] DEBUG o.h.i.f.i.DefaultIdentifierGeneratorFactory - Registering IdentifierGenerator strategy [sequence] -> [org.hibernate.id.enhanced.SequenceStyleGenerator]
10:46:07.453 [main] DEBUG o.h.i.f.i.DefaultIdentifierGeneratorFactory - Registering IdentifierGenerator strategy [seqhilo] -> [org.hibernate.id.SequenceHiLoGenerator]
10:46:07.454 [main] DEBUG o.h.i.f.i.DefaultIdentifierGeneratorFactory - Registering IdentifierGenerator strategy [increment] -> [org.hibernate.id.IncrementGenerator]
10:46:07.454 [main] DEBUG o.h.i.f.i.DefaultIdentifierGeneratorFactory - Registering IdentifierGenerator strategy [foreign] -> [org.hibernate.id.ForeignGenerator]
10:46:07.454 [main] DEBUG o.h.i.f.i.DefaultIdentifierGeneratorFactory - Registering IdentifierGenerator strategy [sequence-identity] -> [org.hibernate.id.SequenceIdentityGenerator]
10:46:07.454 [main] DEBUG o.h.i.f.i.DefaultIdentifierGeneratorFactory - Registering IdentifierGenerator strategy [enhanced-sequence] -> [org.hibernate.id.enhanced.SequenceStyleGenerator]
10:46:07.455 [main] DEBUG o.h.i.f.i.DefaultIdentifierGeneratorFactory - Registering IdentifierGenerator strategy [enhanced-table] -> [org.hibernate.id.enhanced.TableGenerator]
10:46:07.458 [main] DEBUG com.zaxxer.hikari.HikariConfig - HikariPool-1 - configuration:
10:46:07.460 [main] DEBUG com.zaxxer.hikari.HikariConfig - allowPoolSuspension.............false
10:46:07.460 [main] DEBUG com.zaxxer.hikari.HikariConfig - autoCommit......................true
10:46:07.460 [main] DEBUG com.zaxxer.hikari.HikariConfig - catalog.........................none
10:46:07.460 [main] DEBUG com.zaxxer.hikari.HikariConfig - connectionInitSql...............none
10:46:07.460 [main] DEBUG com.zaxxer.hikari.HikariConfig - connectionTestQuery.............none
10:46:07.460 [main] DEBUG com.zaxxer.hikari.HikariConfig - connectionTimeout...............30000
10:46:07.460 [main] DEBUG com.zaxxer.hikari.HikariConfig - dataSource......................none
10:46:07.460 [main] DEBUG com.zaxxer.hikari.HikariConfig - dataSourceClassName.............none
10:46:07.460 [main] DEBUG com.zaxxer.hikari.HikariConfig - dataSourceJNDI..................none
10:46:07.460 [main] DEBUG com.zaxxer.hikari.HikariConfig - dataSourceProperties............{password=<masked>}
10:46:07.460 [main] DEBUG com.zaxxer.hikari.HikariConfig - driverClassName................."com.mysql.cj.jdbc.Driver"
10:46:07.460 [main] DEBUG com.zaxxer.hikari.HikariConfig - exceptionOverrideClassName......none
10:46:07.460 [main] DEBUG com.zaxxer.hikari.HikariConfig - healthCheckProperties...........{}
10:46:07.460 [main] DEBUG com.zaxxer.hikari.HikariConfig - healthCheckRegistry.............none
10:46:07.460 [main] DEBUG com.zaxxer.hikari.HikariConfig - idleTimeout.....................600000
10:46:07.460 [main] DEBUG com.zaxxer.hikari.HikariConfig - initializationFailTimeout.......1
10:46:07.461 [main] DEBUG com.zaxxer.hikari.HikariConfig - isolateInternalQueries..........false
10:46:07.461 [main] DEBUG com.zaxxer.hikari.HikariConfig - jdbcUrl.........................jdbc:mysql://localhost:3306/biddingSoft
10:46:07.461 [main] DEBUG com.zaxxer.hikari.HikariConfig - leakDetectionThreshold..........0
10:46:07.461 [main] DEBUG com.zaxxer.hikari.HikariConfig - maxLifetime.....................1800000
10:46:07.461 [main] DEBUG com.zaxxer.hikari.HikariConfig - maximumPoolSize.................10
10:46:07.461 [main] DEBUG com.zaxxer.hikari.HikariConfig - metricRegistry..................none
10:46:07.461 [main] DEBUG com.zaxxer.hikari.HikariConfig - metricsTrackerFactory...........none
10:46:07.461 [main] DEBUG com.zaxxer.hikari.HikariConfig - minimumIdle.....................10
10:46:07.461 [main] DEBUG com.zaxxer.hikari.HikariConfig - password........................<masked>
10:46:07.461 [main] DEBUG com.zaxxer.hikari.HikariConfig - poolName........................"HikariPool-1"
10:46:07.461 [main] DEBUG com.zaxxer.hikari.HikariConfig - readOnly........................false
10:46:07.461 [main] DEBUG com.zaxxer.hikari.HikariConfig - registerMbeans..................false
10:46:07.461 [main] DEBUG com.zaxxer.hikari.HikariConfig - scheduledExecutor...............none
10:46:07.461 [main] DEBUG com.zaxxer.hikari.HikariConfig - schema..........................none
10:46:07.461 [main] DEBUG com.zaxxer.hikari.HikariConfig - threadFactory...................internal
10:46:07.461 [main] DEBUG com.zaxxer.hikari.HikariConfig - transactionIsolation............default
10:46:07.461 [main] DEBUG com.zaxxer.hikari.HikariConfig - username........................"root"
10:46:07.461 [main] DEBUG com.zaxxer.hikari.HikariConfig - validationTimeout...............5000
10:46:07.461 [main] INFO  com.zaxxer.hikari.HikariDataSource - HikariPool-1 - Starting...
10:46:07.709 [main] DEBUG com.zaxxer.hikari.pool.HikariPool - HikariPool-1 - Added connection com.mysql.cj.jdbc.ConnectionImpl@e2b3026
10:46:07.710 [main] INFO  com.zaxxer.hikari.HikariDataSource - HikariPool-1 - Start completed.
10:46:07.715 [main] DEBUG o.h.e.j.e.i.JdbcEnvironmentInitiator - Database ->
       name : MySQL
    version : 8.0.23
      major : 8
      minor : 0
10:46:07.715 [main] DEBUG o.h.e.j.e.i.JdbcEnvironmentInitiator - Driver ->
       name : MySQL Connector/J
    version : mysql-connector-java-8.0.23 (Revision: 18bbd5e68195d0da083cbd5bd0d05d76320df7cd)
      major : 8
      minor : 0
10:46:07.715 [main] DEBUG o.h.e.j.e.i.JdbcEnvironmentInitiator - JDBC version : 4.2
10:46:07.738 [main] INFO  org.hibernate.dialect.Dialect - HHH000400: Using dialect: org.hibernate.dialect.MySQL8Dialect
10:46:07.749 [main] DEBUG o.h.e.j.e.s.IdentifierHelperBuilder - JDBC driver metadata reported database stores quoted identifiers in more than one case
10:46:07.766 [main] DEBUG o.h.e.j.e.s.IdentifierHelperBuilder - IdentifierCaseStrategy for both quoted and unquoted identifiers was set to the same strategy [LOWER]; that will likely lead to problems in schema update and validation if using quoted identifiers
10:46:07.787 [main] DEBUG o.h.boot.model.relational.Namespace - Created database namespace [logicalName=Name{catalog=null, schema=null}, physicalName=Name{catalog=null, schema=null}]
10:46:07.789 [main] DEBUG o.h.t.spi.TypeConfiguration$Scope - Scoping TypeConfiguration [org.hibernate.type.spi.TypeConfiguration@3193e21d] to MetadataBuildingContext [org.hibernate.boot.internal.MetadataBuildingContextRootImpl@79604abe]
10:46:07.812 [HikariPool-1 housekeeper] DEBUG com.zaxxer.hikari.pool.HikariPool - HikariPool-1 - Pool stats (total=1, active=0, idle=1, waiting=0)
10:46:07.838 [main] DEBUG org.hibernate.cfg.AnnotationBinder - Binding entity from annotated class: com.project.biddingSoft.model.Lot
10:46:07.862 [HikariPool-1 connection adder] DEBUG com.zaxxer.hikari.pool.HikariPool - HikariPool-1 - Added connection com.mysql.cj.jdbc.ConnectionImpl@427c6ccc
10:46:07.865 [main] DEBUG org.hibernate.cfg.Ejb3Column - Binding column: Ejb3DiscriminatorColumn{logicalColumnName'DTYPE', discriminatorTypeName='string'}
10:46:07.874 [main] DEBUG o.h.cfg.annotations.EntityBinder - Import with entity name Lot
10:46:07.879 [main] DEBUG o.h.cfg.annotations.EntityBinder - Bind entity com.project.biddingSoft.model.Lot on table lot
10:46:07.888 [HikariPool-1 connection adder] DEBUG com.zaxxer.hikari.pool.HikariPool - HikariPool-1 - Added connection com.mysql.cj.jdbc.ConnectionImpl@73f4addd
10:46:07.893 [main] DEBUG org.hibernate.cfg.Ejb3Column - Binding column: Ejb3Column{table=org.hibernate.mapping.Table(lot), mappingColumn=id, insertable=true, updatable=true, unique=false}
10:46:07.894 [main] DEBUG o.h.b.i.ClassLoaderAccessImpl - Not known whether passed class name [com.project.biddingSoft.model.Lot] is safe
10:46:07.894 [main] DEBUG o.h.b.i.ClassLoaderAccessImpl - No temp ClassLoader provided; using live ClassLoader for loading potentially unsafe class : com.project.biddingSoft.model.Lot
10:46:07.895 [main] DEBUG o.h.cfg.annotations.PropertyBinder - MetadataSourceProcessor property id with lazy=false
10:46:07.896 [main] DEBUG o.h.cfg.AbstractPropertyHolder - Attempting to locate auto-apply AttributeConverter for property [com.project.biddingSoft.model.Lot:id]
10:46:07.897 [main] DEBUG o.h.c.annotations.SimpleValueBinder - building SimpleValue for id
10:46:07.899 [main] DEBUG o.h.cfg.annotations.PropertyBinder - Building property id
10:46:07.900 [main] DEBUG org.hibernate.cfg.BinderHelper - #makeIdGenerator(org.hibernate.mapping.SimpleValue([org.hibernate.mapping.Column(id)]), id, org.hibernate.id.enhanced.SequenceStyleGenerator, , ...)
10:46:07.901 [main] DEBUG org.hibernate.cfg.Ejb3Column - Binding column: Ejb3Column{table=org.hibernate.mapping.Table(lot), mappingColumn=user_name, insertable=true, updatable=true, unique=false}
10:46:07.901 [main] DEBUG o.h.cfg.annotations.PropertyBinder - MetadataSourceProcessor property userName with lazy=false
10:46:07.901 [main] DEBUG o.h.cfg.AbstractPropertyHolder - Attempting to locate auto-apply AttributeConverter for property [com.project.biddingSoft.model.Lot:userName]
10:46:07.901 [main] DEBUG o.h.c.annotations.SimpleValueBinder - building SimpleValue for userName
10:46:07.901 [main] DEBUG o.h.cfg.annotations.PropertyBinder - Building property userName
10:46:07.902 [main] DEBUG o.h.c.annotations.SimpleValueBinder - Starting fillSimpleValue for id
10:46:07.902 [main] DEBUG o.h.c.annotations.SimpleValueBinder - Starting fillSimpleValue for userName
10:46:07.903 [main] DEBUG org.hibernate.mapping.PrimaryKey - Forcing column [id] to be non-null as it is part of the primary key for table [lot]
10:46:07.906 [HikariPool-1 connection adder] DEBUG com.zaxxer.hikari.pool.HikariPool - HikariPool-1 - Added connection com.mysql.cj.jdbc.ConnectionImpl@22539383
10:46:07.923 [HikariPool-1 connection adder] DEBUG com.zaxxer.hikari.pool.HikariPool - HikariPool-1 - Added connection com.mysql.cj.jdbc.ConnectionImpl@5f6a3552
10:46:07.945 [main] DEBUG o.h.internal.SessionFactoryImpl - Building session factory
10:46:07.947 [main] DEBUG org.hibernate.cfg.Settings - SessionFactory name : null
10:46:07.947 [main] DEBUG org.hibernate.cfg.Settings - Automatic flush during beforeCompletion(): enabled
10:46:07.947 [main] DEBUG org.hibernate.cfg.Settings - Automatic session close at end of transaction: disabled
10:46:07.947 [main] DEBUG org.hibernate.cfg.Settings - Statistics: disabled
10:46:07.947 [main] DEBUG org.hibernate.cfg.Settings - Deleted entity synthetic identifier rollback: disabled
10:46:07.948 [main] DEBUG org.hibernate.cfg.Settings - Default entity-mode: pojo
10:46:07.948 [main] DEBUG org.hibernate.cfg.Settings - Check Nullability in Core (should be disabled when Bean Validation is on): enabled
10:46:07.948 [main] DEBUG org.hibernate.cfg.Settings - Allow initialization of lazy state outside session : disabled
10:46:07.948 [main] DEBUG org.hibernate.cfg.Settings - Using BatchFetchStyle : LEGACY
10:46:07.948 [main] DEBUG org.hibernate.cfg.Settings - Default batch fetch size: -1
10:46:07.948 [main] DEBUG org.hibernate.cfg.Settings - Maximum outer join fetch depth: 2
10:46:07.948 [main] DEBUG org.hibernate.cfg.Settings - Default null ordering: NONE
10:46:07.949 [main] DEBUG org.hibernate.cfg.Settings - Order SQL updates by primary key: disabled
10:46:07.949 [main] DEBUG org.hibernate.cfg.Settings - Order SQL inserts for batching: disabled
10:46:07.949 [main] DEBUG org.hibernate.cfg.Settings - multi-tenancy strategy : NONE
10:46:07.949 [main] DEBUG org.hibernate.cfg.Settings - JTA Track by Thread: enabled
10:46:07.949 [main] DEBUG org.hibernate.cfg.Settings - Query language substitutions: {}
10:46:07.949 [main] DEBUG org.hibernate.cfg.Settings - Named query checking : enabled
10:46:07.950 [main] DEBUG org.hibernate.cfg.Settings - Second-level cache: disabled
10:46:07.950 [main] DEBUG org.hibernate.cfg.Settings - Second-level query cache: disabled
10:46:07.950 [main] DEBUG org.hibernate.cfg.Settings - Second-level query cache factory: null
10:46:07.950 [main] DEBUG org.hibernate.cfg.Settings - Second-level cache region prefix: null
10:46:07.950 [main] DEBUG org.hibernate.cfg.Settings - Optimize second-level cache for minimal puts: disabled
10:46:07.950 [main] DEBUG org.hibernate.cfg.Settings - Structured second-level cache entries: disabled
10:46:07.951 [main] DEBUG org.hibernate.cfg.Settings - Second-level cache direct-reference entries: disabled
10:46:07.951 [main] DEBUG org.hibernate.cfg.Settings - Automatic eviction of collection cache: disabled
10:46:07.951 [main] DEBUG org.hibernate.cfg.Settings - JDBC batch size: 15
10:46:07.951 [main] DEBUG org.hibernate.cfg.Settings - JDBC batch updates for versioned data: enabled
10:46:07.951 [main] DEBUG org.hibernate.cfg.Settings - Scrollable result sets: enabled
10:46:07.951 [main] DEBUG org.hibernate.cfg.Settings - Wrap result sets: disabled
10:46:07.951 [main] DEBUG org.hibernate.cfg.Settings - JDBC3 getGeneratedKeys(): enabled
10:46:07.951 [main] DEBUG org.hibernate.cfg.Settings - JDBC result set fetch size: null
10:46:07.951 [main] DEBUG org.hibernate.cfg.Settings - Connection release mode: ON_CLOSE
10:46:07.952 [main] DEBUG org.hibernate.cfg.Settings - Generate SQL with comments: disabled
10:46:07.952 [main] DEBUG org.hibernate.cfg.Settings - JPA compliance - query : disabled
10:46:07.952 [main] DEBUG org.hibernate.cfg.Settings - JPA compliance - closed-handling : disabled
10:46:07.952 [main] DEBUG org.hibernate.cfg.Settings - JPA compliance - lists : disabled
10:46:07.952 [main] DEBUG org.hibernate.cfg.Settings - JPA compliance - transactions : disabled
10:46:07.959 [HikariPool-1 connection adder] DEBUG com.zaxxer.hikari.pool.HikariPool - HikariPool-1 - Added connection com.mysql.cj.jdbc.ConnectionImpl@261dcd61
10:46:07.985 [HikariPool-1 connection adder] DEBUG com.zaxxer.hikari.pool.HikariPool - HikariPool-1 - Added connection com.mysql.cj.jdbc.ConnectionImpl@1694cd3b
10:46:08.001 [HikariPool-1 connection adder] DEBUG com.zaxxer.hikari.pool.HikariPool - HikariPool-1 - Added connection com.mysql.cj.jdbc.ConnectionImpl@62191fb0
10:46:08.013 [main] DEBUG o.h.internal.SessionFactoryImpl - Session factory constructed with filter configurations : {}
10:46:08.013 [main] DEBUG o.h.internal.SessionFactoryImpl - Instantiating session factory with properties: {hibernate.id.new_generator_mappings=true, java.specification.version=15, sun.cpu.isalist=amd64, hibernate.resource.beans.container=org.springframework.orm.hibernate5.SpringBeanContainer@1a3b1f7e, hibernate.connection.handling_mode=DELAYED_ACQUISITION_AND_HOLD, sun.jnu.encoding=Cp1252, hibernate.implicit_naming_strategy=org.springframework.boot.orm.jpa.hibernate.SpringImplicitNamingStrategy, java.class.path=C:\Users\nuche\Documents\StuProj\java\biddingSoft\target\classes;C:\Users\nuche\.m2\repository\org\springframework\boot\spring-boot-starter-data-jpa\2.4.3\spring-boot-starter-data-jpa-2.4.3.jar;C:\Users\nuche\.m2\repository\org\springframework\boot\spring-boot-starter-aop\2.4.3\spring-boot-starter-aop-2.4.3.jar;C:\Users\nuche\.m2\repository\org\aspectj\aspectjweaver\1.9.6\aspectjweaver-1.9.6.jar;C:\Users\nuche\.m2\repository\org\springframework\boot\spring-boot-starter-jdbc\2.4.3\spring-boot-starter-jdbc-2.4.3.jar;C:\Users\nuche\.m2\repository\com\zaxxer\HikariCP\3.4.5\HikariCP-3.4.5.jar;C:\Users\nuche\.m2\repository\org\springframework\spring-jdbc\5.3.4\spring-jdbc-5.3.4.jar;C:\Users\nuche\.m2\repository\jakarta\transaction\jakarta.transaction-api\1.3.3\jakarta.transaction-api-1.3.3.jar;C:\Users\nuche\.m2\repository\jakarta\persistence\jakarta.persistence-api\2.2.3\jakarta.persistence-api-2.2.3.jar;C:\Users\nuche\.m2\repository\org\hibernate\hibernate-core\5.4.28.Final\hibernate-core-5.4.28.Final.jar;C:\Users\nuche\.m2\repository\org\jboss\logging\jboss-logging\3.4.1.Final\jboss-logging-3.4.1.Final.jar;C:\Users\nuche\.m2\repository\org\javassist\javassist\3.27.0-GA\javassist-3.27.0-GA.jar;C:\Users\nuche\.m2\repository\net\bytebuddy\byte-buddy\1.10.20\byte-buddy-1.10.20.jar;C:\Users\nuche\.m2\repository\antlr\antlr\2.7.7\antlr-2.7.7.jar;C:\Users\nuche\.m2\repository\org\jboss\jandex\2.2.3.Final\jandex-2.2.3.Final.jar;C:\Users\nuche\.m2\repository\com\fasterxml\classmate\1.5.1\classmate-1.5.1.jar;C:\Users\nuche\.m2\repository\org\dom4j\dom4j\2.1.3\dom4j-2.1.3.jar;C:\Users\nuche\.m2\repository\org\hibernate\common\hibernate-commons-annotations\5.1.2.Final\hibernate-commons-annotations-5.1.2.Final.jar;C:\Users\nuche\.m2\repository\org\glassfish\jaxb\jaxb-runtime\2.3.3\jaxb-runtime-2.3.3.jar;C:\Users\nuche\.m2\repository\org\glassfish\jaxb\txw2\2.3.3\txw2-2.3.3.jar;C:\Users\nuche\.m2\repository\com\sun\istack\istack-commons-runtime\3.0.11\istack-commons-runtime-3.0.11.jar;C:\Users\nuche\.m2\repository\org\springframework\data\spring-data-jpa\2.4.5\spring-data-jpa-2.4.5.jar;C:\Users\nuche\.m2\repository\org\springframework\spring-orm\5.3.4\spring-orm-5.3.4.jar;C:\Users\nuche\.m2\repository\org\springframework\spring-context\5.3.4\spring-context-5.3.4.jar;C:\Users\nuche\.m2\repository\org\springframework\spring-tx\5.3.4\spring-tx-5.3.4.jar;C:\Users\nuche\.m2\repository\org\springframework\spring-aspects\5.3.4\spring-aspects-5.3.4.jar;C:\Users\nuche\.m2\repository\org\springframework\boot\spring-boot-starter-mail\2.4.3\spring-boot-starter-mail-2.4.3.jar;C:\Users\nuche\.m2\repository\org\springframework\boot\spring-boot-starter\2.4.3\spring-boot-starter-2.4.3.jar;C:\Users\nuche\.m2\repository\org\springframework\boot\spring-boot-autoconfigure\2.4.3\spring-boot-autoconfigure-2.4.3.jar;C:\Users\nuche\.m2\repository\org\springframework\boot\spring-boot-starter-logging\2.4.3\spring-boot-starter-logging-2.4.3.jar;C:\Users\nuche\.m2\repository\ch\qos\logback\logback-classic\1.2.3\logback-classic-1.2.3.jar;C:\Users\nuche\.m2\repository\ch\qos\logback\logback-core\1.2.3\logback-core-1.2.3.jar;C:\Users\nuche\.m2\repository\org\apache\logging\log4j\log4j-to-slf4j\2.13.3\log4j-to-slf4j-2.13.3.jar;C:\Users\nuche\.m2\repository\org\apache\logging\log4j\log4j-api\2.13.3\log4j-api-2.13.3.jar;C:\Users\nuche\.m2\repository\org\slf4j\jul-to-slf4j\1.7.30\jul-to-slf4j-1.7.30.jar;C:\Users\nuche\.m2\repository\org\yaml\snakeyaml\1.27\snakeyaml-1.27.jar;C:\Users\nuche\.m2\repository\org\springframework\spring-context-support\5.3.4\spring-context-support-5.3.4.jar;C:\Users\nuche\.m2\repository\com\sun\mail\jakarta.mail\1.6.5\jakarta.mail-1.6.5.jar;C:\Users\nuche\.m2\repository\com\sun\activation\jakarta.activation\1.2.2\jakarta.activation-1.2.2.jar;C:\Users\nuche\.m2\repository\org\springframework\boot\spring-boot-starter-security\2.4.3\spring-boot-starter-security-2.4.3.jar;C:\Users\nuche\.m2\repository\org\springframework\spring-aop\5.3.4\spring-aop-5.3.4.jar;C:\Users\nuche\.m2\repository\org\springframework\security\spring-security-config\5.4.5\spring-security-config-5.4.5.jar;C:\Users\nuche\.m2\repository\org\springframework\security\spring-security-web\5.4.5\spring-security-web-5.4.5.jar;C:\Users\nuche\.m2\repository\org\springframework\spring-expression\5.3.4\spring-expression-5.3.4.jar;C:\Users\nuche\.m2\repository\org\springframework\boot\spring-boot-starter-web\2.4.3\spring-boot-starter-web-2.4.3.jar;C:\Users\nuche\.m2\repository\org\springframework\boot\spring-boot-starter-json\2.4.3\spring-boot-starter-json-2.4.3.jar;C:\Users\nuche\.m2\repository\com\fasterxml\jackson\core\jackson-databind\2.11.4\jackson-databind-2.11.4.jar;C:\Users\nuche\.m2\repository\com\fasterxml\jackson\core\jackson-annotations\2.11.4\jackson-annotations-2.11.4.jar;C:\Users\nuche\.m2\repository\com\fasterxml\jackson\core\jackson-core\2.11.4\jackson-core-2.11.4.jar;C:\Users\nuche\.m2\repository\com\fasterxml\jackson\datatype\jackson-datatype-jdk8\2.11.4\jackson-datatype-jdk8-2.11.4.jar;C:\Users\nuche\.m2\repository\com\fasterxml\jackson\datatype\jackson-datatype-jsr310\2.11.4\jackson-datatype-jsr310-2.11.4.jar;C:\Users\nuche\.m2\repository\com\fasterxml\jackson\module\jackson-module-parameter-names\2.11.4\jackson-module-parameter-names-2.11.4.jar;C:\Users\nuche\.m2\repository\org\springframework\spring-web\5.3.4\spring-web-5.3.4.jar;C:\Users\nuche\.m2\repository\org\springframework\spring-webmvc\5.3.4\spring-webmvc-5.3.4.jar;C:\Users\nuche\.m2\repository\com\h2database\h2\1.4.200\h2-1.4.200.jar;C:\Users\nuche\.m2\repository\org\springframework\boot\spring-boot-starter-tomcat\2.4.3\spring-boot-starter-tomcat-2.4.3.jar;C:\Users\nuche\.m2\repository\jakarta\annotation\jakarta.annotation-api\1.3.5\jakarta.annotation-api-1.3.5.jar;C:\Users\nuche\.m2\repository\org\apache\tomcat\embed\tomcat-embed-core\9.0.43\tomcat-embed-core-9.0.43.jar;C:\Users\nuche\.m2\repository\org\glassfish\jakarta.el\3.0.3\jakarta.el-3.0.3.jar;C:\Users\nuche\.m2\repository\org\apache\tomcat\embed\tomcat-embed-websocket\9.0.43\tomcat-embed-websocket-9.0.43.jar;C:\Users\nuche\.m2\repository\jakarta\xml\bind\jakarta.xml.bind-api\2.3.3\jakarta.xml.bind-api-2.3.3.jar;C:\Users\nuche\.m2\repository\jakarta\activation\jakarta.activation-api\1.2.2\jakarta.activation-api-1.2.2.jar;C:\Users\nuche\.m2\repository\org\springframework\spring-core\5.3.4\spring-core-5.3.4.jar;C:\Users\nuche\.m2\repository\org\springframework\spring-jcl\5.3.4\spring-jcl-5.3.4.jar;C:\Users\nuche\.m2\repository\org\springframework\security\spring-security-core\5.4.5\spring-security-core-5.4.5.jar;C:\Users\nuche\.m2\repository\org\springframework\boot\spring-boot-starter-thymeleaf\2.4.3\spring-boot-starter-thymeleaf-2.4.3.jar;C:\Users\nuche\.m2\repository\org\thymeleaf\thymeleaf-spring5\3.0.12.RELEASE\thymeleaf-spring5-3.0.12.RELEASE.jar;C:\Users\nuche\.m2\repository\org\thymeleaf\thymeleaf\3.0.12.RELEASE\thymeleaf-3.0.12.RELEASE.jar;C:\Users\nuche\.m2\repository\org\attoparser\attoparser\2.0.5.RELEASE\attoparser-2.0.5.RELEASE.jar;C:\Users\nuche\.m2\repository\org\unbescape\unbescape\1.1.6.RELEASE\unbescape-1.1.6.RELEASE.jar;C:\Users\nuche\.m2\repository\org\thymeleaf\extras\thymeleaf-extras-java8time\3.0.4.RELEASE\thymeleaf-extras-java8time-3.0.4.RELEASE.jar;C:\Users\nuche\.m2\repository\mysql\mysql-connector-java\8.0.23\mysql-connector-java-8.0.23.jar;C:\Users\nuche\.m2\repository\javax\persistence\javax.persistence-api\2.2\javax.persistence-api-2.2.jar;C:\Users\nuche\.m2\repository\org\springframework\data\spring-data-commons\2.4.5\spring-data-commons-2.4.5.jar;C:\Users\nuche\.m2\repository\org\springframework\spring-beans\5.3.4\spring-beans-5.3.4.jar;C:\Users\nuche\.m2\repository\org\slf4j\slf4j-api\1.7.30\slf4j-api-1.7.30.jar;C:\Users\nuche\.m2\repository\org\springframework\boot\spring-boot-actuator\2.4.3\spring-boot-actuator-2.4.3.jar;C:\Users\nuche\.m2\repository\org\springframework\boot\spring-boot\2.4.3\spring-boot-2.4.3.jar, com.sun.management.jmxremote.authenticate=false, java.vm.vendor=Oracle Corporation, sun.arch.data.model=64, user.variant=, java.vendor.url=https://java.oracle.com/, catalina.useNaming=false, user.timezone=Europe/London, java.vm.specification.version=15, os.name=Windows 10, javax.persistence.validation.mode=AUTO, sun.java.launcher=SUN_STANDARD, user.country=US, sun.boot.library.path=C:\Program Files\Java\jdk-15.0.2\bin, com.sun.management.jmxremote.ssl=false, sun.java.command=com.project.biddingSoft.BiddingSoftwareApplication --spring.output.ansi.enabled=always, spring.application.admin.enabled=true, javax.persistence.nonJtaDataSource=HikariDataSource (HikariPool-1), hibernate.transaction.jta.platform=org.hibernate.engine.transaction.jta.platform.internal.NoJtaPlatform@22899683, com.sun.management.jmxremote=, javax.persistence.sharedCache.mode=UNSPECIFIED, jdk.debug=release, sun.cpu.endian=little, spring.boot.project.name=biddingSoft, user.home=C:\Users\nuche, user.language=en, java.specification.vendor=Oracle Corporation, java.version.date=2021-01-19, java.home=C:\Program Files\Java\jdk-15.0.2, file.separator=\, java.vm.compressedOopsMode=Zero based, line.separator=
, java.vm.specification.vendor=Oracle Corporation, java.specification.name=Java Platform API Specification, FILE_LOG_CHARSET=UTF-8, hibernate.transaction.coordinator_class=class org.hibernate.resource.transaction.backend.jdbc.internal.JdbcResourceLocalTransactionCoordinatorBuilderImpl, java.awt.headless=true, hibernate.hbm2ddl.auto=update, user.script=, sun.management.compiler=HotSpot 64-Bit Tiered Compilers, java.runtime.version=15.0.2+7-27, user.name=nuche, spring.jmx.enabled=true, path.separator=;, os.version=10.0, java.runtime.name=Java(TM) SE Runtime Environment, file.encoding=UTF-8, hibernate.ejb.persistenceUnitName=default, spring.beaninfo.ignore=true, java.vm.name=Java HotSpot(TM) 64-Bit Server VM, java.vendor.url.bug=https://bugreport.java.com/bugreport/, java.io.tmpdir=C:\Users\nuche\AppData\Local\Temp\, catalina.home=C:\Users\nuche\AppData\Local\Temp\tomcat.8080.18110133560456569353, com.sun.management.jmxremote.port=57717, java.version=15.0.2, hibernate.physical_naming_strategy=org.springframework.boot.orm.jpa.hibernate.SpringPhysicalNamingStrategy, user.dir=C:\Users\nuche\Documents\StuProj\java\biddingSoft, os.arch=amd64, java.vm.specification.name=Java Virtual Machine Specification, PID=11108, sun.os.patch.level=, CONSOLE_LOG_CHARSET=UTF-8, catalina.base=C:\Users\nuche\AppData\Local\Temp\tomcat.8080.18110133560456569353, hibernate.boot.CfgXmlAccessService.key=org.hibernate.boot.registry.StandardServiceRegistryBuilder$1@40017e98, java.library.path=C:\Program Files\Java\jdk-15.0.2\bin;C:\Windows\Sun\Java\bin;C:\Windows\system32;C:\Windows;C:\Program Files (x86)\Common Files\Oracle\Java\javapath;C:\Program Files\Common Files\Oracle\Java\javapath;C:\Python38\Scripts\;C:\Python38\;C:\Windows\system32;C:\Windows;C:\Windows\System32\Wbem;C:\Windows\System32\WindowsPowerShell\v1.0\;C:\Windows\System32\OpenSSH\;C:\Program Files\Git\cmd;C:\Program Files\Microsoft SQL Server\130\Tools\Binn\;C:\Program Files\nodejs\;C:\ProgramData\chocolatey\bin;C:\Program Files\swipl\bin;C:\Program Files\JetBrains\GoLand 2020.1.2\bin;C:\Go\bin;C:\TDM-GCC-64\bin;C:\Program Files (x86)\sbt\bin;C:\Users\nuche\sdk;C:\Program Files\dotnet\;C:\Program Files\dotnet\sdk\5.0.100;C:\Program Files\Microsoft SQL Server\Client SDK\ODBC\170\Tools\Binn\;%M2%;C:\Program Files\spring-2.4.3\bin;C:\Program Files\MySQL\MySQL Shell 8.0\bin\;C:\Users\nuche\AppData\Local\Microsoft\WindowsApps;C:\Program Files\JetBrains\WebStorm 2019.3.3\bin;C:\Users\nuche\AppData\Roaming\npm;C:\Users\nuche\.dotnet\tools;C:\Program Files\JetBrains\IntelliJ IDEA 2020.1.1\bin;C:\Program Files\JetBrains\GoLand 2020.1.2\bin;C:\Users\nuche\go\bin;C:\Users\nuche\AppData\Local\GitHubDesktop\bin;C:\Users\nuche\AppData\Roaming\Dashlane\6.2026.0.36165\bin\Firefox_Extension\{442718d9-475e-452a-b3e1-fb1ee16b8e9f}\components;C:\Users\nuche\AppData\Roaming\Dashlane\6.2026.0.36165\ucrt;C:\Users\nuche\AppData\Roaming\Dashlane\6.2026.0.36165\bin\Qt;C:\Users\nuche\AppData\Roaming\Dashlane\6.2026.0.36165\ucrt;C:\Users\nuche\AppData\Roaming\Dashlane\6.2026.0.36165\bin\Ssl;C:\Users\nuche\AppData\Local\atom\bin;C:\MinGW\bin;C:\Users\nuche\.dotnet\tools;C:\Program Files\dotnet\sdk\5.0.100;C:\Program Files\Java\jdk-15.0.2\bin;C:\Program Files\apache-maven-3.6.3\bin;C:\Program Files\spring-2.4.3\bin;;., java.vendor=Oracle Corporation, java.vm.info=mixed mode, sharing, java.vm.version=15.0.2+7-27, hibernate.bytecode.use_reflection_optimizer=false, java.rmi.server.randomIDs=true, java.rmi.server.hostname=localhost, sun.io.unicode.encoding=UnicodeLittle, hibernate.archive.scanner=org.hibernate.boot.archive.scan.internal.DisabledScanner, hibernate.connection.datasource=HikariDataSource (HikariPool-1), java.class.version=59.0}
10:46:08.017 [HikariPool-1 connection adder] DEBUG com.zaxxer.hikari.pool.HikariPool - HikariPool-1 - Added connection com.mysql.cj.jdbc.ConnectionImpl@3d254451
10:46:08.024 [main] DEBUG o.h.secure.spi.JaccIntegrator - Skipping JACC integration as it was not enabled
10:46:08.025 [main] DEBUG o.h.internal.SessionFactoryImpl - Instantiated session factory
10:46:08.025 [main] DEBUG o.h.t.spi.TypeConfiguration$Scope - Scoping TypeConfiguration [org.hibernate.type.spi.TypeConfiguration@3193e21d] to SessionFactoryImpl [org.hibernate.internal.SessionFactoryImpl@2abedbbd]
10:46:08.033 [HikariPool-1 connection adder] DEBUG com.zaxxer.hikari.pool.HikariPool - HikariPool-1 - Added connection com.mysql.cj.jdbc.ConnectionImpl@476d9ea1
10:46:08.033 [HikariPool-1 connection adder] DEBUG com.zaxxer.hikari.pool.HikariPool - HikariPool-1 - After adding stats (total=10, active=0, idle=10, waiting=0)
10:46:08.062 [main] DEBUG o.h.b.i.ClassLoaderAccessImpl - Not known whether passed class name [com.project.biddingSoft.model.Lot] is safe
10:46:08.062 [main] DEBUG o.h.b.i.ClassLoaderAccessImpl - No temp ClassLoader provided; using live ClassLoader for loading potentially unsafe class : com.project.biddingSoft.model.Lot
10:46:08.201 [main] DEBUG o.h.p.e.AbstractEntityPersister - Static SQL for entity: com.project.biddingSoft.model.Lot
10:46:08.201 [main] DEBUG o.h.p.e.AbstractEntityPersister -  Version select: select id from lot where id =?
10:46:08.201 [main] DEBUG o.h.p.e.AbstractEntityPersister -  Snapshot select: select lot_.id, lot_.user_name as user_nam2_0_ from lot lot_ where lot_.id=?
10:46:08.201 [main] DEBUG o.h.p.e.AbstractEntityPersister -  Insert 0: insert into lot (user_name, id) values (?, ?)
10:46:08.201 [main] DEBUG o.h.p.e.AbstractEntityPersister -  Update 0: update lot set user_name=? where id=?
10:46:08.201 [main] DEBUG o.h.p.e.AbstractEntityPersister -  Delete 0: delete from lot where id=?
10:46:08.223 [main] DEBUG o.h.l.p.b.i.spaces.QuerySpacesImpl - Adding QuerySpace : uid = <gen:0> -> org.hibernate.loader.plan.build.internal.spaces.EntityQuerySpaceImpl@66b90ab3]
10:46:08.224 [main] DEBUG o.h.p.w.spi.MetamodelGraphWalker - Visiting attribute path : userName
10:46:08.224 [main] DEBUG o.h.l.p.b.i.FetchStyleLoadPlanBuildingAssociationVisitationStrategy - Building LoadPlan...
10:46:08.232 [main] DEBUG o.h.l.p.e.i.LoadQueryJoinAndFetchProcessor - processing queryspace <gen:0>
10:46:08.235 [main] DEBUG o.h.l.p.b.spi.LoadPlanTreePrinter - LoadPlan(entity=com.project.biddingSoft.model.Lot)
    - Returns
       - EntityReturnImpl(entity=com.project.biddingSoft.model.Lot, querySpaceUid=<gen:0>, path=com.project.biddingSoft.model.Lot)
    - QuerySpaces
       - EntityQuerySpaceImpl(uid=<gen:0>, entity=com.project.biddingSoft.model.Lot)
          - SQL table alias mapping - lot0_
          - alias suffix - 0_
          - suffixed key columns - {id1_0_0_}

10:46:08.237 [main] DEBUG o.h.loader.entity.plan.EntityLoader - Static select for entity com.project.biddingSoft.model.Lot [NONE]: select lot0_.id as id1_0_0_, lot0_.user_name as user_nam2_0_0_ from lot lot0_ where lot0_.id=?
10:46:08.282 [main] DEBUG org.hibernate.mapping.Table - No alter strings for table : hibernate_sequence
10:46:08.282 [main] DEBUG org.hibernate.mapping.Table - No alter strings for table : lot
10:46:08.282 [main] INFO  o.h.e.t.j.p.i.JtaPlatformInitiator - HHH000490: Using JtaPlatform implementation: [org.hibernate.engine.transaction.jta.platform.internal.NoJtaPlatform]
10:46:08.283 [main] DEBUG o.h.query.spi.NamedQueryRepository - Checking 0 named HQL queries
10:46:08.283 [main] DEBUG o.h.query.spi.NamedQueryRepository - Checking 0 named SQL queries
10:46:08.289 [main] DEBUG o.h.internal.SessionFactoryRegistry - Initializing SessionFactoryRegistry : org.hibernate.internal.SessionFactoryRegistry@5bc14211
10:46:08.289 [main] DEBUG o.h.internal.SessionFactoryRegistry - Registering SessionFactory: 4ab904e9-87a8-4281-8eb2-1cf3d3282d8b (<unnamed>)
10:46:08.289 [main] DEBUG o.h.internal.SessionFactoryRegistry - Not binding SessionFactory to JNDI, no JNDI name configured
10:46:08.290 [main] INFO  o.s.o.j.LocalContainerEntityManagerFactoryBean - Initialized JPA EntityManagerFactory for persistence unit 'default'
10:46:08.418 [main] DEBUG o.h.s.internal.StatisticsInitiator - Statistics initialized [enabled=false]
10:46:08.537 [main] WARN  o.s.b.a.o.j.JpaBaseConfiguration$JpaWebConfiguration - spring.jpa.open-in-view is enabled by default. Therefore, database queries may be performed during view rendering. Explicitly configure spring.jpa.open-in-view to disable this warning
10:46:08.610 [main] INFO  o.s.s.c.ThreadPoolTaskExecutor - Initializing ExecutorService 'applicationTaskExecutor'
10:46:08.724 [main] WARN  o.s.b.a.t.ThymeleafAutoConfiguration$DefaultTemplateResolverConfiguration - Cannot find template location: classpath:/templates/ (please add some templates or check your Thymeleaf configuration)
10:46:08.797 [main] INFO  o.a.coyote.http11.Http11NioProtocol - Starting ProtocolHandler ["http-nio-8080"]
10:46:08.808 [main] WARN  o.s.b.w.s.c.AnnotationConfigServletWebServerApplicationContext - Exception encountered during context initialization - cancelling refresh attempt: org.springframework.context.ApplicationContextException: Failed to start bean 'webServerStartStop'; nested exception is org.springframework.boot.web.server.PortInUseException: Port 8080 is already in use
10:46:08.809 [main] INFO  o.s.s.c.ThreadPoolTaskExecutor - Shutting down ExecutorService 'applicationTaskExecutor'
10:46:08.809 [main] INFO  o.s.o.j.LocalContainerEntityManagerFactoryBean - Closing JPA EntityManagerFactory for persistence unit 'default'
10:46:08.809 [main] DEBUG o.h.internal.SessionFactoryImpl - HHH000031: Closing
10:46:08.809 [main] DEBUG o.h.t.spi.TypeConfiguration$Scope - Un-scoping TypeConfiguration [org.hibernate.type.spi.TypeConfiguration$Scope@571e2f15] from SessionFactory [org.hibernate.internal.SessionFactoryImpl@2abedbbd]
10:46:08.810 [main] DEBUG o.h.s.i.AbstractServiceRegistryImpl - Implicitly destroying ServiceRegistry on de-registration of all child ServiceRegistries
10:46:08.810 [main] DEBUG o.h.b.r.i.BootstrapServiceRegistryImpl - Implicitly destroying Boot-strap registry on de-registration of all child ServiceRegistries
10:46:08.811 [main] INFO  com.zaxxer.hikari.HikariDataSource - HikariPool-1 - Shutdown initiated...
10:46:08.811 [main] DEBUG com.zaxxer.hikari.pool.HikariPool - HikariPool-1 - Before shutdown stats (total=10, active=0, idle=10, waiting=0)
10:46:08.812 [HikariPool-1 connection closer] DEBUG com.zaxxer.hikari.pool.PoolBase - HikariPool-1 - Closing connection com.mysql.cj.jdbc.ConnectionImpl@e2b3026: (connection evicted)
10:46:08.825 [HikariPool-1 connection closer] DEBUG com.zaxxer.hikari.pool.PoolBase - HikariPool-1 - Closing connection com.mysql.cj.jdbc.ConnectionImpl@427c6ccc: (connection evicted)
10:46:08.827 [HikariPool-1 connection closer] DEBUG com.zaxxer.hikari.pool.PoolBase - HikariPool-1 - Closing connection com.mysql.cj.jdbc.ConnectionImpl@73f4addd: (connection evicted)
10:46:08.829 [HikariPool-1 connection closer] DEBUG com.zaxxer.hikari.pool.PoolBase - HikariPool-1 - Closing connection com.mysql.cj.jdbc.ConnectionImpl@22539383: (connection evicted)
10:46:08.830 [HikariPool-1 connection closer] DEBUG com.zaxxer.hikari.pool.PoolBase - HikariPool-1 - Closing connection com.mysql.cj.jdbc.ConnectionImpl@5f6a3552: (connection evicted)
10:46:08.832 [HikariPool-1 connection closer] DEBUG com.zaxxer.hikari.pool.PoolBase - HikariPool-1 - Closing connection com.mysql.cj.jdbc.ConnectionImpl@261dcd61: (connection evicted)
10:46:08.834 [HikariPool-1 connection closer] DEBUG com.zaxxer.hikari.pool.PoolBase - HikariPool-1 - Closing connection com.mysql.cj.jdbc.ConnectionImpl@1694cd3b: (connection evicted)
10:46:08.835 [HikariPool-1 connection closer] DEBUG com.zaxxer.hikari.pool.PoolBase - HikariPool-1 - Closing connection com.mysql.cj.jdbc.ConnectionImpl@62191fb0: (connection evicted)
10:46:08.837 [HikariPool-1 connection closer] DEBUG com.zaxxer.hikari.pool.PoolBase - HikariPool-1 - Closing connection com.mysql.cj.jdbc.ConnectionImpl@3d254451: (connection evicted)
10:46:08.838 [HikariPool-1 connection closer] DEBUG com.zaxxer.hikari.pool.PoolBase - HikariPool-1 - Closing connection com.mysql.cj.jdbc.ConnectionImpl@476d9ea1: (connection evicted)
10:46:08.840 [main] DEBUG com.zaxxer.hikari.pool.HikariPool - HikariPool-1 - After shutdown stats (total=0, active=0, idle=0, waiting=0)
10:46:08.840 [main] INFO  com.zaxxer.hikari.HikariDataSource - HikariPool-1 - Shutdown completed.
10:46:08.844 [main] INFO  o.a.coyote.http11.Http11NioProtocol - Pausing ProtocolHandler ["http-nio-8080"]
10:46:08.844 [main] INFO  o.a.catalina.core.StandardService - Stopping service [Tomcat]
10:46:08.850 [main] INFO  o.a.coyote.http11.Http11NioProtocol - Stopping ProtocolHandler ["http-nio-8080"]
10:46:08.851 [main] INFO  o.a.coyote.http11.Http11NioProtocol - Destroying ProtocolHandler ["http-nio-8080"]
10:46:08.860 [main] INFO  o.s.b.a.l.ConditionEvaluationReportLoggingListener - 

Error starting ApplicationContext. To display the conditions report re-run your application with 'debug' enabled.
10:46:08.875 [main] ERROR o.s.b.d.LoggingFailureAnalysisReporter - 

***************************
APPLICATION FAILED TO START
***************************

Description:

Web server failed to start. Port 8080 was already in use.

Action:

Identify and stop the process that's listening on port 8080 or configure this application to listen on another port.

