13:42:05.195 [main] INFO  c.p.b.BiddingSoftwareApplication - Starting BiddingSoftwareApplication using Java 15.0.2 on DESKTOP-AEM1CBO with PID 15084 (C:\Users\nuche\Documents\StuProj\java\biddingSoft\target\classes started by nuche in C:\Users\nuche\Documents\StuProj\java\biddingSoft)
13:42:05.199 [main] DEBUG c.p.b.BiddingSoftwareApplication - Running with Spring Boot v2.4.3, Spring v5.3.4
13:42:05.199 [main] INFO  c.p.b.BiddingSoftwareApplication - No active profile set, falling back to default profiles: default
13:42:05.864 [main] INFO  o.s.d.r.c.RepositoryConfigurationDelegate - Bootstrapping Spring Data JPA repositories in DEFAULT mode.
13:42:05.882 [main] INFO  o.s.d.r.c.RepositoryConfigurationDelegate - Finished Spring Data repository scanning in 8 ms. Found 0 JPA repository interfaces.
13:42:06.399 [main] INFO  o.s.b.w.e.tomcat.TomcatWebServer - Tomcat initialized with port(s): 8080 (http)
13:42:06.409 [main] INFO  o.a.coyote.http11.Http11NioProtocol - Initializing ProtocolHandler ["http-nio-8080"]
13:42:06.409 [main] INFO  o.a.catalina.core.StandardService - Starting service [Tomcat]
13:42:06.409 [main] INFO  o.a.catalina.core.StandardEngine - Starting Servlet engine: [Apache Tomcat/9.0.43]
13:42:06.750 [main] INFO  o.a.c.c.C.[Tomcat].[localhost].[/] - Initializing Spring embedded WebApplicationContext
13:42:06.750 [main] INFO  o.s.b.w.s.c.ServletWebServerApplicationContext - Root WebApplicationContext: initialization completed in 1499 ms
13:42:06.824 [main] DEBUG com.zaxxer.hikari.HikariConfig - Driver class org.h2.Driver found in Thread context class loader jdk.internal.loader.ClassLoaders$AppClassLoader@3764951d
13:42:06.914 [main] DEBUG org.jboss.logging - Logging Provider: org.jboss.logging.Log4j2LoggerProvider
13:42:06.928 [main] DEBUG com.zaxxer.hikari.HikariConfig - HikariPool-1 - configuration:
13:42:06.930 [main] DEBUG com.zaxxer.hikari.HikariConfig - allowPoolSuspension.............false
13:42:06.931 [main] DEBUG com.zaxxer.hikari.HikariConfig - autoCommit......................true
13:42:06.931 [main] DEBUG com.zaxxer.hikari.HikariConfig - catalog.........................none
13:42:06.931 [main] DEBUG com.zaxxer.hikari.HikariConfig - connectionInitSql...............none
13:42:06.931 [main] DEBUG com.zaxxer.hikari.HikariConfig - connectionTestQuery.............none
13:42:06.931 [main] DEBUG com.zaxxer.hikari.HikariConfig - connectionTimeout...............30000
13:42:06.931 [main] DEBUG com.zaxxer.hikari.HikariConfig - dataSource......................none
13:42:06.931 [main] DEBUG com.zaxxer.hikari.HikariConfig - dataSourceClassName.............none
13:42:06.931 [main] DEBUG com.zaxxer.hikari.HikariConfig - dataSourceJNDI..................none
13:42:06.932 [main] DEBUG com.zaxxer.hikari.HikariConfig - dataSourceProperties............{password=<masked>}
13:42:06.932 [main] DEBUG com.zaxxer.hikari.HikariConfig - driverClassName................."org.h2.Driver"
13:42:06.932 [main] DEBUG com.zaxxer.hikari.HikariConfig - exceptionOverrideClassName......none
13:42:06.932 [main] DEBUG com.zaxxer.hikari.HikariConfig - healthCheckProperties...........{}
13:42:06.932 [main] DEBUG com.zaxxer.hikari.HikariConfig - healthCheckRegistry.............none
13:42:06.932 [main] DEBUG com.zaxxer.hikari.HikariConfig - idleTimeout.....................600000
13:42:06.933 [main] DEBUG com.zaxxer.hikari.HikariConfig - initializationFailTimeout.......1
13:42:06.933 [main] DEBUG com.zaxxer.hikari.HikariConfig - isolateInternalQueries..........false
13:42:06.933 [main] DEBUG com.zaxxer.hikari.HikariConfig - jdbcUrl.........................jdbc:h2:mem:3de30e8a-ca6e-4439-91ef-ce71730940b2;DB_CLOSE_DELAY=-1;DB_CLOSE_ON_EXIT=FALSE
13:42:06.933 [main] DEBUG com.zaxxer.hikari.HikariConfig - leakDetectionThreshold..........0
13:42:06.933 [main] DEBUG com.zaxxer.hikari.HikariConfig - maxLifetime.....................1800000
13:42:06.933 [main] DEBUG com.zaxxer.hikari.HikariConfig - maximumPoolSize.................10
13:42:06.933 [main] DEBUG com.zaxxer.hikari.HikariConfig - metricRegistry..................none
13:42:06.934 [main] DEBUG com.zaxxer.hikari.HikariConfig - metricsTrackerFactory...........none
13:42:06.934 [main] DEBUG com.zaxxer.hikari.HikariConfig - minimumIdle.....................10
13:42:06.934 [main] DEBUG com.zaxxer.hikari.HikariConfig - password........................<masked>
13:42:06.935 [main] DEBUG com.zaxxer.hikari.HikariConfig - poolName........................"HikariPool-1"
13:42:06.935 [main] DEBUG com.zaxxer.hikari.HikariConfig - readOnly........................false
13:42:06.935 [main] DEBUG com.zaxxer.hikari.HikariConfig - registerMbeans..................false
13:42:06.935 [main] DEBUG com.zaxxer.hikari.HikariConfig - scheduledExecutor...............none
13:42:06.935 [main] DEBUG com.zaxxer.hikari.HikariConfig - schema..........................none
13:42:06.935 [main] DEBUG com.zaxxer.hikari.HikariConfig - threadFactory...................internal
13:42:06.935 [main] DEBUG com.zaxxer.hikari.HikariConfig - transactionIsolation............default
13:42:06.935 [main] DEBUG com.zaxxer.hikari.HikariConfig - username........................"sa"
13:42:06.935 [main] DEBUG com.zaxxer.hikari.HikariConfig - validationTimeout...............5000
13:42:06.935 [main] INFO  com.zaxxer.hikari.HikariDataSource - HikariPool-1 - Starting...
13:42:07.124 [main] DEBUG com.zaxxer.hikari.pool.HikariPool - HikariPool-1 - Added connection conn0: url=jdbc:h2:mem:3de30e8a-ca6e-4439-91ef-ce71730940b2 user=SA
13:42:07.125 [main] INFO  com.zaxxer.hikari.HikariDataSource - HikariPool-1 - Start completed.
13:42:07.182 [main] DEBUG o.h.jpa.internal.util.LogHelper - PersistenceUnitInfo [
	name: default
	persistence provider classname: null
	classloader: jdk.internal.loader.ClassLoaders$AppClassLoader@3764951d
	excludeUnlistedClasses: true
	JTA datasource: null
	Non JTA datasource: HikariDataSource (HikariPool-1)
	Transaction type: RESOURCE_LOCAL
	PU root URL: file:/C:/Users/nuche/Documents/StuProj/java/biddingSoft/target/classes/
	Shared Cache Mode: UNSPECIFIED
	Validation Mode: AUTO
	Jar files URLs []
	Managed classes names [
		com.project.biddingSoft.model.Lot]
	Mapping files names []
	Properties []
13:42:07.193 [main] DEBUG o.h.i.i.IntegratorServiceImpl - Adding Integrator [org.hibernate.cfg.beanvalidation.BeanValidationIntegrator].
13:42:07.195 [main] DEBUG o.h.i.i.IntegratorServiceImpl - Adding Integrator [org.hibernate.secure.spi.JaccIntegrator].
13:42:07.196 [main] DEBUG o.h.i.i.IntegratorServiceImpl - Adding Integrator [org.hibernate.cache.internal.CollectionCacheInvalidator].
13:42:07.227 [HikariPool-1 housekeeper] DEBUG com.zaxxer.hikari.pool.HikariPool - HikariPool-1 - Pool stats (total=1, active=0, idle=1, waiting=0)
13:42:07.228 [HikariPool-1 connection adder] DEBUG com.zaxxer.hikari.pool.HikariPool - HikariPool-1 - Added connection conn1: url=jdbc:h2:mem:3de30e8a-ca6e-4439-91ef-ce71730940b2 user=SA
13:42:07.229 [HikariPool-1 connection adder] DEBUG com.zaxxer.hikari.pool.HikariPool - HikariPool-1 - Added connection conn2: url=jdbc:h2:mem:3de30e8a-ca6e-4439-91ef-ce71730940b2 user=SA
13:42:07.229 [HikariPool-1 connection adder] DEBUG com.zaxxer.hikari.pool.HikariPool - HikariPool-1 - Added connection conn3: url=jdbc:h2:mem:3de30e8a-ca6e-4439-91ef-ce71730940b2 user=SA
13:42:07.230 [HikariPool-1 connection adder] DEBUG com.zaxxer.hikari.pool.HikariPool - HikariPool-1 - Added connection conn4: url=jdbc:h2:mem:3de30e8a-ca6e-4439-91ef-ce71730940b2 user=SA
13:42:07.230 [HikariPool-1 connection adder] DEBUG com.zaxxer.hikari.pool.HikariPool - HikariPool-1 - Added connection conn5: url=jdbc:h2:mem:3de30e8a-ca6e-4439-91ef-ce71730940b2 user=SA
13:42:07.231 [HikariPool-1 connection adder] DEBUG com.zaxxer.hikari.pool.HikariPool - HikariPool-1 - Added connection conn6: url=jdbc:h2:mem:3de30e8a-ca6e-4439-91ef-ce71730940b2 user=SA
13:42:07.231 [HikariPool-1 connection adder] DEBUG com.zaxxer.hikari.pool.HikariPool - HikariPool-1 - Added connection conn7: url=jdbc:h2:mem:3de30e8a-ca6e-4439-91ef-ce71730940b2 user=SA
13:42:07.232 [HikariPool-1 connection adder] DEBUG com.zaxxer.hikari.pool.HikariPool - HikariPool-1 - Added connection conn8: url=jdbc:h2:mem:3de30e8a-ca6e-4439-91ef-ce71730940b2 user=SA
13:42:07.232 [HikariPool-1 connection adder] DEBUG com.zaxxer.hikari.pool.HikariPool - HikariPool-1 - Added connection conn9: url=jdbc:h2:mem:3de30e8a-ca6e-4439-91ef-ce71730940b2 user=SA
13:42:07.232 [HikariPool-1 connection adder] DEBUG com.zaxxer.hikari.pool.HikariPool - HikariPool-1 - After adding stats (total=10, active=0, idle=10, waiting=0)
13:42:07.238 [main] INFO  org.hibernate.Version - HHH000412: Hibernate ORM core version 5.4.28.Final
13:42:07.239 [main] DEBUG org.hibernate.cfg.Environment - HHH000206: hibernate.properties not found
13:42:07.366 [main] DEBUG o.h.service.spi.ServiceBinding - Overriding existing service binding [org.hibernate.secure.spi.JaccService]
13:42:07.375 [main] DEBUG o.h.c.i.RegionFactoryInitiator - Cannot default RegionFactory based on registered strategies as `[]` RegionFactory strategies were registered
13:42:07.376 [main] DEBUG o.h.c.i.RegionFactoryInitiator - Cache region factory : org.hibernate.cache.internal.NoCachingRegionFactory
13:42:07.391 [main] INFO  o.h.annotations.common.Version - HCANN000001: Hibernate Commons Annotations {5.1.2.Final}
13:42:07.419 [main] DEBUG o.hibernate.type.BasicTypeRegistry - Adding type registration boolean -> org.hibernate.type.BooleanType@5dbab232
13:42:07.420 [main] DEBUG o.hibernate.type.BasicTypeRegistry - Adding type registration boolean -> org.hibernate.type.BooleanType@5dbab232
13:42:07.420 [main] DEBUG o.hibernate.type.BasicTypeRegistry - Adding type registration java.lang.Boolean -> org.hibernate.type.BooleanType@5dbab232
13:42:07.420 [main] DEBUG o.hibernate.type.BasicTypeRegistry - Adding type registration numeric_boolean -> org.hibernate.type.NumericBooleanType@28768e25
13:42:07.421 [main] DEBUG o.hibernate.type.BasicTypeRegistry - Adding type registration true_false -> org.hibernate.type.TrueFalseType@46468f0
13:42:07.421 [main] DEBUG o.hibernate.type.BasicTypeRegistry - Adding type registration yes_no -> org.hibernate.type.YesNoType@756808cc
13:42:07.422 [main] DEBUG o.hibernate.type.BasicTypeRegistry - Adding type registration byte -> org.hibernate.type.ByteType@6f1fa1d0
13:42:07.422 [main] DEBUG o.hibernate.type.BasicTypeRegistry - Adding type registration byte -> org.hibernate.type.ByteType@6f1fa1d0
13:42:07.422 [main] DEBUG o.hibernate.type.BasicTypeRegistry - Adding type registration java.lang.Byte -> org.hibernate.type.ByteType@6f1fa1d0
13:42:07.423 [main] DEBUG o.hibernate.type.BasicTypeRegistry - Adding type registration character -> org.hibernate.type.CharacterType@78d73b1b
13:42:07.423 [main] DEBUG o.hibernate.type.BasicTypeRegistry - Adding type registration char -> org.hibernate.type.CharacterType@78d73b1b
13:42:07.423 [main] DEBUG o.hibernate.type.BasicTypeRegistry - Adding type registration java.lang.Character -> org.hibernate.type.CharacterType@78d73b1b
13:42:07.424 [main] DEBUG o.hibernate.type.BasicTypeRegistry - Adding type registration short -> org.hibernate.type.ShortType@58d4238e
13:42:07.424 [main] DEBUG o.hibernate.type.BasicTypeRegistry - Adding type registration short -> org.hibernate.type.ShortType@58d4238e
13:42:07.424 [main] DEBUG o.hibernate.type.BasicTypeRegistry - Adding type registration java.lang.Short -> org.hibernate.type.ShortType@58d4238e
13:42:07.425 [main] DEBUG o.hibernate.type.BasicTypeRegistry - Adding type registration integer -> org.hibernate.type.IntegerType@5ea7bc4
13:42:07.425 [main] DEBUG o.hibernate.type.BasicTypeRegistry - Adding type registration int -> org.hibernate.type.IntegerType@5ea7bc4
13:42:07.425 [main] DEBUG o.hibernate.type.BasicTypeRegistry - Adding type registration java.lang.Integer -> org.hibernate.type.IntegerType@5ea7bc4
13:42:07.427 [main] DEBUG o.hibernate.type.BasicTypeRegistry - Adding type registration long -> org.hibernate.type.LongType@755b5f30
13:42:07.428 [main] DEBUG o.hibernate.type.BasicTypeRegistry - Adding type registration long -> org.hibernate.type.LongType@755b5f30
13:42:07.428 [main] DEBUG o.hibernate.type.BasicTypeRegistry - Adding type registration java.lang.Long -> org.hibernate.type.LongType@755b5f30
13:42:07.429 [main] DEBUG o.hibernate.type.BasicTypeRegistry - Adding type registration float -> org.hibernate.type.FloatType@234cd86c
13:42:07.429 [main] DEBUG o.hibernate.type.BasicTypeRegistry - Adding type registration float -> org.hibernate.type.FloatType@234cd86c
13:42:07.429 [main] DEBUG o.hibernate.type.BasicTypeRegistry - Adding type registration java.lang.Float -> org.hibernate.type.FloatType@234cd86c
13:42:07.430 [main] DEBUG o.hibernate.type.BasicTypeRegistry - Adding type registration double -> org.hibernate.type.DoubleType@32ab408e
13:42:07.430 [main] DEBUG o.hibernate.type.BasicTypeRegistry - Adding type registration double -> org.hibernate.type.DoubleType@32ab408e
13:42:07.430 [main] DEBUG o.hibernate.type.BasicTypeRegistry - Adding type registration java.lang.Double -> org.hibernate.type.DoubleType@32ab408e
13:42:07.431 [main] DEBUG o.hibernate.type.BasicTypeRegistry - Adding type registration big_decimal -> org.hibernate.type.BigDecimalType@1373e3ee
13:42:07.431 [main] DEBUG o.hibernate.type.BasicTypeRegistry - Adding type registration java.math.BigDecimal -> org.hibernate.type.BigDecimalType@1373e3ee
13:42:07.431 [main] DEBUG o.hibernate.type.BasicTypeRegistry - Adding type registration big_integer -> org.hibernate.type.BigIntegerType@4fb64a52
13:42:07.432 [main] DEBUG o.hibernate.type.BasicTypeRegistry - Adding type registration java.math.BigInteger -> org.hibernate.type.BigIntegerType@4fb64a52
13:42:07.432 [main] DEBUG o.hibernate.type.BasicTypeRegistry - Adding type registration string -> org.hibernate.type.StringType@2f0ccb34
13:42:07.432 [main] DEBUG o.hibernate.type.BasicTypeRegistry - Adding type registration java.lang.String -> org.hibernate.type.StringType@2f0ccb34
13:42:07.433 [main] DEBUG o.hibernate.type.BasicTypeRegistry - Adding type registration nstring -> org.hibernate.type.StringNVarcharType@29c53c4f
13:42:07.433 [main] DEBUG o.hibernate.type.BasicTypeRegistry - Adding type registration ncharacter -> org.hibernate.type.CharacterNCharType@64279ab
13:42:07.434 [main] DEBUG o.hibernate.type.BasicTypeRegistry - Adding type registration url -> org.hibernate.type.UrlType@48e41b5d
13:42:07.435 [main] DEBUG o.hibernate.type.BasicTypeRegistry - Adding type registration java.net.URL -> org.hibernate.type.UrlType@48e41b5d
13:42:07.436 [main] DEBUG o.hibernate.type.BasicTypeRegistry - Adding type registration Duration -> org.hibernate.type.DurationType@7f4a1cac
13:42:07.436 [main] DEBUG o.hibernate.type.BasicTypeRegistry - Adding type registration java.time.Duration -> org.hibernate.type.DurationType@7f4a1cac
13:42:07.437 [main] DEBUG o.hibernate.type.BasicTypeRegistry - Adding type registration Instant -> org.hibernate.type.InstantType@2e952845
13:42:07.437 [main] DEBUG o.hibernate.type.BasicTypeRegistry - Adding type registration java.time.Instant -> org.hibernate.type.InstantType@2e952845
13:42:07.438 [main] DEBUG o.hibernate.type.BasicTypeRegistry - Adding type registration LocalDateTime -> org.hibernate.type.LocalDateTimeType@11810917
13:42:07.438 [main] DEBUG o.hibernate.type.BasicTypeRegistry - Adding type registration java.time.LocalDateTime -> org.hibernate.type.LocalDateTimeType@11810917
13:42:07.439 [main] DEBUG o.hibernate.type.BasicTypeRegistry - Adding type registration LocalDate -> org.hibernate.type.LocalDateType@5faeeb56
13:42:07.439 [main] DEBUG o.hibernate.type.BasicTypeRegistry - Adding type registration java.time.LocalDate -> org.hibernate.type.LocalDateType@5faeeb56
13:42:07.440 [main] DEBUG o.hibernate.type.BasicTypeRegistry - Adding type registration LocalTime -> org.hibernate.type.LocalTimeType@6b9c42bd
13:42:07.440 [main] DEBUG o.hibernate.type.BasicTypeRegistry - Adding type registration java.time.LocalTime -> org.hibernate.type.LocalTimeType@6b9c42bd
13:42:07.441 [main] DEBUG o.hibernate.type.BasicTypeRegistry - Adding type registration OffsetDateTime -> org.hibernate.type.OffsetDateTimeType@a3cba3a
13:42:07.441 [main] DEBUG o.hibernate.type.BasicTypeRegistry - Adding type registration java.time.OffsetDateTime -> org.hibernate.type.OffsetDateTimeType@a3cba3a
13:42:07.442 [main] DEBUG o.hibernate.type.BasicTypeRegistry - Adding type registration OffsetTime -> org.hibernate.type.OffsetTimeType@6169be09
13:42:07.442 [main] DEBUG o.hibernate.type.BasicTypeRegistry - Adding type registration java.time.OffsetTime -> org.hibernate.type.OffsetTimeType@6169be09
13:42:07.444 [main] DEBUG o.hibernate.type.BasicTypeRegistry - Adding type registration ZonedDateTime -> org.hibernate.type.ZonedDateTimeType@49c1e294
13:42:07.444 [main] DEBUG o.hibernate.type.BasicTypeRegistry - Adding type registration java.time.ZonedDateTime -> org.hibernate.type.ZonedDateTimeType@49c1e294
13:42:07.445 [main] DEBUG o.hibernate.type.BasicTypeRegistry - Adding type registration date -> org.hibernate.type.DateType@6aae0e6f
13:42:07.445 [main] DEBUG o.hibernate.type.BasicTypeRegistry - Adding type registration java.sql.Date -> org.hibernate.type.DateType@6aae0e6f
13:42:07.446 [main] DEBUG o.hibernate.type.BasicTypeRegistry - Adding type registration time -> org.hibernate.type.TimeType@17ec335a
13:42:07.446 [main] DEBUG o.hibernate.type.BasicTypeRegistry - Adding type registration java.sql.Time -> org.hibernate.type.TimeType@17ec335a
13:42:07.447 [main] DEBUG o.hibernate.type.BasicTypeRegistry - Adding type registration timestamp -> org.hibernate.type.TimestampType@377dfb8d
13:42:07.447 [main] DEBUG o.hibernate.type.BasicTypeRegistry - Adding type registration java.sql.Timestamp -> org.hibernate.type.TimestampType@377dfb8d
13:42:07.447 [main] DEBUG o.hibernate.type.BasicTypeRegistry - Adding type registration java.util.Date -> org.hibernate.type.TimestampType@377dfb8d
13:42:07.448 [main] DEBUG o.hibernate.type.BasicTypeRegistry - Adding type registration dbtimestamp -> org.hibernate.type.DbTimestampType@78c74647
13:42:07.448 [main] DEBUG o.hibernate.type.BasicTypeRegistry - Adding type registration calendar -> org.hibernate.type.CalendarType@629075f4
13:42:07.449 [main] DEBUG o.hibernate.type.BasicTypeRegistry - Adding type registration java.util.Calendar -> org.hibernate.type.CalendarType@629075f4
13:42:07.449 [main] DEBUG o.hibernate.type.BasicTypeRegistry - Adding type registration java.util.GregorianCalendar -> org.hibernate.type.CalendarType@629075f4
13:42:07.449 [main] DEBUG o.hibernate.type.BasicTypeRegistry - Adding type registration calendar_date -> org.hibernate.type.CalendarDateType@30b3d899
13:42:07.450 [main] DEBUG o.hibernate.type.BasicTypeRegistry - Adding type registration calendar_time -> org.hibernate.type.CalendarTimeType@624b3544
13:42:07.451 [main] DEBUG o.hibernate.type.BasicTypeRegistry - Adding type registration locale -> org.hibernate.type.LocaleType@7ea42c82
13:42:07.451 [main] DEBUG o.hibernate.type.BasicTypeRegistry - Adding type registration java.util.Locale -> org.hibernate.type.LocaleType@7ea42c82
13:42:07.451 [main] DEBUG o.hibernate.type.BasicTypeRegistry - Adding type registration currency -> org.hibernate.type.CurrencyType@61da0413
13:42:07.451 [main] DEBUG o.hibernate.type.BasicTypeRegistry - Adding type registration java.util.Currency -> org.hibernate.type.CurrencyType@61da0413
13:42:07.452 [main] DEBUG o.hibernate.type.BasicTypeRegistry - Adding type registration timezone -> org.hibernate.type.TimeZoneType@4bc9ca97
13:42:07.452 [main] DEBUG o.hibernate.type.BasicTypeRegistry - Adding type registration java.util.TimeZone -> org.hibernate.type.TimeZoneType@4bc9ca97
13:42:07.453 [main] DEBUG o.hibernate.type.BasicTypeRegistry - Adding type registration class -> org.hibernate.type.ClassType@58a7dc4
13:42:07.453 [main] DEBUG o.hibernate.type.BasicTypeRegistry - Adding type registration java.lang.Class -> org.hibernate.type.ClassType@58a7dc4
13:42:07.454 [main] DEBUG o.hibernate.type.BasicTypeRegistry - Adding type registration uuid-binary -> org.hibernate.type.UUIDBinaryType@4fb57fb3
13:42:07.454 [main] DEBUG o.hibernate.type.BasicTypeRegistry - Adding type registration java.util.UUID -> org.hibernate.type.UUIDBinaryType@4fb57fb3
13:42:07.454 [main] DEBUG o.hibernate.type.BasicTypeRegistry - Adding type registration uuid-char -> org.hibernate.type.UUIDCharType@36d582cb
13:42:07.455 [main] DEBUG o.hibernate.type.BasicTypeRegistry - Adding type registration binary -> org.hibernate.type.BinaryType@2ce524d2
13:42:07.455 [main] DEBUG o.hibernate.type.BasicTypeRegistry - Adding type registration byte[] -> org.hibernate.type.BinaryType@2ce524d2
13:42:07.455 [main] DEBUG o.hibernate.type.BasicTypeRegistry - Adding type registration [B -> org.hibernate.type.BinaryType@2ce524d2
13:42:07.456 [main] DEBUG o.hibernate.type.BasicTypeRegistry - Adding type registration wrapper-binary -> org.hibernate.type.WrapperBinaryType@78116659
13:42:07.456 [main] DEBUG o.hibernate.type.BasicTypeRegistry - Adding type registration Byte[] -> org.hibernate.type.WrapperBinaryType@78116659
13:42:07.456 [main] DEBUG o.hibernate.type.BasicTypeRegistry - Adding type registration [Ljava.lang.Byte; -> org.hibernate.type.WrapperBinaryType@78116659
13:42:07.457 [main] DEBUG o.hibernate.type.BasicTypeRegistry - Adding type registration row_version -> org.hibernate.type.RowVersionType@125f16b2
13:42:07.457 [main] DEBUG o.hibernate.type.BasicTypeRegistry - Adding type registration image -> org.hibernate.type.ImageType@79195c22
13:42:07.459 [main] DEBUG o.hibernate.type.BasicTypeRegistry - Adding type registration characters -> org.hibernate.type.CharArrayType@11c581a0
13:42:07.459 [main] DEBUG o.hibernate.type.BasicTypeRegistry - Adding type registration char[] -> org.hibernate.type.CharArrayType@11c581a0
13:42:07.459 [main] DEBUG o.hibernate.type.BasicTypeRegistry - Adding type registration [C -> org.hibernate.type.CharArrayType@11c581a0
13:42:07.459 [main] DEBUG o.hibernate.type.BasicTypeRegistry - Adding type registration wrapper-characters -> org.hibernate.type.CharacterArrayType@ca7e37f
13:42:07.459 [main] DEBUG o.hibernate.type.BasicTypeRegistry - Adding type registration [Ljava.lang.Character; -> org.hibernate.type.CharacterArrayType@ca7e37f
13:42:07.460 [main] DEBUG o.hibernate.type.BasicTypeRegistry - Adding type registration Character[] -> org.hibernate.type.CharacterArrayType@ca7e37f
13:42:07.460 [main] DEBUG o.hibernate.type.BasicTypeRegistry - Adding type registration text -> org.hibernate.type.TextType@67c6f4d8
13:42:07.461 [main] DEBUG o.hibernate.type.BasicTypeRegistry - Adding type registration ntext -> org.hibernate.type.NTextType@6cdee57
13:42:07.462 [main] DEBUG o.hibernate.type.BasicTypeRegistry - Adding type registration blob -> org.hibernate.type.BlobType@2fde9469
13:42:07.462 [main] DEBUG o.hibernate.type.BasicTypeRegistry - Adding type registration java.sql.Blob -> org.hibernate.type.BlobType@2fde9469
13:42:07.463 [main] DEBUG o.hibernate.type.BasicTypeRegistry - Adding type registration materialized_blob -> org.hibernate.type.MaterializedBlobType@20cff21e
13:42:07.464 [main] DEBUG o.hibernate.type.BasicTypeRegistry - Adding type registration clob -> org.hibernate.type.ClobType@1e495414
13:42:07.464 [main] DEBUG o.hibernate.type.BasicTypeRegistry - Adding type registration java.sql.Clob -> org.hibernate.type.ClobType@1e495414
13:42:07.465 [main] DEBUG o.hibernate.type.BasicTypeRegistry - Adding type registration nclob -> org.hibernate.type.NClobType@13f40d71
13:42:07.465 [main] DEBUG o.hibernate.type.BasicTypeRegistry - Adding type registration java.sql.NClob -> org.hibernate.type.NClobType@13f40d71
13:42:07.465 [main] DEBUG o.hibernate.type.BasicTypeRegistry - Adding type registration materialized_clob -> org.hibernate.type.MaterializedClobType@34f7b44f
13:42:07.466 [main] DEBUG o.hibernate.type.BasicTypeRegistry - Adding type registration materialized_nclob -> org.hibernate.type.MaterializedNClobType@25a5c8e
13:42:07.467 [main] DEBUG o.hibernate.type.BasicTypeRegistry - Adding type registration serializable -> org.hibernate.type.SerializableType@307cf964
13:42:07.471 [main] DEBUG o.hibernate.type.BasicTypeRegistry - Adding type registration object -> org.hibernate.type.ObjectType@16f7f59f
13:42:07.471 [main] DEBUG o.hibernate.type.BasicTypeRegistry - Adding type registration java.lang.Object -> org.hibernate.type.ObjectType@16f7f59f
13:42:07.471 [main] DEBUG o.hibernate.type.BasicTypeRegistry - Adding type registration imm_date -> org.hibernate.type.AdaptedImmutableType@7af327e3
13:42:07.471 [main] DEBUG o.hibernate.type.BasicTypeRegistry - Adding type registration imm_time -> org.hibernate.type.AdaptedImmutableType@743d0d44
13:42:07.472 [main] DEBUG o.hibernate.type.BasicTypeRegistry - Adding type registration imm_timestamp -> org.hibernate.type.AdaptedImmutableType@35563e4c
13:42:07.472 [main] DEBUG o.hibernate.type.BasicTypeRegistry - Adding type registration imm_dbtimestamp -> org.hibernate.type.AdaptedImmutableType@6dd79214
13:42:07.472 [main] DEBUG o.hibernate.type.BasicTypeRegistry - Adding type registration imm_calendar -> org.hibernate.type.AdaptedImmutableType@ef86c72
13:42:07.472 [main] DEBUG o.hibernate.type.BasicTypeRegistry - Adding type registration imm_calendar_date -> org.hibernate.type.AdaptedImmutableType@123307c4
13:42:07.472 [main] DEBUG o.hibernate.type.BasicTypeRegistry - Adding type registration imm_binary -> org.hibernate.type.AdaptedImmutableType@1693ff90
13:42:07.472 [main] DEBUG o.hibernate.type.BasicTypeRegistry - Adding type registration imm_serializable -> org.hibernate.type.AdaptedImmutableType@47058864
13:42:07.483 [main] DEBUG o.h.b.internal.BootstrapContextImpl - Injecting JPA temp ClassLoader [org.springframework.instrument.classloading.SimpleThrowawayClassLoader@76e4212] into BootstrapContext; was [null]
13:42:07.483 [main] DEBUG o.h.b.i.ClassLoaderAccessImpl - ClassLoaderAccessImpl#injectTempClassLoader(org.springframework.instrument.classloading.SimpleThrowawayClassLoader@76e4212) [was null]
13:42:07.483 [main] DEBUG o.h.b.internal.BootstrapContextImpl - Injecting ScanEnvironment [org.hibernate.jpa.boot.internal.StandardJpaScanEnvironmentImpl@4c635edc] into BootstrapContext; was [null]
13:42:07.484 [main] DEBUG o.h.b.internal.BootstrapContextImpl - Injecting ScanOptions [org.hibernate.boot.archive.scan.internal.StandardScanOptions@4245bf68] into BootstrapContext; was [org.hibernate.boot.archive.scan.internal.StandardScanOptions@45bbc52f]
13:42:07.496 [main] DEBUG o.h.b.internal.BootstrapContextImpl - Injecting JPA temp ClassLoader [null] into BootstrapContext; was [org.springframework.instrument.classloading.SimpleThrowawayClassLoader@76e4212]
13:42:07.496 [main] DEBUG o.h.b.i.ClassLoaderAccessImpl - ClassLoaderAccessImpl#injectTempClassLoader(null) [was org.springframework.instrument.classloading.SimpleThrowawayClassLoader@76e4212]
13:42:07.505 [main] DEBUG o.h.i.f.i.DefaultIdentifierGeneratorFactory - Registering IdentifierGenerator strategy [uuid2] -> [org.hibernate.id.UUIDGenerator]
13:42:07.505 [main] DEBUG o.h.i.f.i.DefaultIdentifierGeneratorFactory - Registering IdentifierGenerator strategy [guid] -> [org.hibernate.id.GUIDGenerator]
13:42:07.506 [main] DEBUG o.h.i.f.i.DefaultIdentifierGeneratorFactory - Registering IdentifierGenerator strategy [uuid] -> [org.hibernate.id.UUIDHexGenerator]
13:42:07.506 [main] DEBUG o.h.i.f.i.DefaultIdentifierGeneratorFactory - Registering IdentifierGenerator strategy [uuid.hex] -> [org.hibernate.id.UUIDHexGenerator]
13:42:07.506 [main] DEBUG o.h.i.f.i.DefaultIdentifierGeneratorFactory - Registering IdentifierGenerator strategy [assigned] -> [org.hibernate.id.Assigned]
13:42:07.507 [main] DEBUG o.h.i.f.i.DefaultIdentifierGeneratorFactory - Registering IdentifierGenerator strategy [identity] -> [org.hibernate.id.IdentityGenerator]
13:42:07.507 [main] DEBUG o.h.i.f.i.DefaultIdentifierGeneratorFactory - Registering IdentifierGenerator strategy [select] -> [org.hibernate.id.SelectGenerator]
13:42:07.508 [main] DEBUG o.h.i.f.i.DefaultIdentifierGeneratorFactory - Registering IdentifierGenerator strategy [sequence] -> [org.hibernate.id.enhanced.SequenceStyleGenerator]
13:42:07.509 [main] DEBUG o.h.i.f.i.DefaultIdentifierGeneratorFactory - Registering IdentifierGenerator strategy [seqhilo] -> [org.hibernate.id.SequenceHiLoGenerator]
13:42:07.510 [main] DEBUG o.h.i.f.i.DefaultIdentifierGeneratorFactory - Registering IdentifierGenerator strategy [increment] -> [org.hibernate.id.IncrementGenerator]
13:42:07.510 [main] DEBUG o.h.i.f.i.DefaultIdentifierGeneratorFactory - Registering IdentifierGenerator strategy [foreign] -> [org.hibernate.id.ForeignGenerator]
13:42:07.511 [main] DEBUG o.h.i.f.i.DefaultIdentifierGeneratorFactory - Registering IdentifierGenerator strategy [sequence-identity] -> [org.hibernate.id.SequenceIdentityGenerator]
13:42:07.511 [main] DEBUG o.h.i.f.i.DefaultIdentifierGeneratorFactory - Registering IdentifierGenerator strategy [enhanced-sequence] -> [org.hibernate.id.enhanced.SequenceStyleGenerator]
13:42:07.512 [main] DEBUG o.h.i.f.i.DefaultIdentifierGeneratorFactory - Registering IdentifierGenerator strategy [enhanced-table] -> [org.hibernate.id.enhanced.TableGenerator]
13:42:07.516 [main] DEBUG o.h.e.j.e.i.JdbcEnvironmentInitiator - Database ->
       name : H2
    version : 1.4.200 (2019-10-14)
      major : 1
      minor : 4
13:42:07.516 [main] DEBUG o.h.e.j.e.i.JdbcEnvironmentInitiator - Driver ->
       name : H2 JDBC Driver
    version : 1.4.200 (2019-10-14)
      major : 1
      minor : 4
13:42:07.516 [main] DEBUG o.h.e.j.e.i.JdbcEnvironmentInitiator - JDBC version : 4.1
13:42:07.541 [main] INFO  org.hibernate.dialect.Dialect - HHH000400: Using dialect: org.hibernate.dialect.H2Dialect
13:42:07.577 [main] DEBUG o.h.e.j.e.s.IdentifierHelperBuilder - JDBC driver metadata reported database stores quoted identifiers in neither upper, lower nor mixed case
13:42:07.602 [main] DEBUG o.h.boot.model.relational.Namespace - Created database namespace [logicalName=Name{catalog=null, schema=null}, physicalName=Name{catalog=null, schema=null}]
13:42:07.604 [main] DEBUG o.h.t.spi.TypeConfiguration$Scope - Scoping TypeConfiguration [org.hibernate.type.spi.TypeConfiguration@53bb71e5] to MetadataBuildingContext [org.hibernate.boot.internal.MetadataBuildingContextRootImpl@54a056e4]
13:42:07.645 [main] DEBUG org.hibernate.cfg.AnnotationBinder - Binding entity from annotated class: com.project.biddingSoft.model.Lot
13:42:07.660 [main] DEBUG org.hibernate.cfg.Ejb3Column - Binding column: Ejb3DiscriminatorColumn{logicalColumnName'DTYPE', discriminatorTypeName='string'}
13:42:07.664 [main] DEBUG o.h.cfg.annotations.EntityBinder - Import with entity name Lot
13:42:07.668 [main] DEBUG o.h.cfg.annotations.EntityBinder - Bind entity com.project.biddingSoft.model.Lot on table lot
13:42:07.685 [main] DEBUG org.hibernate.cfg.Ejb3Column - Binding column: Ejb3Column{table=org.hibernate.mapping.Table(lot), mappingColumn=id, insertable=true, updatable=true, unique=false}
13:42:07.686 [main] DEBUG o.h.b.i.ClassLoaderAccessImpl - Not known whether passed class name [com.project.biddingSoft.model.Lot] is safe
13:42:07.687 [main] DEBUG o.h.b.i.ClassLoaderAccessImpl - No temp ClassLoader provided; using live ClassLoader for loading potentially unsafe class : com.project.biddingSoft.model.Lot
13:42:07.687 [main] DEBUG o.h.cfg.annotations.PropertyBinder - MetadataSourceProcessor property id with lazy=false
13:42:07.688 [main] DEBUG o.h.cfg.AbstractPropertyHolder - Attempting to locate auto-apply AttributeConverter for property [com.project.biddingSoft.model.Lot:id]
13:42:07.690 [main] DEBUG o.h.c.annotations.SimpleValueBinder - building SimpleValue for id
13:42:07.692 [main] DEBUG o.h.cfg.annotations.PropertyBinder - Building property id
13:42:07.694 [main] DEBUG org.hibernate.cfg.BinderHelper - #makeIdGenerator(org.hibernate.mapping.SimpleValue([org.hibernate.mapping.Column(id)]), id, org.hibernate.id.enhanced.SequenceStyleGenerator, , ...)
13:42:07.695 [main] DEBUG org.hibernate.cfg.Ejb3Column - Binding column: Ejb3Column{table=org.hibernate.mapping.Table(lot), mappingColumn=bid_list, insertable=true, updatable=true, unique=false}
13:42:07.695 [main] DEBUG o.h.cfg.annotations.PropertyBinder - MetadataSourceProcessor property bidList with lazy=false
13:42:07.695 [main] DEBUG o.h.cfg.AbstractPropertyHolder - Attempting to locate auto-apply AttributeConverter for property [com.project.biddingSoft.model.Lot:bidList]
13:42:07.695 [main] DEBUG o.h.c.annotations.SimpleValueBinder - building SimpleValue for bidList
13:42:07.695 [main] DEBUG o.h.cfg.annotations.PropertyBinder - Building property bidList
13:42:07.695 [main] DEBUG org.hibernate.cfg.Ejb3Column - Binding column: Ejb3Column{table=org.hibernate.mapping.Table(lot), mappingColumn=user, insertable=true, updatable=true, unique=false}
13:42:07.696 [main] DEBUG o.h.cfg.annotations.PropertyBinder - MetadataSourceProcessor property user with lazy=false
13:42:07.696 [main] DEBUG o.h.cfg.AbstractPropertyHolder - Attempting to locate auto-apply AttributeConverter for property [com.project.biddingSoft.model.Lot:user]
13:42:07.696 [main] DEBUG o.h.c.annotations.SimpleValueBinder - building SimpleValue for user
13:42:07.696 [main] DEBUG o.h.cfg.annotations.PropertyBinder - Building property user
13:42:07.698 [main] DEBUG o.h.c.annotations.SimpleValueBinder - Starting fillSimpleValue for id
13:42:07.698 [main] DEBUG o.h.c.annotations.SimpleValueBinder - Starting fillSimpleValue for bidList
13:42:07.698 [main] DEBUG o.h.c.annotations.SimpleValueBinder - Starting fillSimpleValue for user
13:42:07.698 [main] DEBUG o.h.b.i.ClassLoaderAccessImpl - Not known whether passed class name [com.project.biddingSoft.model.User] is safe
13:42:07.698 [main] DEBUG o.h.b.i.ClassLoaderAccessImpl - No temp ClassLoader provided; using live ClassLoader for loading potentially unsafe class : com.project.biddingSoft.model.User
13:42:07.699 [main] DEBUG org.hibernate.mapping.PrimaryKey - Forcing column [id] to be non-null as it is part of the primary key for table [lot]
13:42:07.733 [main] DEBUG o.h.internal.SessionFactoryImpl - Building session factory
13:42:07.734 [main] DEBUG org.hibernate.cfg.Settings - SessionFactory name : null
13:42:07.734 [main] DEBUG org.hibernate.cfg.Settings - Automatic flush during beforeCompletion(): enabled
13:42:07.734 [main] DEBUG org.hibernate.cfg.Settings - Automatic session close at end of transaction: disabled
13:42:07.734 [main] DEBUG org.hibernate.cfg.Settings - Statistics: disabled
13:42:07.734 [main] DEBUG org.hibernate.cfg.Settings - Deleted entity synthetic identifier rollback: disabled
13:42:07.734 [main] DEBUG org.hibernate.cfg.Settings - Default entity-mode: pojo
13:42:07.734 [main] DEBUG org.hibernate.cfg.Settings - Check Nullability in Core (should be disabled when Bean Validation is on): enabled
13:42:07.734 [main] DEBUG org.hibernate.cfg.Settings - Allow initialization of lazy state outside session : disabled
13:42:07.734 [main] DEBUG org.hibernate.cfg.Settings - Using BatchFetchStyle : LEGACY
13:42:07.735 [main] DEBUG org.hibernate.cfg.Settings - Default batch fetch size: -1
13:42:07.735 [main] DEBUG org.hibernate.cfg.Settings - Maximum outer join fetch depth: null
13:42:07.735 [main] DEBUG org.hibernate.cfg.Settings - Default null ordering: NONE
13:42:07.735 [main] DEBUG org.hibernate.cfg.Settings - Order SQL updates by primary key: disabled
13:42:07.735 [main] DEBUG org.hibernate.cfg.Settings - Order SQL inserts for batching: disabled
13:42:07.735 [main] DEBUG org.hibernate.cfg.Settings - multi-tenancy strategy : NONE
13:42:07.735 [main] DEBUG org.hibernate.cfg.Settings - JTA Track by Thread: enabled
13:42:07.735 [main] DEBUG org.hibernate.cfg.Settings - Query language substitutions: {}
13:42:07.735 [main] DEBUG org.hibernate.cfg.Settings - Named query checking : enabled
13:42:07.735 [main] DEBUG org.hibernate.cfg.Settings - Second-level cache: disabled
13:42:07.735 [main] DEBUG org.hibernate.cfg.Settings - Second-level query cache: disabled
13:42:07.735 [main] DEBUG org.hibernate.cfg.Settings - Second-level query cache factory: null
13:42:07.735 [main] DEBUG org.hibernate.cfg.Settings - Second-level cache region prefix: null
13:42:07.735 [main] DEBUG org.hibernate.cfg.Settings - Optimize second-level cache for minimal puts: disabled
13:42:07.735 [main] DEBUG org.hibernate.cfg.Settings - Structured second-level cache entries: disabled
13:42:07.735 [main] DEBUG org.hibernate.cfg.Settings - Second-level cache direct-reference entries: disabled
13:42:07.735 [main] DEBUG org.hibernate.cfg.Settings - Automatic eviction of collection cache: disabled
13:42:07.736 [main] DEBUG org.hibernate.cfg.Settings - JDBC batch size: 15
13:42:07.736 [main] DEBUG org.hibernate.cfg.Settings - JDBC batch updates for versioned data: enabled
13:42:07.736 [main] DEBUG org.hibernate.cfg.Settings - Scrollable result sets: enabled
13:42:07.736 [main] DEBUG org.hibernate.cfg.Settings - Wrap result sets: disabled
13:42:07.736 [main] DEBUG org.hibernate.cfg.Settings - JDBC3 getGeneratedKeys(): enabled
13:42:07.736 [main] DEBUG org.hibernate.cfg.Settings - JDBC result set fetch size: null
13:42:07.736 [main] DEBUG org.hibernate.cfg.Settings - Connection release mode: ON_CLOSE
13:42:07.736 [main] DEBUG org.hibernate.cfg.Settings - Generate SQL with comments: disabled
13:42:07.736 [main] DEBUG org.hibernate.cfg.Settings - JPA compliance - query : disabled
13:42:07.736 [main] DEBUG org.hibernate.cfg.Settings - JPA compliance - closed-handling : disabled
13:42:07.736 [main] DEBUG org.hibernate.cfg.Settings - JPA compliance - lists : disabled
13:42:07.736 [main] DEBUG org.hibernate.cfg.Settings - JPA compliance - transactions : disabled
13:42:07.784 [main] DEBUG o.h.internal.SessionFactoryImpl - Session factory constructed with filter configurations : {}
13:42:07.784 [main] DEBUG o.h.internal.SessionFactoryImpl - Instantiating session factory with properties: {hibernate.id.new_generator_mappings=true, java.specification.version=15, sun.cpu.isalist=amd64, hibernate.resource.beans.container=org.springframework.orm.hibernate5.SpringBeanContainer@6cf047cf, hibernate.connection.handling_mode=DELAYED_ACQUISITION_AND_HOLD, sun.jnu.encoding=Cp1252, hibernate.implicit_naming_strategy=org.springframework.boot.orm.jpa.hibernate.SpringImplicitNamingStrategy, java.class.path=C:\Users\nuche\Documents\StuProj\java\biddingSoft\target\classes;C:\Users\nuche\.m2\repository\org\springframework\boot\spring-boot-starter-data-jpa\2.4.3\spring-boot-starter-data-jpa-2.4.3.jar;C:\Users\nuche\.m2\repository\org\springframework\boot\spring-boot-starter-aop\2.4.3\spring-boot-starter-aop-2.4.3.jar;C:\Users\nuche\.m2\repository\org\aspectj\aspectjweaver\1.9.6\aspectjweaver-1.9.6.jar;C:\Users\nuche\.m2\repository\org\springframework\boot\spring-boot-starter-jdbc\2.4.3\spring-boot-starter-jdbc-2.4.3.jar;C:\Users\nuche\.m2\repository\com\zaxxer\HikariCP\3.4.5\HikariCP-3.4.5.jar;C:\Users\nuche\.m2\repository\org\springframework\spring-jdbc\5.3.4\spring-jdbc-5.3.4.jar;C:\Users\nuche\.m2\repository\jakarta\transaction\jakarta.transaction-api\1.3.3\jakarta.transaction-api-1.3.3.jar;C:\Users\nuche\.m2\repository\jakarta\persistence\jakarta.persistence-api\2.2.3\jakarta.persistence-api-2.2.3.jar;C:\Users\nuche\.m2\repository\org\hibernate\hibernate-core\5.4.28.Final\hibernate-core-5.4.28.Final.jar;C:\Users\nuche\.m2\repository\org\jboss\logging\jboss-logging\3.4.1.Final\jboss-logging-3.4.1.Final.jar;C:\Users\nuche\.m2\repository\org\javassist\javassist\3.27.0-GA\javassist-3.27.0-GA.jar;C:\Users\nuche\.m2\repository\net\bytebuddy\byte-buddy\1.10.20\byte-buddy-1.10.20.jar;C:\Users\nuche\.m2\repository\antlr\antlr\2.7.7\antlr-2.7.7.jar;C:\Users\nuche\.m2\repository\org\jboss\jandex\2.2.3.Final\jandex-2.2.3.Final.jar;C:\Users\nuche\.m2\repository\com\fasterxml\classmate\1.5.1\classmate-1.5.1.jar;C:\Users\nuche\.m2\repository\org\dom4j\dom4j\2.1.3\dom4j-2.1.3.jar;C:\Users\nuche\.m2\repository\org\hibernate\common\hibernate-commons-annotations\5.1.2.Final\hibernate-commons-annotations-5.1.2.Final.jar;C:\Users\nuche\.m2\repository\org\glassfish\jaxb\jaxb-runtime\2.3.3\jaxb-runtime-2.3.3.jar;C:\Users\nuche\.m2\repository\org\glassfish\jaxb\txw2\2.3.3\txw2-2.3.3.jar;C:\Users\nuche\.m2\repository\com\sun\istack\istack-commons-runtime\3.0.11\istack-commons-runtime-3.0.11.jar;C:\Users\nuche\.m2\repository\org\springframework\data\spring-data-jpa\2.4.5\spring-data-jpa-2.4.5.jar;C:\Users\nuche\.m2\repository\org\springframework\data\spring-data-commons\2.4.5\spring-data-commons-2.4.5.jar;C:\Users\nuche\.m2\repository\org\springframework\spring-orm\5.3.4\spring-orm-5.3.4.jar;C:\Users\nuche\.m2\repository\org\springframework\spring-context\5.3.4\spring-context-5.3.4.jar;C:\Users\nuche\.m2\repository\org\springframework\spring-tx\5.3.4\spring-tx-5.3.4.jar;C:\Users\nuche\.m2\repository\org\springframework\spring-beans\5.3.4\spring-beans-5.3.4.jar;C:\Users\nuche\.m2\repository\org\slf4j\slf4j-api\1.7.30\slf4j-api-1.7.30.jar;C:\Users\nuche\.m2\repository\org\springframework\spring-aspects\5.3.4\spring-aspects-5.3.4.jar;C:\Users\nuche\.m2\repository\org\springframework\boot\spring-boot-starter-mail\2.4.3\spring-boot-starter-mail-2.4.3.jar;C:\Users\nuche\.m2\repository\org\springframework\boot\spring-boot-starter\2.4.3\spring-boot-starter-2.4.3.jar;C:\Users\nuche\.m2\repository\org\springframework\boot\spring-boot\2.4.3\spring-boot-2.4.3.jar;C:\Users\nuche\.m2\repository\org\springframework\boot\spring-boot-autoconfigure\2.4.3\spring-boot-autoconfigure-2.4.3.jar;C:\Users\nuche\.m2\repository\org\springframework\boot\spring-boot-starter-logging\2.4.3\spring-boot-starter-logging-2.4.3.jar;C:\Users\nuche\.m2\repository\ch\qos\logback\logback-classic\1.2.3\logback-classic-1.2.3.jar;C:\Users\nuche\.m2\repository\ch\qos\logback\logback-core\1.2.3\logback-core-1.2.3.jar;C:\Users\nuche\.m2\repository\org\apache\logging\log4j\log4j-to-slf4j\2.13.3\log4j-to-slf4j-2.13.3.jar;C:\Users\nuche\.m2\repository\org\apache\logging\log4j\log4j-api\2.13.3\log4j-api-2.13.3.jar;C:\Users\nuche\.m2\repository\org\slf4j\jul-to-slf4j\1.7.30\jul-to-slf4j-1.7.30.jar;C:\Users\nuche\.m2\repository\org\yaml\snakeyaml\1.27\snakeyaml-1.27.jar;C:\Users\nuche\.m2\repository\org\springframework\spring-context-support\5.3.4\spring-context-support-5.3.4.jar;C:\Users\nuche\.m2\repository\com\sun\mail\jakarta.mail\1.6.5\jakarta.mail-1.6.5.jar;C:\Users\nuche\.m2\repository\com\sun\activation\jakarta.activation\1.2.2\jakarta.activation-1.2.2.jar;C:\Users\nuche\.m2\repository\org\springframework\boot\spring-boot-starter-security\2.4.3\spring-boot-starter-security-2.4.3.jar;C:\Users\nuche\.m2\repository\org\springframework\spring-aop\5.3.4\spring-aop-5.3.4.jar;C:\Users\nuche\.m2\repository\org\springframework\security\spring-security-config\5.4.5\spring-security-config-5.4.5.jar;C:\Users\nuche\.m2\repository\org\springframework\security\spring-security-web\5.4.5\spring-security-web-5.4.5.jar;C:\Users\nuche\.m2\repository\org\springframework\spring-expression\5.3.4\spring-expression-5.3.4.jar;C:\Users\nuche\.m2\repository\org\springframework\boot\spring-boot-starter-web\2.4.3\spring-boot-starter-web-2.4.3.jar;C:\Users\nuche\.m2\repository\org\springframework\boot\spring-boot-starter-json\2.4.3\spring-boot-starter-json-2.4.3.jar;C:\Users\nuche\.m2\repository\com\fasterxml\jackson\core\jackson-databind\2.11.4\jackson-databind-2.11.4.jar;C:\Users\nuche\.m2\repository\com\fasterxml\jackson\core\jackson-annotations\2.11.4\jackson-annotations-2.11.4.jar;C:\Users\nuche\.m2\repository\com\fasterxml\jackson\core\jackson-core\2.11.4\jackson-core-2.11.4.jar;C:\Users\nuche\.m2\repository\com\fasterxml\jackson\datatype\jackson-datatype-jdk8\2.11.4\jackson-datatype-jdk8-2.11.4.jar;C:\Users\nuche\.m2\repository\com\fasterxml\jackson\datatype\jackson-datatype-jsr310\2.11.4\jackson-datatype-jsr310-2.11.4.jar;C:\Users\nuche\.m2\repository\com\fasterxml\jackson\module\jackson-module-parameter-names\2.11.4\jackson-module-parameter-names-2.11.4.jar;C:\Users\nuche\.m2\repository\org\springframework\spring-web\5.3.4\spring-web-5.3.4.jar;C:\Users\nuche\.m2\repository\org\springframework\spring-webmvc\5.3.4\spring-webmvc-5.3.4.jar;C:\Users\nuche\.m2\repository\com\h2database\h2\1.4.200\h2-1.4.200.jar;C:\Users\nuche\.m2\repository\org\springframework\boot\spring-boot-starter-tomcat\2.4.3\spring-boot-starter-tomcat-2.4.3.jar;C:\Users\nuche\.m2\repository\jakarta\annotation\jakarta.annotation-api\1.3.5\jakarta.annotation-api-1.3.5.jar;C:\Users\nuche\.m2\repository\org\apache\tomcat\embed\tomcat-embed-core\9.0.43\tomcat-embed-core-9.0.43.jar;C:\Users\nuche\.m2\repository\org\glassfish\jakarta.el\3.0.3\jakarta.el-3.0.3.jar;C:\Users\nuche\.m2\repository\org\apache\tomcat\embed\tomcat-embed-websocket\9.0.43\tomcat-embed-websocket-9.0.43.jar;C:\Users\nuche\.m2\repository\jakarta\xml\bind\jakarta.xml.bind-api\2.3.3\jakarta.xml.bind-api-2.3.3.jar;C:\Users\nuche\.m2\repository\jakarta\activation\jakarta.activation-api\1.2.2\jakarta.activation-api-1.2.2.jar;C:\Users\nuche\.m2\repository\org\springframework\spring-core\5.3.4\spring-core-5.3.4.jar;C:\Users\nuche\.m2\repository\org\springframework\spring-jcl\5.3.4\spring-jcl-5.3.4.jar;C:\Users\nuche\.m2\repository\org\springframework\security\spring-security-core\5.4.5\spring-security-core-5.4.5.jar;C:\Users\nuche\.m2\repository\org\springframework\boot\spring-boot-starter-thymeleaf\2.4.3\spring-boot-starter-thymeleaf-2.4.3.jar;C:\Users\nuche\.m2\repository\org\thymeleaf\thymeleaf-spring5\3.0.12.RELEASE\thymeleaf-spring5-3.0.12.RELEASE.jar;C:\Users\nuche\.m2\repository\org\thymeleaf\thymeleaf\3.0.12.RELEASE\thymeleaf-3.0.12.RELEASE.jar;C:\Users\nuche\.m2\repository\org\attoparser\attoparser\2.0.5.RELEASE\attoparser-2.0.5.RELEASE.jar;C:\Users\nuche\.m2\repository\org\unbescape\unbescape\1.1.6.RELEASE\unbescape-1.1.6.RELEASE.jar;C:\Users\nuche\.m2\repository\org\thymeleaf\extras\thymeleaf-extras-java8time\3.0.4.RELEASE\thymeleaf-extras-java8time-3.0.4.RELEASE.jar, com.sun.management.jmxremote.authenticate=false, java.vm.vendor=Oracle Corporation, sun.arch.data.model=64, user.variant=, java.vendor.url=https://java.oracle.com/, catalina.useNaming=false, user.timezone=Europe/London, java.vm.specification.version=15, os.name=Windows 10, javax.persistence.validation.mode=AUTO, sun.java.launcher=SUN_STANDARD, user.country=US, sun.boot.library.path=C:\Program Files\Java\jdk-15.0.2\bin, com.sun.management.jmxremote.ssl=false, sun.java.command=com.project.biddingSoft.BiddingSoftwareApplication --spring.output.ansi.enabled=always, spring.application.admin.enabled=true, javax.persistence.nonJtaDataSource=HikariDataSource (HikariPool-1), hibernate.transaction.jta.platform=org.hibernate.engine.transaction.jta.platform.internal.NoJtaPlatform@1c92a549, com.sun.management.jmxremote=, javax.persistence.sharedCache.mode=UNSPECIFIED, jdk.debug=release, sun.cpu.endian=little, spring.boot.project.name=biddingSoft, user.home=C:\Users\nuche, user.language=en, java.specification.vendor=Oracle Corporation, java.version.date=2021-01-19, java.home=C:\Program Files\Java\jdk-15.0.2, file.separator=\, java.vm.compressedOopsMode=Zero based, line.separator=
, java.vm.specification.vendor=Oracle Corporation, java.specification.name=Java Platform API Specification, FILE_LOG_CHARSET=UTF-8, hibernate.transaction.coordinator_class=class org.hibernate.resource.transaction.backend.jdbc.internal.JdbcResourceLocalTransactionCoordinatorBuilderImpl, java.awt.headless=true, hibernate.hbm2ddl.auto=create-drop, user.script=, sun.management.compiler=HotSpot 64-Bit Tiered Compilers, java.runtime.version=15.0.2+7-27, user.name=nuche, spring.jmx.enabled=true, path.separator=;, os.version=10.0, java.runtime.name=Java(TM) SE Runtime Environment, file.encoding=UTF-8, hibernate.ejb.persistenceUnitName=default, spring.beaninfo.ignore=true, java.vm.name=Java HotSpot(TM) 64-Bit Server VM, java.vendor.url.bug=https://bugreport.java.com/bugreport/, java.io.tmpdir=C:\Users\nuche\AppData\Local\Temp\, com.zaxxer.hikari.pool_number=1, catalina.home=C:\Users\nuche\AppData\Local\Temp\tomcat.8080.14356443675457786065, com.sun.management.jmxremote.port=51483, java.version=15.0.2, hibernate.physical_naming_strategy=org.springframework.boot.orm.jpa.hibernate.SpringPhysicalNamingStrategy, user.dir=C:\Users\nuche\Documents\StuProj\java\biddingSoft, os.arch=amd64, java.vm.specification.name=Java Virtual Machine Specification, PID=15084, sun.os.patch.level=, CONSOLE_LOG_CHARSET=UTF-8, catalina.base=C:\Users\nuche\AppData\Local\Temp\tomcat.8080.14356443675457786065, hibernate.boot.CfgXmlAccessService.key=org.hibernate.boot.registry.StandardServiceRegistryBuilder$1@323e026d, java.library.path=C:\Program Files\Java\jdk-15.0.2\bin;C:\Windows\Sun\Java\bin;C:\Windows\system32;C:\Windows;C:\Program Files (x86)\Common Files\Oracle\Java\javapath;C:\Program Files\Common Files\Oracle\Java\javapath;C:\Python38\Scripts\;C:\Python38\;C:\Windows\system32;C:\Windows;C:\Windows\System32\Wbem;C:\Windows\System32\WindowsPowerShell\v1.0\;C:\Windows\System32\OpenSSH\;C:\Program Files\Git\cmd;C:\Program Files\Microsoft SQL Server\130\Tools\Binn\;C:\Program Files\nodejs\;C:\ProgramData\chocolatey\bin;C:\Program Files\swipl\bin;C:\Program Files\JetBrains\GoLand 2020.1.2\bin;C:\Go\bin;C:\TDM-GCC-64\bin;C:\Program Files (x86)\sbt\bin;C:\Users\nuche\sdk;C:\Program Files\dotnet\;C:\Program Files\dotnet\sdk\5.0.100;C:\Program Files\Microsoft SQL Server\Client SDK\ODBC\170\Tools\Binn\;%M2%;C:\Program Files\spring-2.4.3\bin;C:\Users\nuche\AppData\Local\Microsoft\WindowsApps;C:\Program Files\JetBrains\WebStorm 2019.3.3\bin;C:\Users\nuche\AppData\Roaming\npm;C:\Users\nuche\.dotnet\tools;C:\Program Files\JetBrains\IntelliJ IDEA 2020.1.1\bin;C:\Program Files\JetBrains\GoLand 2020.1.2\bin;C:\Users\nuche\go\bin;C:\Users\nuche\AppData\Local\GitHubDesktop\bin;C:\Users\nuche\AppData\Roaming\Dashlane\6.2026.0.36165\bin\Firefox_Extension\{442718d9-475e-452a-b3e1-fb1ee16b8e9f}\components;C:\Users\nuche\AppData\Roaming\Dashlane\6.2026.0.36165\ucrt;C:\Users\nuche\AppData\Roaming\Dashlane\6.2026.0.36165\bin\Qt;C:\Users\nuche\AppData\Roaming\Dashlane\6.2026.0.36165\ucrt;C:\Users\nuche\AppData\Roaming\Dashlane\6.2026.0.36165\bin\Ssl;C:\Users\nuche\AppData\Local\atom\bin;C:\MinGW\bin;C:\Users\nuche\.dotnet\tools;C:\Program Files\dotnet\sdk\5.0.100;C:\Program Files\Java\jdk-15.0.2\bin;C:\Program Files\apache-maven-3.6.3\bin;C:\Program Files\spring-2.4.3\bin;;., java.vendor=Oracle Corporation, java.vm.info=mixed mode, sharing, java.vm.version=15.0.2+7-27, hibernate.bytecode.use_reflection_optimizer=false, java.rmi.server.randomIDs=true, java.rmi.server.hostname=localhost, sun.io.unicode.encoding=UnicodeLittle, hibernate.archive.scanner=org.hibernate.boot.archive.scan.internal.DisabledScanner, hibernate.connection.datasource=HikariDataSource (HikariPool-1), java.class.version=59.0}
13:42:07.795 [main] DEBUG o.h.secure.spi.JaccIntegrator - Skipping JACC integration as it was not enabled
13:42:07.796 [main] DEBUG o.h.internal.SessionFactoryImpl - HHH000031: Closing
13:42:07.797 [main] DEBUG o.h.internal.SessionFactoryRegistry - Initializing SessionFactoryRegistry : org.hibernate.internal.SessionFactoryRegistry@44aed6a4
13:42:07.799 [main] DEBUG o.h.s.i.AbstractServiceRegistryImpl - Implicitly destroying ServiceRegistry on de-registration of all child ServiceRegistries
13:42:07.799 [main] DEBUG o.h.b.r.i.BootstrapServiceRegistryImpl - Implicitly destroying Boot-strap registry on de-registration of all child ServiceRegistries
13:42:07.800 [main] ERROR o.s.o.j.LocalContainerEntityManagerFactoryBean - Failed to initialize JPA EntityManagerFactory: [PersistenceUnit: default] Unable to build Hibernate SessionFactory; nested exception is org.hibernate.MappingException: Could not determine type for: java.util.List, at table: lot, for columns: [org.hibernate.mapping.Column(bid_list)]
13:42:07.800 [main] WARN  o.s.b.w.s.c.AnnotationConfigServletWebServerApplicationContext - Exception encountered during context initialization - cancelling refresh attempt: org.springframework.beans.factory.BeanCreationException: Error creating bean with name 'entityManagerFactory' defined in class path resource [org/springframework/boot/autoconfigure/orm/jpa/HibernateJpaConfiguration.class]: Invocation of init method failed; nested exception is javax.persistence.PersistenceException: [PersistenceUnit: default] Unable to build Hibernate SessionFactory; nested exception is org.hibernate.MappingException: Could not determine type for: java.util.List, at table: lot, for columns: [org.hibernate.mapping.Column(bid_list)]
13:42:07.800 [main] INFO  com.zaxxer.hikari.HikariDataSource - HikariPool-1 - Shutdown initiated...
13:42:07.800 [main] DEBUG com.zaxxer.hikari.pool.HikariPool - HikariPool-1 - Before shutdown stats (total=10, active=0, idle=10, waiting=0)
13:42:07.801 [HikariPool-1 connection closer] DEBUG com.zaxxer.hikari.pool.PoolBase - HikariPool-1 - Closing connection conn0: url=jdbc:h2:mem:3de30e8a-ca6e-4439-91ef-ce71730940b2 user=SA: (connection evicted)
13:42:07.802 [HikariPool-1 connection closer] DEBUG com.zaxxer.hikari.pool.PoolBase - HikariPool-1 - Closing connection conn1: url=jdbc:h2:mem:3de30e8a-ca6e-4439-91ef-ce71730940b2 user=SA: (connection evicted)
13:42:07.802 [HikariPool-1 connection closer] DEBUG com.zaxxer.hikari.pool.PoolBase - HikariPool-1 - Closing connection conn2: url=jdbc:h2:mem:3de30e8a-ca6e-4439-91ef-ce71730940b2 user=SA: (connection evicted)
13:42:07.802 [HikariPool-1 connection closer] DEBUG com.zaxxer.hikari.pool.PoolBase - HikariPool-1 - Closing connection conn3: url=jdbc:h2:mem:3de30e8a-ca6e-4439-91ef-ce71730940b2 user=SA: (connection evicted)
13:42:07.802 [HikariPool-1 connection closer] DEBUG com.zaxxer.hikari.pool.PoolBase - HikariPool-1 - Closing connection conn4: url=jdbc:h2:mem:3de30e8a-ca6e-4439-91ef-ce71730940b2 user=SA: (connection evicted)
13:42:07.802 [HikariPool-1 connection closer] DEBUG com.zaxxer.hikari.pool.PoolBase - HikariPool-1 - Closing connection conn5: url=jdbc:h2:mem:3de30e8a-ca6e-4439-91ef-ce71730940b2 user=SA: (connection evicted)
13:42:07.802 [HikariPool-1 connection closer] DEBUG com.zaxxer.hikari.pool.PoolBase - HikariPool-1 - Closing connection conn6: url=jdbc:h2:mem:3de30e8a-ca6e-4439-91ef-ce71730940b2 user=SA: (connection evicted)
13:42:07.802 [HikariPool-1 connection closer] DEBUG com.zaxxer.hikari.pool.PoolBase - HikariPool-1 - Closing connection conn7: url=jdbc:h2:mem:3de30e8a-ca6e-4439-91ef-ce71730940b2 user=SA: (connection evicted)
13:42:07.802 [HikariPool-1 connection closer] DEBUG com.zaxxer.hikari.pool.PoolBase - HikariPool-1 - Closing connection conn8: url=jdbc:h2:mem:3de30e8a-ca6e-4439-91ef-ce71730940b2 user=SA: (connection evicted)
13:42:07.802 [HikariPool-1 connection closer] DEBUG com.zaxxer.hikari.pool.PoolBase - HikariPool-1 - Closing connection conn9: url=jdbc:h2:mem:3de30e8a-ca6e-4439-91ef-ce71730940b2 user=SA: (connection evicted)
13:42:07.802 [main] DEBUG com.zaxxer.hikari.pool.HikariPool - HikariPool-1 - After shutdown stats (total=0, active=0, idle=0, waiting=0)
13:42:07.802 [main] INFO  com.zaxxer.hikari.HikariDataSource - HikariPool-1 - Shutdown completed.
13:42:07.804 [main] INFO  o.a.catalina.core.StandardService - Stopping service [Tomcat]
13:42:07.815 [main] INFO  o.s.b.a.l.ConditionEvaluationReportLoggingListener - 

Error starting ApplicationContext. To display the conditions report re-run your application with 'debug' enabled.
13:42:07.830 [main] ERROR o.s.boot.SpringApplication - Application run failed
org.springframework.beans.factory.BeanCreationException: Error creating bean with name 'entityManagerFactory' defined in class path resource [org/springframework/boot/autoconfigure/orm/jpa/HibernateJpaConfiguration.class]: Invocation of init method failed; nested exception is javax.persistence.PersistenceException: [PersistenceUnit: default] Unable to build Hibernate SessionFactory; nested exception is org.hibernate.MappingException: Could not determine type for: java.util.List, at table: lot, for columns: [org.hibernate.mapping.Column(bid_list)]
	at org.springframework.beans.factory.support.AbstractAutowireCapableBeanFactory.initializeBean(AbstractAutowireCapableBeanFactory.java:1786)
	at org.springframework.beans.factory.support.AbstractAutowireCapableBeanFactory.doCreateBean(AbstractAutowireCapableBeanFactory.java:602)
	at org.springframework.beans.factory.support.AbstractAutowireCapableBeanFactory.createBean(AbstractAutowireCapableBeanFactory.java:524)
	at org.springframework.beans.factory.support.AbstractBeanFactory.lambda$doGetBean$0(AbstractBeanFactory.java:335)
	at org.springframework.beans.factory.support.DefaultSingletonBeanRegistry.getSingleton(DefaultSingletonBeanRegistry.java:234)
	at org.springframework.beans.factory.support.AbstractBeanFactory.doGetBean(AbstractBeanFactory.java:333)
	at org.springframework.beans.factory.support.AbstractBeanFactory.getBean(AbstractBeanFactory.java:208)
	at org.springframework.context.support.AbstractApplicationContext.getBean(AbstractApplicationContext.java:1153)
	at org.springframework.context.support.AbstractApplicationContext.finishBeanFactoryInitialization(AbstractApplicationContext.java:907)
	at org.springframework.context.support.AbstractApplicationContext.refresh(AbstractApplicationContext.java:582)
	at org.springframework.boot.web.servlet.context.ServletWebServerApplicationContext.refresh(ServletWebServerApplicationContext.java:144)
	at org.springframework.boot.SpringApplication.refresh(SpringApplication.java:767)
	at org.springframework.boot.SpringApplication.refresh(SpringApplication.java:759)
	at org.springframework.boot.SpringApplication.refreshContext(SpringApplication.java:426)
	at org.springframework.boot.SpringApplication.run(SpringApplication.java:326)
	at org.springframework.boot.SpringApplication.run(SpringApplication.java:1311)
	at org.springframework.boot.SpringApplication.run(SpringApplication.java:1300)
	at com.project.biddingSoft.BiddingSoftwareApplication.main(BiddingSoftwareApplication.java:25)
Caused by: javax.persistence.PersistenceException: [PersistenceUnit: default] Unable to build Hibernate SessionFactory; nested exception is org.hibernate.MappingException: Could not determine type for: java.util.List, at table: lot, for columns: [org.hibernate.mapping.Column(bid_list)]
	at org.springframework.orm.jpa.AbstractEntityManagerFactoryBean.buildNativeEntityManagerFactory(AbstractEntityManagerFactoryBean.java:421)
	at org.springframework.orm.jpa.AbstractEntityManagerFactoryBean.afterPropertiesSet(AbstractEntityManagerFactoryBean.java:396)
	at org.springframework.orm.jpa.LocalContainerEntityManagerFactoryBean.afterPropertiesSet(LocalContainerEntityManagerFactoryBean.java:341)
	at org.springframework.beans.factory.support.AbstractAutowireCapableBeanFactory.invokeInitMethods(AbstractAutowireCapableBeanFactory.java:1845)
	at org.springframework.beans.factory.support.AbstractAutowireCapableBeanFactory.initializeBean(AbstractAutowireCapableBeanFactory.java:1782)
	... 17 common frames omitted
Caused by: org.hibernate.MappingException: Could not determine type for: java.util.List, at table: lot, for columns: [org.hibernate.mapping.Column(bid_list)]
	at org.hibernate.mapping.SimpleValue.getType(SimpleValue.java:499)
	at org.hibernate.mapping.SimpleValue.isValid(SimpleValue.java:466)
	at org.hibernate.mapping.Property.isValid(Property.java:227)
	at org.hibernate.mapping.PersistentClass.validate(PersistentClass.java:624)
	at org.hibernate.mapping.RootClass.validate(RootClass.java:267)
	at org.hibernate.boot.internal.MetadataImpl.validate(MetadataImpl.java:354)
	at org.hibernate.internal.SessionFactoryImpl.<init>(SessionFactoryImpl.java:298)
	at org.hibernate.boot.internal.SessionFactoryBuilderImpl.build(SessionFactoryBuilderImpl.java:468)
	at org.hibernate.jpa.boot.internal.EntityManagerFactoryBuilderImpl.build(EntityManagerFactoryBuilderImpl.java:1259)
	at org.springframework.orm.jpa.vendor.SpringHibernateJpaPersistenceProvider.createContainerEntityManagerFactory(SpringHibernateJpaPersistenceProvider.java:58)
	at org.springframework.orm.jpa.LocalContainerEntityManagerFactoryBean.createNativeEntityManagerFactory(LocalContainerEntityManagerFactoryBean.java:365)
	at org.springframework.orm.jpa.AbstractEntityManagerFactoryBean.buildNativeEntityManagerFactory(AbstractEntityManagerFactoryBean.java:409)
	... 21 common frames omitted
