17:06:48.840 [restartedMain] INFO  c.p.b.BiddingSoftwareApplication - Starting BiddingSoftwareApplication using Java 15.0.2 on DESKTOP-AEM1CBO with PID 8608 (C:\Users\nuche\Documents\StuProj\java\biddingSoft\target\classes started by nuche in C:\Users\nuche\Documents\StuProj\java\biddingSoft)
17:06:48.842 [restartedMain] DEBUG c.p.b.BiddingSoftwareApplication - Running with Spring Boot v2.4.3, Spring v5.3.4
17:06:48.842 [restartedMain] INFO  c.p.b.BiddingSoftwareApplication - No active profile set, falling back to default profiles: default
17:06:48.869 [restartedMain] INFO  o.s.b.d.e.DevToolsPropertyDefaultsPostProcessor - Devtools property defaults active! Set 'spring.devtools.add-properties' to 'false' to disable
17:06:48.870 [restartedMain] INFO  o.s.b.d.e.DevToolsPropertyDefaultsPostProcessor - For additional web related logging consider setting the 'logging.level.web' property to 'DEBUG'
17:06:49.320 [restartedMain] INFO  o.s.d.r.c.RepositoryConfigurationDelegate - Bootstrapping Spring Data JPA repositories in DEFAULT mode.
17:06:49.358 [restartedMain] INFO  o.s.d.r.c.RepositoryConfigurationDelegate - Finished Spring Data repository scanning in 32 ms. Found 2 JPA repository interfaces.
17:06:49.823 [restartedMain] INFO  o.s.b.w.e.tomcat.TomcatWebServer - Tomcat initialized with port(s): 8080 (http)
17:06:49.829 [restartedMain] INFO  o.a.coyote.http11.Http11NioProtocol - Initializing ProtocolHandler ["http-nio-8080"]
17:06:49.829 [restartedMain] INFO  o.a.catalina.core.StandardService - Starting service [Tomcat]
17:06:49.829 [restartedMain] INFO  o.a.catalina.core.StandardEngine - Starting Servlet engine: [Apache Tomcat/9.0.43]
17:06:49.908 [restartedMain] INFO  o.a.c.c.C.[Tomcat].[localhost].[/] - Initializing Spring embedded WebApplicationContext
17:06:49.908 [restartedMain] INFO  o.s.b.w.s.c.ServletWebServerApplicationContext - Root WebApplicationContext: initialization completed in 1038 ms
17:06:49.933 [restartedMain] DEBUG com.zaxxer.hikari.HikariConfig - Driver class com.mysql.cj.jdbc.Driver found in Thread context class loader TomcatEmbeddedWebappClassLoader
  context: ROOT
  delegate: true
----------> Parent Classloader:
org.springframework.boot.devtools.restart.classloader.RestartClassLoader@3e09546c

17:06:49.955 [restartedMain] DEBUG com.zaxxer.hikari.HikariConfig - HikariPool-1 - configuration:
17:06:49.956 [restartedMain] DEBUG com.zaxxer.hikari.HikariConfig - allowPoolSuspension.............false
17:06:49.956 [restartedMain] DEBUG com.zaxxer.hikari.HikariConfig - autoCommit......................true
17:06:49.957 [restartedMain] DEBUG com.zaxxer.hikari.HikariConfig - catalog.........................none
17:06:49.957 [restartedMain] DEBUG com.zaxxer.hikari.HikariConfig - connectionInitSql...............none
17:06:49.957 [restartedMain] DEBUG com.zaxxer.hikari.HikariConfig - connectionTestQuery.............none
17:06:49.957 [restartedMain] DEBUG com.zaxxer.hikari.HikariConfig - connectionTimeout...............30000
17:06:49.957 [restartedMain] DEBUG com.zaxxer.hikari.HikariConfig - dataSource......................none
17:06:49.957 [restartedMain] DEBUG com.zaxxer.hikari.HikariConfig - dataSourceClassName.............none
17:06:49.957 [restartedMain] DEBUG com.zaxxer.hikari.HikariConfig - dataSourceJNDI..................none
17:06:49.957 [restartedMain] DEBUG com.zaxxer.hikari.HikariConfig - dataSourceProperties............{password=<masked>}
17:06:49.957 [restartedMain] DEBUG com.zaxxer.hikari.HikariConfig - driverClassName................."com.mysql.cj.jdbc.Driver"
17:06:49.957 [restartedMain] DEBUG com.zaxxer.hikari.HikariConfig - exceptionOverrideClassName......none
17:06:49.957 [restartedMain] DEBUG com.zaxxer.hikari.HikariConfig - healthCheckProperties...........{}
17:06:49.957 [restartedMain] DEBUG com.zaxxer.hikari.HikariConfig - healthCheckRegistry.............none
17:06:49.957 [restartedMain] DEBUG com.zaxxer.hikari.HikariConfig - idleTimeout.....................600000
17:06:49.957 [restartedMain] DEBUG com.zaxxer.hikari.HikariConfig - initializationFailTimeout.......1
17:06:49.957 [restartedMain] DEBUG com.zaxxer.hikari.HikariConfig - isolateInternalQueries..........false
17:06:49.957 [restartedMain] DEBUG com.zaxxer.hikari.HikariConfig - jdbcUrl.........................jdbc:mysql://localhost:3306/biddingSoft
17:06:49.958 [restartedMain] DEBUG com.zaxxer.hikari.HikariConfig - leakDetectionThreshold..........0
17:06:49.958 [restartedMain] DEBUG com.zaxxer.hikari.HikariConfig - maxLifetime.....................1800000
17:06:49.958 [restartedMain] DEBUG com.zaxxer.hikari.HikariConfig - maximumPoolSize.................10
17:06:49.958 [restartedMain] DEBUG com.zaxxer.hikari.HikariConfig - metricRegistry..................none
17:06:49.958 [restartedMain] DEBUG com.zaxxer.hikari.HikariConfig - metricsTrackerFactory...........none
17:06:49.958 [restartedMain] DEBUG com.zaxxer.hikari.HikariConfig - minimumIdle.....................10
17:06:49.958 [restartedMain] DEBUG com.zaxxer.hikari.HikariConfig - password........................<masked>
17:06:49.958 [restartedMain] DEBUG com.zaxxer.hikari.HikariConfig - poolName........................"HikariPool-1"
17:06:49.958 [restartedMain] DEBUG com.zaxxer.hikari.HikariConfig - readOnly........................false
17:06:49.958 [restartedMain] DEBUG com.zaxxer.hikari.HikariConfig - registerMbeans..................false
17:06:49.958 [restartedMain] DEBUG com.zaxxer.hikari.HikariConfig - scheduledExecutor...............none
17:06:49.958 [restartedMain] DEBUG com.zaxxer.hikari.HikariConfig - schema..........................none
17:06:49.958 [restartedMain] DEBUG com.zaxxer.hikari.HikariConfig - threadFactory...................internal
17:06:49.958 [restartedMain] DEBUG com.zaxxer.hikari.HikariConfig - transactionIsolation............default
17:06:49.958 [restartedMain] DEBUG com.zaxxer.hikari.HikariConfig - username........................"root"
17:06:49.958 [restartedMain] DEBUG com.zaxxer.hikari.HikariConfig - validationTimeout...............5000
17:06:49.958 [restartedMain] INFO  com.zaxxer.hikari.HikariDataSource - HikariPool-1 - Starting...
17:06:50.201 [restartedMain] DEBUG com.zaxxer.hikari.pool.HikariPool - HikariPool-1 - Added connection com.mysql.cj.jdbc.ConnectionImpl@3e10bc44
17:06:50.201 [restartedMain] INFO  com.zaxxer.hikari.HikariDataSource - HikariPool-1 - Start completed.
17:06:50.205 [restartedMain] INFO  o.s.b.a.h.H2ConsoleAutoConfiguration - H2 console available at '/h2-console'. Database available at 'jdbc:mysql://localhost:3306/biddingSoft'
17:06:50.302 [HikariPool-1 housekeeper] DEBUG com.zaxxer.hikari.pool.HikariPool - HikariPool-1 - Pool stats (total=1, active=0, idle=1, waiting=0)
17:06:50.309 [restartedMain] DEBUG org.jboss.logging - Logging Provider: org.jboss.logging.Log4j2LoggerProvider
17:06:50.320 [HikariPool-1 connection adder] DEBUG com.zaxxer.hikari.pool.HikariPool - HikariPool-1 - Added connection com.mysql.cj.jdbc.ConnectionImpl@723fb2c
17:06:50.342 [HikariPool-1 connection adder] DEBUG com.zaxxer.hikari.pool.HikariPool - HikariPool-1 - Added connection com.mysql.cj.jdbc.ConnectionImpl@567012ce
17:06:50.346 [restartedMain] DEBUG o.h.jpa.internal.util.LogHelper - PersistenceUnitInfo [
	name: default
	persistence provider classname: null
	classloader: org.springframework.boot.devtools.restart.classloader.RestartClassLoader@3e09546c
	excludeUnlistedClasses: true
	JTA datasource: null
	Non JTA datasource: HikariDataSource (HikariPool-1)
	Transaction type: RESOURCE_LOCAL
	PU root URL: file:/C:/Users/nuche/Documents/StuProj/java/biddingSoft/target/classes/
	Shared Cache Mode: UNSPECIFIED
	Validation Mode: AUTO
	Jar files URLs []
	Managed classes names [
		com.project.biddingSoft.domain.Bid
		com.project.biddingSoft.domain.Lot
		com.project.biddingSoft.domain.Storable
		com.project.biddingSoft.domain.User]
	Mapping files names []
	Properties []
17:06:50.354 [restartedMain] DEBUG o.h.i.i.IntegratorServiceImpl - Adding Integrator [org.hibernate.cfg.beanvalidation.BeanValidationIntegrator].
17:06:50.355 [restartedMain] DEBUG o.h.i.i.IntegratorServiceImpl - Adding Integrator [org.hibernate.secure.spi.JaccIntegrator].
17:06:50.357 [restartedMain] DEBUG o.h.i.i.IntegratorServiceImpl - Adding Integrator [org.hibernate.cache.internal.CollectionCacheInvalidator].
17:06:50.359 [HikariPool-1 connection adder] DEBUG com.zaxxer.hikari.pool.HikariPool - HikariPool-1 - Added connection com.mysql.cj.jdbc.ConnectionImpl@4d778ac8
17:06:50.375 [HikariPool-1 connection adder] DEBUG com.zaxxer.hikari.pool.HikariPool - HikariPool-1 - Added connection com.mysql.cj.jdbc.ConnectionImpl@523ea81f
17:06:50.381 [restartedMain] INFO  org.hibernate.Version - HHH000412: Hibernate ORM core version 5.4.28.Final
17:06:50.381 [restartedMain] DEBUG org.hibernate.cfg.Environment - HHH000206: hibernate.properties not found
17:06:50.390 [HikariPool-1 connection adder] DEBUG com.zaxxer.hikari.pool.HikariPool - HikariPool-1 - Added connection com.mysql.cj.jdbc.ConnectionImpl@590fce85
17:06:50.405 [HikariPool-1 connection adder] DEBUG com.zaxxer.hikari.pool.HikariPool - HikariPool-1 - Added connection com.mysql.cj.jdbc.ConnectionImpl@b4c3d67
17:06:50.420 [HikariPool-1 connection adder] DEBUG com.zaxxer.hikari.pool.HikariPool - HikariPool-1 - Added connection com.mysql.cj.jdbc.ConnectionImpl@13f375e3
17:06:50.439 [HikariPool-1 connection adder] DEBUG com.zaxxer.hikari.pool.HikariPool - HikariPool-1 - Added connection com.mysql.cj.jdbc.ConnectionImpl@57fd684a
17:06:50.454 [HikariPool-1 connection adder] DEBUG com.zaxxer.hikari.pool.HikariPool - HikariPool-1 - Added connection com.mysql.cj.jdbc.ConnectionImpl@309b75fa
17:06:50.454 [HikariPool-1 connection adder] DEBUG com.zaxxer.hikari.pool.HikariPool - HikariPool-1 - After adding stats (total=10, active=0, idle=10, waiting=0)
17:06:50.456 [restartedMain] DEBUG o.h.service.spi.ServiceBinding - Overriding existing service binding [org.hibernate.secure.spi.JaccService]
17:06:50.463 [restartedMain] DEBUG o.h.c.i.RegionFactoryInitiator - Cannot default RegionFactory based on registered strategies as `[]` RegionFactory strategies were registered
17:06:50.463 [restartedMain] DEBUG o.h.c.i.RegionFactoryInitiator - Cache region factory : org.hibernate.cache.internal.NoCachingRegionFactory
17:06:50.473 [restartedMain] INFO  o.h.annotations.common.Version - HCANN000001: Hibernate Commons Annotations {5.1.2.Final}
17:06:50.491 [restartedMain] DEBUG o.hibernate.type.BasicTypeRegistry - Adding type registration boolean -> org.hibernate.type.BooleanType@270e58e2
17:06:50.491 [restartedMain] DEBUG o.hibernate.type.BasicTypeRegistry - Adding type registration boolean -> org.hibernate.type.BooleanType@270e58e2
17:06:50.491 [restartedMain] DEBUG o.hibernate.type.BasicTypeRegistry - Adding type registration java.lang.Boolean -> org.hibernate.type.BooleanType@270e58e2
17:06:50.491 [restartedMain] DEBUG o.hibernate.type.BasicTypeRegistry - Adding type registration numeric_boolean -> org.hibernate.type.NumericBooleanType@69154e43
17:06:50.491 [restartedMain] DEBUG o.hibernate.type.BasicTypeRegistry - Adding type registration true_false -> org.hibernate.type.TrueFalseType@6cd72934
17:06:50.492 [restartedMain] DEBUG o.hibernate.type.BasicTypeRegistry - Adding type registration yes_no -> org.hibernate.type.YesNoType@2157731e
17:06:50.492 [restartedMain] DEBUG o.hibernate.type.BasicTypeRegistry - Adding type registration byte -> org.hibernate.type.ByteType@1c20c0f6
17:06:50.493 [restartedMain] DEBUG o.hibernate.type.BasicTypeRegistry - Adding type registration byte -> org.hibernate.type.ByteType@1c20c0f6
17:06:50.493 [restartedMain] DEBUG o.hibernate.type.BasicTypeRegistry - Adding type registration java.lang.Byte -> org.hibernate.type.ByteType@1c20c0f6
17:06:50.494 [restartedMain] DEBUG o.hibernate.type.BasicTypeRegistry - Adding type registration character -> org.hibernate.type.CharacterType@2b194662
17:06:50.494 [restartedMain] DEBUG o.hibernate.type.BasicTypeRegistry - Adding type registration char -> org.hibernate.type.CharacterType@2b194662
17:06:50.494 [restartedMain] DEBUG o.hibernate.type.BasicTypeRegistry - Adding type registration java.lang.Character -> org.hibernate.type.CharacterType@2b194662
17:06:50.494 [restartedMain] DEBUG o.hibernate.type.BasicTypeRegistry - Adding type registration short -> org.hibernate.type.ShortType@5971bfb4
17:06:50.494 [restartedMain] DEBUG o.hibernate.type.BasicTypeRegistry - Adding type registration short -> org.hibernate.type.ShortType@5971bfb4
17:06:50.494 [restartedMain] DEBUG o.hibernate.type.BasicTypeRegistry - Adding type registration java.lang.Short -> org.hibernate.type.ShortType@5971bfb4
17:06:50.495 [restartedMain] DEBUG o.hibernate.type.BasicTypeRegistry - Adding type registration integer -> org.hibernate.type.IntegerType@6dbdcd99
17:06:50.495 [restartedMain] DEBUG o.hibernate.type.BasicTypeRegistry - Adding type registration int -> org.hibernate.type.IntegerType@6dbdcd99
17:06:50.495 [restartedMain] DEBUG o.hibernate.type.BasicTypeRegistry - Adding type registration java.lang.Integer -> org.hibernate.type.IntegerType@6dbdcd99
17:06:50.496 [restartedMain] DEBUG o.hibernate.type.BasicTypeRegistry - Adding type registration long -> org.hibernate.type.LongType@474cba58
17:06:50.496 [restartedMain] DEBUG o.hibernate.type.BasicTypeRegistry - Adding type registration long -> org.hibernate.type.LongType@474cba58
17:06:50.496 [restartedMain] DEBUG o.hibernate.type.BasicTypeRegistry - Adding type registration java.lang.Long -> org.hibernate.type.LongType@474cba58
17:06:50.496 [restartedMain] DEBUG o.hibernate.type.BasicTypeRegistry - Adding type registration float -> org.hibernate.type.FloatType@6cae32c0
17:06:50.496 [restartedMain] DEBUG o.hibernate.type.BasicTypeRegistry - Adding type registration float -> org.hibernate.type.FloatType@6cae32c0
17:06:50.496 [restartedMain] DEBUG o.hibernate.type.BasicTypeRegistry - Adding type registration java.lang.Float -> org.hibernate.type.FloatType@6cae32c0
17:06:50.497 [restartedMain] DEBUG o.hibernate.type.BasicTypeRegistry - Adding type registration double -> org.hibernate.type.DoubleType@4f3a89ae
17:06:50.497 [restartedMain] DEBUG o.hibernate.type.BasicTypeRegistry - Adding type registration double -> org.hibernate.type.DoubleType@4f3a89ae
17:06:50.497 [restartedMain] DEBUG o.hibernate.type.BasicTypeRegistry - Adding type registration java.lang.Double -> org.hibernate.type.DoubleType@4f3a89ae
17:06:50.497 [restartedMain] DEBUG o.hibernate.type.BasicTypeRegistry - Adding type registration big_decimal -> org.hibernate.type.BigDecimalType@54df6265
17:06:50.497 [restartedMain] DEBUG o.hibernate.type.BasicTypeRegistry - Adding type registration java.math.BigDecimal -> org.hibernate.type.BigDecimalType@54df6265
17:06:50.498 [restartedMain] DEBUG o.hibernate.type.BasicTypeRegistry - Adding type registration big_integer -> org.hibernate.type.BigIntegerType@7e48da45
17:06:50.498 [restartedMain] DEBUG o.hibernate.type.BasicTypeRegistry - Adding type registration java.math.BigInteger -> org.hibernate.type.BigIntegerType@7e48da45
17:06:50.498 [restartedMain] DEBUG o.hibernate.type.BasicTypeRegistry - Adding type registration string -> org.hibernate.type.StringType@4aa4dab4
17:06:50.498 [restartedMain] DEBUG o.hibernate.type.BasicTypeRegistry - Adding type registration java.lang.String -> org.hibernate.type.StringType@4aa4dab4
17:06:50.499 [restartedMain] DEBUG o.hibernate.type.BasicTypeRegistry - Adding type registration nstring -> org.hibernate.type.StringNVarcharType@2504917a
17:06:50.499 [restartedMain] DEBUG o.hibernate.type.BasicTypeRegistry - Adding type registration ncharacter -> org.hibernate.type.CharacterNCharType@4f5a1393
17:06:50.499 [restartedMain] DEBUG o.hibernate.type.BasicTypeRegistry - Adding type registration url -> org.hibernate.type.UrlType@4f1fb54c
17:06:50.499 [restartedMain] DEBUG o.hibernate.type.BasicTypeRegistry - Adding type registration java.net.URL -> org.hibernate.type.UrlType@4f1fb54c
17:06:50.500 [restartedMain] DEBUG o.hibernate.type.BasicTypeRegistry - Adding type registration Duration -> org.hibernate.type.DurationType@11be39c0
17:06:50.500 [restartedMain] DEBUG o.hibernate.type.BasicTypeRegistry - Adding type registration java.time.Duration -> org.hibernate.type.DurationType@11be39c0
17:06:50.501 [restartedMain] DEBUG o.hibernate.type.BasicTypeRegistry - Adding type registration Instant -> org.hibernate.type.InstantType@1fb588b9
17:06:50.501 [restartedMain] DEBUG o.hibernate.type.BasicTypeRegistry - Adding type registration java.time.Instant -> org.hibernate.type.InstantType@1fb588b9
17:06:50.501 [restartedMain] DEBUG o.hibernate.type.BasicTypeRegistry - Adding type registration LocalDateTime -> org.hibernate.type.LocalDateTimeType@4b636f39
17:06:50.501 [restartedMain] DEBUG o.hibernate.type.BasicTypeRegistry - Adding type registration java.time.LocalDateTime -> org.hibernate.type.LocalDateTimeType@4b636f39
17:06:50.502 [restartedMain] DEBUG o.hibernate.type.BasicTypeRegistry - Adding type registration LocalDate -> org.hibernate.type.LocalDateType@70bd0121
17:06:50.502 [restartedMain] DEBUG o.hibernate.type.BasicTypeRegistry - Adding type registration java.time.LocalDate -> org.hibernate.type.LocalDateType@70bd0121
17:06:50.502 [restartedMain] DEBUG o.hibernate.type.BasicTypeRegistry - Adding type registration LocalTime -> org.hibernate.type.LocalTimeType@5f29ade3
17:06:50.502 [restartedMain] DEBUG o.hibernate.type.BasicTypeRegistry - Adding type registration java.time.LocalTime -> org.hibernate.type.LocalTimeType@5f29ade3
17:06:50.502 [restartedMain] DEBUG o.hibernate.type.BasicTypeRegistry - Adding type registration OffsetDateTime -> org.hibernate.type.OffsetDateTimeType@4354744f
17:06:50.502 [restartedMain] DEBUG o.hibernate.type.BasicTypeRegistry - Adding type registration java.time.OffsetDateTime -> org.hibernate.type.OffsetDateTimeType@4354744f
17:06:50.503 [restartedMain] DEBUG o.hibernate.type.BasicTypeRegistry - Adding type registration OffsetTime -> org.hibernate.type.OffsetTimeType@1cc541ed
17:06:50.503 [restartedMain] DEBUG o.hibernate.type.BasicTypeRegistry - Adding type registration java.time.OffsetTime -> org.hibernate.type.OffsetTimeType@1cc541ed
17:06:50.505 [restartedMain] DEBUG o.hibernate.type.BasicTypeRegistry - Adding type registration ZonedDateTime -> org.hibernate.type.ZonedDateTimeType@4b12a01c
17:06:50.505 [restartedMain] DEBUG o.hibernate.type.BasicTypeRegistry - Adding type registration java.time.ZonedDateTime -> org.hibernate.type.ZonedDateTimeType@4b12a01c
17:06:50.505 [restartedMain] DEBUG o.hibernate.type.BasicTypeRegistry - Adding type registration date -> org.hibernate.type.DateType@66c7d27c
17:06:50.505 [restartedMain] DEBUG o.hibernate.type.BasicTypeRegistry - Adding type registration java.sql.Date -> org.hibernate.type.DateType@66c7d27c
17:06:50.506 [restartedMain] DEBUG o.hibernate.type.BasicTypeRegistry - Adding type registration time -> org.hibernate.type.TimeType@491ca9c4
17:06:50.506 [restartedMain] DEBUG o.hibernate.type.BasicTypeRegistry - Adding type registration java.sql.Time -> org.hibernate.type.TimeType@491ca9c4
17:06:50.506 [restartedMain] DEBUG o.hibernate.type.BasicTypeRegistry - Adding type registration timestamp -> org.hibernate.type.TimestampType@40e12ce7
17:06:50.506 [restartedMain] DEBUG o.hibernate.type.BasicTypeRegistry - Adding type registration java.sql.Timestamp -> org.hibernate.type.TimestampType@40e12ce7
17:06:50.507 [restartedMain] DEBUG o.hibernate.type.BasicTypeRegistry - Adding type registration java.util.Date -> org.hibernate.type.TimestampType@40e12ce7
17:06:50.507 [restartedMain] DEBUG o.hibernate.type.BasicTypeRegistry - Adding type registration dbtimestamp -> org.hibernate.type.DbTimestampType@661b6bf5
17:06:50.508 [restartedMain] DEBUG o.hibernate.type.BasicTypeRegistry - Adding type registration calendar -> org.hibernate.type.CalendarType@3de589bb
17:06:50.508 [restartedMain] DEBUG o.hibernate.type.BasicTypeRegistry - Adding type registration java.util.Calendar -> org.hibernate.type.CalendarType@3de589bb
17:06:50.508 [restartedMain] DEBUG o.hibernate.type.BasicTypeRegistry - Adding type registration java.util.GregorianCalendar -> org.hibernate.type.CalendarType@3de589bb
17:06:50.508 [restartedMain] DEBUG o.hibernate.type.BasicTypeRegistry - Adding type registration calendar_date -> org.hibernate.type.CalendarDateType@260afc1a
17:06:50.508 [restartedMain] DEBUG o.hibernate.type.BasicTypeRegistry - Adding type registration calendar_time -> org.hibernate.type.CalendarTimeType@267cb884
17:06:50.509 [restartedMain] DEBUG o.hibernate.type.BasicTypeRegistry - Adding type registration locale -> org.hibernate.type.LocaleType@6e76132b
17:06:50.509 [restartedMain] DEBUG o.hibernate.type.BasicTypeRegistry - Adding type registration java.util.Locale -> org.hibernate.type.LocaleType@6e76132b
17:06:50.509 [restartedMain] DEBUG o.hibernate.type.BasicTypeRegistry - Adding type registration currency -> org.hibernate.type.CurrencyType@27723b
17:06:50.509 [restartedMain] DEBUG o.hibernate.type.BasicTypeRegistry - Adding type registration java.util.Currency -> org.hibernate.type.CurrencyType@27723b
17:06:50.509 [restartedMain] DEBUG o.hibernate.type.BasicTypeRegistry - Adding type registration timezone -> org.hibernate.type.TimeZoneType@1f797152
17:06:50.509 [restartedMain] DEBUG o.hibernate.type.BasicTypeRegistry - Adding type registration java.util.TimeZone -> org.hibernate.type.TimeZoneType@1f797152
17:06:50.509 [restartedMain] DEBUG o.hibernate.type.BasicTypeRegistry - Adding type registration class -> org.hibernate.type.ClassType@45472462
17:06:50.509 [restartedMain] DEBUG o.hibernate.type.BasicTypeRegistry - Adding type registration java.lang.Class -> org.hibernate.type.ClassType@45472462
17:06:50.511 [restartedMain] DEBUG o.hibernate.type.BasicTypeRegistry - Adding type registration uuid-binary -> org.hibernate.type.UUIDBinaryType@5c78744b
17:06:50.511 [restartedMain] DEBUG o.hibernate.type.BasicTypeRegistry - Adding type registration java.util.UUID -> org.hibernate.type.UUIDBinaryType@5c78744b
17:06:50.511 [restartedMain] DEBUG o.hibernate.type.BasicTypeRegistry - Adding type registration uuid-char -> org.hibernate.type.UUIDCharType@ae5e2ea
17:06:50.511 [restartedMain] DEBUG o.hibernate.type.BasicTypeRegistry - Adding type registration binary -> org.hibernate.type.BinaryType@485421f1
17:06:50.511 [restartedMain] DEBUG o.hibernate.type.BasicTypeRegistry - Adding type registration byte[] -> org.hibernate.type.BinaryType@485421f1
17:06:50.512 [restartedMain] DEBUG o.hibernate.type.BasicTypeRegistry - Adding type registration [B -> org.hibernate.type.BinaryType@485421f1
17:06:50.512 [restartedMain] DEBUG o.hibernate.type.BasicTypeRegistry - Adding type registration wrapper-binary -> org.hibernate.type.WrapperBinaryType@6785285c
17:06:50.512 [restartedMain] DEBUG o.hibernate.type.BasicTypeRegistry - Adding type registration Byte[] -> org.hibernate.type.WrapperBinaryType@6785285c
17:06:50.512 [restartedMain] DEBUG o.hibernate.type.BasicTypeRegistry - Adding type registration [Ljava.lang.Byte; -> org.hibernate.type.WrapperBinaryType@6785285c
17:06:50.513 [restartedMain] DEBUG o.hibernate.type.BasicTypeRegistry - Adding type registration row_version -> org.hibernate.type.RowVersionType@21c998e0
17:06:50.513 [restartedMain] DEBUG o.hibernate.type.BasicTypeRegistry - Adding type registration image -> org.hibernate.type.ImageType@4d946acf
17:06:50.513 [restartedMain] DEBUG o.hibernate.type.BasicTypeRegistry - Adding type registration characters -> org.hibernate.type.CharArrayType@76d1337e
17:06:50.513 [restartedMain] DEBUG o.hibernate.type.BasicTypeRegistry - Adding type registration char[] -> org.hibernate.type.CharArrayType@76d1337e
17:06:50.513 [restartedMain] DEBUG o.hibernate.type.BasicTypeRegistry - Adding type registration [C -> org.hibernate.type.CharArrayType@76d1337e
17:06:50.513 [restartedMain] DEBUG o.hibernate.type.BasicTypeRegistry - Adding type registration wrapper-characters -> org.hibernate.type.CharacterArrayType@441388b4
17:06:50.513 [restartedMain] DEBUG o.hibernate.type.BasicTypeRegistry - Adding type registration [Ljava.lang.Character; -> org.hibernate.type.CharacterArrayType@441388b4
17:06:50.513 [restartedMain] DEBUG o.hibernate.type.BasicTypeRegistry - Adding type registration Character[] -> org.hibernate.type.CharacterArrayType@441388b4
17:06:50.513 [restartedMain] DEBUG o.hibernate.type.BasicTypeRegistry - Adding type registration text -> org.hibernate.type.TextType@6344d801
17:06:50.515 [restartedMain] DEBUG o.hibernate.type.BasicTypeRegistry - Adding type registration ntext -> org.hibernate.type.NTextType@6719acf4
17:06:50.515 [restartedMain] DEBUG o.hibernate.type.BasicTypeRegistry - Adding type registration blob -> org.hibernate.type.BlobType@65eb8b6
17:06:50.515 [restartedMain] DEBUG o.hibernate.type.BasicTypeRegistry - Adding type registration java.sql.Blob -> org.hibernate.type.BlobType@65eb8b6
17:06:50.515 [restartedMain] DEBUG o.hibernate.type.BasicTypeRegistry - Adding type registration materialized_blob -> org.hibernate.type.MaterializedBlobType@10ea397f
17:06:50.515 [restartedMain] DEBUG o.hibernate.type.BasicTypeRegistry - Adding type registration clob -> org.hibernate.type.ClobType@69e6f135
17:06:50.515 [restartedMain] DEBUG o.hibernate.type.BasicTypeRegistry - Adding type registration java.sql.Clob -> org.hibernate.type.ClobType@69e6f135
17:06:50.517 [restartedMain] DEBUG o.hibernate.type.BasicTypeRegistry - Adding type registration nclob -> org.hibernate.type.NClobType@2763d729
17:06:50.517 [restartedMain] DEBUG o.hibernate.type.BasicTypeRegistry - Adding type registration java.sql.NClob -> org.hibernate.type.NClobType@2763d729
17:06:50.517 [restartedMain] DEBUG o.hibernate.type.BasicTypeRegistry - Adding type registration materialized_clob -> org.hibernate.type.MaterializedClobType@7288b8e8
17:06:50.517 [restartedMain] DEBUG o.hibernate.type.BasicTypeRegistry - Adding type registration materialized_nclob -> org.hibernate.type.MaterializedNClobType@6e67a15d
17:06:50.517 [restartedMain] DEBUG o.hibernate.type.BasicTypeRegistry - Adding type registration serializable -> org.hibernate.type.SerializableType@1cd07ca
17:06:50.520 [restartedMain] DEBUG o.hibernate.type.BasicTypeRegistry - Adding type registration object -> org.hibernate.type.ObjectType@256ecae9
17:06:50.520 [restartedMain] DEBUG o.hibernate.type.BasicTypeRegistry - Adding type registration java.lang.Object -> org.hibernate.type.ObjectType@256ecae9
17:06:50.520 [restartedMain] DEBUG o.hibernate.type.BasicTypeRegistry - Adding type registration imm_date -> org.hibernate.type.AdaptedImmutableType@5af26f9a
17:06:50.520 [restartedMain] DEBUG o.hibernate.type.BasicTypeRegistry - Adding type registration imm_time -> org.hibernate.type.AdaptedImmutableType@7a78d17f
17:06:50.520 [restartedMain] DEBUG o.hibernate.type.BasicTypeRegistry - Adding type registration imm_timestamp -> org.hibernate.type.AdaptedImmutableType@1c8622dc
17:06:50.520 [restartedMain] DEBUG o.hibernate.type.BasicTypeRegistry - Adding type registration imm_dbtimestamp -> org.hibernate.type.AdaptedImmutableType@53ff42cb
17:06:50.520 [restartedMain] DEBUG o.hibernate.type.BasicTypeRegistry - Adding type registration imm_calendar -> org.hibernate.type.AdaptedImmutableType@1ab87991
17:06:50.520 [restartedMain] DEBUG o.hibernate.type.BasicTypeRegistry - Adding type registration imm_calendar_date -> org.hibernate.type.AdaptedImmutableType@2677b090
17:06:50.520 [restartedMain] DEBUG o.hibernate.type.BasicTypeRegistry - Adding type registration imm_binary -> org.hibernate.type.AdaptedImmutableType@bcaf640
17:06:50.520 [restartedMain] DEBUG o.hibernate.type.BasicTypeRegistry - Adding type registration imm_serializable -> org.hibernate.type.AdaptedImmutableType@228a14e8
17:06:50.527 [restartedMain] DEBUG o.h.b.internal.BootstrapContextImpl - Injecting JPA temp ClassLoader [org.springframework.instrument.classloading.SimpleThrowawayClassLoader@7f2477c1] into BootstrapContext; was [null]
17:06:50.527 [restartedMain] DEBUG o.h.b.i.ClassLoaderAccessImpl - ClassLoaderAccessImpl#injectTempClassLoader(org.springframework.instrument.classloading.SimpleThrowawayClassLoader@7f2477c1) [was null]
17:06:50.527 [restartedMain] DEBUG o.h.b.internal.BootstrapContextImpl - Injecting ScanEnvironment [org.hibernate.jpa.boot.internal.StandardJpaScanEnvironmentImpl@4206da3b] into BootstrapContext; was [null]
17:06:50.527 [restartedMain] DEBUG o.h.b.internal.BootstrapContextImpl - Injecting ScanOptions [org.hibernate.boot.archive.scan.internal.StandardScanOptions@43a55ced] into BootstrapContext; was [org.hibernate.boot.archive.scan.internal.StandardScanOptions@4e6760ba]
17:06:50.535 [restartedMain] DEBUG o.h.b.internal.BootstrapContextImpl - Injecting JPA temp ClassLoader [null] into BootstrapContext; was [org.springframework.instrument.classloading.SimpleThrowawayClassLoader@7f2477c1]
17:06:50.535 [restartedMain] DEBUG o.h.b.i.ClassLoaderAccessImpl - ClassLoaderAccessImpl#injectTempClassLoader(null) [was org.springframework.instrument.classloading.SimpleThrowawayClassLoader@7f2477c1]
17:06:50.541 [restartedMain] DEBUG o.h.i.f.i.DefaultIdentifierGeneratorFactory - Registering IdentifierGenerator strategy [uuid2] -> [org.hibernate.id.UUIDGenerator]
17:06:50.541 [restartedMain] DEBUG o.h.i.f.i.DefaultIdentifierGeneratorFactory - Registering IdentifierGenerator strategy [guid] -> [org.hibernate.id.GUIDGenerator]
17:06:50.541 [restartedMain] DEBUG o.h.i.f.i.DefaultIdentifierGeneratorFactory - Registering IdentifierGenerator strategy [uuid] -> [org.hibernate.id.UUIDHexGenerator]
17:06:50.541 [restartedMain] DEBUG o.h.i.f.i.DefaultIdentifierGeneratorFactory - Registering IdentifierGenerator strategy [uuid.hex] -> [org.hibernate.id.UUIDHexGenerator]
17:06:50.542 [restartedMain] DEBUG o.h.i.f.i.DefaultIdentifierGeneratorFactory - Registering IdentifierGenerator strategy [assigned] -> [org.hibernate.id.Assigned]
17:06:50.542 [restartedMain] DEBUG o.h.i.f.i.DefaultIdentifierGeneratorFactory - Registering IdentifierGenerator strategy [identity] -> [org.hibernate.id.IdentityGenerator]
17:06:50.542 [restartedMain] DEBUG o.h.i.f.i.DefaultIdentifierGeneratorFactory - Registering IdentifierGenerator strategy [select] -> [org.hibernate.id.SelectGenerator]
17:06:50.543 [restartedMain] DEBUG o.h.i.f.i.DefaultIdentifierGeneratorFactory - Registering IdentifierGenerator strategy [sequence] -> [org.hibernate.id.enhanced.SequenceStyleGenerator]
17:06:50.544 [restartedMain] DEBUG o.h.i.f.i.DefaultIdentifierGeneratorFactory - Registering IdentifierGenerator strategy [seqhilo] -> [org.hibernate.id.SequenceHiLoGenerator]
17:06:50.544 [restartedMain] DEBUG o.h.i.f.i.DefaultIdentifierGeneratorFactory - Registering IdentifierGenerator strategy [increment] -> [org.hibernate.id.IncrementGenerator]
17:06:50.544 [restartedMain] DEBUG o.h.i.f.i.DefaultIdentifierGeneratorFactory - Registering IdentifierGenerator strategy [foreign] -> [org.hibernate.id.ForeignGenerator]
17:06:50.544 [restartedMain] DEBUG o.h.i.f.i.DefaultIdentifierGeneratorFactory - Registering IdentifierGenerator strategy [sequence-identity] -> [org.hibernate.id.SequenceIdentityGenerator]
17:06:50.544 [restartedMain] DEBUG o.h.i.f.i.DefaultIdentifierGeneratorFactory - Registering IdentifierGenerator strategy [enhanced-sequence] -> [org.hibernate.id.enhanced.SequenceStyleGenerator]
17:06:50.545 [restartedMain] DEBUG o.h.i.f.i.DefaultIdentifierGeneratorFactory - Registering IdentifierGenerator strategy [enhanced-table] -> [org.hibernate.id.enhanced.TableGenerator]
17:06:50.548 [restartedMain] DEBUG o.h.e.j.e.i.JdbcEnvironmentInitiator - Database ->
       name : MySQL
    version : 8.0.23
      major : 8
      minor : 0
17:06:50.548 [restartedMain] DEBUG o.h.e.j.e.i.JdbcEnvironmentInitiator - Driver ->
       name : MySQL Connector/J
    version : mysql-connector-java-8.0.23 (Revision: 18bbd5e68195d0da083cbd5bd0d05d76320df7cd)
      major : 8
      minor : 0
17:06:50.548 [restartedMain] DEBUG o.h.e.j.e.i.JdbcEnvironmentInitiator - JDBC version : 4.2
17:06:50.563 [restartedMain] INFO  org.hibernate.dialect.Dialect - HHH000400: Using dialect: org.hibernate.dialect.MySQL8Dialect
17:06:50.572 [restartedMain] DEBUG o.h.e.j.e.s.IdentifierHelperBuilder - JDBC driver metadata reported database stores quoted identifiers in more than one case
17:06:50.585 [restartedMain] DEBUG o.h.e.j.e.s.IdentifierHelperBuilder - IdentifierCaseStrategy for both quoted and unquoted identifiers was set to the same strategy [LOWER]; that will likely lead to problems in schema update and validation if using quoted identifiers
17:06:50.600 [restartedMain] DEBUG o.h.boot.model.relational.Namespace - Created database namespace [logicalName=Name{catalog=null, schema=null}, physicalName=Name{catalog=null, schema=null}]
17:06:50.601 [restartedMain] DEBUG o.h.t.spi.TypeConfiguration$Scope - Scoping TypeConfiguration [org.hibernate.type.spi.TypeConfiguration@52790d5d] to MetadataBuildingContext [org.hibernate.boot.internal.MetadataBuildingContextRootImpl@3761c78]
17:06:50.663 [restartedMain] DEBUG org.hibernate.cfg.AnnotationBinder - Binding entity from annotated class: com.project.biddingSoft.domain.Bid
17:06:50.669 [restartedMain] DEBUG org.hibernate.cfg.Ejb3Column - Binding column: Ejb3DiscriminatorColumn{logicalColumnName'DTYPE', discriminatorTypeName='string'}
17:06:50.672 [restartedMain] DEBUG o.h.cfg.annotations.EntityBinder - Import with entity name Bid
17:06:50.676 [restartedMain] DEBUG o.h.cfg.annotations.EntityBinder - Bind entity com.project.biddingSoft.domain.Bid on table bid
17:06:50.685 [restartedMain] DEBUG org.hibernate.cfg.Ejb3Column - Binding column: Ejb3Column{table=org.hibernate.mapping.Table(bid), mappingColumn=id, insertable=true, updatable=true, unique=false}
17:06:50.687 [restartedMain] DEBUG o.h.b.i.ClassLoaderAccessImpl - Not known whether passed class name [com.project.biddingSoft.domain.Bid] is safe
17:06:50.687 [restartedMain] DEBUG o.h.b.i.ClassLoaderAccessImpl - No temp ClassLoader provided; using live ClassLoader for loading potentially unsafe class : com.project.biddingSoft.domain.Bid
17:06:50.687 [restartedMain] DEBUG o.h.cfg.annotations.PropertyBinder - MetadataSourceProcessor property id with lazy=false
17:06:50.688 [restartedMain] DEBUG o.h.cfg.AbstractPropertyHolder - Attempting to locate auto-apply AttributeConverter for property [com.project.biddingSoft.domain.Bid:id]
17:06:50.689 [restartedMain] DEBUG o.h.c.annotations.SimpleValueBinder - building SimpleValue for id
17:06:50.690 [restartedMain] DEBUG o.h.cfg.annotations.PropertyBinder - Building property id
17:06:50.691 [restartedMain] DEBUG org.hibernate.cfg.BinderHelper - #makeIdGenerator(org.hibernate.mapping.SimpleValue([org.hibernate.mapping.Column(id)]), id, org.hibernate.id.enhanced.SequenceStyleGenerator, , ...)
17:06:50.692 [restartedMain] DEBUG org.hibernate.cfg.AnnotationBinder - Binding entity from annotated class: com.project.biddingSoft.domain.Lot
17:06:50.692 [restartedMain] DEBUG org.hibernate.cfg.Ejb3Column - Binding column: Ejb3DiscriminatorColumn{logicalColumnName'DTYPE', discriminatorTypeName='string'}
17:06:50.692 [restartedMain] DEBUG o.h.cfg.annotations.EntityBinder - Import with entity name Lot
17:06:50.692 [restartedMain] DEBUG o.h.cfg.annotations.EntityBinder - Bind entity com.project.biddingSoft.domain.Lot on table lot
17:06:50.695 [restartedMain] DEBUG org.hibernate.cfg.Ejb3Column - Binding column: Ejb3Column{table=org.hibernate.mapping.Table(lot), mappingColumn=id, insertable=true, updatable=true, unique=false}
17:06:50.695 [restartedMain] DEBUG o.h.b.i.ClassLoaderAccessImpl - Not known whether passed class name [com.project.biddingSoft.domain.Lot] is safe
17:06:50.695 [restartedMain] DEBUG o.h.b.i.ClassLoaderAccessImpl - No temp ClassLoader provided; using live ClassLoader for loading potentially unsafe class : com.project.biddingSoft.domain.Lot
17:06:50.695 [restartedMain] DEBUG o.h.cfg.annotations.PropertyBinder - MetadataSourceProcessor property id with lazy=false
17:06:50.695 [restartedMain] DEBUG o.h.cfg.AbstractPropertyHolder - Attempting to locate auto-apply AttributeConverter for property [com.project.biddingSoft.domain.Lot:id]
17:06:50.695 [restartedMain] DEBUG o.h.c.annotations.SimpleValueBinder - building SimpleValue for id
17:06:50.695 [restartedMain] DEBUG o.h.cfg.annotations.PropertyBinder - Building property id
17:06:50.695 [restartedMain] DEBUG org.hibernate.cfg.BinderHelper - #makeIdGenerator(org.hibernate.mapping.SimpleValue([org.hibernate.mapping.Column(id)]), id, org.hibernate.id.enhanced.SequenceStyleGenerator, , ...)
17:06:50.695 [restartedMain] DEBUG org.hibernate.cfg.Ejb3Column - Binding column: Ejb3Column{table=org.hibernate.mapping.Table(lot), mappingColumn=description, insertable=true, updatable=true, unique=false}
17:06:50.695 [restartedMain] DEBUG o.h.cfg.annotations.PropertyBinder - MetadataSourceProcessor property description with lazy=false
17:06:50.695 [restartedMain] DEBUG o.h.cfg.AbstractPropertyHolder - Attempting to locate auto-apply AttributeConverter for property [com.project.biddingSoft.domain.Lot:description]
17:06:50.695 [restartedMain] DEBUG o.h.c.annotations.SimpleValueBinder - building SimpleValue for description
17:06:50.695 [restartedMain] DEBUG o.h.cfg.annotations.PropertyBinder - Building property description
17:06:50.695 [restartedMain] DEBUG org.hibernate.cfg.Ejb3Column - Binding column: Ejb3Column{table=org.hibernate.mapping.Table(lot), mappingColumn=username, insertable=true, updatable=true, unique=false}
17:06:50.695 [restartedMain] DEBUG o.h.cfg.annotations.PropertyBinder - MetadataSourceProcessor property username with lazy=false
17:06:50.695 [restartedMain] DEBUG o.h.cfg.AbstractPropertyHolder - Attempting to locate auto-apply AttributeConverter for property [com.project.biddingSoft.domain.Lot:username]
17:06:50.696 [restartedMain] DEBUG o.h.c.annotations.SimpleValueBinder - building SimpleValue for username
17:06:50.696 [restartedMain] DEBUG o.h.cfg.annotations.PropertyBinder - Building property username
17:06:50.696 [restartedMain] DEBUG org.hibernate.cfg.AnnotationBinder - Binding entity from annotated class: com.project.biddingSoft.domain.User
17:06:50.696 [restartedMain] DEBUG org.hibernate.cfg.Ejb3Column - Binding column: Ejb3DiscriminatorColumn{logicalColumnName'DTYPE', discriminatorTypeName='string'}
17:06:50.696 [restartedMain] DEBUG o.h.cfg.annotations.EntityBinder - Import with entity name User
17:06:50.696 [restartedMain] DEBUG o.h.cfg.annotations.EntityBinder - Bind entity com.project.biddingSoft.domain.User on table user
17:06:50.696 [restartedMain] DEBUG org.hibernate.cfg.Ejb3Column - Binding column: Ejb3Column{table=org.hibernate.mapping.Table(user), mappingColumn=id, insertable=true, updatable=true, unique=false}
17:06:50.696 [restartedMain] DEBUG o.h.b.i.ClassLoaderAccessImpl - Not known whether passed class name [com.project.biddingSoft.domain.User] is safe
17:06:50.696 [restartedMain] DEBUG o.h.b.i.ClassLoaderAccessImpl - No temp ClassLoader provided; using live ClassLoader for loading potentially unsafe class : com.project.biddingSoft.domain.User
17:06:50.696 [restartedMain] DEBUG o.h.cfg.annotations.PropertyBinder - MetadataSourceProcessor property id with lazy=false
17:06:50.696 [restartedMain] DEBUG o.h.cfg.AbstractPropertyHolder - Attempting to locate auto-apply AttributeConverter for property [com.project.biddingSoft.domain.User:id]
17:06:50.696 [restartedMain] DEBUG o.h.c.annotations.SimpleValueBinder - building SimpleValue for id
17:06:50.696 [restartedMain] DEBUG o.h.cfg.annotations.PropertyBinder - Building property id
17:06:50.696 [restartedMain] DEBUG org.hibernate.cfg.BinderHelper - #makeIdGenerator(org.hibernate.mapping.SimpleValue([org.hibernate.mapping.Column(id)]), id, org.hibernate.id.enhanced.SequenceStyleGenerator, , ...)
17:06:50.697 [restartedMain] DEBUG org.hibernate.cfg.Ejb3Column - Binding column: Ejb3Column{table=org.hibernate.mapping.Table(user), mappingColumn=username, insertable=true, updatable=true, unique=false}
17:06:50.697 [restartedMain] DEBUG o.h.cfg.annotations.PropertyBinder - MetadataSourceProcessor property username with lazy=false
17:06:50.698 [restartedMain] DEBUG o.h.cfg.AbstractPropertyHolder - Attempting to locate auto-apply AttributeConverter for property [com.project.biddingSoft.domain.User:username]
17:06:50.698 [restartedMain] DEBUG o.h.c.annotations.SimpleValueBinder - building SimpleValue for username
17:06:50.698 [restartedMain] DEBUG o.h.cfg.annotations.PropertyBinder - Building property username
17:06:50.698 [restartedMain] DEBUG o.h.c.annotations.SimpleValueBinder - Starting fillSimpleValue for id
17:06:50.698 [restartedMain] DEBUG o.h.c.annotations.SimpleValueBinder - Starting fillSimpleValue for id
17:06:50.698 [restartedMain] DEBUG o.h.c.annotations.SimpleValueBinder - Starting fillSimpleValue for description
17:06:50.698 [restartedMain] DEBUG o.h.c.annotations.SimpleValueBinder - Starting fillSimpleValue for username
17:06:50.698 [restartedMain] DEBUG o.h.c.annotations.SimpleValueBinder - Starting fillSimpleValue for id
17:06:50.698 [restartedMain] DEBUG o.h.c.annotations.SimpleValueBinder - Starting fillSimpleValue for username
17:06:50.699 [restartedMain] DEBUG org.hibernate.mapping.PrimaryKey - Forcing column [id] to be non-null as it is part of the primary key for table [bid]
17:06:50.699 [restartedMain] DEBUG org.hibernate.mapping.PrimaryKey - Forcing column [id] to be non-null as it is part of the primary key for table [lot]
17:06:50.699 [restartedMain] DEBUG org.hibernate.mapping.PrimaryKey - Forcing column [id] to be non-null as it is part of the primary key for table [user]
17:06:50.722 [restartedMain] DEBUG o.h.internal.SessionFactoryImpl - Building session factory
17:06:50.722 [restartedMain] DEBUG org.hibernate.cfg.Settings - SessionFactory name : null
17:06:50.722 [restartedMain] DEBUG org.hibernate.cfg.Settings - Automatic flush during beforeCompletion(): enabled
17:06:50.722 [restartedMain] DEBUG org.hibernate.cfg.Settings - Automatic session close at end of transaction: disabled
17:06:50.722 [restartedMain] DEBUG org.hibernate.cfg.Settings - Statistics: disabled
17:06:50.722 [restartedMain] DEBUG org.hibernate.cfg.Settings - Deleted entity synthetic identifier rollback: disabled
17:06:50.722 [restartedMain] DEBUG org.hibernate.cfg.Settings - Default entity-mode: pojo
17:06:50.722 [restartedMain] DEBUG org.hibernate.cfg.Settings - Check Nullability in Core (should be disabled when Bean Validation is on): enabled
17:06:50.722 [restartedMain] DEBUG org.hibernate.cfg.Settings - Allow initialization of lazy state outside session : disabled
17:06:50.722 [restartedMain] DEBUG org.hibernate.cfg.Settings - Using BatchFetchStyle : LEGACY
17:06:50.722 [restartedMain] DEBUG org.hibernate.cfg.Settings - Default batch fetch size: -1
17:06:50.722 [restartedMain] DEBUG org.hibernate.cfg.Settings - Maximum outer join fetch depth: 2
17:06:50.723 [restartedMain] DEBUG org.hibernate.cfg.Settings - Default null ordering: NONE
17:06:50.723 [restartedMain] DEBUG org.hibernate.cfg.Settings - Order SQL updates by primary key: disabled
17:06:50.723 [restartedMain] DEBUG org.hibernate.cfg.Settings - Order SQL inserts for batching: disabled
17:06:50.723 [restartedMain] DEBUG org.hibernate.cfg.Settings - multi-tenancy strategy : NONE
17:06:50.723 [restartedMain] DEBUG org.hibernate.cfg.Settings - JTA Track by Thread: enabled
17:06:50.723 [restartedMain] DEBUG org.hibernate.cfg.Settings - Query language substitutions: {}
17:06:50.723 [restartedMain] DEBUG org.hibernate.cfg.Settings - Named query checking : enabled
17:06:50.723 [restartedMain] DEBUG org.hibernate.cfg.Settings - Second-level cache: disabled
17:06:50.723 [restartedMain] DEBUG org.hibernate.cfg.Settings - Second-level query cache: disabled
17:06:50.723 [restartedMain] DEBUG org.hibernate.cfg.Settings - Second-level query cache factory: null
17:06:50.723 [restartedMain] DEBUG org.hibernate.cfg.Settings - Second-level cache region prefix: null
17:06:50.723 [restartedMain] DEBUG org.hibernate.cfg.Settings - Optimize second-level cache for minimal puts: disabled
17:06:50.723 [restartedMain] DEBUG org.hibernate.cfg.Settings - Structured second-level cache entries: disabled
17:06:50.723 [restartedMain] DEBUG org.hibernate.cfg.Settings - Second-level cache direct-reference entries: disabled
17:06:50.723 [restartedMain] DEBUG org.hibernate.cfg.Settings - Automatic eviction of collection cache: disabled
17:06:50.723 [restartedMain] DEBUG org.hibernate.cfg.Settings - JDBC batch size: 15
17:06:50.723 [restartedMain] DEBUG org.hibernate.cfg.Settings - JDBC batch updates for versioned data: enabled
17:06:50.723 [restartedMain] DEBUG org.hibernate.cfg.Settings - Scrollable result sets: enabled
17:06:50.723 [restartedMain] DEBUG org.hibernate.cfg.Settings - Wrap result sets: disabled
17:06:50.723 [restartedMain] DEBUG org.hibernate.cfg.Settings - JDBC3 getGeneratedKeys(): enabled
17:06:50.723 [restartedMain] DEBUG org.hibernate.cfg.Settings - JDBC result set fetch size: null
17:06:50.723 [restartedMain] DEBUG org.hibernate.cfg.Settings - Connection release mode: ON_CLOSE
17:06:50.723 [restartedMain] DEBUG org.hibernate.cfg.Settings - Generate SQL with comments: disabled
17:06:50.723 [restartedMain] DEBUG org.hibernate.cfg.Settings - JPA compliance - query : disabled
17:06:50.723 [restartedMain] DEBUG org.hibernate.cfg.Settings - JPA compliance - closed-handling : disabled
17:06:50.723 [restartedMain] DEBUG org.hibernate.cfg.Settings - JPA compliance - lists : disabled
17:06:50.723 [restartedMain] DEBUG org.hibernate.cfg.Settings - JPA compliance - transactions : disabled
17:06:50.756 [restartedMain] DEBUG o.h.internal.SessionFactoryImpl - Session factory constructed with filter configurations : {}
17:06:50.756 [restartedMain] DEBUG o.h.internal.SessionFactoryImpl - Instantiating session factory with properties: {hibernate.id.new_generator_mappings=true, java.specification.version=15, sun.cpu.isalist=amd64, hibernate.resource.beans.container=org.springframework.orm.hibernate5.SpringBeanContainer@44f72f75, hibernate.connection.handling_mode=DELAYED_ACQUISITION_AND_HOLD, sun.jnu.encoding=Cp1252, hibernate.implicit_naming_strategy=org.springframework.boot.orm.jpa.hibernate.SpringImplicitNamingStrategy, java.class.path=C:\Users\nuche\Documents\StuProj\java\biddingSoft\target\classes;C:\Users\nuche\.m2\repository\org\springframework\boot\spring-boot-starter-data-jpa\2.4.3\spring-boot-starter-data-jpa-2.4.3.jar;C:\Users\nuche\.m2\repository\org\springframework\boot\spring-boot-starter-aop\2.4.3\spring-boot-starter-aop-2.4.3.jar;C:\Users\nuche\.m2\repository\org\aspectj\aspectjweaver\1.9.6\aspectjweaver-1.9.6.jar;C:\Users\nuche\.m2\repository\org\springframework\boot\spring-boot-starter-jdbc\2.4.3\spring-boot-starter-jdbc-2.4.3.jar;C:\Users\nuche\.m2\repository\com\zaxxer\HikariCP\3.4.5\HikariCP-3.4.5.jar;C:\Users\nuche\.m2\repository\org\springframework\spring-jdbc\5.3.4\spring-jdbc-5.3.4.jar;C:\Users\nuche\.m2\repository\jakarta\transaction\jakarta.transaction-api\1.3.3\jakarta.transaction-api-1.3.3.jar;C:\Users\nuche\.m2\repository\jakarta\persistence\jakarta.persistence-api\2.2.3\jakarta.persistence-api-2.2.3.jar;C:\Users\nuche\.m2\repository\org\hibernate\hibernate-core\5.4.28.Final\hibernate-core-5.4.28.Final.jar;C:\Users\nuche\.m2\repository\org\jboss\logging\jboss-logging\3.4.1.Final\jboss-logging-3.4.1.Final.jar;C:\Users\nuche\.m2\repository\org\javassist\javassist\3.27.0-GA\javassist-3.27.0-GA.jar;C:\Users\nuche\.m2\repository\net\bytebuddy\byte-buddy\1.10.20\byte-buddy-1.10.20.jar;C:\Users\nuche\.m2\repository\antlr\antlr\2.7.7\antlr-2.7.7.jar;C:\Users\nuche\.m2\repository\org\jboss\jandex\2.2.3.Final\jandex-2.2.3.Final.jar;C:\Users\nuche\.m2\repository\com\fasterxml\classmate\1.5.1\classmate-1.5.1.jar;C:\Users\nuche\.m2\repository\org\dom4j\dom4j\2.1.3\dom4j-2.1.3.jar;C:\Users\nuche\.m2\repository\org\hibernate\common\hibernate-commons-annotations\5.1.2.Final\hibernate-commons-annotations-5.1.2.Final.jar;C:\Users\nuche\.m2\repository\org\glassfish\jaxb\jaxb-runtime\2.3.3\jaxb-runtime-2.3.3.jar;C:\Users\nuche\.m2\repository\org\glassfish\jaxb\txw2\2.3.3\txw2-2.3.3.jar;C:\Users\nuche\.m2\repository\com\sun\istack\istack-commons-runtime\3.0.11\istack-commons-runtime-3.0.11.jar;C:\Users\nuche\.m2\repository\org\springframework\spring-aspects\5.3.4\spring-aspects-5.3.4.jar;C:\Users\nuche\.m2\repository\org\springframework\boot\spring-boot-starter-mail\2.4.3\spring-boot-starter-mail-2.4.3.jar;C:\Users\nuche\.m2\repository\org\springframework\boot\spring-boot-starter\2.4.3\spring-boot-starter-2.4.3.jar;C:\Users\nuche\.m2\repository\org\springframework\boot\spring-boot-starter-logging\2.4.3\spring-boot-starter-logging-2.4.3.jar;C:\Users\nuche\.m2\repository\ch\qos\logback\logback-classic\1.2.3\logback-classic-1.2.3.jar;C:\Users\nuche\.m2\repository\ch\qos\logback\logback-core\1.2.3\logback-core-1.2.3.jar;C:\Users\nuche\.m2\repository\org\apache\logging\log4j\log4j-to-slf4j\2.13.3\log4j-to-slf4j-2.13.3.jar;C:\Users\nuche\.m2\repository\org\apache\logging\log4j\log4j-api\2.13.3\log4j-api-2.13.3.jar;C:\Users\nuche\.m2\repository\org\slf4j\jul-to-slf4j\1.7.30\jul-to-slf4j-1.7.30.jar;C:\Users\nuche\.m2\repository\org\yaml\snakeyaml\1.27\snakeyaml-1.27.jar;C:\Users\nuche\.m2\repository\org\springframework\spring-context-support\5.3.4\spring-context-support-5.3.4.jar;C:\Users\nuche\.m2\repository\com\sun\mail\jakarta.mail\1.6.5\jakarta.mail-1.6.5.jar;C:\Users\nuche\.m2\repository\com\sun\activation\jakarta.activation\1.2.2\jakarta.activation-1.2.2.jar;C:\Users\nuche\.m2\repository\org\springframework\boot\spring-boot-starter-security\2.4.3\spring-boot-starter-security-2.4.3.jar;C:\Users\nuche\.m2\repository\org\springframework\spring-aop\5.3.4\spring-aop-5.3.4.jar;C:\Users\nuche\.m2\repository\org\springframework\security\spring-security-config\5.4.5\spring-security-config-5.4.5.jar;C:\Users\nuche\.m2\repository\org\springframework\security\spring-security-web\5.4.5\spring-security-web-5.4.5.jar;C:\Users\nuche\.m2\repository\org\springframework\spring-expression\5.3.4\spring-expression-5.3.4.jar;C:\Users\nuche\.m2\repository\org\springframework\boot\spring-boot-starter-web\2.4.3\spring-boot-starter-web-2.4.3.jar;C:\Users\nuche\.m2\repository\org\springframework\boot\spring-boot-starter-json\2.4.3\spring-boot-starter-json-2.4.3.jar;C:\Users\nuche\.m2\repository\com\fasterxml\jackson\core\jackson-databind\2.11.4\jackson-databind-2.11.4.jar;C:\Users\nuche\.m2\repository\com\fasterxml\jackson\core\jackson-core\2.11.4\jackson-core-2.11.4.jar;C:\Users\nuche\.m2\repository\com\fasterxml\jackson\datatype\jackson-datatype-jdk8\2.11.4\jackson-datatype-jdk8-2.11.4.jar;C:\Users\nuche\.m2\repository\com\fasterxml\jackson\datatype\jackson-datatype-jsr310\2.11.4\jackson-datatype-jsr310-2.11.4.jar;C:\Users\nuche\.m2\repository\com\fasterxml\jackson\module\jackson-module-parameter-names\2.11.4\jackson-module-parameter-names-2.11.4.jar;C:\Users\nuche\.m2\repository\org\springframework\spring-web\5.3.4\spring-web-5.3.4.jar;C:\Users\nuche\.m2\repository\org\springframework\spring-webmvc\5.3.4\spring-webmvc-5.3.4.jar;C:\Users\nuche\.m2\repository\com\h2database\h2\1.4.200\h2-1.4.200.jar;C:\Users\nuche\.m2\repository\org\springframework\boot\spring-boot-starter-tomcat\2.4.3\spring-boot-starter-tomcat-2.4.3.jar;C:\Users\nuche\.m2\repository\jakarta\annotation\jakarta.annotation-api\1.3.5\jakarta.annotation-api-1.3.5.jar;C:\Users\nuche\.m2\repository\org\apache\tomcat\embed\tomcat-embed-core\9.0.43\tomcat-embed-core-9.0.43.jar;C:\Users\nuche\.m2\repository\org\glassfish\jakarta.el\3.0.3\jakarta.el-3.0.3.jar;C:\Users\nuche\.m2\repository\org\apache\tomcat\embed\tomcat-embed-websocket\9.0.43\tomcat-embed-websocket-9.0.43.jar;C:\Users\nuche\.m2\repository\com\jayway\jsonpath\json-path\2.4.0\json-path-2.4.0.jar;C:\Users\nuche\.m2\repository\net\minidev\json-smart\2.3\json-smart-2.3.jar;C:\Users\nuche\.m2\repository\net\minidev\accessors-smart\1.2\accessors-smart-1.2.jar;C:\Users\nuche\.m2\repository\org\ow2\asm\asm\5.0.4\asm-5.0.4.jar;C:\Users\nuche\.m2\repository\jakarta\xml\bind\jakarta.xml.bind-api\2.3.3\jakarta.xml.bind-api-2.3.3.jar;C:\Users\nuche\.m2\repository\jakarta\activation\jakarta.activation-api\1.2.2\jakarta.activation-api-1.2.2.jar;C:\Users\nuche\.m2\repository\org\springframework\spring-core\5.3.4\spring-core-5.3.4.jar;C:\Users\nuche\.m2\repository\org\springframework\spring-jcl\5.3.4\spring-jcl-5.3.4.jar;C:\Users\nuche\.m2\repository\org\springframework\security\spring-security-core\5.4.5\spring-security-core-5.4.5.jar;C:\Users\nuche\.m2\repository\org\springframework\boot\spring-boot-starter-thymeleaf\2.4.3\spring-boot-starter-thymeleaf-2.4.3.jar;C:\Users\nuche\.m2\repository\org\thymeleaf\thymeleaf-spring5\3.0.12.RELEASE\thymeleaf-spring5-3.0.12.RELEASE.jar;C:\Users\nuche\.m2\repository\org\thymeleaf\thymeleaf\3.0.12.RELEASE\thymeleaf-3.0.12.RELEASE.jar;C:\Users\nuche\.m2\repository\org\attoparser\attoparser\2.0.5.RELEASE\attoparser-2.0.5.RELEASE.jar;C:\Users\nuche\.m2\repository\org\unbescape\unbescape\1.1.6.RELEASE\unbescape-1.1.6.RELEASE.jar;C:\Users\nuche\.m2\repository\org\thymeleaf\extras\thymeleaf-extras-java8time\3.0.4.RELEASE\thymeleaf-extras-java8time-3.0.4.RELEASE.jar;C:\Users\nuche\.m2\repository\mysql\mysql-connector-java\8.0.23\mysql-connector-java-8.0.23.jar;C:\Users\nuche\.m2\repository\javax\persistence\javax.persistence-api\2.2\javax.persistence-api-2.2.jar;C:\Users\nuche\.m2\repository\org\springframework\data\spring-data-commons\2.4.5\spring-data-commons-2.4.5.jar;C:\Users\nuche\.m2\repository\org\springframework\spring-beans\5.3.4\spring-beans-5.3.4.jar;C:\Users\nuche\.m2\repository\org\slf4j\slf4j-api\1.7.30\slf4j-api-1.7.30.jar;C:\Users\nuche\.m2\repository\org\springframework\boot\spring-boot-actuator\2.4.3\spring-boot-actuator-2.4.3.jar;C:\Users\nuche\.m2\repository\org\springframework\boot\spring-boot\2.4.3\spring-boot-2.4.3.jar;C:\Users\nuche\.m2\repository\org\springframework\boot\spring-boot-devtools\2.4.3\spring-boot-devtools-2.4.3.jar;C:\Users\nuche\.m2\repository\org\springframework\boot\spring-boot-autoconfigure\2.4.3\spring-boot-autoconfigure-2.4.3.jar;C:\Users\nuche\.m2\repository\org\springframework\boot\spring-boot-starter-data-rest\2.4.3\spring-boot-starter-data-rest-2.4.3.jar;C:\Users\nuche\.m2\repository\org\springframework\data\spring-data-rest-webmvc\3.4.5\spring-data-rest-webmvc-3.4.5.jar;C:\Users\nuche\.m2\repository\org\springframework\data\spring-data-rest-core\3.4.5\spring-data-rest-core-3.4.5.jar;C:\Users\nuche\.m2\repository\org\springframework\hateoas\spring-hateoas\1.2.4\spring-hateoas-1.2.4.jar;C:\Users\nuche\.m2\repository\org\springframework\plugin\spring-plugin-core\2.0.0.RELEASE\spring-plugin-core-2.0.0.RELEASE.jar;C:\Users\nuche\.m2\repository\org\atteo\evo-inflector\1.2.2\evo-inflector-1.2.2.jar;C:\Users\nuche\.m2\repository\com\fasterxml\jackson\core\jackson-annotations\2.11.4\jackson-annotations-2.11.4.jar;C:\Users\nuche\.m2\repository\org\springframework\data\spring-data-jpa\2.4.5\spring-data-jpa-2.4.5.jar;C:\Users\nuche\.m2\repository\org\springframework\spring-orm\5.3.4\spring-orm-5.3.4.jar;C:\Users\nuche\.m2\repository\org\springframework\spring-context\5.3.4\spring-context-5.3.4.jar;C:\Users\nuche\.m2\repository\org\springframework\spring-tx\5.3.4\spring-tx-5.3.4.jar;C:\Users\nuche\.m2\repository\org\aspectj\aspectjrt\1.9.6\aspectjrt-1.9.6.jar, com.sun.management.jmxremote.authenticate=false, java.vm.vendor=Oracle Corporation, sun.arch.data.model=64, user.variant=, java.vendor.url=https://java.oracle.com/, catalina.useNaming=false, user.timezone=Europe/London, java.vm.specification.version=15, os.name=Windows 10, javax.persistence.validation.mode=AUTO, sun.java.launcher=SUN_STANDARD, user.country=US, sun.boot.library.path=C:\Program Files\Java\jdk-15.0.2\bin, com.sun.management.jmxremote.ssl=false, sun.java.command=com.project.biddingSoft.BiddingSoftwareApplication --spring.output.ansi.enabled=always, spring.application.admin.enabled=true, javax.persistence.nonJtaDataSource=HikariDataSource (HikariPool-1), hibernate.transaction.jta.platform=org.hibernate.engine.transaction.jta.platform.internal.NoJtaPlatform@7e6460ac, com.sun.management.jmxremote=, javax.persistence.sharedCache.mode=UNSPECIFIED, jdk.debug=release, sun.cpu.endian=little, spring.boot.project.name=biddingSoft, user.home=C:\Users\nuche, user.language=en, java.specification.vendor=Oracle Corporation, java.version.date=2021-01-19, java.home=C:\Program Files\Java\jdk-15.0.2, file.separator=\, java.vm.compressedOopsMode=Zero based, line.separator=
, java.vm.specification.vendor=Oracle Corporation, java.specification.name=Java Platform API Specification, FILE_LOG_CHARSET=UTF-8, hibernate.transaction.coordinator_class=class org.hibernate.resource.transaction.backend.jdbc.internal.JdbcResourceLocalTransactionCoordinatorBuilderImpl, java.awt.headless=true, hibernate.hbm2ddl.auto=update, user.script=, sun.management.compiler=HotSpot 64-Bit Tiered Compilers, java.runtime.version=15.0.2+7-27, user.name=nuche, spring.jmx.enabled=true, path.separator=;, os.version=10.0, java.runtime.name=Java(TM) SE Runtime Environment, file.encoding=UTF-8, hibernate.ejb.persistenceUnitName=default, spring.beaninfo.ignore=true, java.vm.name=Java HotSpot(TM) 64-Bit Server VM, java.vendor.url.bug=https://bugreport.java.com/bugreport/, java.io.tmpdir=C:\Users\nuche\AppData\Local\Temp\, com.zaxxer.hikari.pool_number=1, catalina.home=C:\Users\nuche\AppData\Local\Temp\tomcat.8080.3078643555337157220, com.sun.management.jmxremote.port=25580, java.version=15.0.2, hibernate.physical_naming_strategy=org.springframework.boot.orm.jpa.hibernate.SpringPhysicalNamingStrategy, user.dir=C:\Users\nuche\Documents\StuProj\java\biddingSoft, os.arch=amd64, java.vm.specification.name=Java Virtual Machine Specification, PID=8608, sun.os.patch.level=, CONSOLE_LOG_CHARSET=UTF-8, catalina.base=C:\Users\nuche\AppData\Local\Temp\tomcat.8080.3078643555337157220, hibernate.boot.CfgXmlAccessService.key=org.hibernate.boot.registry.StandardServiceRegistryBuilder$1@13e1400d, java.library.path=C:\Program Files\Java\jdk-15.0.2\bin;C:\Windows\Sun\Java\bin;C:\Windows\system32;C:\Windows;C:\Program Files (x86)\Common Files\Oracle\Java\javapath;C:\Program Files\Common Files\Oracle\Java\javapath;C:\Python38\Scripts\;C:\Python38\;C:\Windows\system32;C:\Windows;C:\Windows\System32\Wbem;C:\Windows\System32\WindowsPowerShell\v1.0\;C:\Windows\System32\OpenSSH\;C:\Program Files\Git\cmd;C:\Program Files\Microsoft SQL Server\130\Tools\Binn\;C:\Program Files\nodejs\;C:\ProgramData\chocolatey\bin;C:\Program Files\swipl\bin;C:\Program Files\JetBrains\GoLand 2020.1.2\bin;C:\Go\bin;C:\TDM-GCC-64\bin;C:\Program Files (x86)\sbt\bin;C:\Users\nuche\sdk;C:\Program Files\dotnet\;C:\Program Files\dotnet\sdk\5.0.100;C:\Program Files\Microsoft SQL Server\Client SDK\ODBC\170\Tools\Binn\;%M2%;C:\Program Files\spring-2.4.3\bin;C:\Program Files\MySQL\MySQL Shell 8.0\bin\;C:\Users\nuche\AppData\Local\Microsoft\WindowsApps;C:\Program Files\JetBrains\WebStorm 2019.3.3\bin;C:\Users\nuche\AppData\Roaming\npm;C:\Users\nuche\.dotnet\tools;C:\Program Files\JetBrains\IntelliJ IDEA 2020.1.1\bin;C:\Program Files\JetBrains\GoLand 2020.1.2\bin;C:\Users\nuche\go\bin;C:\Users\nuche\AppData\Local\GitHubDesktop\bin;C:\Users\nuche\AppData\Roaming\Dashlane\6.2026.0.36165\bin\Firefox_Extension\{442718d9-475e-452a-b3e1-fb1ee16b8e9f}\components;C:\Users\nuche\AppData\Roaming\Dashlane\6.2026.0.36165\ucrt;C:\Users\nuche\AppData\Roaming\Dashlane\6.2026.0.36165\bin\Qt;C:\Users\nuche\AppData\Roaming\Dashlane\6.2026.0.36165\ucrt;C:\Users\nuche\AppData\Roaming\Dashlane\6.2026.0.36165\bin\Ssl;C:\Users\nuche\AppData\Local\atom\bin;C:\MinGW\bin;C:\Users\nuche\.dotnet\tools;C:\Program Files\dotnet\sdk\5.0.100;C:\Program Files\Java\jdk-15.0.2\bin;C:\Program Files\apache-maven-3.6.3\bin;C:\Program Files\spring-2.4.3\bin;C:\Program Files (x86)\Nmap;., java.vendor=Oracle Corporation, java.vm.info=mixed mode, sharing, java.vm.version=15.0.2+7-27, hibernate.bytecode.use_reflection_optimizer=false, java.rmi.server.randomIDs=true, java.rmi.server.hostname=localhost, sun.io.unicode.encoding=UnicodeLittle, hibernate.archive.scanner=org.hibernate.boot.archive.scan.internal.DisabledScanner, hibernate.connection.datasource=HikariDataSource (HikariPool-1), java.class.version=59.0}
17:06:50.763 [restartedMain] DEBUG o.h.secure.spi.JaccIntegrator - Skipping JACC integration as it was not enabled
17:06:50.764 [restartedMain] DEBUG o.h.internal.SessionFactoryImpl - Instantiated session factory
17:06:50.764 [restartedMain] DEBUG o.h.t.spi.TypeConfiguration$Scope - Scoping TypeConfiguration [org.hibernate.type.spi.TypeConfiguration@52790d5d] to SessionFactoryImpl [org.hibernate.internal.SessionFactoryImpl@592a9ed1]
17:06:50.792 [restartedMain] DEBUG o.h.b.i.ClassLoaderAccessImpl - Not known whether passed class name [com.project.biddingSoft.domain.Bid] is safe
17:06:50.792 [restartedMain] DEBUG o.h.b.i.ClassLoaderAccessImpl - No temp ClassLoader provided; using live ClassLoader for loading potentially unsafe class : com.project.biddingSoft.domain.Bid
17:06:50.906 [restartedMain] DEBUG o.h.b.i.ClassLoaderAccessImpl - Not known whether passed class name [com.project.biddingSoft.domain.User] is safe
17:06:50.906 [restartedMain] DEBUG o.h.b.i.ClassLoaderAccessImpl - No temp ClassLoader provided; using live ClassLoader for loading potentially unsafe class : com.project.biddingSoft.domain.User
17:06:50.906 [restartedMain] INFO  o.hibernate.tuple.PojoInstantiator - HHH000182: No default (no-argument) constructor for class: com.project.biddingSoft.domain.User (class must be instantiated by Interceptor)
17:06:50.914 [restartedMain] DEBUG o.h.b.i.ClassLoaderAccessImpl - Not known whether passed class name [com.project.biddingSoft.domain.Lot] is safe
17:06:50.914 [restartedMain] DEBUG o.h.b.i.ClassLoaderAccessImpl - No temp ClassLoader provided; using live ClassLoader for loading potentially unsafe class : com.project.biddingSoft.domain.Lot
17:06:50.927 [restartedMain] DEBUG o.h.p.e.AbstractEntityPersister - Static SQL for entity: com.project.biddingSoft.domain.Bid
17:06:50.927 [restartedMain] DEBUG o.h.p.e.AbstractEntityPersister -  Version select: select id from bid where id =?
17:06:50.927 [restartedMain] DEBUG o.h.p.e.AbstractEntityPersister -  Snapshot select: select bid_.id from bid bid_ where bid_.id=?
17:06:50.927 [restartedMain] DEBUG o.h.p.e.AbstractEntityPersister -  Insert 0: insert into bid (id) values (?)
17:06:50.927 [restartedMain] DEBUG o.h.p.e.AbstractEntityPersister -  Update 0: null
17:06:50.927 [restartedMain] DEBUG o.h.p.e.AbstractEntityPersister -  Delete 0: delete from bid where id=?
17:06:50.945 [restartedMain] DEBUG o.h.l.p.b.i.spaces.QuerySpacesImpl - Adding QuerySpace : uid = <gen:0> -> org.hibernate.loader.plan.build.internal.spaces.EntityQuerySpaceImpl@fdbb044]
17:06:50.946 [restartedMain] DEBUG o.h.l.p.b.i.FetchStyleLoadPlanBuildingAssociationVisitationStrategy - Building LoadPlan...
17:06:50.951 [restartedMain] DEBUG o.h.l.p.e.i.LoadQueryJoinAndFetchProcessor - processing queryspace <gen:0>
17:06:50.953 [restartedMain] DEBUG o.h.l.p.b.spi.LoadPlanTreePrinter - LoadPlan(entity=com.project.biddingSoft.domain.Bid)
    - Returns
       - EntityReturnImpl(entity=com.project.biddingSoft.domain.Bid, querySpaceUid=<gen:0>, path=com.project.biddingSoft.domain.Bid)
    - QuerySpaces
       - EntityQuerySpaceImpl(uid=<gen:0>, entity=com.project.biddingSoft.domain.Bid)
          - SQL table alias mapping - bid0_
          - alias suffix - 0_
          - suffixed key columns - {id1_0_0_}

17:06:50.954 [restartedMain] DEBUG o.h.loader.entity.plan.EntityLoader - Static select for entity com.project.biddingSoft.domain.Bid [NONE]: select bid0_.id as id1_0_0_ from bid bid0_ where bid0_.id=?
17:06:50.954 [restartedMain] DEBUG o.h.p.e.AbstractEntityPersister - Static SQL for entity: com.project.biddingSoft.domain.User
17:06:50.954 [restartedMain] DEBUG o.h.p.e.AbstractEntityPersister -  Version select: select id from user where id =?
17:06:50.954 [restartedMain] DEBUG o.h.p.e.AbstractEntityPersister -  Snapshot select: select user_.id, user_.username as username2_2_ from user user_ where user_.id=?
17:06:50.954 [restartedMain] DEBUG o.h.p.e.AbstractEntityPersister -  Insert 0: insert into user (username, id) values (?, ?)
17:06:50.954 [restartedMain] DEBUG o.h.p.e.AbstractEntityPersister -  Update 0: update user set username=? where id=?
17:06:50.954 [restartedMain] DEBUG o.h.p.e.AbstractEntityPersister -  Delete 0: delete from user where id=?
17:06:50.954 [restartedMain] DEBUG o.h.l.p.b.i.spaces.QuerySpacesImpl - Adding QuerySpace : uid = <gen:0> -> org.hibernate.loader.plan.build.internal.spaces.EntityQuerySpaceImpl@555a474a]
17:06:50.955 [restartedMain] DEBUG o.h.p.w.spi.MetamodelGraphWalker - Visiting attribute path : username
17:06:50.955 [restartedMain] DEBUG o.h.l.p.b.i.FetchStyleLoadPlanBuildingAssociationVisitationStrategy - Building LoadPlan...
17:06:50.955 [restartedMain] DEBUG o.h.l.p.e.i.LoadQueryJoinAndFetchProcessor - processing queryspace <gen:0>
17:06:50.955 [restartedMain] DEBUG o.h.l.p.b.spi.LoadPlanTreePrinter - LoadPlan(entity=com.project.biddingSoft.domain.User)
    - Returns
       - EntityReturnImpl(entity=com.project.biddingSoft.domain.User, querySpaceUid=<gen:0>, path=com.project.biddingSoft.domain.User)
    - QuerySpaces
       - EntityQuerySpaceImpl(uid=<gen:0>, entity=com.project.biddingSoft.domain.User)
          - SQL table alias mapping - user0_
          - alias suffix - 0_
          - suffixed key columns - {id1_2_0_}

17:06:50.955 [restartedMain] DEBUG o.h.loader.entity.plan.EntityLoader - Static select for entity com.project.biddingSoft.domain.User [NONE]: select user0_.id as id1_2_0_, user0_.username as username2_2_0_ from user user0_ where user0_.id=?
17:06:50.955 [restartedMain] DEBUG o.h.p.e.AbstractEntityPersister - Static SQL for entity: com.project.biddingSoft.domain.Lot
17:06:50.956 [restartedMain] DEBUG o.h.p.e.AbstractEntityPersister -  Version select: select id from lot where id =?
17:06:50.956 [restartedMain] DEBUG o.h.p.e.AbstractEntityPersister -  Snapshot select: select lot_.id, lot_.description as descript2_1_, lot_.username as username3_1_ from lot lot_ where lot_.id=?
17:06:50.956 [restartedMain] DEBUG o.h.p.e.AbstractEntityPersister -  Insert 0: insert into lot (description, username, id) values (?, ?, ?)
17:06:50.956 [restartedMain] DEBUG o.h.p.e.AbstractEntityPersister -  Update 0: update lot set description=?, username=? where id=?
17:06:50.956 [restartedMain] DEBUG o.h.p.e.AbstractEntityPersister -  Delete 0: delete from lot where id=?
17:06:50.956 [restartedMain] DEBUG o.h.l.p.b.i.spaces.QuerySpacesImpl - Adding QuerySpace : uid = <gen:0> -> org.hibernate.loader.plan.build.internal.spaces.EntityQuerySpaceImpl@a444404]
17:06:50.956 [restartedMain] DEBUG o.h.p.w.spi.MetamodelGraphWalker - Visiting attribute path : description
17:06:50.956 [restartedMain] DEBUG o.h.p.w.spi.MetamodelGraphWalker - Visiting attribute path : username
17:06:50.956 [restartedMain] DEBUG o.h.l.p.b.i.FetchStyleLoadPlanBuildingAssociationVisitationStrategy - Building LoadPlan...
17:06:50.956 [restartedMain] DEBUG o.h.l.p.e.i.LoadQueryJoinAndFetchProcessor - processing queryspace <gen:0>
17:06:50.956 [restartedMain] DEBUG o.h.l.p.b.spi.LoadPlanTreePrinter - LoadPlan(entity=com.project.biddingSoft.domain.Lot)
    - Returns
       - EntityReturnImpl(entity=com.project.biddingSoft.domain.Lot, querySpaceUid=<gen:0>, path=com.project.biddingSoft.domain.Lot)
    - QuerySpaces
       - EntityQuerySpaceImpl(uid=<gen:0>, entity=com.project.biddingSoft.domain.Lot)
          - SQL table alias mapping - lot0_
          - alias suffix - 0_
          - suffixed key columns - {id1_1_0_}

17:06:50.956 [restartedMain] DEBUG o.h.loader.entity.plan.EntityLoader - Static select for entity com.project.biddingSoft.domain.Lot [NONE]: select lot0_.id as id1_1_0_, lot0_.description as descript2_1_0_, lot0_.username as username3_1_0_ from lot lot0_ where lot0_.id=?
17:06:50.994 [restartedMain] DEBUG org.hibernate.mapping.Table - No alter strings for table : bid
17:06:50.994 [restartedMain] DEBUG org.hibernate.mapping.Table - No alter strings for table : hibernate_sequence
17:06:50.994 [restartedMain] DEBUG org.hibernate.mapping.Table - No alter strings for table : lot
17:06:50.994 [restartedMain] DEBUG org.hibernate.mapping.Table - No alter strings for table : user
17:06:50.994 [restartedMain] INFO  o.h.e.t.j.p.i.JtaPlatformInitiator - HHH000490: Using JtaPlatform implementation: [org.hibernate.engine.transaction.jta.platform.internal.NoJtaPlatform]
17:06:50.994 [restartedMain] DEBUG o.h.query.spi.NamedQueryRepository - Checking 0 named HQL queries
17:06:50.994 [restartedMain] DEBUG o.h.query.spi.NamedQueryRepository - Checking 0 named SQL queries
17:06:50.999 [restartedMain] DEBUG o.h.internal.SessionFactoryRegistry - Initializing SessionFactoryRegistry : org.hibernate.internal.SessionFactoryRegistry@130ef234
17:06:50.999 [restartedMain] DEBUG o.h.internal.SessionFactoryRegistry - Registering SessionFactory: 4924e243-58bf-414f-9202-e0835b0a05c3 (<unnamed>)
17:06:50.999 [restartedMain] DEBUG o.h.internal.SessionFactoryRegistry - Not binding SessionFactory to JNDI, no JNDI name configured
17:06:51.000 [restartedMain] INFO  o.s.o.j.LocalContainerEntityManagerFactoryBean - Initialized JPA EntityManagerFactory for persistence unit 'default'
17:06:51.035 [restartedMain] INFO  o.s.b.d.a.OptionalLiveReloadServer - LiveReload server is running on port 35729
17:06:51.138 [restartedMain] DEBUG o.h.s.internal.StatisticsInitiator - Statistics initialized [enabled=false]
17:06:51.277 [restartedMain] WARN  o.s.b.a.o.j.JpaBaseConfiguration$JpaWebConfiguration - spring.jpa.open-in-view is enabled by default. Therefore, database queries may be performed during view rendering. Explicitly configure spring.jpa.open-in-view to disable this warning
17:06:51.537 [restartedMain] INFO  o.s.s.c.ThreadPoolTaskExecutor - Initializing ExecutorService 'applicationTaskExecutor'
17:06:51.728 [restartedMain] WARN  o.s.b.a.t.ThymeleafAutoConfiguration$DefaultTemplateResolverConfiguration - Cannot find template location: classpath:/templates/ (please add some templates or check your Thymeleaf configuration)
17:06:51.912 [restartedMain] INFO  o.a.coyote.http11.Http11NioProtocol - Starting ProtocolHandler ["http-nio-8080"]
17:06:51.927 [restartedMain] INFO  o.s.b.w.e.tomcat.TomcatWebServer - Tomcat started on port(s): 8080 (http) with context path ''
17:06:51.932 [restartedMain] INFO  c.p.b.BiddingSoftwareApplication - Started BiddingSoftwareApplication in 3.363 seconds (JVM running for 3.918)
17:06:51.933 [restartedMain] INFO  c.p.b.BiddingSoftwareApplication - [31m--spring.output.ansi.enabled=always[0m
17:06:56.655 [http-nio-8080-exec-1] INFO  o.a.c.c.C.[Tomcat].[localhost].[/] - Initializing Spring DispatcherServlet 'dispatcherServlet'
17:06:56.655 [http-nio-8080-exec-1] INFO  o.s.web.servlet.DispatcherServlet - Initializing Servlet 'dispatcherServlet'
17:06:56.657 [http-nio-8080-exec-1] INFO  o.s.web.servlet.DispatcherServlet - Completed initialization in 1 ms
17:06:56.784 [http-nio-8080-exec-1] DEBUG o.h.e.t.internal.TransactionImpl - On TransactionImpl creation, JpaCompliance#isJpaTransactionComplianceEnabled == false
17:06:56.784 [http-nio-8080-exec-1] DEBUG o.h.e.t.internal.TransactionImpl - begin
17:06:56.795 [http-nio-8080-exec-1] DEBUG org.hibernate.SQL - select next_val as id_val from hibernate_sequence for update
17:06:56.798 [http-nio-8080-exec-1] DEBUG org.hibernate.SQL - update hibernate_sequence set next_val= ? where next_val=?
17:06:56.804 [http-nio-8080-exec-1] DEBUG o.h.e.i.AbstractSaveEventListener - Generated identifier: 43, using strategy: org.hibernate.id.enhanced.SequenceStyleGenerator
17:06:56.813 [http-nio-8080-exec-1] DEBUG o.h.e.t.internal.TransactionImpl - committing
17:06:56.813 [http-nio-8080-exec-1] DEBUG o.h.e.i.AbstractFlushingEventListener - Processing flush-time cascades
17:06:56.813 [http-nio-8080-exec-1] DEBUG o.h.e.i.AbstractFlushingEventListener - Dirty checking collections
17:06:56.815 [http-nio-8080-exec-1] DEBUG o.h.e.i.AbstractFlushingEventListener - Flushed: 1 insertions, 0 updates, 0 deletions to 1 objects
17:06:56.815 [http-nio-8080-exec-1] DEBUG o.h.e.i.AbstractFlushingEventListener - Flushed: 0 (re)creations, 0 updates, 0 removals to 0 collections
17:06:56.816 [http-nio-8080-exec-1] DEBUG o.h.internal.util.EntityPrinter - Listing entities:
17:06:56.816 [http-nio-8080-exec-1] DEBUG o.h.internal.util.EntityPrinter - com.project.biddingSoft.domain.User{id=43, username=shmilu}
17:06:56.819 [http-nio-8080-exec-1] DEBUG org.hibernate.SQL - insert into user (username, id) values (?, ?)
17:07:20.303 [HikariPool-1 housekeeper] DEBUG com.zaxxer.hikari.pool.HikariPool - HikariPool-1 - Pool stats (total=10, active=0, idle=10, waiting=0)
17:07:20.303 [HikariPool-1 housekeeper] DEBUG com.zaxxer.hikari.pool.HikariPool - HikariPool-1 - Fill pool skipped, pool is at sufficient level.
17:07:34.906 [Thread-4] INFO  o.s.s.c.ThreadPoolTaskExecutor - Shutting down ExecutorService 'applicationTaskExecutor'
17:07:34.907 [Thread-4] INFO  o.s.o.j.LocalContainerEntityManagerFactoryBean - Closing JPA EntityManagerFactory for persistence unit 'default'
17:07:34.907 [Thread-4] DEBUG o.h.internal.SessionFactoryImpl - HHH000031: Closing
17:07:34.907 [Thread-4] DEBUG o.h.t.spi.TypeConfiguration$Scope - Un-scoping TypeConfiguration [org.hibernate.type.spi.TypeConfiguration$Scope@28dd1bd0] from SessionFactory [org.hibernate.internal.SessionFactoryImpl@592a9ed1]
17:07:34.908 [Thread-4] DEBUG o.h.s.i.AbstractServiceRegistryImpl - Implicitly destroying ServiceRegistry on de-registration of all child ServiceRegistries
17:07:34.908 [Thread-4] DEBUG o.h.b.r.i.BootstrapServiceRegistryImpl - Implicitly destroying Boot-strap registry on de-registration of all child ServiceRegistries
17:07:34.910 [Thread-4] INFO  com.zaxxer.hikari.HikariDataSource - HikariPool-1 - Shutdown initiated...
17:07:34.910 [Thread-4] DEBUG com.zaxxer.hikari.pool.HikariPool - HikariPool-1 - Before shutdown stats (total=10, active=0, idle=10, waiting=0)
17:07:34.912 [HikariPool-1 connection closer] DEBUG com.zaxxer.hikari.pool.PoolBase - HikariPool-1 - Closing connection com.mysql.cj.jdbc.ConnectionImpl@3e10bc44: (connection evicted)
17:07:34.912 [HikariPool-1 connection closer] DEBUG com.zaxxer.hikari.pool.PoolBase - HikariPool-1 - Closing connection com.mysql.cj.jdbc.ConnectionImpl@723fb2c: (connection evicted)
17:07:34.913 [HikariPool-1 connection closer] DEBUG com.zaxxer.hikari.pool.PoolBase - HikariPool-1 - Closing connection com.mysql.cj.jdbc.ConnectionImpl@567012ce: (connection evicted)
17:07:34.913 [HikariPool-1 connection closer] DEBUG com.zaxxer.hikari.pool.PoolBase - HikariPool-1 - Closing connection com.mysql.cj.jdbc.ConnectionImpl@4d778ac8: (connection evicted)
17:07:34.913 [HikariPool-1 connection closer] DEBUG com.zaxxer.hikari.pool.PoolBase - HikariPool-1 - Closing connection com.mysql.cj.jdbc.ConnectionImpl@523ea81f: (connection evicted)
17:07:34.914 [HikariPool-1 connection closer] DEBUG com.zaxxer.hikari.pool.PoolBase - HikariPool-1 - Closing connection com.mysql.cj.jdbc.ConnectionImpl@590fce85: (connection evicted)
17:07:34.915 [HikariPool-1 connection closer] DEBUG com.zaxxer.hikari.pool.PoolBase - HikariPool-1 - Closing connection com.mysql.cj.jdbc.ConnectionImpl@b4c3d67: (connection evicted)
17:07:34.915 [HikariPool-1 connection closer] DEBUG com.zaxxer.hikari.pool.PoolBase - HikariPool-1 - Closing connection com.mysql.cj.jdbc.ConnectionImpl@13f375e3: (connection evicted)
17:07:34.915 [HikariPool-1 connection closer] DEBUG com.zaxxer.hikari.pool.PoolBase - HikariPool-1 - Closing connection com.mysql.cj.jdbc.ConnectionImpl@57fd684a: (connection evicted)
17:07:34.915 [HikariPool-1 connection closer] DEBUG com.zaxxer.hikari.pool.PoolBase - HikariPool-1 - Closing connection com.mysql.cj.jdbc.ConnectionImpl@309b75fa: (connection evicted)
17:07:34.915 [Thread-4] DEBUG com.zaxxer.hikari.pool.HikariPool - HikariPool-1 - After shutdown stats (total=0, active=0, idle=0, waiting=0)
17:07:34.915 [Thread-4] INFO  com.zaxxer.hikari.HikariDataSource - HikariPool-1 - Shutdown completed.
