10:39:28.826 [restartedMain] INFO  c.p.b.BiddingSoftwareApplication - Starting BiddingSoftwareApplication using Java 15.0.2 on DESKTOP-AEM1CBO with PID 21540 (C:\Users\nuche\Documents\StuProj\java\biddingSoft\target\classes started by nuche in C:\Users\nuche\Documents\StuProj\java\biddingSoft)
10:39:28.828 [restartedMain] DEBUG c.p.b.BiddingSoftwareApplication - Running with Spring Boot v2.4.3, Spring v5.3.4
10:39:28.828 [restartedMain] INFO  c.p.b.BiddingSoftwareApplication - No active profile set, falling back to default profiles: default
10:39:28.856 [restartedMain] INFO  o.s.b.d.e.DevToolsPropertyDefaultsPostProcessor - Devtools property defaults active! Set 'spring.devtools.add-properties' to 'false' to disable
10:39:28.857 [restartedMain] INFO  o.s.b.d.e.DevToolsPropertyDefaultsPostProcessor - For additional web related logging consider setting the 'logging.level.web' property to 'DEBUG'
10:39:29.304 [restartedMain] INFO  o.s.d.r.c.RepositoryConfigurationDelegate - Bootstrapping Spring Data JPA repositories in DEFAULT mode.
10:39:29.342 [restartedMain] INFO  o.s.d.r.c.RepositoryConfigurationDelegate - Finished Spring Data repository scanning in 33 ms. Found 1 JPA repository interfaces.
10:39:29.828 [restartedMain] INFO  o.s.b.w.e.tomcat.TomcatWebServer - Tomcat initialized with port(s): 8080 (http)
10:39:29.835 [restartedMain] INFO  o.a.coyote.http11.Http11NioProtocol - Initializing ProtocolHandler ["http-nio-8080"]
10:39:29.835 [restartedMain] INFO  o.a.catalina.core.StandardService - Starting service [Tomcat]
10:39:29.835 [restartedMain] INFO  o.a.catalina.core.StandardEngine - Starting Servlet engine: [Apache Tomcat/9.0.43]
10:39:29.917 [restartedMain] INFO  o.a.c.c.C.[Tomcat].[localhost].[/] - Initializing Spring embedded WebApplicationContext
10:39:29.917 [restartedMain] INFO  o.s.b.w.s.c.ServletWebServerApplicationContext - Root WebApplicationContext: initialization completed in 1060 ms
10:39:29.942 [restartedMain] DEBUG com.zaxxer.hikari.HikariConfig - Driver class com.mysql.cj.jdbc.Driver found in Thread context class loader TomcatEmbeddedWebappClassLoader
  context: ROOT
  delegate: true
----------> Parent Classloader:
org.springframework.boot.devtools.restart.classloader.RestartClassLoader@3e09546c

10:39:29.964 [restartedMain] DEBUG com.zaxxer.hikari.HikariConfig - HikariPool-1 - configuration:
10:39:29.966 [restartedMain] DEBUG com.zaxxer.hikari.HikariConfig - allowPoolSuspension.............false
10:39:29.966 [restartedMain] DEBUG com.zaxxer.hikari.HikariConfig - autoCommit......................true
10:39:29.966 [restartedMain] DEBUG com.zaxxer.hikari.HikariConfig - catalog.........................none
10:39:29.966 [restartedMain] DEBUG com.zaxxer.hikari.HikariConfig - connectionInitSql...............none
10:39:29.966 [restartedMain] DEBUG com.zaxxer.hikari.HikariConfig - connectionTestQuery.............none
10:39:29.966 [restartedMain] DEBUG com.zaxxer.hikari.HikariConfig - connectionTimeout...............30000
10:39:29.966 [restartedMain] DEBUG com.zaxxer.hikari.HikariConfig - dataSource......................none
10:39:29.966 [restartedMain] DEBUG com.zaxxer.hikari.HikariConfig - dataSourceClassName.............none
10:39:29.966 [restartedMain] DEBUG com.zaxxer.hikari.HikariConfig - dataSourceJNDI..................none
10:39:29.966 [restartedMain] DEBUG com.zaxxer.hikari.HikariConfig - dataSourceProperties............{password=<masked>}
10:39:29.966 [restartedMain] DEBUG com.zaxxer.hikari.HikariConfig - driverClassName................."com.mysql.cj.jdbc.Driver"
10:39:29.966 [restartedMain] DEBUG com.zaxxer.hikari.HikariConfig - exceptionOverrideClassName......none
10:39:29.966 [restartedMain] DEBUG com.zaxxer.hikari.HikariConfig - healthCheckProperties...........{}
10:39:29.966 [restartedMain] DEBUG com.zaxxer.hikari.HikariConfig - healthCheckRegistry.............none
10:39:29.966 [restartedMain] DEBUG com.zaxxer.hikari.HikariConfig - idleTimeout.....................600000
10:39:29.966 [restartedMain] DEBUG com.zaxxer.hikari.HikariConfig - initializationFailTimeout.......1
10:39:29.967 [restartedMain] DEBUG com.zaxxer.hikari.HikariConfig - isolateInternalQueries..........false
10:39:29.967 [restartedMain] DEBUG com.zaxxer.hikari.HikariConfig - jdbcUrl.........................jdbc:mysql://localhost:3306/biddingSoft
10:39:29.967 [restartedMain] DEBUG com.zaxxer.hikari.HikariConfig - leakDetectionThreshold..........0
10:39:29.967 [restartedMain] DEBUG com.zaxxer.hikari.HikariConfig - maxLifetime.....................1800000
10:39:29.967 [restartedMain] DEBUG com.zaxxer.hikari.HikariConfig - maximumPoolSize.................10
10:39:29.967 [restartedMain] DEBUG com.zaxxer.hikari.HikariConfig - metricRegistry..................none
10:39:29.967 [restartedMain] DEBUG com.zaxxer.hikari.HikariConfig - metricsTrackerFactory...........none
10:39:29.967 [restartedMain] DEBUG com.zaxxer.hikari.HikariConfig - minimumIdle.....................10
10:39:29.967 [restartedMain] DEBUG com.zaxxer.hikari.HikariConfig - password........................<masked>
10:39:29.967 [restartedMain] DEBUG com.zaxxer.hikari.HikariConfig - poolName........................"HikariPool-1"
10:39:29.967 [restartedMain] DEBUG com.zaxxer.hikari.HikariConfig - readOnly........................false
10:39:29.967 [restartedMain] DEBUG com.zaxxer.hikari.HikariConfig - registerMbeans..................false
10:39:29.967 [restartedMain] DEBUG com.zaxxer.hikari.HikariConfig - scheduledExecutor...............none
10:39:29.967 [restartedMain] DEBUG com.zaxxer.hikari.HikariConfig - schema..........................none
10:39:29.967 [restartedMain] DEBUG com.zaxxer.hikari.HikariConfig - threadFactory...................internal
10:39:29.967 [restartedMain] DEBUG com.zaxxer.hikari.HikariConfig - transactionIsolation............default
10:39:29.967 [restartedMain] DEBUG com.zaxxer.hikari.HikariConfig - username........................"root"
10:39:29.967 [restartedMain] DEBUG com.zaxxer.hikari.HikariConfig - validationTimeout...............5000
10:39:29.967 [restartedMain] INFO  com.zaxxer.hikari.HikariDataSource - HikariPool-1 - Starting...
10:39:30.210 [restartedMain] DEBUG com.zaxxer.hikari.pool.HikariPool - HikariPool-1 - Added connection com.mysql.cj.jdbc.ConnectionImpl@4e8f4622
10:39:30.211 [restartedMain] INFO  com.zaxxer.hikari.HikariDataSource - HikariPool-1 - Start completed.
10:39:30.215 [restartedMain] INFO  o.s.b.a.h.H2ConsoleAutoConfiguration - H2 console available at '/h2-console'. Database available at 'jdbc:mysql://localhost:3306/biddingSoft'
10:39:30.314 [HikariPool-1 housekeeper] DEBUG com.zaxxer.hikari.pool.HikariPool - HikariPool-1 - Pool stats (total=1, active=0, idle=1, waiting=0)
10:39:30.316 [restartedMain] DEBUG org.jboss.logging - Logging Provider: org.jboss.logging.Log4j2LoggerProvider
10:39:30.331 [HikariPool-1 connection adder] DEBUG com.zaxxer.hikari.pool.HikariPool - HikariPool-1 - Added connection com.mysql.cj.jdbc.ConnectionImpl@23facd10
10:39:30.349 [HikariPool-1 connection adder] DEBUG com.zaxxer.hikari.pool.HikariPool - HikariPool-1 - Added connection com.mysql.cj.jdbc.ConnectionImpl@728de5e4
10:39:30.350 [restartedMain] DEBUG o.h.jpa.internal.util.LogHelper - PersistenceUnitInfo [
	name: default
	persistence provider classname: null
	classloader: org.springframework.boot.devtools.restart.classloader.RestartClassLoader@3e09546c
	excludeUnlistedClasses: true
	JTA datasource: null
	Non JTA datasource: HikariDataSource (HikariPool-1)
	Transaction type: RESOURCE_LOCAL
	PU root URL: file:/C:/Users/nuche/Documents/StuProj/java/biddingSoft/target/classes/
	Shared Cache Mode: UNSPECIFIED
	Validation Mode: AUTO
	Jar files URLs []
	Managed classes names [
		com.project.biddingSoft.domain.Bid
		com.project.biddingSoft.domain.Lot
		com.project.biddingSoft.domain.Storable
		com.project.biddingSoft.domain.User]
	Mapping files names []
	Properties []
10:39:30.356 [restartedMain] DEBUG o.h.i.i.IntegratorServiceImpl - Adding Integrator [org.hibernate.cfg.beanvalidation.BeanValidationIntegrator].
10:39:30.357 [restartedMain] DEBUG o.h.i.i.IntegratorServiceImpl - Adding Integrator [org.hibernate.secure.spi.JaccIntegrator].
10:39:30.357 [restartedMain] DEBUG o.h.i.i.IntegratorServiceImpl - Adding Integrator [org.hibernate.cache.internal.CollectionCacheInvalidator].
10:39:30.363 [HikariPool-1 connection adder] DEBUG com.zaxxer.hikari.pool.HikariPool - HikariPool-1 - Added connection com.mysql.cj.jdbc.ConnectionImpl@5d42cc6a
10:39:30.378 [HikariPool-1 connection adder] DEBUG com.zaxxer.hikari.pool.HikariPool - HikariPool-1 - Added connection com.mysql.cj.jdbc.ConnectionImpl@76c37bd0
10:39:30.381 [restartedMain] INFO  org.hibernate.Version - HHH000412: Hibernate ORM core version 5.4.28.Final
10:39:30.381 [restartedMain] DEBUG org.hibernate.cfg.Environment - HHH000206: hibernate.properties not found
10:39:30.394 [HikariPool-1 connection adder] DEBUG com.zaxxer.hikari.pool.HikariPool - HikariPool-1 - Added connection com.mysql.cj.jdbc.ConnectionImpl@3d3d5c19
10:39:30.409 [HikariPool-1 connection adder] DEBUG com.zaxxer.hikari.pool.HikariPool - HikariPool-1 - Added connection com.mysql.cj.jdbc.ConnectionImpl@5bb63ab2
10:39:30.424 [HikariPool-1 connection adder] DEBUG com.zaxxer.hikari.pool.HikariPool - HikariPool-1 - Added connection com.mysql.cj.jdbc.ConnectionImpl@2f460cf8
10:39:30.442 [HikariPool-1 connection adder] DEBUG com.zaxxer.hikari.pool.HikariPool - HikariPool-1 - Added connection com.mysql.cj.jdbc.ConnectionImpl@e3772d6
10:39:30.452 [restartedMain] DEBUG o.h.service.spi.ServiceBinding - Overriding existing service binding [org.hibernate.secure.spi.JaccService]
10:39:30.456 [HikariPool-1 connection adder] DEBUG com.zaxxer.hikari.pool.HikariPool - HikariPool-1 - Added connection com.mysql.cj.jdbc.ConnectionImpl@79f59e10
10:39:30.456 [HikariPool-1 connection adder] DEBUG com.zaxxer.hikari.pool.HikariPool - HikariPool-1 - After adding stats (total=10, active=0, idle=10, waiting=0)
10:39:30.459 [restartedMain] DEBUG o.h.c.i.RegionFactoryInitiator - Cannot default RegionFactory based on registered strategies as `[]` RegionFactory strategies were registered
10:39:30.459 [restartedMain] DEBUG o.h.c.i.RegionFactoryInitiator - Cache region factory : org.hibernate.cache.internal.NoCachingRegionFactory
10:39:30.469 [restartedMain] INFO  o.h.annotations.common.Version - HCANN000001: Hibernate Commons Annotations {5.1.2.Final}
10:39:30.487 [restartedMain] DEBUG o.hibernate.type.BasicTypeRegistry - Adding type registration boolean -> org.hibernate.type.BooleanType@42f537f5
10:39:30.487 [restartedMain] DEBUG o.hibernate.type.BasicTypeRegistry - Adding type registration boolean -> org.hibernate.type.BooleanType@42f537f5
10:39:30.487 [restartedMain] DEBUG o.hibernate.type.BasicTypeRegistry - Adding type registration java.lang.Boolean -> org.hibernate.type.BooleanType@42f537f5
10:39:30.487 [restartedMain] DEBUG o.hibernate.type.BasicTypeRegistry - Adding type registration numeric_boolean -> org.hibernate.type.NumericBooleanType@5971bfb4
10:39:30.487 [restartedMain] DEBUG o.hibernate.type.BasicTypeRegistry - Adding type registration true_false -> org.hibernate.type.TrueFalseType@6e994626
10:39:30.488 [restartedMain] DEBUG o.hibernate.type.BasicTypeRegistry - Adding type registration yes_no -> org.hibernate.type.YesNoType@49310e7e
10:39:30.488 [restartedMain] DEBUG o.hibernate.type.BasicTypeRegistry - Adding type registration byte -> org.hibernate.type.ByteType@1b9b6d2d
10:39:30.489 [restartedMain] DEBUG o.hibernate.type.BasicTypeRegistry - Adding type registration byte -> org.hibernate.type.ByteType@1b9b6d2d
10:39:30.489 [restartedMain] DEBUG o.hibernate.type.BasicTypeRegistry - Adding type registration java.lang.Byte -> org.hibernate.type.ByteType@1b9b6d2d
10:39:30.489 [restartedMain] DEBUG o.hibernate.type.BasicTypeRegistry - Adding type registration character -> org.hibernate.type.CharacterType@802a567
10:39:30.489 [restartedMain] DEBUG o.hibernate.type.BasicTypeRegistry - Adding type registration char -> org.hibernate.type.CharacterType@802a567
10:39:30.489 [restartedMain] DEBUG o.hibernate.type.BasicTypeRegistry - Adding type registration java.lang.Character -> org.hibernate.type.CharacterType@802a567
10:39:30.490 [restartedMain] DEBUG o.hibernate.type.BasicTypeRegistry - Adding type registration short -> org.hibernate.type.ShortType@3f53be65
10:39:30.490 [restartedMain] DEBUG o.hibernate.type.BasicTypeRegistry - Adding type registration short -> org.hibernate.type.ShortType@3f53be65
10:39:30.490 [restartedMain] DEBUG o.hibernate.type.BasicTypeRegistry - Adding type registration java.lang.Short -> org.hibernate.type.ShortType@3f53be65
10:39:30.491 [restartedMain] DEBUG o.hibernate.type.BasicTypeRegistry - Adding type registration integer -> org.hibernate.type.IntegerType@665160a
10:39:30.491 [restartedMain] DEBUG o.hibernate.type.BasicTypeRegistry - Adding type registration int -> org.hibernate.type.IntegerType@665160a
10:39:30.491 [restartedMain] DEBUG o.hibernate.type.BasicTypeRegistry - Adding type registration java.lang.Integer -> org.hibernate.type.IntegerType@665160a
10:39:30.491 [restartedMain] DEBUG o.hibernate.type.BasicTypeRegistry - Adding type registration long -> org.hibernate.type.LongType@6548570e
10:39:30.491 [restartedMain] DEBUG o.hibernate.type.BasicTypeRegistry - Adding type registration long -> org.hibernate.type.LongType@6548570e
10:39:30.491 [restartedMain] DEBUG o.hibernate.type.BasicTypeRegistry - Adding type registration java.lang.Long -> org.hibernate.type.LongType@6548570e
10:39:30.492 [restartedMain] DEBUG o.hibernate.type.BasicTypeRegistry - Adding type registration float -> org.hibernate.type.FloatType@736b457f
10:39:30.492 [restartedMain] DEBUG o.hibernate.type.BasicTypeRegistry - Adding type registration float -> org.hibernate.type.FloatType@736b457f
10:39:30.492 [restartedMain] DEBUG o.hibernate.type.BasicTypeRegistry - Adding type registration java.lang.Float -> org.hibernate.type.FloatType@736b457f
10:39:30.492 [restartedMain] DEBUG o.hibernate.type.BasicTypeRegistry - Adding type registration double -> org.hibernate.type.DoubleType@4578a8c3
10:39:30.492 [restartedMain] DEBUG o.hibernate.type.BasicTypeRegistry - Adding type registration double -> org.hibernate.type.DoubleType@4578a8c3
10:39:30.492 [restartedMain] DEBUG o.hibernate.type.BasicTypeRegistry - Adding type registration java.lang.Double -> org.hibernate.type.DoubleType@4578a8c3
10:39:30.493 [restartedMain] DEBUG o.hibernate.type.BasicTypeRegistry - Adding type registration big_decimal -> org.hibernate.type.BigDecimalType@6b49a3f4
10:39:30.493 [restartedMain] DEBUG o.hibernate.type.BasicTypeRegistry - Adding type registration java.math.BigDecimal -> org.hibernate.type.BigDecimalType@6b49a3f4
10:39:30.494 [restartedMain] DEBUG o.hibernate.type.BasicTypeRegistry - Adding type registration big_integer -> org.hibernate.type.BigIntegerType@22ee155
10:39:30.494 [restartedMain] DEBUG o.hibernate.type.BasicTypeRegistry - Adding type registration java.math.BigInteger -> org.hibernate.type.BigIntegerType@22ee155
10:39:30.494 [restartedMain] DEBUG o.hibernate.type.BasicTypeRegistry - Adding type registration string -> org.hibernate.type.StringType@672d0783
10:39:30.494 [restartedMain] DEBUG o.hibernate.type.BasicTypeRegistry - Adding type registration java.lang.String -> org.hibernate.type.StringType@672d0783
10:39:30.494 [restartedMain] DEBUG o.hibernate.type.BasicTypeRegistry - Adding type registration nstring -> org.hibernate.type.StringNVarcharType@661a3002
10:39:30.495 [restartedMain] DEBUG o.hibernate.type.BasicTypeRegistry - Adding type registration ncharacter -> org.hibernate.type.CharacterNCharType@349f86fc
10:39:30.496 [restartedMain] DEBUG o.hibernate.type.BasicTypeRegistry - Adding type registration url -> org.hibernate.type.UrlType@4bc4cd83
10:39:30.496 [restartedMain] DEBUG o.hibernate.type.BasicTypeRegistry - Adding type registration java.net.URL -> org.hibernate.type.UrlType@4bc4cd83
10:39:30.496 [restartedMain] DEBUG o.hibernate.type.BasicTypeRegistry - Adding type registration Duration -> org.hibernate.type.DurationType@772cd1fe
10:39:30.496 [restartedMain] DEBUG o.hibernate.type.BasicTypeRegistry - Adding type registration java.time.Duration -> org.hibernate.type.DurationType@772cd1fe
10:39:30.496 [restartedMain] DEBUG o.hibernate.type.BasicTypeRegistry - Adding type registration Instant -> org.hibernate.type.InstantType@4f1b0bcc
10:39:30.496 [restartedMain] DEBUG o.hibernate.type.BasicTypeRegistry - Adding type registration java.time.Instant -> org.hibernate.type.InstantType@4f1b0bcc
10:39:30.497 [restartedMain] DEBUG o.hibernate.type.BasicTypeRegistry - Adding type registration LocalDateTime -> org.hibernate.type.LocalDateTimeType@29a5042d
10:39:30.497 [restartedMain] DEBUG o.hibernate.type.BasicTypeRegistry - Adding type registration java.time.LocalDateTime -> org.hibernate.type.LocalDateTimeType@29a5042d
10:39:30.498 [restartedMain] DEBUG o.hibernate.type.BasicTypeRegistry - Adding type registration LocalDate -> org.hibernate.type.LocalDateType@7e68cd6a
10:39:30.498 [restartedMain] DEBUG o.hibernate.type.BasicTypeRegistry - Adding type registration java.time.LocalDate -> org.hibernate.type.LocalDateType@7e68cd6a
10:39:30.498 [restartedMain] DEBUG o.hibernate.type.BasicTypeRegistry - Adding type registration LocalTime -> org.hibernate.type.LocalTimeType@55d77e2f
10:39:30.499 [restartedMain] DEBUG o.hibernate.type.BasicTypeRegistry - Adding type registration java.time.LocalTime -> org.hibernate.type.LocalTimeType@55d77e2f
10:39:30.499 [restartedMain] DEBUG o.hibernate.type.BasicTypeRegistry - Adding type registration OffsetDateTime -> org.hibernate.type.OffsetDateTimeType@5d27ad50
10:39:30.499 [restartedMain] DEBUG o.hibernate.type.BasicTypeRegistry - Adding type registration java.time.OffsetDateTime -> org.hibernate.type.OffsetDateTimeType@5d27ad50
10:39:30.499 [restartedMain] DEBUG o.hibernate.type.BasicTypeRegistry - Adding type registration OffsetTime -> org.hibernate.type.OffsetTimeType@1b300a5e
10:39:30.500 [restartedMain] DEBUG o.hibernate.type.BasicTypeRegistry - Adding type registration java.time.OffsetTime -> org.hibernate.type.OffsetTimeType@1b300a5e
10:39:30.500 [restartedMain] DEBUG o.hibernate.type.BasicTypeRegistry - Adding type registration ZonedDateTime -> org.hibernate.type.ZonedDateTimeType@2fd4ecfc
10:39:30.500 [restartedMain] DEBUG o.hibernate.type.BasicTypeRegistry - Adding type registration java.time.ZonedDateTime -> org.hibernate.type.ZonedDateTimeType@2fd4ecfc
10:39:30.501 [restartedMain] DEBUG o.hibernate.type.BasicTypeRegistry - Adding type registration date -> org.hibernate.type.DateType@66368927
10:39:30.501 [restartedMain] DEBUG o.hibernate.type.BasicTypeRegistry - Adding type registration java.sql.Date -> org.hibernate.type.DateType@66368927
10:39:30.501 [restartedMain] DEBUG o.hibernate.type.BasicTypeRegistry - Adding type registration time -> org.hibernate.type.TimeType@16010469
10:39:30.501 [restartedMain] DEBUG o.hibernate.type.BasicTypeRegistry - Adding type registration java.sql.Time -> org.hibernate.type.TimeType@16010469
10:39:30.502 [restartedMain] DEBUG o.hibernate.type.BasicTypeRegistry - Adding type registration timestamp -> org.hibernate.type.TimestampType@52c60337
10:39:30.502 [restartedMain] DEBUG o.hibernate.type.BasicTypeRegistry - Adding type registration java.sql.Timestamp -> org.hibernate.type.TimestampType@52c60337
10:39:30.503 [restartedMain] DEBUG o.hibernate.type.BasicTypeRegistry - Adding type registration java.util.Date -> org.hibernate.type.TimestampType@52c60337
10:39:30.503 [restartedMain] DEBUG o.hibernate.type.BasicTypeRegistry - Adding type registration dbtimestamp -> org.hibernate.type.DbTimestampType@40ca62b1
10:39:30.503 [restartedMain] DEBUG o.hibernate.type.BasicTypeRegistry - Adding type registration calendar -> org.hibernate.type.CalendarType@168a5bb8
10:39:30.503 [restartedMain] DEBUG o.hibernate.type.BasicTypeRegistry - Adding type registration java.util.Calendar -> org.hibernate.type.CalendarType@168a5bb8
10:39:30.503 [restartedMain] DEBUG o.hibernate.type.BasicTypeRegistry - Adding type registration java.util.GregorianCalendar -> org.hibernate.type.CalendarType@168a5bb8
10:39:30.503 [restartedMain] DEBUG o.hibernate.type.BasicTypeRegistry - Adding type registration calendar_date -> org.hibernate.type.CalendarDateType@1a5e8993
10:39:30.504 [restartedMain] DEBUG o.hibernate.type.BasicTypeRegistry - Adding type registration calendar_time -> org.hibernate.type.CalendarTimeType@4d746e6e
10:39:30.504 [restartedMain] DEBUG o.hibernate.type.BasicTypeRegistry - Adding type registration locale -> org.hibernate.type.LocaleType@7c4c9d00
10:39:30.504 [restartedMain] DEBUG o.hibernate.type.BasicTypeRegistry - Adding type registration java.util.Locale -> org.hibernate.type.LocaleType@7c4c9d00
10:39:30.505 [restartedMain] DEBUG o.hibernate.type.BasicTypeRegistry - Adding type registration currency -> org.hibernate.type.CurrencyType@6a0c323
10:39:30.505 [restartedMain] DEBUG o.hibernate.type.BasicTypeRegistry - Adding type registration java.util.Currency -> org.hibernate.type.CurrencyType@6a0c323
10:39:30.506 [restartedMain] DEBUG o.hibernate.type.BasicTypeRegistry - Adding type registration timezone -> org.hibernate.type.TimeZoneType@5e95ae10
10:39:30.506 [restartedMain] DEBUG o.hibernate.type.BasicTypeRegistry - Adding type registration java.util.TimeZone -> org.hibernate.type.TimeZoneType@5e95ae10
10:39:30.506 [restartedMain] DEBUG o.hibernate.type.BasicTypeRegistry - Adding type registration class -> org.hibernate.type.ClassType@4d453ab0
10:39:30.506 [restartedMain] DEBUG o.hibernate.type.BasicTypeRegistry - Adding type registration java.lang.Class -> org.hibernate.type.ClassType@4d453ab0
10:39:30.506 [restartedMain] DEBUG o.hibernate.type.BasicTypeRegistry - Adding type registration uuid-binary -> org.hibernate.type.UUIDBinaryType@4d946acf
10:39:30.506 [restartedMain] DEBUG o.hibernate.type.BasicTypeRegistry - Adding type registration java.util.UUID -> org.hibernate.type.UUIDBinaryType@4d946acf
10:39:30.507 [restartedMain] DEBUG o.hibernate.type.BasicTypeRegistry - Adding type registration uuid-char -> org.hibernate.type.UUIDCharType@5a68c056
10:39:30.507 [restartedMain] DEBUG o.hibernate.type.BasicTypeRegistry - Adding type registration binary -> org.hibernate.type.BinaryType@2b69d8a7
10:39:30.507 [restartedMain] DEBUG o.hibernate.type.BasicTypeRegistry - Adding type registration byte[] -> org.hibernate.type.BinaryType@2b69d8a7
10:39:30.507 [restartedMain] DEBUG o.hibernate.type.BasicTypeRegistry - Adding type registration [B -> org.hibernate.type.BinaryType@2b69d8a7
10:39:30.508 [restartedMain] DEBUG o.hibernate.type.BasicTypeRegistry - Adding type registration wrapper-binary -> org.hibernate.type.WrapperBinaryType@3d14a0f8
10:39:30.508 [restartedMain] DEBUG o.hibernate.type.BasicTypeRegistry - Adding type registration Byte[] -> org.hibernate.type.WrapperBinaryType@3d14a0f8
10:39:30.508 [restartedMain] DEBUG o.hibernate.type.BasicTypeRegistry - Adding type registration [Ljava.lang.Byte; -> org.hibernate.type.WrapperBinaryType@3d14a0f8
10:39:30.508 [restartedMain] DEBUG o.hibernate.type.BasicTypeRegistry - Adding type registration row_version -> org.hibernate.type.RowVersionType@61b2e750
10:39:30.508 [restartedMain] DEBUG o.hibernate.type.BasicTypeRegistry - Adding type registration image -> org.hibernate.type.ImageType@6af4fe3f
10:39:30.509 [restartedMain] DEBUG o.hibernate.type.BasicTypeRegistry - Adding type registration characters -> org.hibernate.type.CharArrayType@39aa5ec0
10:39:30.509 [restartedMain] DEBUG o.hibernate.type.BasicTypeRegistry - Adding type registration char[] -> org.hibernate.type.CharArrayType@39aa5ec0
10:39:30.509 [restartedMain] DEBUG o.hibernate.type.BasicTypeRegistry - Adding type registration [C -> org.hibernate.type.CharArrayType@39aa5ec0
10:39:30.510 [restartedMain] DEBUG o.hibernate.type.BasicTypeRegistry - Adding type registration wrapper-characters -> org.hibernate.type.CharacterArrayType@7dcffc28
10:39:30.510 [restartedMain] DEBUG o.hibernate.type.BasicTypeRegistry - Adding type registration [Ljava.lang.Character; -> org.hibernate.type.CharacterArrayType@7dcffc28
10:39:30.510 [restartedMain] DEBUG o.hibernate.type.BasicTypeRegistry - Adding type registration Character[] -> org.hibernate.type.CharacterArrayType@7dcffc28
10:39:30.510 [restartedMain] DEBUG o.hibernate.type.BasicTypeRegistry - Adding type registration text -> org.hibernate.type.TextType@7010590c
10:39:30.510 [restartedMain] DEBUG o.hibernate.type.BasicTypeRegistry - Adding type registration ntext -> org.hibernate.type.NTextType@55fa044a
10:39:30.511 [restartedMain] DEBUG o.hibernate.type.BasicTypeRegistry - Adding type registration blob -> org.hibernate.type.BlobType@4dc1b209
10:39:30.511 [restartedMain] DEBUG o.hibernate.type.BasicTypeRegistry - Adding type registration java.sql.Blob -> org.hibernate.type.BlobType@4dc1b209
10:39:30.511 [restartedMain] DEBUG o.hibernate.type.BasicTypeRegistry - Adding type registration materialized_blob -> org.hibernate.type.MaterializedBlobType@69183969
10:39:30.512 [restartedMain] DEBUG o.hibernate.type.BasicTypeRegistry - Adding type registration clob -> org.hibernate.type.ClobType@10f20b15
10:39:30.512 [restartedMain] DEBUG o.hibernate.type.BasicTypeRegistry - Adding type registration java.sql.Clob -> org.hibernate.type.ClobType@10f20b15
10:39:30.513 [restartedMain] DEBUG o.hibernate.type.BasicTypeRegistry - Adding type registration nclob -> org.hibernate.type.NClobType@5ac6f77e
10:39:30.513 [restartedMain] DEBUG o.hibernate.type.BasicTypeRegistry - Adding type registration java.sql.NClob -> org.hibernate.type.NClobType@5ac6f77e
10:39:30.513 [restartedMain] DEBUG o.hibernate.type.BasicTypeRegistry - Adding type registration materialized_clob -> org.hibernate.type.MaterializedClobType@748f2792
10:39:30.513 [restartedMain] DEBUG o.hibernate.type.BasicTypeRegistry - Adding type registration materialized_nclob -> org.hibernate.type.MaterializedNClobType@256ecae9
10:39:30.514 [restartedMain] DEBUG o.hibernate.type.BasicTypeRegistry - Adding type registration serializable -> org.hibernate.type.SerializableType@bcaf640
10:39:30.515 [restartedMain] DEBUG o.hibernate.type.BasicTypeRegistry - Adding type registration object -> org.hibernate.type.ObjectType@6552777f
10:39:30.516 [restartedMain] DEBUG o.hibernate.type.BasicTypeRegistry - Adding type registration java.lang.Object -> org.hibernate.type.ObjectType@6552777f
10:39:30.516 [restartedMain] DEBUG o.hibernate.type.BasicTypeRegistry - Adding type registration imm_date -> org.hibernate.type.AdaptedImmutableType@614163e5
10:39:30.516 [restartedMain] DEBUG o.hibernate.type.BasicTypeRegistry - Adding type registration imm_time -> org.hibernate.type.AdaptedImmutableType@486f7512
10:39:30.516 [restartedMain] DEBUG o.hibernate.type.BasicTypeRegistry - Adding type registration imm_timestamp -> org.hibernate.type.AdaptedImmutableType@563d0d10
10:39:30.516 [restartedMain] DEBUG o.hibernate.type.BasicTypeRegistry - Adding type registration imm_dbtimestamp -> org.hibernate.type.AdaptedImmutableType@313b814e
10:39:30.516 [restartedMain] DEBUG o.hibernate.type.BasicTypeRegistry - Adding type registration imm_calendar -> org.hibernate.type.AdaptedImmutableType@5b0f92c7
10:39:30.516 [restartedMain] DEBUG o.hibernate.type.BasicTypeRegistry - Adding type registration imm_calendar_date -> org.hibernate.type.AdaptedImmutableType@68fbbb51
10:39:30.516 [restartedMain] DEBUG o.hibernate.type.BasicTypeRegistry - Adding type registration imm_binary -> org.hibernate.type.AdaptedImmutableType@56906ed3
10:39:30.516 [restartedMain] DEBUG o.hibernate.type.BasicTypeRegistry - Adding type registration imm_serializable -> org.hibernate.type.AdaptedImmutableType@3b4ca4be
10:39:30.523 [restartedMain] DEBUG o.h.b.internal.BootstrapContextImpl - Injecting JPA temp ClassLoader [org.springframework.instrument.classloading.SimpleThrowawayClassLoader@5c8ba8e6] into BootstrapContext; was [null]
10:39:30.523 [restartedMain] DEBUG o.h.b.i.ClassLoaderAccessImpl - ClassLoaderAccessImpl#injectTempClassLoader(org.springframework.instrument.classloading.SimpleThrowawayClassLoader@5c8ba8e6) [was null]
10:39:30.523 [restartedMain] DEBUG o.h.b.internal.BootstrapContextImpl - Injecting ScanEnvironment [org.hibernate.jpa.boot.internal.StandardJpaScanEnvironmentImpl@6a8f4258] into BootstrapContext; was [null]
10:39:30.523 [restartedMain] DEBUG o.h.b.internal.BootstrapContextImpl - Injecting ScanOptions [org.hibernate.boot.archive.scan.internal.StandardScanOptions@34d30ffa] into BootstrapContext; was [org.hibernate.boot.archive.scan.internal.StandardScanOptions@114ba035]
10:39:30.531 [restartedMain] DEBUG o.h.b.internal.BootstrapContextImpl - Injecting JPA temp ClassLoader [null] into BootstrapContext; was [org.springframework.instrument.classloading.SimpleThrowawayClassLoader@5c8ba8e6]
10:39:30.531 [restartedMain] DEBUG o.h.b.i.ClassLoaderAccessImpl - ClassLoaderAccessImpl#injectTempClassLoader(null) [was org.springframework.instrument.classloading.SimpleThrowawayClassLoader@5c8ba8e6]
10:39:30.536 [restartedMain] DEBUG o.h.i.f.i.DefaultIdentifierGeneratorFactory - Registering IdentifierGenerator strategy [uuid2] -> [org.hibernate.id.UUIDGenerator]
10:39:30.537 [restartedMain] DEBUG o.h.i.f.i.DefaultIdentifierGeneratorFactory - Registering IdentifierGenerator strategy [guid] -> [org.hibernate.id.GUIDGenerator]
10:39:30.537 [restartedMain] DEBUG o.h.i.f.i.DefaultIdentifierGeneratorFactory - Registering IdentifierGenerator strategy [uuid] -> [org.hibernate.id.UUIDHexGenerator]
10:39:30.537 [restartedMain] DEBUG o.h.i.f.i.DefaultIdentifierGeneratorFactory - Registering IdentifierGenerator strategy [uuid.hex] -> [org.hibernate.id.UUIDHexGenerator]
10:39:30.537 [restartedMain] DEBUG o.h.i.f.i.DefaultIdentifierGeneratorFactory - Registering IdentifierGenerator strategy [assigned] -> [org.hibernate.id.Assigned]
10:39:30.538 [restartedMain] DEBUG o.h.i.f.i.DefaultIdentifierGeneratorFactory - Registering IdentifierGenerator strategy [identity] -> [org.hibernate.id.IdentityGenerator]
10:39:30.538 [restartedMain] DEBUG o.h.i.f.i.DefaultIdentifierGeneratorFactory - Registering IdentifierGenerator strategy [select] -> [org.hibernate.id.SelectGenerator]
10:39:30.539 [restartedMain] DEBUG o.h.i.f.i.DefaultIdentifierGeneratorFactory - Registering IdentifierGenerator strategy [sequence] -> [org.hibernate.id.enhanced.SequenceStyleGenerator]
10:39:30.539 [restartedMain] DEBUG o.h.i.f.i.DefaultIdentifierGeneratorFactory - Registering IdentifierGenerator strategy [seqhilo] -> [org.hibernate.id.SequenceHiLoGenerator]
10:39:30.539 [restartedMain] DEBUG o.h.i.f.i.DefaultIdentifierGeneratorFactory - Registering IdentifierGenerator strategy [increment] -> [org.hibernate.id.IncrementGenerator]
10:39:30.540 [restartedMain] DEBUG o.h.i.f.i.DefaultIdentifierGeneratorFactory - Registering IdentifierGenerator strategy [foreign] -> [org.hibernate.id.ForeignGenerator]
10:39:30.540 [restartedMain] DEBUG o.h.i.f.i.DefaultIdentifierGeneratorFactory - Registering IdentifierGenerator strategy [sequence-identity] -> [org.hibernate.id.SequenceIdentityGenerator]
10:39:30.540 [restartedMain] DEBUG o.h.i.f.i.DefaultIdentifierGeneratorFactory - Registering IdentifierGenerator strategy [enhanced-sequence] -> [org.hibernate.id.enhanced.SequenceStyleGenerator]
10:39:30.541 [restartedMain] DEBUG o.h.i.f.i.DefaultIdentifierGeneratorFactory - Registering IdentifierGenerator strategy [enhanced-table] -> [org.hibernate.id.enhanced.TableGenerator]
10:39:30.543 [restartedMain] DEBUG o.h.e.j.e.i.JdbcEnvironmentInitiator - Database ->
       name : MySQL
    version : 8.0.23
      major : 8
      minor : 0
10:39:30.544 [restartedMain] DEBUG o.h.e.j.e.i.JdbcEnvironmentInitiator - Driver ->
       name : MySQL Connector/J
    version : mysql-connector-java-8.0.23 (Revision: 18bbd5e68195d0da083cbd5bd0d05d76320df7cd)
      major : 8
      minor : 0
10:39:30.544 [restartedMain] DEBUG o.h.e.j.e.i.JdbcEnvironmentInitiator - JDBC version : 4.2
10:39:30.559 [restartedMain] INFO  org.hibernate.dialect.Dialect - HHH000400: Using dialect: org.hibernate.dialect.MySQL8Dialect
10:39:30.567 [restartedMain] DEBUG o.h.e.j.e.s.IdentifierHelperBuilder - JDBC driver metadata reported database stores quoted identifiers in more than one case
10:39:30.580 [restartedMain] DEBUG o.h.e.j.e.s.IdentifierHelperBuilder - IdentifierCaseStrategy for both quoted and unquoted identifiers was set to the same strategy [LOWER]; that will likely lead to problems in schema update and validation if using quoted identifiers
10:39:30.594 [restartedMain] DEBUG o.h.boot.model.relational.Namespace - Created database namespace [logicalName=Name{catalog=null, schema=null}, physicalName=Name{catalog=null, schema=null}]
10:39:30.596 [restartedMain] DEBUG o.h.t.spi.TypeConfiguration$Scope - Scoping TypeConfiguration [org.hibernate.type.spi.TypeConfiguration@76532892] to MetadataBuildingContext [org.hibernate.boot.internal.MetadataBuildingContextRootImpl@401c2bb7]
10:39:30.654 [restartedMain] DEBUG org.hibernate.cfg.AnnotationBinder - Binding entity from annotated class: com.project.biddingSoft.domain.Storable
10:39:30.664 [restartedMain] DEBUG org.hibernate.cfg.Ejb3Column - Binding column: Ejb3DiscriminatorColumn{logicalColumnName'storable_type', discriminatorTypeName='string'}
10:39:30.667 [restartedMain] DEBUG o.h.cfg.annotations.EntityBinder - Import with entity name Storable
10:39:30.668 [restartedMain] DEBUG o.h.cfg.annotations.EntityBinder - Bind entity com.project.biddingSoft.domain.Storable on table storable
10:39:30.678 [restartedMain] DEBUG org.hibernate.cfg.Ejb3Column - Binding column: Ejb3Column{table=org.hibernate.mapping.Table(storable), mappingColumn=id, insertable=true, updatable=true, unique=false}
10:39:30.679 [restartedMain] DEBUG o.h.b.i.ClassLoaderAccessImpl - Not known whether passed class name [com.project.biddingSoft.domain.Storable] is safe
10:39:30.679 [restartedMain] DEBUG o.h.b.i.ClassLoaderAccessImpl - No temp ClassLoader provided; using live ClassLoader for loading potentially unsafe class : com.project.biddingSoft.domain.Storable
10:39:30.679 [restartedMain] DEBUG o.h.cfg.annotations.PropertyBinder - MetadataSourceProcessor property id with lazy=false
10:39:30.680 [restartedMain] DEBUG o.h.cfg.AbstractPropertyHolder - Attempting to locate auto-apply AttributeConverter for property [com.project.biddingSoft.domain.Storable:id]
10:39:30.681 [restartedMain] DEBUG o.h.c.annotations.SimpleValueBinder - building SimpleValue for id
10:39:30.681 [restartedMain] DEBUG o.h.cfg.annotations.PropertyBinder - Building property id
10:39:30.682 [restartedMain] DEBUG org.hibernate.cfg.BinderHelper - #makeIdGenerator(org.hibernate.mapping.SimpleValue([org.hibernate.mapping.Column(id)]), id, org.hibernate.id.enhanced.SequenceStyleGenerator, , ...)
10:39:30.683 [restartedMain] DEBUG org.hibernate.cfg.AnnotationBinder - Binding entity from annotated class: com.project.biddingSoft.domain.Bid
10:39:30.684 [restartedMain] DEBUG o.h.cfg.annotations.EntityBinder - Import with entity name Bid
10:39:30.684 [restartedMain] DEBUG org.hibernate.cfg.AnnotationBinder - Binding entity from annotated class: com.project.biddingSoft.domain.Lot
10:39:30.684 [restartedMain] DEBUG o.h.cfg.annotations.EntityBinder - Import with entity name Lot
10:39:30.687 [restartedMain] DEBUG org.hibernate.cfg.Ejb3Column - Binding column: Ejb3Column{table=org.hibernate.mapping.Table(storable), mappingColumn=description, insertable=true, updatable=true, unique=false}
10:39:30.687 [restartedMain] DEBUG o.h.cfg.annotations.PropertyBinder - MetadataSourceProcessor property description with lazy=false
10:39:30.687 [restartedMain] DEBUG o.h.cfg.AbstractPropertyHolder - Attempting to locate auto-apply AttributeConverter for property [com.project.biddingSoft.domain.Lot:description]
10:39:30.687 [restartedMain] DEBUG o.h.c.annotations.SimpleValueBinder - building SimpleValue for description
10:39:30.687 [restartedMain] DEBUG o.h.cfg.annotations.PropertyBinder - Building property description
10:39:30.687 [restartedMain] DEBUG org.hibernate.cfg.Ejb3Column - Binding column: Ejb3Column{table=org.hibernate.mapping.Table(storable), mappingColumn=username, insertable=true, updatable=true, unique=false}
10:39:30.687 [restartedMain] DEBUG o.h.cfg.annotations.PropertyBinder - MetadataSourceProcessor property userName with lazy=false
10:39:30.687 [restartedMain] DEBUG o.h.cfg.AbstractPropertyHolder - Attempting to locate auto-apply AttributeConverter for property [com.project.biddingSoft.domain.Lot:userName]
10:39:30.687 [restartedMain] DEBUG o.h.c.annotations.SimpleValueBinder - building SimpleValue for userName
10:39:30.687 [restartedMain] DEBUG o.h.cfg.annotations.PropertyBinder - Building property userName
10:39:30.687 [restartedMain] DEBUG org.hibernate.cfg.AnnotationBinder - Binding entity from annotated class: com.project.biddingSoft.domain.User
10:39:30.687 [restartedMain] DEBUG o.h.cfg.annotations.EntityBinder - Import with entity name User
10:39:30.688 [restartedMain] DEBUG o.h.c.annotations.SimpleValueBinder - Starting fillSimpleValue for id
10:39:30.688 [restartedMain] DEBUG o.h.c.annotations.SimpleValueBinder - Starting fillSimpleValue for description
10:39:30.688 [restartedMain] DEBUG o.h.c.annotations.SimpleValueBinder - Starting fillSimpleValue for userName
10:39:30.689 [restartedMain] DEBUG org.hibernate.mapping.PrimaryKey - Forcing column [id] to be non-null as it is part of the primary key for table [storable]
10:39:30.711 [restartedMain] DEBUG o.h.internal.SessionFactoryImpl - Building session factory
10:39:30.711 [restartedMain] DEBUG org.hibernate.cfg.Settings - SessionFactory name : null
10:39:30.711 [restartedMain] DEBUG org.hibernate.cfg.Settings - Automatic flush during beforeCompletion(): enabled
10:39:30.711 [restartedMain] DEBUG org.hibernate.cfg.Settings - Automatic session close at end of transaction: disabled
10:39:30.711 [restartedMain] DEBUG org.hibernate.cfg.Settings - Statistics: disabled
10:39:30.712 [restartedMain] DEBUG org.hibernate.cfg.Settings - Deleted entity synthetic identifier rollback: disabled
10:39:30.712 [restartedMain] DEBUG org.hibernate.cfg.Settings - Default entity-mode: pojo
10:39:30.712 [restartedMain] DEBUG org.hibernate.cfg.Settings - Check Nullability in Core (should be disabled when Bean Validation is on): enabled
10:39:30.712 [restartedMain] DEBUG org.hibernate.cfg.Settings - Allow initialization of lazy state outside session : disabled
10:39:30.712 [restartedMain] DEBUG org.hibernate.cfg.Settings - Using BatchFetchStyle : LEGACY
10:39:30.712 [restartedMain] DEBUG org.hibernate.cfg.Settings - Default batch fetch size: -1
10:39:30.712 [restartedMain] DEBUG org.hibernate.cfg.Settings - Maximum outer join fetch depth: 2
10:39:30.712 [restartedMain] DEBUG org.hibernate.cfg.Settings - Default null ordering: NONE
10:39:30.712 [restartedMain] DEBUG org.hibernate.cfg.Settings - Order SQL updates by primary key: disabled
10:39:30.712 [restartedMain] DEBUG org.hibernate.cfg.Settings - Order SQL inserts for batching: disabled
10:39:30.712 [restartedMain] DEBUG org.hibernate.cfg.Settings - multi-tenancy strategy : NONE
10:39:30.712 [restartedMain] DEBUG org.hibernate.cfg.Settings - JTA Track by Thread: enabled
10:39:30.712 [restartedMain] DEBUG org.hibernate.cfg.Settings - Query language substitutions: {}
10:39:30.712 [restartedMain] DEBUG org.hibernate.cfg.Settings - Named query checking : enabled
10:39:30.712 [restartedMain] DEBUG org.hibernate.cfg.Settings - Second-level cache: disabled
10:39:30.712 [restartedMain] DEBUG org.hibernate.cfg.Settings - Second-level query cache: disabled
10:39:30.712 [restartedMain] DEBUG org.hibernate.cfg.Settings - Second-level query cache factory: null
10:39:30.712 [restartedMain] DEBUG org.hibernate.cfg.Settings - Second-level cache region prefix: null
10:39:30.712 [restartedMain] DEBUG org.hibernate.cfg.Settings - Optimize second-level cache for minimal puts: disabled
10:39:30.712 [restartedMain] DEBUG org.hibernate.cfg.Settings - Structured second-level cache entries: disabled
10:39:30.712 [restartedMain] DEBUG org.hibernate.cfg.Settings - Second-level cache direct-reference entries: disabled
10:39:30.712 [restartedMain] DEBUG org.hibernate.cfg.Settings - Automatic eviction of collection cache: disabled
10:39:30.712 [restartedMain] DEBUG org.hibernate.cfg.Settings - JDBC batch size: 15
10:39:30.713 [restartedMain] DEBUG org.hibernate.cfg.Settings - JDBC batch updates for versioned data: enabled
10:39:30.713 [restartedMain] DEBUG org.hibernate.cfg.Settings - Scrollable result sets: enabled
10:39:30.713 [restartedMain] DEBUG org.hibernate.cfg.Settings - Wrap result sets: disabled
10:39:30.713 [restartedMain] DEBUG org.hibernate.cfg.Settings - JDBC3 getGeneratedKeys(): enabled
10:39:30.713 [restartedMain] DEBUG org.hibernate.cfg.Settings - JDBC result set fetch size: null
10:39:30.713 [restartedMain] DEBUG org.hibernate.cfg.Settings - Connection release mode: ON_CLOSE
10:39:30.713 [restartedMain] DEBUG org.hibernate.cfg.Settings - Generate SQL with comments: disabled
10:39:30.713 [restartedMain] DEBUG org.hibernate.cfg.Settings - JPA compliance - query : disabled
10:39:30.713 [restartedMain] DEBUG org.hibernate.cfg.Settings - JPA compliance - closed-handling : disabled
10:39:30.713 [restartedMain] DEBUG org.hibernate.cfg.Settings - JPA compliance - lists : disabled
10:39:30.713 [restartedMain] DEBUG org.hibernate.cfg.Settings - JPA compliance - transactions : disabled
10:39:30.739 [restartedMain] DEBUG o.h.b.i.ClassLoaderAccessImpl - Not known whether passed class name [com.project.biddingSoft.domain.Bid] is safe
10:39:30.739 [restartedMain] DEBUG o.h.b.i.ClassLoaderAccessImpl - No temp ClassLoader provided; using live ClassLoader for loading potentially unsafe class : com.project.biddingSoft.domain.Bid
10:39:30.739 [restartedMain] DEBUG o.h.b.i.ClassLoaderAccessImpl - Not known whether passed class name [com.project.biddingSoft.domain.User] is safe
10:39:30.739 [restartedMain] DEBUG o.h.b.i.ClassLoaderAccessImpl - No temp ClassLoader provided; using live ClassLoader for loading potentially unsafe class : com.project.biddingSoft.domain.User
10:39:30.739 [restartedMain] DEBUG o.h.b.i.ClassLoaderAccessImpl - Not known whether passed class name [com.project.biddingSoft.domain.Lot] is safe
10:39:30.739 [restartedMain] DEBUG o.h.b.i.ClassLoaderAccessImpl - No temp ClassLoader provided; using live ClassLoader for loading potentially unsafe class : com.project.biddingSoft.domain.Lot
10:39:30.745 [restartedMain] DEBUG o.h.internal.SessionFactoryImpl - Session factory constructed with filter configurations : {}
10:39:30.746 [restartedMain] DEBUG o.h.internal.SessionFactoryImpl - Instantiating session factory with properties: {hibernate.id.new_generator_mappings=true, java.specification.version=15, sun.cpu.isalist=amd64, hibernate.resource.beans.container=org.springframework.orm.hibernate5.SpringBeanContainer@237d73bc, hibernate.connection.handling_mode=DELAYED_ACQUISITION_AND_HOLD, sun.jnu.encoding=Cp1252, hibernate.implicit_naming_strategy=org.springframework.boot.orm.jpa.hibernate.SpringImplicitNamingStrategy, java.class.path=C:\Users\nuche\Documents\StuProj\java\biddingSoft\target\classes;C:\Users\nuche\.m2\repository\org\springframework\boot\spring-boot-starter-data-jpa\2.4.3\spring-boot-starter-data-jpa-2.4.3.jar;C:\Users\nuche\.m2\repository\org\springframework\boot\spring-boot-starter-aop\2.4.3\spring-boot-starter-aop-2.4.3.jar;C:\Users\nuche\.m2\repository\org\aspectj\aspectjweaver\1.9.6\aspectjweaver-1.9.6.jar;C:\Users\nuche\.m2\repository\org\springframework\boot\spring-boot-starter-jdbc\2.4.3\spring-boot-starter-jdbc-2.4.3.jar;C:\Users\nuche\.m2\repository\com\zaxxer\HikariCP\3.4.5\HikariCP-3.4.5.jar;C:\Users\nuche\.m2\repository\org\springframework\spring-jdbc\5.3.4\spring-jdbc-5.3.4.jar;C:\Users\nuche\.m2\repository\jakarta\transaction\jakarta.transaction-api\1.3.3\jakarta.transaction-api-1.3.3.jar;C:\Users\nuche\.m2\repository\jakarta\persistence\jakarta.persistence-api\2.2.3\jakarta.persistence-api-2.2.3.jar;C:\Users\nuche\.m2\repository\org\hibernate\hibernate-core\5.4.28.Final\hibernate-core-5.4.28.Final.jar;C:\Users\nuche\.m2\repository\org\jboss\logging\jboss-logging\3.4.1.Final\jboss-logging-3.4.1.Final.jar;C:\Users\nuche\.m2\repository\org\javassist\javassist\3.27.0-GA\javassist-3.27.0-GA.jar;C:\Users\nuche\.m2\repository\net\bytebuddy\byte-buddy\1.10.20\byte-buddy-1.10.20.jar;C:\Users\nuche\.m2\repository\antlr\antlr\2.7.7\antlr-2.7.7.jar;C:\Users\nuche\.m2\repository\org\jboss\jandex\2.2.3.Final\jandex-2.2.3.Final.jar;C:\Users\nuche\.m2\repository\com\fasterxml\classmate\1.5.1\classmate-1.5.1.jar;C:\Users\nuche\.m2\repository\org\dom4j\dom4j\2.1.3\dom4j-2.1.3.jar;C:\Users\nuche\.m2\repository\org\hibernate\common\hibernate-commons-annotations\5.1.2.Final\hibernate-commons-annotations-5.1.2.Final.jar;C:\Users\nuche\.m2\repository\org\glassfish\jaxb\jaxb-runtime\2.3.3\jaxb-runtime-2.3.3.jar;C:\Users\nuche\.m2\repository\org\glassfish\jaxb\txw2\2.3.3\txw2-2.3.3.jar;C:\Users\nuche\.m2\repository\com\sun\istack\istack-commons-runtime\3.0.11\istack-commons-runtime-3.0.11.jar;C:\Users\nuche\.m2\repository\org\springframework\spring-aspects\5.3.4\spring-aspects-5.3.4.jar;C:\Users\nuche\.m2\repository\org\springframework\boot\spring-boot-starter-mail\2.4.3\spring-boot-starter-mail-2.4.3.jar;C:\Users\nuche\.m2\repository\org\springframework\boot\spring-boot-starter\2.4.3\spring-boot-starter-2.4.3.jar;C:\Users\nuche\.m2\repository\org\springframework\boot\spring-boot-starter-logging\2.4.3\spring-boot-starter-logging-2.4.3.jar;C:\Users\nuche\.m2\repository\ch\qos\logback\logback-classic\1.2.3\logback-classic-1.2.3.jar;C:\Users\nuche\.m2\repository\ch\qos\logback\logback-core\1.2.3\logback-core-1.2.3.jar;C:\Users\nuche\.m2\repository\org\apache\logging\log4j\log4j-to-slf4j\2.13.3\log4j-to-slf4j-2.13.3.jar;C:\Users\nuche\.m2\repository\org\apache\logging\log4j\log4j-api\2.13.3\log4j-api-2.13.3.jar;C:\Users\nuche\.m2\repository\org\slf4j\jul-to-slf4j\1.7.30\jul-to-slf4j-1.7.30.jar;C:\Users\nuche\.m2\repository\org\yaml\snakeyaml\1.27\snakeyaml-1.27.jar;C:\Users\nuche\.m2\repository\org\springframework\spring-context-support\5.3.4\spring-context-support-5.3.4.jar;C:\Users\nuche\.m2\repository\com\sun\mail\jakarta.mail\1.6.5\jakarta.mail-1.6.5.jar;C:\Users\nuche\.m2\repository\com\sun\activation\jakarta.activation\1.2.2\jakarta.activation-1.2.2.jar;C:\Users\nuche\.m2\repository\org\springframework\boot\spring-boot-starter-security\2.4.3\spring-boot-starter-security-2.4.3.jar;C:\Users\nuche\.m2\repository\org\springframework\spring-aop\5.3.4\spring-aop-5.3.4.jar;C:\Users\nuche\.m2\repository\org\springframework\security\spring-security-config\5.4.5\spring-security-config-5.4.5.jar;C:\Users\nuche\.m2\repository\org\springframework\security\spring-security-web\5.4.5\spring-security-web-5.4.5.jar;C:\Users\nuche\.m2\repository\org\springframework\spring-expression\5.3.4\spring-expression-5.3.4.jar;C:\Users\nuche\.m2\repository\org\springframework\boot\spring-boot-starter-web\2.4.3\spring-boot-starter-web-2.4.3.jar;C:\Users\nuche\.m2\repository\org\springframework\boot\spring-boot-starter-json\2.4.3\spring-boot-starter-json-2.4.3.jar;C:\Users\nuche\.m2\repository\com\fasterxml\jackson\core\jackson-databind\2.11.4\jackson-databind-2.11.4.jar;C:\Users\nuche\.m2\repository\com\fasterxml\jackson\core\jackson-core\2.11.4\jackson-core-2.11.4.jar;C:\Users\nuche\.m2\repository\com\fasterxml\jackson\datatype\jackson-datatype-jdk8\2.11.4\jackson-datatype-jdk8-2.11.4.jar;C:\Users\nuche\.m2\repository\com\fasterxml\jackson\datatype\jackson-datatype-jsr310\2.11.4\jackson-datatype-jsr310-2.11.4.jar;C:\Users\nuche\.m2\repository\com\fasterxml\jackson\module\jackson-module-parameter-names\2.11.4\jackson-module-parameter-names-2.11.4.jar;C:\Users\nuche\.m2\repository\org\springframework\spring-web\5.3.4\spring-web-5.3.4.jar;C:\Users\nuche\.m2\repository\org\springframework\spring-webmvc\5.3.4\spring-webmvc-5.3.4.jar;C:\Users\nuche\.m2\repository\com\h2database\h2\1.4.200\h2-1.4.200.jar;C:\Users\nuche\.m2\repository\org\springframework\boot\spring-boot-starter-tomcat\2.4.3\spring-boot-starter-tomcat-2.4.3.jar;C:\Users\nuche\.m2\repository\jakarta\annotation\jakarta.annotation-api\1.3.5\jakarta.annotation-api-1.3.5.jar;C:\Users\nuche\.m2\repository\org\apache\tomcat\embed\tomcat-embed-core\9.0.43\tomcat-embed-core-9.0.43.jar;C:\Users\nuche\.m2\repository\org\glassfish\jakarta.el\3.0.3\jakarta.el-3.0.3.jar;C:\Users\nuche\.m2\repository\org\apache\tomcat\embed\tomcat-embed-websocket\9.0.43\tomcat-embed-websocket-9.0.43.jar;C:\Users\nuche\.m2\repository\com\jayway\jsonpath\json-path\2.4.0\json-path-2.4.0.jar;C:\Users\nuche\.m2\repository\net\minidev\json-smart\2.3\json-smart-2.3.jar;C:\Users\nuche\.m2\repository\net\minidev\accessors-smart\1.2\accessors-smart-1.2.jar;C:\Users\nuche\.m2\repository\org\ow2\asm\asm\5.0.4\asm-5.0.4.jar;C:\Users\nuche\.m2\repository\jakarta\xml\bind\jakarta.xml.bind-api\2.3.3\jakarta.xml.bind-api-2.3.3.jar;C:\Users\nuche\.m2\repository\jakarta\activation\jakarta.activation-api\1.2.2\jakarta.activation-api-1.2.2.jar;C:\Users\nuche\.m2\repository\org\springframework\spring-core\5.3.4\spring-core-5.3.4.jar;C:\Users\nuche\.m2\repository\org\springframework\spring-jcl\5.3.4\spring-jcl-5.3.4.jar;C:\Users\nuche\.m2\repository\org\springframework\security\spring-security-core\5.4.5\spring-security-core-5.4.5.jar;C:\Users\nuche\.m2\repository\org\springframework\boot\spring-boot-starter-thymeleaf\2.4.3\spring-boot-starter-thymeleaf-2.4.3.jar;C:\Users\nuche\.m2\repository\org\thymeleaf\thymeleaf-spring5\3.0.12.RELEASE\thymeleaf-spring5-3.0.12.RELEASE.jar;C:\Users\nuche\.m2\repository\org\thymeleaf\thymeleaf\3.0.12.RELEASE\thymeleaf-3.0.12.RELEASE.jar;C:\Users\nuche\.m2\repository\org\attoparser\attoparser\2.0.5.RELEASE\attoparser-2.0.5.RELEASE.jar;C:\Users\nuche\.m2\repository\org\unbescape\unbescape\1.1.6.RELEASE\unbescape-1.1.6.RELEASE.jar;C:\Users\nuche\.m2\repository\org\thymeleaf\extras\thymeleaf-extras-java8time\3.0.4.RELEASE\thymeleaf-extras-java8time-3.0.4.RELEASE.jar;C:\Users\nuche\.m2\repository\mysql\mysql-connector-java\8.0.23\mysql-connector-java-8.0.23.jar;C:\Users\nuche\.m2\repository\javax\persistence\javax.persistence-api\2.2\javax.persistence-api-2.2.jar;C:\Users\nuche\.m2\repository\org\springframework\data\spring-data-commons\2.4.5\spring-data-commons-2.4.5.jar;C:\Users\nuche\.m2\repository\org\springframework\spring-beans\5.3.4\spring-beans-5.3.4.jar;C:\Users\nuche\.m2\repository\org\slf4j\slf4j-api\1.7.30\slf4j-api-1.7.30.jar;C:\Users\nuche\.m2\repository\org\springframework\boot\spring-boot-actuator\2.4.3\spring-boot-actuator-2.4.3.jar;C:\Users\nuche\.m2\repository\org\springframework\boot\spring-boot\2.4.3\spring-boot-2.4.3.jar;C:\Users\nuche\.m2\repository\org\springframework\boot\spring-boot-devtools\2.4.3\spring-boot-devtools-2.4.3.jar;C:\Users\nuche\.m2\repository\org\springframework\boot\spring-boot-autoconfigure\2.4.3\spring-boot-autoconfigure-2.4.3.jar;C:\Users\nuche\.m2\repository\org\springframework\boot\spring-boot-starter-data-rest\2.4.3\spring-boot-starter-data-rest-2.4.3.jar;C:\Users\nuche\.m2\repository\org\springframework\data\spring-data-rest-webmvc\3.4.5\spring-data-rest-webmvc-3.4.5.jar;C:\Users\nuche\.m2\repository\org\springframework\data\spring-data-rest-core\3.4.5\spring-data-rest-core-3.4.5.jar;C:\Users\nuche\.m2\repository\org\springframework\hateoas\spring-hateoas\1.2.4\spring-hateoas-1.2.4.jar;C:\Users\nuche\.m2\repository\org\springframework\plugin\spring-plugin-core\2.0.0.RELEASE\spring-plugin-core-2.0.0.RELEASE.jar;C:\Users\nuche\.m2\repository\org\atteo\evo-inflector\1.2.2\evo-inflector-1.2.2.jar;C:\Users\nuche\.m2\repository\com\fasterxml\jackson\core\jackson-annotations\2.11.4\jackson-annotations-2.11.4.jar;C:\Users\nuche\.m2\repository\org\springframework\data\spring-data-jpa\2.4.5\spring-data-jpa-2.4.5.jar;C:\Users\nuche\.m2\repository\org\springframework\spring-orm\5.3.4\spring-orm-5.3.4.jar;C:\Users\nuche\.m2\repository\org\springframework\spring-context\5.3.4\spring-context-5.3.4.jar;C:\Users\nuche\.m2\repository\org\springframework\spring-tx\5.3.4\spring-tx-5.3.4.jar;C:\Users\nuche\.m2\repository\org\aspectj\aspectjrt\1.9.6\aspectjrt-1.9.6.jar, com.sun.management.jmxremote.authenticate=false, java.vm.vendor=Oracle Corporation, sun.arch.data.model=64, user.variant=, java.vendor.url=https://java.oracle.com/, catalina.useNaming=false, user.timezone=Europe/London, java.vm.specification.version=15, os.name=Windows 10, javax.persistence.validation.mode=AUTO, sun.java.launcher=SUN_STANDARD, user.country=US, sun.boot.library.path=C:\Program Files\Java\jdk-15.0.2\bin, com.sun.management.jmxremote.ssl=false, sun.java.command=com.project.biddingSoft.BiddingSoftwareApplication --spring.output.ansi.enabled=always, spring.application.admin.enabled=true, javax.persistence.nonJtaDataSource=HikariDataSource (HikariPool-1), hibernate.transaction.jta.platform=org.hibernate.engine.transaction.jta.platform.internal.NoJtaPlatform@48974042, com.sun.management.jmxremote=, javax.persistence.sharedCache.mode=UNSPECIFIED, jdk.debug=release, sun.cpu.endian=little, spring.boot.project.name=biddingSoft, user.home=C:\Users\nuche, user.language=en, java.specification.vendor=Oracle Corporation, java.version.date=2021-01-19, java.home=C:\Program Files\Java\jdk-15.0.2, file.separator=\, java.vm.compressedOopsMode=Zero based, line.separator=
, java.vm.specification.vendor=Oracle Corporation, java.specification.name=Java Platform API Specification, FILE_LOG_CHARSET=UTF-8, hibernate.transaction.coordinator_class=class org.hibernate.resource.transaction.backend.jdbc.internal.JdbcResourceLocalTransactionCoordinatorBuilderImpl, java.awt.headless=true, hibernate.hbm2ddl.auto=update, user.script=, sun.management.compiler=HotSpot 64-Bit Tiered Compilers, java.runtime.version=15.0.2+7-27, user.name=nuche, spring.jmx.enabled=true, path.separator=;, os.version=10.0, java.runtime.name=Java(TM) SE Runtime Environment, file.encoding=UTF-8, hibernate.ejb.persistenceUnitName=default, spring.beaninfo.ignore=true, java.vm.name=Java HotSpot(TM) 64-Bit Server VM, java.vendor.url.bug=https://bugreport.java.com/bugreport/, java.io.tmpdir=C:\Users\nuche\AppData\Local\Temp\, com.zaxxer.hikari.pool_number=1, catalina.home=C:\Users\nuche\AppData\Local\Temp\tomcat.8080.7818384535585775837, com.sun.management.jmxremote.port=8230, java.version=15.0.2, hibernate.physical_naming_strategy=org.springframework.boot.orm.jpa.hibernate.SpringPhysicalNamingStrategy, user.dir=C:\Users\nuche\Documents\StuProj\java\biddingSoft, os.arch=amd64, java.vm.specification.name=Java Virtual Machine Specification, PID=21540, sun.os.patch.level=, CONSOLE_LOG_CHARSET=UTF-8, catalina.base=C:\Users\nuche\AppData\Local\Temp\tomcat.8080.7818384535585775837, hibernate.boot.CfgXmlAccessService.key=org.hibernate.boot.registry.StandardServiceRegistryBuilder$1@4ced8b1c, java.library.path=C:\Program Files\Java\jdk-15.0.2\bin;C:\Windows\Sun\Java\bin;C:\Windows\system32;C:\Windows;C:\Program Files (x86)\Common Files\Oracle\Java\javapath;C:\Program Files\Common Files\Oracle\Java\javapath;C:\Python38\Scripts\;C:\Python38\;C:\Windows\system32;C:\Windows;C:\Windows\System32\Wbem;C:\Windows\System32\WindowsPowerShell\v1.0\;C:\Windows\System32\OpenSSH\;C:\Program Files\Git\cmd;C:\Program Files\Microsoft SQL Server\130\Tools\Binn\;C:\Program Files\nodejs\;C:\ProgramData\chocolatey\bin;C:\Program Files\swipl\bin;C:\Program Files\JetBrains\GoLand 2020.1.2\bin;C:\Go\bin;C:\TDM-GCC-64\bin;C:\Program Files (x86)\sbt\bin;C:\Users\nuche\sdk;C:\Program Files\dotnet\;C:\Program Files\dotnet\sdk\5.0.100;C:\Program Files\Microsoft SQL Server\Client SDK\ODBC\170\Tools\Binn\;%M2%;C:\Program Files\spring-2.4.3\bin;C:\Program Files\MySQL\MySQL Shell 8.0\bin\;C:\Users\nuche\AppData\Local\Microsoft\WindowsApps;C:\Program Files\JetBrains\WebStorm 2019.3.3\bin;C:\Users\nuche\AppData\Roaming\npm;C:\Users\nuche\.dotnet\tools;C:\Program Files\JetBrains\IntelliJ IDEA 2020.1.1\bin;C:\Program Files\JetBrains\GoLand 2020.1.2\bin;C:\Users\nuche\go\bin;C:\Users\nuche\AppData\Local\GitHubDesktop\bin;C:\Users\nuche\AppData\Roaming\Dashlane\6.2026.0.36165\bin\Firefox_Extension\{442718d9-475e-452a-b3e1-fb1ee16b8e9f}\components;C:\Users\nuche\AppData\Roaming\Dashlane\6.2026.0.36165\ucrt;C:\Users\nuche\AppData\Roaming\Dashlane\6.2026.0.36165\bin\Qt;C:\Users\nuche\AppData\Roaming\Dashlane\6.2026.0.36165\ucrt;C:\Users\nuche\AppData\Roaming\Dashlane\6.2026.0.36165\bin\Ssl;C:\Users\nuche\AppData\Local\atom\bin;C:\MinGW\bin;C:\Users\nuche\.dotnet\tools;C:\Program Files\dotnet\sdk\5.0.100;C:\Program Files\Java\jdk-15.0.2\bin;C:\Program Files\apache-maven-3.6.3\bin;C:\Program Files\spring-2.4.3\bin;C:\Program Files (x86)\Nmap;., java.vendor=Oracle Corporation, java.vm.info=mixed mode, sharing, java.vm.version=15.0.2+7-27, hibernate.bytecode.use_reflection_optimizer=false, java.rmi.server.randomIDs=true, java.rmi.server.hostname=localhost, sun.io.unicode.encoding=UnicodeLittle, hibernate.archive.scanner=org.hibernate.boot.archive.scan.internal.DisabledScanner, hibernate.connection.datasource=HikariDataSource (HikariPool-1), java.class.version=59.0}
10:39:30.753 [restartedMain] DEBUG o.h.secure.spi.JaccIntegrator - Skipping JACC integration as it was not enabled
10:39:30.753 [restartedMain] DEBUG o.h.internal.SessionFactoryImpl - Instantiated session factory
10:39:30.753 [restartedMain] DEBUG o.h.t.spi.TypeConfiguration$Scope - Scoping TypeConfiguration [org.hibernate.type.spi.TypeConfiguration@76532892] to SessionFactoryImpl [org.hibernate.internal.SessionFactoryImpl@7c4b136]
10:39:30.779 [restartedMain] DEBUG o.h.b.i.ClassLoaderAccessImpl - Not known whether passed class name [com.project.biddingSoft.domain.Storable] is safe
10:39:30.779 [restartedMain] DEBUG o.h.b.i.ClassLoaderAccessImpl - No temp ClassLoader provided; using live ClassLoader for loading potentially unsafe class : com.project.biddingSoft.domain.Storable
10:39:30.781 [restartedMain] DEBUG o.h.b.i.ClassLoaderAccessImpl - Not known whether passed class name [com.project.biddingSoft.domain.Bid] is safe
10:39:30.781 [restartedMain] DEBUG o.h.b.i.ClassLoaderAccessImpl - No temp ClassLoader provided; using live ClassLoader for loading potentially unsafe class : com.project.biddingSoft.domain.Bid
10:39:30.781 [restartedMain] DEBUG o.h.b.i.ClassLoaderAccessImpl - Not known whether passed class name [com.project.biddingSoft.domain.Lot] is safe
10:39:30.781 [restartedMain] DEBUG o.h.b.i.ClassLoaderAccessImpl - No temp ClassLoader provided; using live ClassLoader for loading potentially unsafe class : com.project.biddingSoft.domain.Lot
10:39:30.781 [restartedMain] DEBUG o.h.b.i.ClassLoaderAccessImpl - Not known whether passed class name [com.project.biddingSoft.domain.User] is safe
10:39:30.781 [restartedMain] DEBUG o.h.b.i.ClassLoaderAccessImpl - No temp ClassLoader provided; using live ClassLoader for loading potentially unsafe class : com.project.biddingSoft.domain.User
10:39:30.909 [restartedMain] DEBUG o.h.p.e.AbstractEntityPersister - Static SQL for entity: com.project.biddingSoft.domain.Storable
10:39:30.909 [restartedMain] DEBUG o.h.p.e.AbstractEntityPersister -  Version select: select id from storable where id =?
10:39:30.909 [restartedMain] DEBUG o.h.p.e.AbstractEntityPersister -  Snapshot select: select storable_.id from storable storable_ where storable_.id=?
10:39:30.909 [restartedMain] DEBUG o.h.p.e.AbstractEntityPersister -  Insert 0: insert into storable (storable_type, id) values ('Storable', ?)
10:39:30.909 [restartedMain] DEBUG o.h.p.e.AbstractEntityPersister -  Update 0: null
10:39:30.909 [restartedMain] DEBUG o.h.p.e.AbstractEntityPersister -  Delete 0: delete from storable where id=?
10:39:30.926 [restartedMain] DEBUG o.h.l.p.b.i.spaces.QuerySpacesImpl - Adding QuerySpace : uid = <gen:0> -> org.hibernate.loader.plan.build.internal.spaces.EntityQuerySpaceImpl@44470b62]
10:39:30.927 [restartedMain] DEBUG o.h.p.w.spi.MetamodelGraphWalker - Visiting attribute path : description
10:39:30.927 [restartedMain] DEBUG o.h.p.w.spi.MetamodelGraphWalker - Visiting attribute path : userName
10:39:30.927 [restartedMain] DEBUG o.h.l.p.b.i.FetchStyleLoadPlanBuildingAssociationVisitationStrategy - Building LoadPlan...
10:39:30.933 [restartedMain] DEBUG o.h.l.p.e.i.LoadQueryJoinAndFetchProcessor - processing queryspace <gen:0>
10:39:30.935 [restartedMain] DEBUG o.h.l.p.b.spi.LoadPlanTreePrinter - LoadPlan(entity=com.project.biddingSoft.domain.Storable)
    - Returns
       - EntityReturnImpl(entity=com.project.biddingSoft.domain.Storable, querySpaceUid=<gen:0>, path=com.project.biddingSoft.domain.Storable)
    - QuerySpaces
       - EntityQuerySpaceImpl(uid=<gen:0>, entity=com.project.biddingSoft.domain.Storable)
          - SQL table alias mapping - storable0_
          - alias suffix - 0_
          - suffixed key columns - {id2_0_0_}

10:39:30.936 [restartedMain] DEBUG o.h.loader.entity.plan.EntityLoader - Static select for entity com.project.biddingSoft.domain.Storable [NONE]: select storable0_.id as id2_0_0_, storable0_.description as descript3_0_0_, storable0_.username as username4_0_0_, storable0_.storable_type as storable1_0_0_ from storable storable0_ where storable0_.id=?
10:39:30.936 [restartedMain] DEBUG o.h.p.e.AbstractEntityPersister - Static SQL for entity: com.project.biddingSoft.domain.Bid
10:39:30.936 [restartedMain] DEBUG o.h.p.e.AbstractEntityPersister -  Version select: select id from storable where id =?
10:39:30.936 [restartedMain] DEBUG o.h.p.e.AbstractEntityPersister -  Snapshot select: select bid_.id from storable bid_ where bid_.id=?
10:39:30.936 [restartedMain] DEBUG o.h.p.e.AbstractEntityPersister -  Insert 0: insert into storable (storable_type, id) values ('Bid', ?)
10:39:30.936 [restartedMain] DEBUG o.h.p.e.AbstractEntityPersister -  Update 0: null
10:39:30.936 [restartedMain] DEBUG o.h.p.e.AbstractEntityPersister -  Delete 0: delete from storable where id=?
10:39:30.936 [restartedMain] DEBUG o.h.l.p.b.i.spaces.QuerySpacesImpl - Adding QuerySpace : uid = <gen:0> -> org.hibernate.loader.plan.build.internal.spaces.EntityQuerySpaceImpl@42465649]
10:39:30.936 [restartedMain] DEBUG o.h.l.p.b.i.FetchStyleLoadPlanBuildingAssociationVisitationStrategy - Building LoadPlan...
10:39:30.936 [restartedMain] DEBUG o.h.l.p.e.i.LoadQueryJoinAndFetchProcessor - processing queryspace <gen:0>
10:39:30.936 [restartedMain] DEBUG o.h.l.p.b.spi.LoadPlanTreePrinter - LoadPlan(entity=com.project.biddingSoft.domain.Bid)
    - Returns
       - EntityReturnImpl(entity=com.project.biddingSoft.domain.Bid, querySpaceUid=<gen:0>, path=com.project.biddingSoft.domain.Bid)
    - QuerySpaces
       - EntityQuerySpaceImpl(uid=<gen:0>, entity=com.project.biddingSoft.domain.Bid)
          - SQL table alias mapping - bid0_
          - alias suffix - 0_
          - suffixed key columns - {id2_0_0_}

10:39:30.936 [restartedMain] DEBUG o.h.loader.entity.plan.EntityLoader - Static select for entity com.project.biddingSoft.domain.Bid [NONE]: select bid0_.id as id2_0_0_ from storable bid0_ where bid0_.id=? and bid0_.storable_type='Bid'
10:39:30.936 [restartedMain] DEBUG o.h.p.e.AbstractEntityPersister - Static SQL for entity: com.project.biddingSoft.domain.User
10:39:30.937 [restartedMain] DEBUG o.h.p.e.AbstractEntityPersister -  Version select: select id from storable where id =?
10:39:30.937 [restartedMain] DEBUG o.h.p.e.AbstractEntityPersister -  Snapshot select: select user_.id from storable user_ where user_.id=?
10:39:30.937 [restartedMain] DEBUG o.h.p.e.AbstractEntityPersister -  Insert 0: insert into storable (storable_type, id) values ('User', ?)
10:39:30.937 [restartedMain] DEBUG o.h.p.e.AbstractEntityPersister -  Update 0: null
10:39:30.937 [restartedMain] DEBUG o.h.p.e.AbstractEntityPersister -  Delete 0: delete from storable where id=?
10:39:30.937 [restartedMain] DEBUG o.h.l.p.b.i.spaces.QuerySpacesImpl - Adding QuerySpace : uid = <gen:0> -> org.hibernate.loader.plan.build.internal.spaces.EntityQuerySpaceImpl@47fdbb4f]
10:39:30.937 [restartedMain] DEBUG o.h.l.p.b.i.FetchStyleLoadPlanBuildingAssociationVisitationStrategy - Building LoadPlan...
10:39:30.937 [restartedMain] DEBUG o.h.l.p.e.i.LoadQueryJoinAndFetchProcessor - processing queryspace <gen:0>
10:39:30.937 [restartedMain] DEBUG o.h.l.p.b.spi.LoadPlanTreePrinter - LoadPlan(entity=com.project.biddingSoft.domain.User)
    - Returns
       - EntityReturnImpl(entity=com.project.biddingSoft.domain.User, querySpaceUid=<gen:0>, path=com.project.biddingSoft.domain.User)
    - QuerySpaces
       - EntityQuerySpaceImpl(uid=<gen:0>, entity=com.project.biddingSoft.domain.User)
          - SQL table alias mapping - user0_
          - alias suffix - 0_
          - suffixed key columns - {id2_0_0_}

10:39:30.937 [restartedMain] DEBUG o.h.loader.entity.plan.EntityLoader - Static select for entity com.project.biddingSoft.domain.User [NONE]: select user0_.id as id2_0_0_ from storable user0_ where user0_.id=? and user0_.storable_type='User'
10:39:30.937 [restartedMain] DEBUG o.h.p.e.AbstractEntityPersister - Static SQL for entity: com.project.biddingSoft.domain.Lot
10:39:30.937 [restartedMain] DEBUG o.h.p.e.AbstractEntityPersister -  Version select: select id from storable where id =?
10:39:30.937 [restartedMain] DEBUG o.h.p.e.AbstractEntityPersister -  Snapshot select: select lot_.id, lot_.description as descript3_0_, lot_.username as username4_0_ from storable lot_ where lot_.id=?
10:39:30.937 [restartedMain] DEBUG o.h.p.e.AbstractEntityPersister -  Insert 0: insert into storable (description, username, storable_type, id) values (?, ?, 'Lot', ?)
10:39:30.937 [restartedMain] DEBUG o.h.p.e.AbstractEntityPersister -  Update 0: update storable set description=?, username=? where id=?
10:39:30.938 [restartedMain] DEBUG o.h.p.e.AbstractEntityPersister -  Delete 0: delete from storable where id=?
10:39:30.938 [restartedMain] DEBUG o.h.l.p.b.i.spaces.QuerySpacesImpl - Adding QuerySpace : uid = <gen:0> -> org.hibernate.loader.plan.build.internal.spaces.EntityQuerySpaceImpl@72d6654a]
10:39:30.938 [restartedMain] DEBUG o.h.p.w.spi.MetamodelGraphWalker - Visiting attribute path : description
10:39:30.938 [restartedMain] DEBUG o.h.p.w.spi.MetamodelGraphWalker - Visiting attribute path : userName
10:39:30.938 [restartedMain] DEBUG o.h.l.p.b.i.FetchStyleLoadPlanBuildingAssociationVisitationStrategy - Building LoadPlan...
10:39:30.938 [restartedMain] DEBUG o.h.l.p.e.i.LoadQueryJoinAndFetchProcessor - processing queryspace <gen:0>
10:39:30.938 [restartedMain] DEBUG o.h.l.p.b.spi.LoadPlanTreePrinter - LoadPlan(entity=com.project.biddingSoft.domain.Lot)
    - Returns
       - EntityReturnImpl(entity=com.project.biddingSoft.domain.Lot, querySpaceUid=<gen:0>, path=com.project.biddingSoft.domain.Lot)
    - QuerySpaces
       - EntityQuerySpaceImpl(uid=<gen:0>, entity=com.project.biddingSoft.domain.Lot)
          - SQL table alias mapping - lot0_
          - alias suffix - 0_
          - suffixed key columns - {id2_0_0_}

10:39:30.938 [restartedMain] DEBUG o.h.loader.entity.plan.EntityLoader - Static select for entity com.project.biddingSoft.domain.Lot [NONE]: select lot0_.id as id2_0_0_, lot0_.description as descript3_0_0_, lot0_.username as username4_0_0_ from storable lot0_ where lot0_.id=? and lot0_.storable_type='Lot'
10:39:30.974 [restartedMain] DEBUG org.hibernate.mapping.Table - No alter strings for table : hibernate_sequence
10:39:30.974 [restartedMain] DEBUG org.hibernate.SQL - create table storable (storable_type varchar(31) not null, id bigint not null, description varchar(255), username varchar(255), primary key (id)) engine=InnoDB
10:39:31.022 [restartedMain] INFO  o.h.e.t.j.p.i.JtaPlatformInitiator - HHH000490: Using JtaPlatform implementation: [org.hibernate.engine.transaction.jta.platform.internal.NoJtaPlatform]
10:39:31.023 [restartedMain] DEBUG o.h.query.spi.NamedQueryRepository - Checking 0 named HQL queries
10:39:31.023 [restartedMain] DEBUG o.h.query.spi.NamedQueryRepository - Checking 0 named SQL queries
10:39:31.028 [restartedMain] DEBUG o.h.internal.SessionFactoryRegistry - Initializing SessionFactoryRegistry : org.hibernate.internal.SessionFactoryRegistry@757ed39f
10:39:31.028 [restartedMain] DEBUG o.h.internal.SessionFactoryRegistry - Registering SessionFactory: 21539ae9-fe5b-4473-b0b2-caa7df3521e2 (<unnamed>)
10:39:31.028 [restartedMain] DEBUG o.h.internal.SessionFactoryRegistry - Not binding SessionFactory to JNDI, no JNDI name configured
10:39:31.028 [restartedMain] INFO  o.s.o.j.LocalContainerEntityManagerFactoryBean - Initialized JPA EntityManagerFactory for persistence unit 'default'
10:39:31.061 [restartedMain] INFO  o.s.b.d.a.OptionalLiveReloadServer - LiveReload server is running on port 35729
10:39:31.162 [restartedMain] DEBUG o.h.s.internal.StatisticsInitiator - Statistics initialized [enabled=false]
10:39:31.286 [restartedMain] WARN  o.s.b.a.o.j.JpaBaseConfiguration$JpaWebConfiguration - spring.jpa.open-in-view is enabled by default. Therefore, database queries may be performed during view rendering. Explicitly configure spring.jpa.open-in-view to disable this warning
10:39:31.522 [restartedMain] INFO  o.s.s.c.ThreadPoolTaskExecutor - Initializing ExecutorService 'applicationTaskExecutor'
10:39:31.701 [restartedMain] WARN  o.s.b.a.t.ThymeleafAutoConfiguration$DefaultTemplateResolverConfiguration - Cannot find template location: classpath:/templates/ (please add some templates or check your Thymeleaf configuration)
10:39:31.878 [restartedMain] INFO  o.a.coyote.http11.Http11NioProtocol - Starting ProtocolHandler ["http-nio-8080"]
10:39:31.892 [restartedMain] INFO  o.s.b.w.e.tomcat.TomcatWebServer - Tomcat started on port(s): 8080 (http) with context path ''
10:39:31.899 [restartedMain] INFO  c.p.b.BiddingSoftwareApplication - Started BiddingSoftwareApplication in 3.308 seconds (JVM running for 3.878)
10:39:31.900 [restartedMain] INFO  c.p.b.BiddingSoftwareApplication - [31m--spring.output.ansi.enabled=always[0m
10:39:41.941 [http-nio-8080-exec-2] INFO  o.a.c.c.C.[Tomcat].[localhost].[/] - Initializing Spring DispatcherServlet 'dispatcherServlet'
10:39:41.941 [http-nio-8080-exec-2] INFO  o.s.web.servlet.DispatcherServlet - Initializing Servlet 'dispatcherServlet'
10:39:41.942 [http-nio-8080-exec-2] INFO  o.s.web.servlet.DispatcherServlet - Completed initialization in 1 ms
10:39:42.073 [http-nio-8080-exec-2] DEBUG o.h.e.t.internal.TransactionImpl - On TransactionImpl creation, JpaCompliance#isJpaTransactionComplianceEnabled == false
10:39:42.074 [http-nio-8080-exec-2] DEBUG o.h.e.t.internal.TransactionImpl - begin
10:39:42.085 [http-nio-8080-exec-2] DEBUG org.hibernate.SQL - select next_val as id_val from hibernate_sequence for update
10:39:42.088 [http-nio-8080-exec-2] DEBUG org.hibernate.SQL - update hibernate_sequence set next_val= ? where next_val=?
10:39:42.095 [http-nio-8080-exec-2] DEBUG o.h.e.i.AbstractSaveEventListener - Generated identifier: 14, using strategy: org.hibernate.id.enhanced.SequenceStyleGenerator
10:39:42.105 [http-nio-8080-exec-2] DEBUG o.h.e.t.internal.TransactionImpl - committing
10:39:42.105 [http-nio-8080-exec-2] DEBUG o.h.e.i.AbstractFlushingEventListener - Processing flush-time cascades
10:39:42.106 [http-nio-8080-exec-2] DEBUG o.h.e.i.AbstractFlushingEventListener - Dirty checking collections
10:39:42.108 [http-nio-8080-exec-2] DEBUG o.h.e.i.AbstractFlushingEventListener - Flushed: 1 insertions, 0 updates, 0 deletions to 1 objects
10:39:42.108 [http-nio-8080-exec-2] DEBUG o.h.e.i.AbstractFlushingEventListener - Flushed: 0 (re)creations, 0 updates, 0 removals to 0 collections
10:39:42.108 [http-nio-8080-exec-2] DEBUG o.h.internal.util.EntityPrinter - Listing entities:
10:39:42.109 [http-nio-8080-exec-2] DEBUG o.h.internal.util.EntityPrinter - com.project.biddingSoft.domain.Storable{id=14}
10:39:42.111 [http-nio-8080-exec-2] DEBUG org.hibernate.SQL - insert into storable (storable_type, id) values ('Storable', ?)
10:40:00.316 [HikariPool-1 housekeeper] DEBUG com.zaxxer.hikari.pool.HikariPool - HikariPool-1 - Pool stats (total=10, active=0, idle=10, waiting=0)
10:40:00.316 [HikariPool-1 housekeeper] DEBUG com.zaxxer.hikari.pool.HikariPool - HikariPool-1 - Fill pool skipped, pool is at sufficient level.
10:40:30.318 [HikariPool-1 housekeeper] DEBUG com.zaxxer.hikari.pool.HikariPool - HikariPool-1 - Pool stats (total=10, active=0, idle=10, waiting=0)
10:40:30.318 [HikariPool-1 housekeeper] DEBUG com.zaxxer.hikari.pool.HikariPool - HikariPool-1 - Fill pool skipped, pool is at sufficient level.
10:41:00.319 [HikariPool-1 housekeeper] DEBUG com.zaxxer.hikari.pool.HikariPool - HikariPool-1 - Pool stats (total=10, active=0, idle=10, waiting=0)
10:41:00.320 [HikariPool-1 housekeeper] DEBUG com.zaxxer.hikari.pool.HikariPool - HikariPool-1 - Fill pool skipped, pool is at sufficient level.
10:41:30.322 [HikariPool-1 housekeeper] DEBUG com.zaxxer.hikari.pool.HikariPool - HikariPool-1 - Pool stats (total=10, active=0, idle=10, waiting=0)
10:41:30.322 [HikariPool-1 housekeeper] DEBUG com.zaxxer.hikari.pool.HikariPool - HikariPool-1 - Fill pool skipped, pool is at sufficient level.
10:41:49.101 [Thread-4] INFO  o.s.s.c.ThreadPoolTaskExecutor - Shutting down ExecutorService 'applicationTaskExecutor'
10:41:49.103 [Thread-4] INFO  o.s.o.j.LocalContainerEntityManagerFactoryBean - Closing JPA EntityManagerFactory for persistence unit 'default'
10:41:49.103 [Thread-4] DEBUG o.h.internal.SessionFactoryImpl - HHH000031: Closing
10:41:49.103 [Thread-4] DEBUG o.h.t.spi.TypeConfiguration$Scope - Un-scoping TypeConfiguration [org.hibernate.type.spi.TypeConfiguration$Scope@608df719] from SessionFactory [org.hibernate.internal.SessionFactoryImpl@7c4b136]
10:41:49.103 [Thread-4] DEBUG o.h.s.i.AbstractServiceRegistryImpl - Implicitly destroying ServiceRegistry on de-registration of all child ServiceRegistries
10:41:49.104 [Thread-4] DEBUG o.h.b.r.i.BootstrapServiceRegistryImpl - Implicitly destroying Boot-strap registry on de-registration of all child ServiceRegistries
10:41:49.106 [Thread-4] INFO  com.zaxxer.hikari.HikariDataSource - HikariPool-1 - Shutdown initiated...
10:41:49.106 [Thread-4] DEBUG com.zaxxer.hikari.pool.HikariPool - HikariPool-1 - Before shutdown stats (total=10, active=0, idle=10, waiting=0)
10:41:49.106 [HikariPool-1 connection closer] DEBUG com.zaxxer.hikari.pool.PoolBase - HikariPool-1 - Closing connection com.mysql.cj.jdbc.ConnectionImpl@4e8f4622: (connection evicted)
10:41:49.108 [HikariPool-1 connection closer] DEBUG com.zaxxer.hikari.pool.PoolBase - HikariPool-1 - Closing connection com.mysql.cj.jdbc.ConnectionImpl@23facd10: (connection evicted)
10:41:49.108 [HikariPool-1 connection closer] DEBUG com.zaxxer.hikari.pool.PoolBase - HikariPool-1 - Closing connection com.mysql.cj.jdbc.ConnectionImpl@728de5e4: (connection evicted)
10:41:49.108 [HikariPool-1 connection closer] DEBUG com.zaxxer.hikari.pool.PoolBase - HikariPool-1 - Closing connection com.mysql.cj.jdbc.ConnectionImpl@5d42cc6a: (connection evicted)
10:41:49.108 [HikariPool-1 connection closer] DEBUG com.zaxxer.hikari.pool.PoolBase - HikariPool-1 - Closing connection com.mysql.cj.jdbc.ConnectionImpl@76c37bd0: (connection evicted)
10:41:49.109 [HikariPool-1 connection closer] DEBUG com.zaxxer.hikari.pool.PoolBase - HikariPool-1 - Closing connection com.mysql.cj.jdbc.ConnectionImpl@3d3d5c19: (connection evicted)
10:41:49.109 [HikariPool-1 connection closer] DEBUG com.zaxxer.hikari.pool.PoolBase - HikariPool-1 - Closing connection com.mysql.cj.jdbc.ConnectionImpl@5bb63ab2: (connection evicted)
10:41:49.109 [HikariPool-1 connection closer] DEBUG com.zaxxer.hikari.pool.PoolBase - HikariPool-1 - Closing connection com.mysql.cj.jdbc.ConnectionImpl@2f460cf8: (connection evicted)
10:41:49.110 [HikariPool-1 connection closer] DEBUG com.zaxxer.hikari.pool.PoolBase - HikariPool-1 - Closing connection com.mysql.cj.jdbc.ConnectionImpl@e3772d6: (connection evicted)
10:41:49.110 [HikariPool-1 connection closer] DEBUG com.zaxxer.hikari.pool.PoolBase - HikariPool-1 - Closing connection com.mysql.cj.jdbc.ConnectionImpl@79f59e10: (connection evicted)
10:41:49.110 [Thread-4] DEBUG com.zaxxer.hikari.pool.HikariPool - HikariPool-1 - After shutdown stats (total=0, active=0, idle=0, waiting=0)
10:41:49.110 [Thread-4] INFO  com.zaxxer.hikari.HikariDataSource - HikariPool-1 - Shutdown completed.
