17:07:57.106 [main] INFO  c.p.b.BiddingSoftwareApplication - Starting BiddingSoftwareApplication using Java 15.0.2 on DESKTOP-AEM1CBO with PID 37656 (C:\Users\nuche\Documents\StuProj\java\biddingSoft\target\classes started by nuche in C:\Users\nuche\Documents\StuProj\java\biddingSoft)
17:07:57.108 [main] DEBUG c.p.b.BiddingSoftwareApplication - Running with Spring Boot v2.4.3, Spring v5.3.4
17:07:57.109 [main] INFO  c.p.b.BiddingSoftwareApplication - No active profile set, falling back to default profiles: default
17:07:57.805 [main] INFO  o.s.d.r.c.RepositoryConfigurationDelegate - Bootstrapping Spring Data JPA repositories in DEFAULT mode.
17:07:57.864 [main] INFO  o.s.d.r.c.RepositoryConfigurationDelegate - Finished Spring Data repository scanning in 49 ms. Found 1 JPA repository interfaces.
17:07:58.448 [main] INFO  o.s.b.w.e.tomcat.TomcatWebServer - Tomcat initialized with port(s): 8080 (http)
17:07:58.459 [main] INFO  o.a.coyote.http11.Http11NioProtocol - Initializing ProtocolHandler ["http-nio-8080"]
17:07:58.459 [main] INFO  o.a.catalina.core.StandardService - Starting service [Tomcat]
17:07:58.459 [main] INFO  o.a.catalina.core.StandardEngine - Starting Servlet engine: [Apache Tomcat/9.0.43]
17:07:58.612 [main] INFO  o.a.c.c.C.[Tomcat].[localhost].[/] - Initializing Spring embedded WebApplicationContext
17:07:58.612 [main] INFO  o.s.b.w.s.c.ServletWebServerApplicationContext - Root WebApplicationContext: initialization completed in 1454 ms
17:07:58.687 [main] DEBUG com.zaxxer.hikari.HikariConfig - Driver class com.mysql.cj.jdbc.Driver found in Thread context class loader jdk.internal.loader.ClassLoaders$AppClassLoader@3764951d
17:07:58.770 [main] DEBUG org.jboss.logging - Logging Provider: org.jboss.logging.Log4j2LoggerProvider
17:07:58.816 [main] DEBUG o.h.jpa.internal.util.LogHelper - PersistenceUnitInfo [
	name: default
	persistence provider classname: null
	classloader: jdk.internal.loader.ClassLoaders$AppClassLoader@3764951d
	excludeUnlistedClasses: true
	JTA datasource: null
	Non JTA datasource: HikariDataSource (null)
	Transaction type: RESOURCE_LOCAL
	PU root URL: file:/C:/Users/nuche/Documents/StuProj/java/biddingSoft/target/classes/
	Shared Cache Mode: UNSPECIFIED
	Validation Mode: AUTO
	Jar files URLs []
	Managed classes names [
		com.project.biddingSoft.model.Lot]
	Mapping files names []
	Properties []
17:07:58.829 [main] DEBUG o.h.i.i.IntegratorServiceImpl - Adding Integrator [org.hibernate.cfg.beanvalidation.BeanValidationIntegrator].
17:07:58.830 [main] DEBUG o.h.i.i.IntegratorServiceImpl - Adding Integrator [org.hibernate.secure.spi.JaccIntegrator].
17:07:58.832 [main] DEBUG o.h.i.i.IntegratorServiceImpl - Adding Integrator [org.hibernate.cache.internal.CollectionCacheInvalidator].
17:07:58.870 [main] INFO  org.hibernate.Version - HHH000412: Hibernate ORM core version 5.4.28.Final
17:07:58.871 [main] DEBUG org.hibernate.cfg.Environment - HHH000206: hibernate.properties not found
17:07:58.981 [main] DEBUG o.h.service.spi.ServiceBinding - Overriding existing service binding [org.hibernate.secure.spi.JaccService]
17:07:58.992 [main] DEBUG o.h.c.i.RegionFactoryInitiator - Cannot default RegionFactory based on registered strategies as `[]` RegionFactory strategies were registered
17:07:58.993 [main] DEBUG o.h.c.i.RegionFactoryInitiator - Cache region factory : org.hibernate.cache.internal.NoCachingRegionFactory
17:07:59.010 [main] INFO  o.h.annotations.common.Version - HCANN000001: Hibernate Commons Annotations {5.1.2.Final}
17:07:59.043 [main] DEBUG o.hibernate.type.BasicTypeRegistry - Adding type registration boolean -> org.hibernate.type.BooleanType@31f77791
17:07:59.043 [main] DEBUG o.hibernate.type.BasicTypeRegistry - Adding type registration boolean -> org.hibernate.type.BooleanType@31f77791
17:07:59.043 [main] DEBUG o.hibernate.type.BasicTypeRegistry - Adding type registration java.lang.Boolean -> org.hibernate.type.BooleanType@31f77791
17:07:59.043 [main] DEBUG o.hibernate.type.BasicTypeRegistry - Adding type registration numeric_boolean -> org.hibernate.type.NumericBooleanType@6d293993
17:07:59.043 [main] DEBUG o.hibernate.type.BasicTypeRegistry - Adding type registration true_false -> org.hibernate.type.TrueFalseType@66e827a8
17:07:59.044 [main] DEBUG o.hibernate.type.BasicTypeRegistry - Adding type registration yes_no -> org.hibernate.type.YesNoType@44598ef7
17:07:59.045 [main] DEBUG o.hibernate.type.BasicTypeRegistry - Adding type registration byte -> org.hibernate.type.ByteType@21a46ff1
17:07:59.045 [main] DEBUG o.hibernate.type.BasicTypeRegistry - Adding type registration byte -> org.hibernate.type.ByteType@21a46ff1
17:07:59.045 [main] DEBUG o.hibernate.type.BasicTypeRegistry - Adding type registration java.lang.Byte -> org.hibernate.type.ByteType@21a46ff1
17:07:59.046 [main] DEBUG o.hibernate.type.BasicTypeRegistry - Adding type registration character -> org.hibernate.type.CharacterType@5efe47fd
17:07:59.046 [main] DEBUG o.hibernate.type.BasicTypeRegistry - Adding type registration char -> org.hibernate.type.CharacterType@5efe47fd
17:07:59.046 [main] DEBUG o.hibernate.type.BasicTypeRegistry - Adding type registration java.lang.Character -> org.hibernate.type.CharacterType@5efe47fd
17:07:59.047 [main] DEBUG o.hibernate.type.BasicTypeRegistry - Adding type registration short -> org.hibernate.type.ShortType@27a6fef2
17:07:59.047 [main] DEBUG o.hibernate.type.BasicTypeRegistry - Adding type registration short -> org.hibernate.type.ShortType@27a6fef2
17:07:59.048 [main] DEBUG o.hibernate.type.BasicTypeRegistry - Adding type registration java.lang.Short -> org.hibernate.type.ShortType@27a6fef2
17:07:59.049 [main] DEBUG o.hibernate.type.BasicTypeRegistry - Adding type registration integer -> org.hibernate.type.IntegerType@31b0f02
17:07:59.049 [main] DEBUG o.hibernate.type.BasicTypeRegistry - Adding type registration int -> org.hibernate.type.IntegerType@31b0f02
17:07:59.049 [main] DEBUG o.hibernate.type.BasicTypeRegistry - Adding type registration java.lang.Integer -> org.hibernate.type.IntegerType@31b0f02
17:07:59.050 [main] DEBUG o.hibernate.type.BasicTypeRegistry - Adding type registration long -> org.hibernate.type.LongType@149274cb
17:07:59.050 [main] DEBUG o.hibernate.type.BasicTypeRegistry - Adding type registration long -> org.hibernate.type.LongType@149274cb
17:07:59.050 [main] DEBUG o.hibernate.type.BasicTypeRegistry - Adding type registration java.lang.Long -> org.hibernate.type.LongType@149274cb
17:07:59.051 [main] DEBUG o.hibernate.type.BasicTypeRegistry - Adding type registration float -> org.hibernate.type.FloatType@101bdd1c
17:07:59.051 [main] DEBUG o.hibernate.type.BasicTypeRegistry - Adding type registration float -> org.hibernate.type.FloatType@101bdd1c
17:07:59.051 [main] DEBUG o.hibernate.type.BasicTypeRegistry - Adding type registration java.lang.Float -> org.hibernate.type.FloatType@101bdd1c
17:07:59.052 [main] DEBUG o.hibernate.type.BasicTypeRegistry - Adding type registration double -> org.hibernate.type.DoubleType@3dc68586
17:07:59.052 [main] DEBUG o.hibernate.type.BasicTypeRegistry - Adding type registration double -> org.hibernate.type.DoubleType@3dc68586
17:07:59.052 [main] DEBUG o.hibernate.type.BasicTypeRegistry - Adding type registration java.lang.Double -> org.hibernate.type.DoubleType@3dc68586
17:07:59.053 [main] DEBUG o.hibernate.type.BasicTypeRegistry - Adding type registration big_decimal -> org.hibernate.type.BigDecimalType@31da0434
17:07:59.053 [main] DEBUG o.hibernate.type.BasicTypeRegistry - Adding type registration java.math.BigDecimal -> org.hibernate.type.BigDecimalType@31da0434
17:07:59.054 [main] DEBUG o.hibernate.type.BasicTypeRegistry - Adding type registration big_integer -> org.hibernate.type.BigIntegerType@fb5aeed
17:07:59.055 [main] DEBUG o.hibernate.type.BasicTypeRegistry - Adding type registration java.math.BigInteger -> org.hibernate.type.BigIntegerType@fb5aeed
17:07:59.055 [main] DEBUG o.hibernate.type.BasicTypeRegistry - Adding type registration string -> org.hibernate.type.StringType@670342a2
17:07:59.055 [main] DEBUG o.hibernate.type.BasicTypeRegistry - Adding type registration java.lang.String -> org.hibernate.type.StringType@670342a2
17:07:59.055 [main] DEBUG o.hibernate.type.BasicTypeRegistry - Adding type registration nstring -> org.hibernate.type.StringNVarcharType@14fc9bd
17:07:59.056 [main] DEBUG o.hibernate.type.BasicTypeRegistry - Adding type registration ncharacter -> org.hibernate.type.CharacterNCharType@3b41e1bf
17:07:59.057 [main] DEBUG o.hibernate.type.BasicTypeRegistry - Adding type registration url -> org.hibernate.type.UrlType@21390938
17:07:59.057 [main] DEBUG o.hibernate.type.BasicTypeRegistry - Adding type registration java.net.URL -> org.hibernate.type.UrlType@21390938
17:07:59.058 [main] DEBUG o.hibernate.type.BasicTypeRegistry - Adding type registration Duration -> org.hibernate.type.DurationType@72fbf94d
17:07:59.058 [main] DEBUG o.hibernate.type.BasicTypeRegistry - Adding type registration java.time.Duration -> org.hibernate.type.DurationType@72fbf94d
17:07:59.059 [main] DEBUG o.hibernate.type.BasicTypeRegistry - Adding type registration Instant -> org.hibernate.type.InstantType@7f2c57fe
17:07:59.059 [main] DEBUG o.hibernate.type.BasicTypeRegistry - Adding type registration java.time.Instant -> org.hibernate.type.InstantType@7f2c57fe
17:07:59.060 [main] DEBUG o.hibernate.type.BasicTypeRegistry - Adding type registration LocalDateTime -> org.hibernate.type.LocalDateTimeType@5f8a02cf
17:07:59.060 [main] DEBUG o.hibernate.type.BasicTypeRegistry - Adding type registration java.time.LocalDateTime -> org.hibernate.type.LocalDateTimeType@5f8a02cf
17:07:59.061 [main] DEBUG o.hibernate.type.BasicTypeRegistry - Adding type registration LocalDate -> org.hibernate.type.LocalDateType@a90e2c1
17:07:59.061 [main] DEBUG o.hibernate.type.BasicTypeRegistry - Adding type registration java.time.LocalDate -> org.hibernate.type.LocalDateType@a90e2c1
17:07:59.062 [main] DEBUG o.hibernate.type.BasicTypeRegistry - Adding type registration LocalTime -> org.hibernate.type.LocalTimeType@1b24ea2a
17:07:59.062 [main] DEBUG o.hibernate.type.BasicTypeRegistry - Adding type registration java.time.LocalTime -> org.hibernate.type.LocalTimeType@1b24ea2a
17:07:59.064 [main] DEBUG o.hibernate.type.BasicTypeRegistry - Adding type registration OffsetDateTime -> org.hibernate.type.OffsetDateTimeType@47df5041
17:07:59.064 [main] DEBUG o.hibernate.type.BasicTypeRegistry - Adding type registration java.time.OffsetDateTime -> org.hibernate.type.OffsetDateTimeType@47df5041
17:07:59.064 [main] DEBUG o.hibernate.type.BasicTypeRegistry - Adding type registration OffsetTime -> org.hibernate.type.OffsetTimeType@224c7de4
17:07:59.064 [main] DEBUG o.hibernate.type.BasicTypeRegistry - Adding type registration java.time.OffsetTime -> org.hibernate.type.OffsetTimeType@224c7de4
17:07:59.065 [main] DEBUG o.hibernate.type.BasicTypeRegistry - Adding type registration ZonedDateTime -> org.hibernate.type.ZonedDateTimeType@47a4eee2
17:07:59.065 [main] DEBUG o.hibernate.type.BasicTypeRegistry - Adding type registration java.time.ZonedDateTime -> org.hibernate.type.ZonedDateTimeType@47a4eee2
17:07:59.067 [main] DEBUG o.hibernate.type.BasicTypeRegistry - Adding type registration date -> org.hibernate.type.DateType@191c6e13
17:07:59.067 [main] DEBUG o.hibernate.type.BasicTypeRegistry - Adding type registration java.sql.Date -> org.hibernate.type.DateType@191c6e13
17:07:59.067 [main] DEBUG o.hibernate.type.BasicTypeRegistry - Adding type registration time -> org.hibernate.type.TimeType@77cca767
17:07:59.068 [main] DEBUG o.hibernate.type.BasicTypeRegistry - Adding type registration java.sql.Time -> org.hibernate.type.TimeType@77cca767
17:07:59.068 [main] DEBUG o.hibernate.type.BasicTypeRegistry - Adding type registration timestamp -> org.hibernate.type.TimestampType@16a3cc88
17:07:59.068 [main] DEBUG o.hibernate.type.BasicTypeRegistry - Adding type registration java.sql.Timestamp -> org.hibernate.type.TimestampType@16a3cc88
17:07:59.068 [main] DEBUG o.hibernate.type.BasicTypeRegistry - Adding type registration java.util.Date -> org.hibernate.type.TimestampType@16a3cc88
17:07:59.069 [main] DEBUG o.hibernate.type.BasicTypeRegistry - Adding type registration dbtimestamp -> org.hibernate.type.DbTimestampType@474749b8
17:07:59.070 [main] DEBUG o.hibernate.type.BasicTypeRegistry - Adding type registration calendar -> org.hibernate.type.CalendarType@1e30db85
17:07:59.070 [main] DEBUG o.hibernate.type.BasicTypeRegistry - Adding type registration java.util.Calendar -> org.hibernate.type.CalendarType@1e30db85
17:07:59.070 [main] DEBUG o.hibernate.type.BasicTypeRegistry - Adding type registration java.util.GregorianCalendar -> org.hibernate.type.CalendarType@1e30db85
17:07:59.071 [main] DEBUG o.hibernate.type.BasicTypeRegistry - Adding type registration calendar_date -> org.hibernate.type.CalendarDateType@6f930e0
17:07:59.071 [main] DEBUG o.hibernate.type.BasicTypeRegistry - Adding type registration calendar_time -> org.hibernate.type.CalendarTimeType@7d2c345d
17:07:59.072 [main] DEBUG o.hibernate.type.BasicTypeRegistry - Adding type registration locale -> org.hibernate.type.LocaleType@32507479
17:07:59.072 [main] DEBUG o.hibernate.type.BasicTypeRegistry - Adding type registration java.util.Locale -> org.hibernate.type.LocaleType@32507479
17:07:59.072 [main] DEBUG o.hibernate.type.BasicTypeRegistry - Adding type registration currency -> org.hibernate.type.CurrencyType@6a98f353
17:07:59.073 [main] DEBUG o.hibernate.type.BasicTypeRegistry - Adding type registration java.util.Currency -> org.hibernate.type.CurrencyType@6a98f353
17:07:59.074 [main] DEBUG o.hibernate.type.BasicTypeRegistry - Adding type registration timezone -> org.hibernate.type.TimeZoneType@3830b06c
17:07:59.074 [main] DEBUG o.hibernate.type.BasicTypeRegistry - Adding type registration java.util.TimeZone -> org.hibernate.type.TimeZoneType@3830b06c
17:07:59.074 [main] DEBUG o.hibernate.type.BasicTypeRegistry - Adding type registration class -> org.hibernate.type.ClassType@7c7e73c5
17:07:59.074 [main] DEBUG o.hibernate.type.BasicTypeRegistry - Adding type registration java.lang.Class -> org.hibernate.type.ClassType@7c7e73c5
17:07:59.074 [main] DEBUG o.hibernate.type.BasicTypeRegistry - Adding type registration uuid-binary -> org.hibernate.type.UUIDBinaryType@42fc4ac4
17:07:59.074 [main] DEBUG o.hibernate.type.BasicTypeRegistry - Adding type registration java.util.UUID -> org.hibernate.type.UUIDBinaryType@42fc4ac4
17:07:59.075 [main] DEBUG o.hibernate.type.BasicTypeRegistry - Adding type registration uuid-char -> org.hibernate.type.UUIDCharType@691541bc
17:07:59.075 [main] DEBUG o.hibernate.type.BasicTypeRegistry - Adding type registration binary -> org.hibernate.type.BinaryType@f245bdd
17:07:59.075 [main] DEBUG o.hibernate.type.BasicTypeRegistry - Adding type registration byte[] -> org.hibernate.type.BinaryType@f245bdd
17:07:59.075 [main] DEBUG o.hibernate.type.BasicTypeRegistry - Adding type registration [B -> org.hibernate.type.BinaryType@f245bdd
17:07:59.076 [main] DEBUG o.hibernate.type.BasicTypeRegistry - Adding type registration wrapper-binary -> org.hibernate.type.WrapperBinaryType@5b29ab61
17:07:59.076 [main] DEBUG o.hibernate.type.BasicTypeRegistry - Adding type registration Byte[] -> org.hibernate.type.WrapperBinaryType@5b29ab61
17:07:59.076 [main] DEBUG o.hibernate.type.BasicTypeRegistry - Adding type registration [Ljava.lang.Byte; -> org.hibernate.type.WrapperBinaryType@5b29ab61
17:07:59.077 [main] DEBUG o.hibernate.type.BasicTypeRegistry - Adding type registration row_version -> org.hibernate.type.RowVersionType@273fa9e
17:07:59.078 [main] DEBUG o.hibernate.type.BasicTypeRegistry - Adding type registration image -> org.hibernate.type.ImageType@5ec6fede
17:07:59.078 [main] DEBUG o.hibernate.type.BasicTypeRegistry - Adding type registration characters -> org.hibernate.type.CharArrayType@6c075e9d
17:07:59.078 [main] DEBUG o.hibernate.type.BasicTypeRegistry - Adding type registration char[] -> org.hibernate.type.CharArrayType@6c075e9d
17:07:59.078 [main] DEBUG o.hibernate.type.BasicTypeRegistry - Adding type registration [C -> org.hibernate.type.CharArrayType@6c075e9d
17:07:59.079 [main] DEBUG o.hibernate.type.BasicTypeRegistry - Adding type registration wrapper-characters -> org.hibernate.type.CharacterArrayType@58a765ce
17:07:59.079 [main] DEBUG o.hibernate.type.BasicTypeRegistry - Adding type registration [Ljava.lang.Character; -> org.hibernate.type.CharacterArrayType@58a765ce
17:07:59.079 [main] DEBUG o.hibernate.type.BasicTypeRegistry - Adding type registration Character[] -> org.hibernate.type.CharacterArrayType@58a765ce
17:07:59.080 [main] DEBUG o.hibernate.type.BasicTypeRegistry - Adding type registration text -> org.hibernate.type.TextType@58aa1d72
17:07:59.080 [main] DEBUG o.hibernate.type.BasicTypeRegistry - Adding type registration ntext -> org.hibernate.type.NTextType@5eed6dfb
17:07:59.082 [main] DEBUG o.hibernate.type.BasicTypeRegistry - Adding type registration blob -> org.hibernate.type.BlobType@3c28e5b6
17:07:59.082 [main] DEBUG o.hibernate.type.BasicTypeRegistry - Adding type registration java.sql.Blob -> org.hibernate.type.BlobType@3c28e5b6
17:07:59.082 [main] DEBUG o.hibernate.type.BasicTypeRegistry - Adding type registration materialized_blob -> org.hibernate.type.MaterializedBlobType@646cd766
17:07:59.082 [main] DEBUG o.hibernate.type.BasicTypeRegistry - Adding type registration clob -> org.hibernate.type.ClobType@5db3d57c
17:07:59.082 [main] DEBUG o.hibernate.type.BasicTypeRegistry - Adding type registration java.sql.Clob -> org.hibernate.type.ClobType@5db3d57c
17:07:59.083 [main] DEBUG o.hibernate.type.BasicTypeRegistry - Adding type registration nclob -> org.hibernate.type.NClobType@b379bc6
17:07:59.083 [main] DEBUG o.hibernate.type.BasicTypeRegistry - Adding type registration java.sql.NClob -> org.hibernate.type.NClobType@b379bc6
17:07:59.084 [main] DEBUG o.hibernate.type.BasicTypeRegistry - Adding type registration materialized_clob -> org.hibernate.type.MaterializedClobType@5a14e60d
17:07:59.084 [main] DEBUG o.hibernate.type.BasicTypeRegistry - Adding type registration materialized_nclob -> org.hibernate.type.MaterializedNClobType@3709748f
17:07:59.085 [main] DEBUG o.hibernate.type.BasicTypeRegistry - Adding type registration serializable -> org.hibernate.type.SerializableType@6df4af5
17:07:59.088 [main] DEBUG o.hibernate.type.BasicTypeRegistry - Adding type registration object -> org.hibernate.type.ObjectType@8c43966
17:07:59.089 [main] DEBUG o.hibernate.type.BasicTypeRegistry - Adding type registration java.lang.Object -> org.hibernate.type.ObjectType@8c43966
17:07:59.089 [main] DEBUG o.hibernate.type.BasicTypeRegistry - Adding type registration imm_date -> org.hibernate.type.AdaptedImmutableType@40df6090
17:07:59.089 [main] DEBUG o.hibernate.type.BasicTypeRegistry - Adding type registration imm_time -> org.hibernate.type.AdaptedImmutableType@8c0a23f
17:07:59.089 [main] DEBUG o.hibernate.type.BasicTypeRegistry - Adding type registration imm_timestamp -> org.hibernate.type.AdaptedImmutableType@44d7e24
17:07:59.089 [main] DEBUG o.hibernate.type.BasicTypeRegistry - Adding type registration imm_dbtimestamp -> org.hibernate.type.AdaptedImmutableType@26c8b296
17:07:59.090 [main] DEBUG o.hibernate.type.BasicTypeRegistry - Adding type registration imm_calendar -> org.hibernate.type.AdaptedImmutableType@1d289d3f
17:07:59.090 [main] DEBUG o.hibernate.type.BasicTypeRegistry - Adding type registration imm_calendar_date -> org.hibernate.type.AdaptedImmutableType@10f405ff
17:07:59.090 [main] DEBUG o.hibernate.type.BasicTypeRegistry - Adding type registration imm_binary -> org.hibernate.type.AdaptedImmutableType@7f27f59b
17:07:59.090 [main] DEBUG o.hibernate.type.BasicTypeRegistry - Adding type registration imm_serializable -> org.hibernate.type.AdaptedImmutableType@1c98b4eb
17:07:59.101 [main] DEBUG o.h.b.internal.BootstrapContextImpl - Injecting JPA temp ClassLoader [org.springframework.instrument.classloading.SimpleThrowawayClassLoader@6af310c7] into BootstrapContext; was [null]
17:07:59.101 [main] DEBUG o.h.b.i.ClassLoaderAccessImpl - ClassLoaderAccessImpl#injectTempClassLoader(org.springframework.instrument.classloading.SimpleThrowawayClassLoader@6af310c7) [was null]
17:07:59.102 [main] DEBUG o.h.b.internal.BootstrapContextImpl - Injecting ScanEnvironment [org.hibernate.jpa.boot.internal.StandardJpaScanEnvironmentImpl@2c1d57bc] into BootstrapContext; was [null]
17:07:59.102 [main] DEBUG o.h.b.internal.BootstrapContextImpl - Injecting ScanOptions [org.hibernate.boot.archive.scan.internal.StandardScanOptions@26c77f54] into BootstrapContext; was [org.hibernate.boot.archive.scan.internal.StandardScanOptions@3e856100]
17:07:59.115 [main] DEBUG o.h.b.internal.BootstrapContextImpl - Injecting JPA temp ClassLoader [null] into BootstrapContext; was [org.springframework.instrument.classloading.SimpleThrowawayClassLoader@6af310c7]
17:07:59.115 [main] DEBUG o.h.b.i.ClassLoaderAccessImpl - ClassLoaderAccessImpl#injectTempClassLoader(null) [was org.springframework.instrument.classloading.SimpleThrowawayClassLoader@6af310c7]
17:07:59.125 [main] DEBUG o.h.i.f.i.DefaultIdentifierGeneratorFactory - Registering IdentifierGenerator strategy [uuid2] -> [org.hibernate.id.UUIDGenerator]
17:07:59.125 [main] DEBUG o.h.i.f.i.DefaultIdentifierGeneratorFactory - Registering IdentifierGenerator strategy [guid] -> [org.hibernate.id.GUIDGenerator]
17:07:59.126 [main] DEBUG o.h.i.f.i.DefaultIdentifierGeneratorFactory - Registering IdentifierGenerator strategy [uuid] -> [org.hibernate.id.UUIDHexGenerator]
17:07:59.126 [main] DEBUG o.h.i.f.i.DefaultIdentifierGeneratorFactory - Registering IdentifierGenerator strategy [uuid.hex] -> [org.hibernate.id.UUIDHexGenerator]
17:07:59.127 [main] DEBUG o.h.i.f.i.DefaultIdentifierGeneratorFactory - Registering IdentifierGenerator strategy [assigned] -> [org.hibernate.id.Assigned]
17:07:59.127 [main] DEBUG o.h.i.f.i.DefaultIdentifierGeneratorFactory - Registering IdentifierGenerator strategy [identity] -> [org.hibernate.id.IdentityGenerator]
17:07:59.128 [main] DEBUG o.h.i.f.i.DefaultIdentifierGeneratorFactory - Registering IdentifierGenerator strategy [select] -> [org.hibernate.id.SelectGenerator]
17:07:59.129 [main] DEBUG o.h.i.f.i.DefaultIdentifierGeneratorFactory - Registering IdentifierGenerator strategy [sequence] -> [org.hibernate.id.enhanced.SequenceStyleGenerator]
17:07:59.130 [main] DEBUG o.h.i.f.i.DefaultIdentifierGeneratorFactory - Registering IdentifierGenerator strategy [seqhilo] -> [org.hibernate.id.SequenceHiLoGenerator]
17:07:59.130 [main] DEBUG o.h.i.f.i.DefaultIdentifierGeneratorFactory - Registering IdentifierGenerator strategy [increment] -> [org.hibernate.id.IncrementGenerator]
17:07:59.131 [main] DEBUG o.h.i.f.i.DefaultIdentifierGeneratorFactory - Registering IdentifierGenerator strategy [foreign] -> [org.hibernate.id.ForeignGenerator]
17:07:59.131 [main] DEBUG o.h.i.f.i.DefaultIdentifierGeneratorFactory - Registering IdentifierGenerator strategy [sequence-identity] -> [org.hibernate.id.SequenceIdentityGenerator]
17:07:59.132 [main] DEBUG o.h.i.f.i.DefaultIdentifierGeneratorFactory - Registering IdentifierGenerator strategy [enhanced-sequence] -> [org.hibernate.id.enhanced.SequenceStyleGenerator]
17:07:59.132 [main] DEBUG o.h.i.f.i.DefaultIdentifierGeneratorFactory - Registering IdentifierGenerator strategy [enhanced-table] -> [org.hibernate.id.enhanced.TableGenerator]
17:07:59.136 [main] DEBUG com.zaxxer.hikari.HikariConfig - HikariPool-1 - configuration:
17:07:59.137 [main] DEBUG com.zaxxer.hikari.HikariConfig - allowPoolSuspension.............false
17:07:59.138 [main] DEBUG com.zaxxer.hikari.HikariConfig - autoCommit......................true
17:07:59.138 [main] DEBUG com.zaxxer.hikari.HikariConfig - catalog.........................none
17:07:59.138 [main] DEBUG com.zaxxer.hikari.HikariConfig - connectionInitSql...............none
17:07:59.138 [main] DEBUG com.zaxxer.hikari.HikariConfig - connectionTestQuery.............none
17:07:59.138 [main] DEBUG com.zaxxer.hikari.HikariConfig - connectionTimeout...............30000
17:07:59.138 [main] DEBUG com.zaxxer.hikari.HikariConfig - dataSource......................none
17:07:59.138 [main] DEBUG com.zaxxer.hikari.HikariConfig - dataSourceClassName.............none
17:07:59.138 [main] DEBUG com.zaxxer.hikari.HikariConfig - dataSourceJNDI..................none
17:07:59.138 [main] DEBUG com.zaxxer.hikari.HikariConfig - dataSourceProperties............{password=<masked>}
17:07:59.138 [main] DEBUG com.zaxxer.hikari.HikariConfig - driverClassName................."com.mysql.cj.jdbc.Driver"
17:07:59.138 [main] DEBUG com.zaxxer.hikari.HikariConfig - exceptionOverrideClassName......none
17:07:59.138 [main] DEBUG com.zaxxer.hikari.HikariConfig - healthCheckProperties...........{}
17:07:59.138 [main] DEBUG com.zaxxer.hikari.HikariConfig - healthCheckRegistry.............none
17:07:59.138 [main] DEBUG com.zaxxer.hikari.HikariConfig - idleTimeout.....................600000
17:07:59.139 [main] DEBUG com.zaxxer.hikari.HikariConfig - initializationFailTimeout.......1
17:07:59.139 [main] DEBUG com.zaxxer.hikari.HikariConfig - isolateInternalQueries..........false
17:07:59.139 [main] DEBUG com.zaxxer.hikari.HikariConfig - jdbcUrl.........................jdbc:mysql://localhost:3306/biddingSoft
17:07:59.139 [main] DEBUG com.zaxxer.hikari.HikariConfig - leakDetectionThreshold..........0
17:07:59.139 [main] DEBUG com.zaxxer.hikari.HikariConfig - maxLifetime.....................1800000
17:07:59.139 [main] DEBUG com.zaxxer.hikari.HikariConfig - maximumPoolSize.................10
17:07:59.139 [main] DEBUG com.zaxxer.hikari.HikariConfig - metricRegistry..................none
17:07:59.139 [main] DEBUG com.zaxxer.hikari.HikariConfig - metricsTrackerFactory...........none
17:07:59.139 [main] DEBUG com.zaxxer.hikari.HikariConfig - minimumIdle.....................10
17:07:59.139 [main] DEBUG com.zaxxer.hikari.HikariConfig - password........................<masked>
17:07:59.139 [main] DEBUG com.zaxxer.hikari.HikariConfig - poolName........................"HikariPool-1"
17:07:59.139 [main] DEBUG com.zaxxer.hikari.HikariConfig - readOnly........................false
17:07:59.139 [main] DEBUG com.zaxxer.hikari.HikariConfig - registerMbeans..................false
17:07:59.139 [main] DEBUG com.zaxxer.hikari.HikariConfig - scheduledExecutor...............none
17:07:59.139 [main] DEBUG com.zaxxer.hikari.HikariConfig - schema..........................none
17:07:59.139 [main] DEBUG com.zaxxer.hikari.HikariConfig - threadFactory...................internal
17:07:59.139 [main] DEBUG com.zaxxer.hikari.HikariConfig - transactionIsolation............default
17:07:59.139 [main] DEBUG com.zaxxer.hikari.HikariConfig - username........................"root"
17:07:59.139 [main] DEBUG com.zaxxer.hikari.HikariConfig - validationTimeout...............5000
17:07:59.140 [main] INFO  com.zaxxer.hikari.HikariDataSource - HikariPool-1 - Starting...
17:07:59.517 [main] DEBUG com.zaxxer.hikari.pool.HikariPool - HikariPool-1 - Added connection com.mysql.cj.jdbc.ConnectionImpl@3f357c9d
17:07:59.518 [main] INFO  com.zaxxer.hikari.HikariDataSource - HikariPool-1 - Start completed.
17:07:59.527 [main] DEBUG o.h.e.j.e.i.JdbcEnvironmentInitiator - Database ->
       name : MySQL
    version : 8.0.23
      major : 8
      minor : 0
17:07:59.527 [main] DEBUG o.h.e.j.e.i.JdbcEnvironmentInitiator - Driver ->
       name : MySQL Connector/J
    version : mysql-connector-java-8.0.23 (Revision: 18bbd5e68195d0da083cbd5bd0d05d76320df7cd)
      major : 8
      minor : 0
17:07:59.527 [main] DEBUG o.h.e.j.e.i.JdbcEnvironmentInitiator - JDBC version : 4.2
17:07:59.560 [main] INFO  org.hibernate.dialect.Dialect - HHH000400: Using dialect: org.hibernate.dialect.MySQL8Dialect
17:07:59.576 [main] DEBUG o.h.e.j.e.s.IdentifierHelperBuilder - JDBC driver metadata reported database stores quoted identifiers in more than one case
17:07:59.602 [main] DEBUG o.h.e.j.e.s.IdentifierHelperBuilder - IdentifierCaseStrategy for both quoted and unquoted identifiers was set to the same strategy [LOWER]; that will likely lead to problems in schema update and validation if using quoted identifiers
17:07:59.620 [HikariPool-1 housekeeper] DEBUG com.zaxxer.hikari.pool.HikariPool - HikariPool-1 - Pool stats (total=1, active=1, idle=0, waiting=0)
17:07:59.638 [main] DEBUG o.h.boot.model.relational.Namespace - Created database namespace [logicalName=Name{catalog=null, schema=null}, physicalName=Name{catalog=null, schema=null}]
17:07:59.641 [main] DEBUG o.h.t.spi.TypeConfiguration$Scope - Scoping TypeConfiguration [org.hibernate.type.spi.TypeConfiguration@7dd91ffc] to MetadataBuildingContext [org.hibernate.boot.internal.MetadataBuildingContextRootImpl@1c2dd89b]
17:07:59.647 [HikariPool-1 connection adder] DEBUG com.zaxxer.hikari.pool.HikariPool - HikariPool-1 - Added connection com.mysql.cj.jdbc.ConnectionImpl@676b04b2
17:07:59.677 [HikariPool-1 connection adder] DEBUG com.zaxxer.hikari.pool.HikariPool - HikariPool-1 - Added connection com.mysql.cj.jdbc.ConnectionImpl@36d8ad53
17:07:59.691 [main] DEBUG org.hibernate.cfg.AnnotationBinder - Binding entity from annotated class: com.project.biddingSoft.model.Lot
17:07:59.703 [HikariPool-1 connection adder] DEBUG com.zaxxer.hikari.pool.HikariPool - HikariPool-1 - Added connection com.mysql.cj.jdbc.ConnectionImpl@586d99
17:07:59.712 [main] DEBUG org.hibernate.cfg.Ejb3Column - Binding column: Ejb3DiscriminatorColumn{logicalColumnName'DTYPE', discriminatorTypeName='string'}
17:07:59.717 [main] DEBUG o.h.cfg.annotations.EntityBinder - Import with entity name Lot
17:07:59.723 [main] DEBUG o.h.cfg.annotations.EntityBinder - Bind entity com.project.biddingSoft.model.Lot on table lot
17:07:59.727 [HikariPool-1 connection adder] DEBUG com.zaxxer.hikari.pool.HikariPool - HikariPool-1 - Added connection com.mysql.cj.jdbc.ConnectionImpl@3296f722
17:07:59.743 [main] DEBUG org.hibernate.cfg.Ejb3Column - Binding column: Ejb3Column{table=org.hibernate.mapping.Table(lot), mappingColumn=id, insertable=true, updatable=true, unique=false}
17:07:59.745 [main] DEBUG o.h.b.i.ClassLoaderAccessImpl - Not known whether passed class name [com.project.biddingSoft.model.Lot] is safe
17:07:59.746 [main] DEBUG o.h.b.i.ClassLoaderAccessImpl - No temp ClassLoader provided; using live ClassLoader for loading potentially unsafe class : com.project.biddingSoft.model.Lot
17:07:59.746 [main] DEBUG o.h.cfg.annotations.PropertyBinder - MetadataSourceProcessor property id with lazy=false
17:07:59.748 [main] DEBUG o.h.cfg.AbstractPropertyHolder - Attempting to locate auto-apply AttributeConverter for property [com.project.biddingSoft.model.Lot:id]
17:07:59.750 [main] DEBUG o.h.c.annotations.SimpleValueBinder - building SimpleValue for id
17:07:59.752 [main] DEBUG o.h.cfg.annotations.PropertyBinder - Building property id
17:07:59.753 [HikariPool-1 connection adder] DEBUG com.zaxxer.hikari.pool.HikariPool - HikariPool-1 - Added connection com.mysql.cj.jdbc.ConnectionImpl@338236f
17:07:59.755 [main] DEBUG org.hibernate.cfg.BinderHelper - #makeIdGenerator(org.hibernate.mapping.SimpleValue([org.hibernate.mapping.Column(id)]), id, org.hibernate.id.enhanced.SequenceStyleGenerator, , ...)
17:07:59.755 [main] DEBUG org.hibernate.cfg.Ejb3Column - Binding column: Ejb3Column{table=org.hibernate.mapping.Table(lot), mappingColumn=user_name, insertable=true, updatable=true, unique=false}
17:07:59.755 [main] DEBUG o.h.cfg.annotations.PropertyBinder - MetadataSourceProcessor property userName with lazy=false
17:07:59.756 [main] DEBUG o.h.cfg.AbstractPropertyHolder - Attempting to locate auto-apply AttributeConverter for property [com.project.biddingSoft.model.Lot:userName]
17:07:59.756 [main] DEBUG o.h.c.annotations.SimpleValueBinder - building SimpleValue for userName
17:07:59.756 [main] DEBUG o.h.cfg.annotations.PropertyBinder - Building property userName
17:07:59.758 [main] DEBUG o.h.c.annotations.SimpleValueBinder - Starting fillSimpleValue for id
17:07:59.758 [main] DEBUG o.h.c.annotations.SimpleValueBinder - Starting fillSimpleValue for userName
17:07:59.763 [main] DEBUG org.hibernate.mapping.PrimaryKey - Forcing column [id] to be non-null as it is part of the primary key for table [lot]
17:07:59.781 [HikariPool-1 connection adder] DEBUG com.zaxxer.hikari.pool.HikariPool - HikariPool-1 - Added connection com.mysql.cj.jdbc.ConnectionImpl@7cfc6801
17:07:59.804 [HikariPool-1 connection adder] DEBUG com.zaxxer.hikari.pool.HikariPool - HikariPool-1 - Added connection com.mysql.cj.jdbc.ConnectionImpl@19532ec5
17:07:59.810 [main] DEBUG o.h.internal.SessionFactoryImpl - Building session factory
17:07:59.811 [main] DEBUG org.hibernate.cfg.Settings - SessionFactory name : null
17:07:59.811 [main] DEBUG org.hibernate.cfg.Settings - Automatic flush during beforeCompletion(): enabled
17:07:59.811 [main] DEBUG org.hibernate.cfg.Settings - Automatic session close at end of transaction: disabled
17:07:59.811 [main] DEBUG org.hibernate.cfg.Settings - Statistics: disabled
17:07:59.811 [main] DEBUG org.hibernate.cfg.Settings - Deleted entity synthetic identifier rollback: disabled
17:07:59.811 [main] DEBUG org.hibernate.cfg.Settings - Default entity-mode: pojo
17:07:59.811 [main] DEBUG org.hibernate.cfg.Settings - Check Nullability in Core (should be disabled when Bean Validation is on): enabled
17:07:59.812 [main] DEBUG org.hibernate.cfg.Settings - Allow initialization of lazy state outside session : disabled
17:07:59.812 [main] DEBUG org.hibernate.cfg.Settings - Using BatchFetchStyle : LEGACY
17:07:59.812 [main] DEBUG org.hibernate.cfg.Settings - Default batch fetch size: -1
17:07:59.812 [main] DEBUG org.hibernate.cfg.Settings - Maximum outer join fetch depth: 2
17:07:59.812 [main] DEBUG org.hibernate.cfg.Settings - Default null ordering: NONE
17:07:59.812 [main] DEBUG org.hibernate.cfg.Settings - Order SQL updates by primary key: disabled
17:07:59.812 [main] DEBUG org.hibernate.cfg.Settings - Order SQL inserts for batching: disabled
17:07:59.812 [main] DEBUG org.hibernate.cfg.Settings - multi-tenancy strategy : NONE
17:07:59.812 [main] DEBUG org.hibernate.cfg.Settings - JTA Track by Thread: enabled
17:07:59.812 [main] DEBUG org.hibernate.cfg.Settings - Query language substitutions: {}
17:07:59.812 [main] DEBUG org.hibernate.cfg.Settings - Named query checking : enabled
17:07:59.812 [main] DEBUG org.hibernate.cfg.Settings - Second-level cache: disabled
17:07:59.812 [main] DEBUG org.hibernate.cfg.Settings - Second-level query cache: disabled
17:07:59.812 [main] DEBUG org.hibernate.cfg.Settings - Second-level query cache factory: null
17:07:59.812 [main] DEBUG org.hibernate.cfg.Settings - Second-level cache region prefix: null
17:07:59.812 [main] DEBUG org.hibernate.cfg.Settings - Optimize second-level cache for minimal puts: disabled
17:07:59.813 [main] DEBUG org.hibernate.cfg.Settings - Structured second-level cache entries: disabled
17:07:59.813 [main] DEBUG org.hibernate.cfg.Settings - Second-level cache direct-reference entries: disabled
17:07:59.813 [main] DEBUG org.hibernate.cfg.Settings - Automatic eviction of collection cache: disabled
17:07:59.813 [main] DEBUG org.hibernate.cfg.Settings - JDBC batch size: 15
17:07:59.813 [main] DEBUG org.hibernate.cfg.Settings - JDBC batch updates for versioned data: enabled
17:07:59.813 [main] DEBUG org.hibernate.cfg.Settings - Scrollable result sets: enabled
17:07:59.813 [main] DEBUG org.hibernate.cfg.Settings - Wrap result sets: disabled
17:07:59.813 [main] DEBUG org.hibernate.cfg.Settings - JDBC3 getGeneratedKeys(): enabled
17:07:59.813 [main] DEBUG org.hibernate.cfg.Settings - JDBC result set fetch size: null
17:07:59.813 [main] DEBUG org.hibernate.cfg.Settings - Connection release mode: ON_CLOSE
17:07:59.813 [main] DEBUG org.hibernate.cfg.Settings - Generate SQL with comments: disabled
17:07:59.813 [main] DEBUG org.hibernate.cfg.Settings - JPA compliance - query : disabled
17:07:59.813 [main] DEBUG org.hibernate.cfg.Settings - JPA compliance - closed-handling : disabled
17:07:59.814 [main] DEBUG org.hibernate.cfg.Settings - JPA compliance - lists : disabled
17:07:59.814 [main] DEBUG org.hibernate.cfg.Settings - JPA compliance - transactions : disabled
17:07:59.827 [HikariPool-1 connection adder] DEBUG com.zaxxer.hikari.pool.HikariPool - HikariPool-1 - Added connection com.mysql.cj.jdbc.ConnectionImpl@185d3536
17:07:59.856 [HikariPool-1 connection adder] DEBUG com.zaxxer.hikari.pool.HikariPool - HikariPool-1 - Added connection com.mysql.cj.jdbc.ConnectionImpl@52b08d00
17:07:59.856 [HikariPool-1 connection adder] DEBUG com.zaxxer.hikari.pool.HikariPool - HikariPool-1 - After adding stats (total=10, active=0, idle=10, waiting=0)
17:07:59.877 [main] DEBUG o.h.internal.SessionFactoryImpl - Session factory constructed with filter configurations : {}
17:07:59.877 [main] DEBUG o.h.internal.SessionFactoryImpl - Instantiating session factory with properties: {hibernate.id.new_generator_mappings=true, java.specification.version=15, sun.cpu.isalist=amd64, hibernate.resource.beans.container=org.springframework.orm.hibernate5.SpringBeanContainer@4768b95c, hibernate.connection.handling_mode=DELAYED_ACQUISITION_AND_HOLD, sun.jnu.encoding=Cp1252, hibernate.implicit_naming_strategy=org.springframework.boot.orm.jpa.hibernate.SpringImplicitNamingStrategy, java.class.path=C:\Users\nuche\Documents\StuProj\java\biddingSoft\target\classes;C:\Users\nuche\.m2\repository\org\springframework\boot\spring-boot-starter-data-jpa\2.4.3\spring-boot-starter-data-jpa-2.4.3.jar;C:\Users\nuche\.m2\repository\org\springframework\boot\spring-boot-starter-aop\2.4.3\spring-boot-starter-aop-2.4.3.jar;C:\Users\nuche\.m2\repository\org\aspectj\aspectjweaver\1.9.6\aspectjweaver-1.9.6.jar;C:\Users\nuche\.m2\repository\org\springframework\boot\spring-boot-starter-jdbc\2.4.3\spring-boot-starter-jdbc-2.4.3.jar;C:\Users\nuche\.m2\repository\com\zaxxer\HikariCP\3.4.5\HikariCP-3.4.5.jar;C:\Users\nuche\.m2\repository\org\springframework\spring-jdbc\5.3.4\spring-jdbc-5.3.4.jar;C:\Users\nuche\.m2\repository\jakarta\transaction\jakarta.transaction-api\1.3.3\jakarta.transaction-api-1.3.3.jar;C:\Users\nuche\.m2\repository\jakarta\persistence\jakarta.persistence-api\2.2.3\jakarta.persistence-api-2.2.3.jar;C:\Users\nuche\.m2\repository\org\hibernate\hibernate-core\5.4.28.Final\hibernate-core-5.4.28.Final.jar;C:\Users\nuche\.m2\repository\org\jboss\logging\jboss-logging\3.4.1.Final\jboss-logging-3.4.1.Final.jar;C:\Users\nuche\.m2\repository\org\javassist\javassist\3.27.0-GA\javassist-3.27.0-GA.jar;C:\Users\nuche\.m2\repository\net\bytebuddy\byte-buddy\1.10.20\byte-buddy-1.10.20.jar;C:\Users\nuche\.m2\repository\antlr\antlr\2.7.7\antlr-2.7.7.jar;C:\Users\nuche\.m2\repository\org\jboss\jandex\2.2.3.Final\jandex-2.2.3.Final.jar;C:\Users\nuche\.m2\repository\com\fasterxml\classmate\1.5.1\classmate-1.5.1.jar;C:\Users\nuche\.m2\repository\org\dom4j\dom4j\2.1.3\dom4j-2.1.3.jar;C:\Users\nuche\.m2\repository\org\hibernate\common\hibernate-commons-annotations\5.1.2.Final\hibernate-commons-annotations-5.1.2.Final.jar;C:\Users\nuche\.m2\repository\org\glassfish\jaxb\jaxb-runtime\2.3.3\jaxb-runtime-2.3.3.jar;C:\Users\nuche\.m2\repository\org\glassfish\jaxb\txw2\2.3.3\txw2-2.3.3.jar;C:\Users\nuche\.m2\repository\com\sun\istack\istack-commons-runtime\3.0.11\istack-commons-runtime-3.0.11.jar;C:\Users\nuche\.m2\repository\org\springframework\data\spring-data-jpa\2.4.5\spring-data-jpa-2.4.5.jar;C:\Users\nuche\.m2\repository\org\springframework\spring-orm\5.3.4\spring-orm-5.3.4.jar;C:\Users\nuche\.m2\repository\org\springframework\spring-context\5.3.4\spring-context-5.3.4.jar;C:\Users\nuche\.m2\repository\org\springframework\spring-tx\5.3.4\spring-tx-5.3.4.jar;C:\Users\nuche\.m2\repository\org\springframework\spring-aspects\5.3.4\spring-aspects-5.3.4.jar;C:\Users\nuche\.m2\repository\org\springframework\boot\spring-boot-starter-mail\2.4.3\spring-boot-starter-mail-2.4.3.jar;C:\Users\nuche\.m2\repository\org\springframework\boot\spring-boot-starter\2.4.3\spring-boot-starter-2.4.3.jar;C:\Users\nuche\.m2\repository\org\springframework\boot\spring-boot-autoconfigure\2.4.3\spring-boot-autoconfigure-2.4.3.jar;C:\Users\nuche\.m2\repository\org\springframework\boot\spring-boot-starter-logging\2.4.3\spring-boot-starter-logging-2.4.3.jar;C:\Users\nuche\.m2\repository\ch\qos\logback\logback-classic\1.2.3\logback-classic-1.2.3.jar;C:\Users\nuche\.m2\repository\ch\qos\logback\logback-core\1.2.3\logback-core-1.2.3.jar;C:\Users\nuche\.m2\repository\org\apache\logging\log4j\log4j-to-slf4j\2.13.3\log4j-to-slf4j-2.13.3.jar;C:\Users\nuche\.m2\repository\org\apache\logging\log4j\log4j-api\2.13.3\log4j-api-2.13.3.jar;C:\Users\nuche\.m2\repository\org\slf4j\jul-to-slf4j\1.7.30\jul-to-slf4j-1.7.30.jar;C:\Users\nuche\.m2\repository\org\yaml\snakeyaml\1.27\snakeyaml-1.27.jar;C:\Users\nuche\.m2\repository\org\springframework\spring-context-support\5.3.4\spring-context-support-5.3.4.jar;C:\Users\nuche\.m2\repository\com\sun\mail\jakarta.mail\1.6.5\jakarta.mail-1.6.5.jar;C:\Users\nuche\.m2\repository\com\sun\activation\jakarta.activation\1.2.2\jakarta.activation-1.2.2.jar;C:\Users\nuche\.m2\repository\org\springframework\boot\spring-boot-starter-security\2.4.3\spring-boot-starter-security-2.4.3.jar;C:\Users\nuche\.m2\repository\org\springframework\spring-aop\5.3.4\spring-aop-5.3.4.jar;C:\Users\nuche\.m2\repository\org\springframework\security\spring-security-config\5.4.5\spring-security-config-5.4.5.jar;C:\Users\nuche\.m2\repository\org\springframework\security\spring-security-web\5.4.5\spring-security-web-5.4.5.jar;C:\Users\nuche\.m2\repository\org\springframework\spring-expression\5.3.4\spring-expression-5.3.4.jar;C:\Users\nuche\.m2\repository\org\springframework\boot\spring-boot-starter-web\2.4.3\spring-boot-starter-web-2.4.3.jar;C:\Users\nuche\.m2\repository\org\springframework\boot\spring-boot-starter-json\2.4.3\spring-boot-starter-json-2.4.3.jar;C:\Users\nuche\.m2\repository\com\fasterxml\jackson\core\jackson-databind\2.11.4\jackson-databind-2.11.4.jar;C:\Users\nuche\.m2\repository\com\fasterxml\jackson\core\jackson-annotations\2.11.4\jackson-annotations-2.11.4.jar;C:\Users\nuche\.m2\repository\com\fasterxml\jackson\core\jackson-core\2.11.4\jackson-core-2.11.4.jar;C:\Users\nuche\.m2\repository\com\fasterxml\jackson\datatype\jackson-datatype-jdk8\2.11.4\jackson-datatype-jdk8-2.11.4.jar;C:\Users\nuche\.m2\repository\com\fasterxml\jackson\datatype\jackson-datatype-jsr310\2.11.4\jackson-datatype-jsr310-2.11.4.jar;C:\Users\nuche\.m2\repository\com\fasterxml\jackson\module\jackson-module-parameter-names\2.11.4\jackson-module-parameter-names-2.11.4.jar;C:\Users\nuche\.m2\repository\org\springframework\spring-web\5.3.4\spring-web-5.3.4.jar;C:\Users\nuche\.m2\repository\org\springframework\spring-webmvc\5.3.4\spring-webmvc-5.3.4.jar;C:\Users\nuche\.m2\repository\com\h2database\h2\1.4.200\h2-1.4.200.jar;C:\Users\nuche\.m2\repository\org\springframework\boot\spring-boot-starter-tomcat\2.4.3\spring-boot-starter-tomcat-2.4.3.jar;C:\Users\nuche\.m2\repository\jakarta\annotation\jakarta.annotation-api\1.3.5\jakarta.annotation-api-1.3.5.jar;C:\Users\nuche\.m2\repository\org\apache\tomcat\embed\tomcat-embed-core\9.0.43\tomcat-embed-core-9.0.43.jar;C:\Users\nuche\.m2\repository\org\glassfish\jakarta.el\3.0.3\jakarta.el-3.0.3.jar;C:\Users\nuche\.m2\repository\org\apache\tomcat\embed\tomcat-embed-websocket\9.0.43\tomcat-embed-websocket-9.0.43.jar;C:\Users\nuche\.m2\repository\jakarta\xml\bind\jakarta.xml.bind-api\2.3.3\jakarta.xml.bind-api-2.3.3.jar;C:\Users\nuche\.m2\repository\jakarta\activation\jakarta.activation-api\1.2.2\jakarta.activation-api-1.2.2.jar;C:\Users\nuche\.m2\repository\org\springframework\spring-core\5.3.4\spring-core-5.3.4.jar;C:\Users\nuche\.m2\repository\org\springframework\spring-jcl\5.3.4\spring-jcl-5.3.4.jar;C:\Users\nuche\.m2\repository\org\springframework\security\spring-security-core\5.4.5\spring-security-core-5.4.5.jar;C:\Users\nuche\.m2\repository\org\springframework\boot\spring-boot-starter-thymeleaf\2.4.3\spring-boot-starter-thymeleaf-2.4.3.jar;C:\Users\nuche\.m2\repository\org\thymeleaf\thymeleaf-spring5\3.0.12.RELEASE\thymeleaf-spring5-3.0.12.RELEASE.jar;C:\Users\nuche\.m2\repository\org\thymeleaf\thymeleaf\3.0.12.RELEASE\thymeleaf-3.0.12.RELEASE.jar;C:\Users\nuche\.m2\repository\org\attoparser\attoparser\2.0.5.RELEASE\attoparser-2.0.5.RELEASE.jar;C:\Users\nuche\.m2\repository\org\unbescape\unbescape\1.1.6.RELEASE\unbescape-1.1.6.RELEASE.jar;C:\Users\nuche\.m2\repository\org\thymeleaf\extras\thymeleaf-extras-java8time\3.0.4.RELEASE\thymeleaf-extras-java8time-3.0.4.RELEASE.jar;C:\Users\nuche\.m2\repository\mysql\mysql-connector-java\8.0.23\mysql-connector-java-8.0.23.jar;C:\Users\nuche\.m2\repository\javax\persistence\javax.persistence-api\2.2\javax.persistence-api-2.2.jar;C:\Users\nuche\.m2\repository\org\springframework\data\spring-data-commons\2.4.5\spring-data-commons-2.4.5.jar;C:\Users\nuche\.m2\repository\org\springframework\spring-beans\5.3.4\spring-beans-5.3.4.jar;C:\Users\nuche\.m2\repository\org\slf4j\slf4j-api\1.7.30\slf4j-api-1.7.30.jar;C:\Users\nuche\.m2\repository\org\springframework\boot\spring-boot-actuator\2.4.3\spring-boot-actuator-2.4.3.jar;C:\Users\nuche\.m2\repository\org\springframework\boot\spring-boot\2.4.3\spring-boot-2.4.3.jar, com.sun.management.jmxremote.authenticate=false, java.vm.vendor=Oracle Corporation, sun.arch.data.model=64, user.variant=, java.vendor.url=https://java.oracle.com/, catalina.useNaming=false, user.timezone=Europe/London, java.vm.specification.version=15, os.name=Windows 10, javax.persistence.validation.mode=AUTO, sun.java.launcher=SUN_STANDARD, user.country=US, sun.boot.library.path=C:\Program Files\Java\jdk-15.0.2\bin, com.sun.management.jmxremote.ssl=false, sun.java.command=com.project.biddingSoft.BiddingSoftwareApplication --spring.output.ansi.enabled=always, spring.application.admin.enabled=true, javax.persistence.nonJtaDataSource=HikariDataSource (HikariPool-1), hibernate.transaction.jta.platform=org.hibernate.engine.transaction.jta.platform.internal.NoJtaPlatform@1530d0f2, com.sun.management.jmxremote=, javax.persistence.sharedCache.mode=UNSPECIFIED, jdk.debug=release, sun.cpu.endian=little, spring.boot.project.name=biddingSoft, user.home=C:\Users\nuche, user.language=en, java.specification.vendor=Oracle Corporation, java.version.date=2021-01-19, java.home=C:\Program Files\Java\jdk-15.0.2, file.separator=\, java.vm.compressedOopsMode=Zero based, line.separator=
, java.vm.specification.vendor=Oracle Corporation, java.specification.name=Java Platform API Specification, FILE_LOG_CHARSET=UTF-8, hibernate.transaction.coordinator_class=class org.hibernate.resource.transaction.backend.jdbc.internal.JdbcResourceLocalTransactionCoordinatorBuilderImpl, java.awt.headless=true, hibernate.hbm2ddl.auto=update, user.script=, sun.management.compiler=HotSpot 64-Bit Tiered Compilers, java.runtime.version=15.0.2+7-27, user.name=nuche, spring.jmx.enabled=true, path.separator=;, os.version=10.0, java.runtime.name=Java(TM) SE Runtime Environment, file.encoding=UTF-8, hibernate.ejb.persistenceUnitName=default, spring.beaninfo.ignore=true, java.vm.name=Java HotSpot(TM) 64-Bit Server VM, java.vendor.url.bug=https://bugreport.java.com/bugreport/, java.io.tmpdir=C:\Users\nuche\AppData\Local\Temp\, catalina.home=C:\Users\nuche\AppData\Local\Temp\tomcat.8080.12103639090250988842, com.sun.management.jmxremote.port=50765, java.version=15.0.2, hibernate.physical_naming_strategy=org.springframework.boot.orm.jpa.hibernate.SpringPhysicalNamingStrategy, user.dir=C:\Users\nuche\Documents\StuProj\java\biddingSoft, os.arch=amd64, java.vm.specification.name=Java Virtual Machine Specification, PID=37656, sun.os.patch.level=, CONSOLE_LOG_CHARSET=UTF-8, catalina.base=C:\Users\nuche\AppData\Local\Temp\tomcat.8080.12103639090250988842, hibernate.boot.CfgXmlAccessService.key=org.hibernate.boot.registry.StandardServiceRegistryBuilder$1@7573c7b5, java.library.path=C:\Program Files\Java\jdk-15.0.2\bin;C:\Windows\Sun\Java\bin;C:\Windows\system32;C:\Windows;C:\Program Files (x86)\Common Files\Oracle\Java\javapath;C:\Program Files\Common Files\Oracle\Java\javapath;C:\Python38\Scripts\;C:\Python38\;C:\Windows\system32;C:\Windows;C:\Windows\System32\Wbem;C:\Windows\System32\WindowsPowerShell\v1.0\;C:\Windows\System32\OpenSSH\;C:\Program Files\Git\cmd;C:\Program Files\Microsoft SQL Server\130\Tools\Binn\;C:\Program Files\nodejs\;C:\ProgramData\chocolatey\bin;C:\Program Files\swipl\bin;C:\Program Files\JetBrains\GoLand 2020.1.2\bin;C:\Go\bin;C:\TDM-GCC-64\bin;C:\Program Files (x86)\sbt\bin;C:\Users\nuche\sdk;C:\Program Files\dotnet\;C:\Program Files\dotnet\sdk\5.0.100;C:\Program Files\Microsoft SQL Server\Client SDK\ODBC\170\Tools\Binn\;%M2%;C:\Program Files\spring-2.4.3\bin;C:\Program Files\MySQL\MySQL Shell 8.0\bin\;C:\Users\nuche\AppData\Local\Microsoft\WindowsApps;C:\Program Files\JetBrains\WebStorm 2019.3.3\bin;C:\Users\nuche\AppData\Roaming\npm;C:\Users\nuche\.dotnet\tools;C:\Program Files\JetBrains\IntelliJ IDEA 2020.1.1\bin;C:\Program Files\JetBrains\GoLand 2020.1.2\bin;C:\Users\nuche\go\bin;C:\Users\nuche\AppData\Local\GitHubDesktop\bin;C:\Users\nuche\AppData\Roaming\Dashlane\6.2026.0.36165\bin\Firefox_Extension\{442718d9-475e-452a-b3e1-fb1ee16b8e9f}\components;C:\Users\nuche\AppData\Roaming\Dashlane\6.2026.0.36165\ucrt;C:\Users\nuche\AppData\Roaming\Dashlane\6.2026.0.36165\bin\Qt;C:\Users\nuche\AppData\Roaming\Dashlane\6.2026.0.36165\ucrt;C:\Users\nuche\AppData\Roaming\Dashlane\6.2026.0.36165\bin\Ssl;C:\Users\nuche\AppData\Local\atom\bin;C:\MinGW\bin;C:\Users\nuche\.dotnet\tools;C:\Program Files\dotnet\sdk\5.0.100;C:\Program Files\Java\jdk-15.0.2\bin;C:\Program Files\apache-maven-3.6.3\bin;C:\Program Files\spring-2.4.3\bin;;., java.vendor=Oracle Corporation, java.vm.info=mixed mode, sharing, java.vm.version=15.0.2+7-27, hibernate.bytecode.use_reflection_optimizer=false, java.rmi.server.randomIDs=true, java.rmi.server.hostname=localhost, sun.io.unicode.encoding=UnicodeLittle, hibernate.archive.scanner=org.hibernate.boot.archive.scan.internal.DisabledScanner, hibernate.connection.datasource=HikariDataSource (HikariPool-1), java.class.version=59.0}
17:07:59.891 [main] DEBUG o.h.secure.spi.JaccIntegrator - Skipping JACC integration as it was not enabled
17:07:59.892 [main] DEBUG o.h.internal.SessionFactoryImpl - Instantiated session factory
17:07:59.892 [main] DEBUG o.h.t.spi.TypeConfiguration$Scope - Scoping TypeConfiguration [org.hibernate.type.spi.TypeConfiguration@7dd91ffc] to SessionFactoryImpl [org.hibernate.internal.SessionFactoryImpl@6533629]
17:07:59.952 [main] DEBUG o.h.b.i.ClassLoaderAccessImpl - Not known whether passed class name [com.project.biddingSoft.model.Lot] is safe
17:07:59.952 [main] DEBUG o.h.b.i.ClassLoaderAccessImpl - No temp ClassLoader provided; using live ClassLoader for loading potentially unsafe class : com.project.biddingSoft.model.Lot
17:08:00.145 [main] DEBUG o.h.p.e.AbstractEntityPersister - Static SQL for entity: com.project.biddingSoft.model.Lot
17:08:00.145 [main] DEBUG o.h.p.e.AbstractEntityPersister -  Version select: select id from lot where id =?
17:08:00.145 [main] DEBUG o.h.p.e.AbstractEntityPersister -  Snapshot select: select lot_.id, lot_.user_name as user_nam2_0_ from lot lot_ where lot_.id=?
17:08:00.145 [main] DEBUG o.h.p.e.AbstractEntityPersister -  Insert 0: insert into lot (user_name, id) values (?, ?)
17:08:00.146 [main] DEBUG o.h.p.e.AbstractEntityPersister -  Update 0: update lot set user_name=? where id=?
17:08:00.146 [main] DEBUG o.h.p.e.AbstractEntityPersister -  Delete 0: delete from lot where id=?
17:08:00.179 [main] DEBUG o.h.l.p.b.i.spaces.QuerySpacesImpl - Adding QuerySpace : uid = <gen:0> -> org.hibernate.loader.plan.build.internal.spaces.EntityQuerySpaceImpl@6fcc0a1]
17:08:00.180 [main] DEBUG o.h.p.w.spi.MetamodelGraphWalker - Visiting attribute path : userName
17:08:00.180 [main] DEBUG o.h.l.p.b.i.FetchStyleLoadPlanBuildingAssociationVisitationStrategy - Building LoadPlan...
17:08:00.191 [main] DEBUG o.h.l.p.e.i.LoadQueryJoinAndFetchProcessor - processing queryspace <gen:0>
17:08:00.195 [main] DEBUG o.h.l.p.b.spi.LoadPlanTreePrinter - LoadPlan(entity=com.project.biddingSoft.model.Lot)
    - Returns
       - EntityReturnImpl(entity=com.project.biddingSoft.model.Lot, querySpaceUid=<gen:0>, path=com.project.biddingSoft.model.Lot)
    - QuerySpaces
       - EntityQuerySpaceImpl(uid=<gen:0>, entity=com.project.biddingSoft.model.Lot)
          - SQL table alias mapping - lot0_
          - alias suffix - 0_
          - suffixed key columns - {id1_0_0_}

17:08:00.197 [main] DEBUG o.h.loader.entity.plan.EntityLoader - Static select for entity com.project.biddingSoft.model.Lot [NONE]: select lot0_.id as id1_0_0_, lot0_.user_name as user_nam2_0_0_ from lot lot0_ where lot0_.id=?
17:08:00.264 [main] DEBUG org.hibernate.mapping.Table - No alter strings for table : hibernate_sequence
17:08:00.264 [main] DEBUG org.hibernate.mapping.Table - No alter strings for table : lot
17:08:00.264 [main] INFO  o.h.e.t.j.p.i.JtaPlatformInitiator - HHH000490: Using JtaPlatform implementation: [org.hibernate.engine.transaction.jta.platform.internal.NoJtaPlatform]
17:08:00.265 [main] DEBUG o.h.query.spi.NamedQueryRepository - Checking 0 named HQL queries
17:08:00.266 [main] DEBUG o.h.query.spi.NamedQueryRepository - Checking 0 named SQL queries
17:08:00.274 [main] DEBUG o.h.internal.SessionFactoryRegistry - Initializing SessionFactoryRegistry : org.hibernate.internal.SessionFactoryRegistry@780546f8
17:08:00.274 [main] DEBUG o.h.internal.SessionFactoryRegistry - Registering SessionFactory: 079b1dae-d100-4891-b697-832bfb2da62f (<unnamed>)
17:08:00.274 [main] DEBUG o.h.internal.SessionFactoryRegistry - Not binding SessionFactory to JNDI, no JNDI name configured
17:08:00.275 [main] INFO  o.s.o.j.LocalContainerEntityManagerFactoryBean - Initialized JPA EntityManagerFactory for persistence unit 'default'
17:08:00.444 [main] DEBUG o.h.s.internal.StatisticsInitiator - Statistics initialized [enabled=false]
17:08:00.562 [main] WARN  o.s.b.a.o.j.JpaBaseConfiguration$JpaWebConfiguration - spring.jpa.open-in-view is enabled by default. Therefore, database queries may be performed during view rendering. Explicitly configure spring.jpa.open-in-view to disable this warning
17:08:00.661 [main] INFO  o.s.s.c.ThreadPoolTaskExecutor - Initializing ExecutorService 'applicationTaskExecutor'
17:08:00.838 [main] WARN  o.s.b.a.t.ThymeleafAutoConfiguration$DefaultTemplateResolverConfiguration - Cannot find template location: classpath:/templates/ (please add some templates or check your Thymeleaf configuration)
17:08:01.001 [main] INFO  o.a.coyote.http11.Http11NioProtocol - Starting ProtocolHandler ["http-nio-8080"]
17:08:01.056 [main] INFO  o.s.b.w.e.tomcat.TomcatWebServer - Tomcat started on port(s): 8080 (http) with context path ''
17:08:01.072 [main] INFO  c.p.b.BiddingSoftwareApplication - Started BiddingSoftwareApplication in 4.352 seconds (JVM running for 5.263)
17:08:01.076 [main] INFO  c.p.b.BiddingSoftwareApplication - [31m--spring.output.ansi.enabled=always[0m
17:08:29.622 [HikariPool-1 housekeeper] DEBUG com.zaxxer.hikari.pool.HikariPool - HikariPool-1 - Pool stats (total=10, active=0, idle=10, waiting=0)
17:08:29.622 [HikariPool-1 housekeeper] DEBUG com.zaxxer.hikari.pool.HikariPool - HikariPool-1 - Fill pool skipped, pool is at sufficient level.
17:08:40.273 [http-nio-8080-exec-1] INFO  o.a.c.c.C.[Tomcat].[localhost].[/] - Initializing Spring DispatcherServlet 'dispatcherServlet'
17:08:40.273 [http-nio-8080-exec-1] INFO  o.s.web.servlet.DispatcherServlet - Initializing Servlet 'dispatcherServlet'
17:08:40.274 [http-nio-8080-exec-1] INFO  o.s.web.servlet.DispatcherServlet - Completed initialization in 1 ms
17:08:59.624 [HikariPool-1 housekeeper] DEBUG com.zaxxer.hikari.pool.HikariPool - HikariPool-1 - Pool stats (total=10, active=0, idle=10, waiting=0)
17:08:59.624 [HikariPool-1 housekeeper] DEBUG com.zaxxer.hikari.pool.HikariPool - HikariPool-1 - Fill pool skipped, pool is at sufficient level.
17:09:29.625 [HikariPool-1 housekeeper] DEBUG com.zaxxer.hikari.pool.HikariPool - HikariPool-1 - Pool stats (total=10, active=0, idle=10, waiting=0)
17:09:29.625 [HikariPool-1 housekeeper] DEBUG com.zaxxer.hikari.pool.HikariPool - HikariPool-1 - Fill pool skipped, pool is at sufficient level.
17:09:59.625 [HikariPool-1 housekeeper] DEBUG com.zaxxer.hikari.pool.HikariPool - HikariPool-1 - Pool stats (total=10, active=0, idle=10, waiting=0)
17:09:59.625 [HikariPool-1 housekeeper] DEBUG com.zaxxer.hikari.pool.HikariPool - HikariPool-1 - Fill pool skipped, pool is at sufficient level.
17:10:19.835 [RMI TCP Connection(5)-127.0.0.1] INFO  o.s.b.a.SpringApplicationAdminMXBeanRegistrar$SpringApplicationAdmin - Application shutdown requested.
17:10:19.865 [RMI TCP Connection(5)-127.0.0.1] INFO  o.s.s.c.ThreadPoolTaskExecutor - Shutting down ExecutorService 'applicationTaskExecutor'
17:10:19.866 [RMI TCP Connection(5)-127.0.0.1] INFO  o.s.o.j.LocalContainerEntityManagerFactoryBean - Closing JPA EntityManagerFactory for persistence unit 'default'
17:10:19.866 [RMI TCP Connection(5)-127.0.0.1] DEBUG o.h.internal.SessionFactoryImpl - HHH000031: Closing
17:10:19.867 [RMI TCP Connection(5)-127.0.0.1] DEBUG o.h.t.spi.TypeConfiguration$Scope - Un-scoping TypeConfiguration [org.hibernate.type.spi.TypeConfiguration$Scope@7ff32970] from SessionFactory [org.hibernate.internal.SessionFactoryImpl@6533629]
17:10:19.868 [RMI TCP Connection(5)-127.0.0.1] DEBUG o.h.s.i.AbstractServiceRegistryImpl - Implicitly destroying ServiceRegistry on de-registration of all child ServiceRegistries
17:10:19.868 [RMI TCP Connection(5)-127.0.0.1] DEBUG o.h.b.r.i.BootstrapServiceRegistryImpl - Implicitly destroying Boot-strap registry on de-registration of all child ServiceRegistries
17:10:19.869 [RMI TCP Connection(5)-127.0.0.1] INFO  com.zaxxer.hikari.HikariDataSource - HikariPool-1 - Shutdown initiated...
17:10:19.870 [RMI TCP Connection(5)-127.0.0.1] DEBUG com.zaxxer.hikari.pool.HikariPool - HikariPool-1 - Before shutdown stats (total=10, active=0, idle=10, waiting=0)
17:10:19.873 [HikariPool-1 connection closer] DEBUG com.zaxxer.hikari.pool.PoolBase - HikariPool-1 - Closing connection com.mysql.cj.jdbc.ConnectionImpl@3f357c9d: (connection evicted)
17:10:19.876 [HikariPool-1 connection closer] DEBUG com.zaxxer.hikari.pool.PoolBase - HikariPool-1 - Closing connection com.mysql.cj.jdbc.ConnectionImpl@676b04b2: (connection evicted)
17:10:19.878 [HikariPool-1 connection closer] DEBUG com.zaxxer.hikari.pool.PoolBase - HikariPool-1 - Closing connection com.mysql.cj.jdbc.ConnectionImpl@36d8ad53: (connection evicted)
17:10:19.881 [HikariPool-1 connection closer] DEBUG com.zaxxer.hikari.pool.PoolBase - HikariPool-1 - Closing connection com.mysql.cj.jdbc.ConnectionImpl@586d99: (connection evicted)
17:10:19.882 [HikariPool-1 connection closer] DEBUG com.zaxxer.hikari.pool.PoolBase - HikariPool-1 - Closing connection com.mysql.cj.jdbc.ConnectionImpl@3296f722: (connection evicted)
17:10:19.883 [HikariPool-1 connection closer] DEBUG com.zaxxer.hikari.pool.PoolBase - HikariPool-1 - Closing connection com.mysql.cj.jdbc.ConnectionImpl@338236f: (connection evicted)
17:10:19.884 [HikariPool-1 connection closer] DEBUG com.zaxxer.hikari.pool.PoolBase - HikariPool-1 - Closing connection com.mysql.cj.jdbc.ConnectionImpl@7cfc6801: (connection evicted)
17:10:19.885 [HikariPool-1 connection closer] DEBUG com.zaxxer.hikari.pool.PoolBase - HikariPool-1 - Closing connection com.mysql.cj.jdbc.ConnectionImpl@19532ec5: (connection evicted)
17:10:19.886 [HikariPool-1 connection closer] DEBUG com.zaxxer.hikari.pool.PoolBase - HikariPool-1 - Closing connection com.mysql.cj.jdbc.ConnectionImpl@185d3536: (connection evicted)
17:10:19.887 [HikariPool-1 connection closer] DEBUG com.zaxxer.hikari.pool.PoolBase - HikariPool-1 - Closing connection com.mysql.cj.jdbc.ConnectionImpl@52b08d00: (connection evicted)
17:10:19.889 [RMI TCP Connection(5)-127.0.0.1] DEBUG com.zaxxer.hikari.pool.HikariPool - HikariPool-1 - After shutdown stats (total=0, active=0, idle=0, waiting=0)
17:10:19.889 [RMI TCP Connection(5)-127.0.0.1] INFO  com.zaxxer.hikari.HikariDataSource - HikariPool-1 - Shutdown completed.
